direct MILP around optimized 26-sum-free equally spaced construction: 311 variables (295 integer), 612 constraints
base: m=26, q=7, delta=0.0192307692308, density=0.134615384615, anchor=0, extra_count=1, free_base_start=False

MILPSolution('direct MILP around optimized 26-sum-free equally spaced construction')
  status: optimal (Optimization terminated successfully. (HiGHS Status 7: Optimal))
  objective: maximize, optimum = 0.134615
  values:
    alpha_0 = 0.0192308
    alpha_1 = 0.0192308
    alpha_2 = 0.0192308
    alpha_3 = 0.0192308
    alpha_4 = 0.0192308
    alpha_5 = 0.0192308
    alpha_6 = 0.0192308
    alpha_7 = 0
    before_0-7 = 1
    before_1-7 = 1
    before_2-7 = 1
    before_3-7 = 1
    before_4-7 = 0
    before_5-7 = 0
    before_6-7 = 0
    n_0-0-0 = -1
    n_0-0-1 = -2
    n_0-0-2 = -3
    n_0-0-3 = -4
    n_0-0-4 = -5
    n_0-0-5 = -6
    n_0-0-6 = -26
    n_0-0-7 = -5
    n_0-1-0 = -1
    n_0-1-1 = -2
    n_0-1-2 = -3
    n_0-1-3 = -4
    n_0-1-4 = -5
    n_0-1-5 = -6
    n_0-1-6 = -26
    n_0-1-7 = -5
    n_0-2-0 = -1
    n_0-2-1 = -2
    n_0-2-2 = -3
    n_0-2-3 = -4
    n_0-2-4 = -5
    n_0-2-5 = -6
    n_0-2-6 = -26
    n_0-2-7 = -4
    n_0-3-0 = -1
    n_0-3-1 = -2
    n_0-3-2 = -3
    n_0-3-3 = -4
    n_0-3-4 = -5
    n_0-3-5 = -6
    n_0-3-6 = -26
    n_0-3-7 = -4
    n_0-4-0 = -1
    n_0-4-1 = -2
    n_0-4-2 = -3
    n_0-4-3 = -4
    n_0-4-4 = -5
    n_0-4-5 = -6
    n_0-4-6 = -26
    n_0-4-7 = -4
    n_0-5-0 = -1
    n_0-5-1 = -2
    n_0-5-2 = -3
    n_0-5-3 = -4
    n_0-5-4 = -5
    n_0-5-5 = -6
    n_0-5-6 = -26
    n_0-5-7 = -4
    n_0-6-0 = 0
    n_0-6-1 = -1
    n_0-6-2 = -2
    n_0-6-3 = -3
    n_0-6-4 = -4
    n_0-6-5 = -5
    n_0-6-6 = -25
    n_0-6-7 = -4
    n_0-7-0 = -1
    n_0-7-1 = -2
    n_0-7-2 = -3
    n_0-7-3 = -4
    n_0-7-4 = -5
    n_0-7-5 = -6
    n_0-7-6 = -26
    n_0-7-7 = -4
    n_1-1-0 = -1
    n_1-1-1 = -2
    n_1-1-2 = -3
    n_1-1-3 = -4
    n_1-1-4 = -5
    n_1-1-5 = -6
    n_1-1-6 = -26
    n_1-1-7 = -4
    n_1-2-0 = -1
    n_1-2-1 = -2
    n_1-2-2 = -3
    n_1-2-3 = -4
    n_1-2-4 = -5
    n_1-2-5 = -6
    n_1-2-6 = -26
    n_1-2-7 = -4
    n_1-3-0 = -1
    n_1-3-1 = -2
    n_1-3-2 = -3
    n_1-3-3 = -4
    n_1-3-4 = -5
    n_1-3-5 = -6
    n_1-3-6 = -26
    n_1-3-7 = -4
    n_1-4-0 = -1
    n_1-4-1 = -2
    n_1-4-2 = -3
    n_1-4-3 = -4
    n_1-4-4 = -5
    n_1-4-5 = -6
    n_1-4-6 = -26
    n_1-4-7 = -4
    n_1-5-0 = -1
    n_1-5-1 = -2
    n_1-5-2 = -3
    n_1-5-3 = -4
    n_1-5-4 = -5
    n_1-5-5 = -6
    n_1-5-6 = -26
    n_1-5-7 = -4
    n_1-6-0 = 0
    n_1-6-1 = -1
    n_1-6-2 = -2
    n_1-6-3 = -3
    n_1-6-4 = -4
    n_1-6-5 = -5
    n_1-6-6 = -25
    n_1-6-7 = -4
    n_1-7-0 = -1
    n_1-7-1 = -2
    n_1-7-2 = -3
    n_1-7-3 = -4
    n_1-7-4 = -5
    n_1-7-5 = -6
    n_1-7-6 = -26
    n_1-7-7 = -4
    n_2-2-0 = -1
    n_2-2-1 = -2
    n_2-2-2 = -3
    n_2-2-3 = -4
    n_2-2-4 = -5
    n_2-2-5 = -6
    n_2-2-6 = -26
    n_2-2-7 = -4
    n_2-3-0 = -1
    n_2-3-1 = -2
    n_2-3-2 = -3
    n_2-3-3 = -4
    n_2-3-4 = -5
    n_2-3-5 = -6
    n_2-3-6 = -26
    n_2-3-7 = -4
    n_2-4-0 = -1
    n_2-4-1 = -2
    n_2-4-2 = -3
    n_2-4-3 = -4
    n_2-4-4 = -5
    n_2-4-5 = -6
    n_2-4-6 = -26
    n_2-4-7 = -4
    n_2-5-0 = -1
    n_2-5-1 = -2
    n_2-5-2 = -3
    n_2-5-3 = -4
    n_2-5-4 = -5
    n_2-5-5 = -6
    n_2-5-6 = -26
    n_2-5-7 = -4
    n_2-6-0 = 0
    n_2-6-1 = -1
    n_2-6-2 = -2
    n_2-6-3 = -3
    n_2-6-4 = -4
    n_2-6-5 = -5
    n_2-6-6 = -25
    n_2-6-7 = -4
    n_2-7-0 = -1
    n_2-7-1 = -2
    n_2-7-2 = -3
    n_2-7-3 = -4
    n_2-7-4 = -5
    n_2-7-5 = -6
    n_2-7-6 = -26
    n_2-7-7 = -4
    n_3-3-0 = -1
    n_3-3-1 = -2
    n_3-3-2 = -3
    n_3-3-3 = -4
    n_3-3-4 = -5
    n_3-3-5 = -6
    n_3-3-6 = -26
    n_3-3-7 = -4
    n_3-4-0 = -1
    n_3-4-1 = -2
    n_3-4-2 = -3
    n_3-4-3 = -4
    n_3-4-4 = -5
    n_3-4-5 = -6
    n_3-4-6 = -26
    n_3-4-7 = -4
    n_3-5-0 = -1
    n_3-5-1 = -2
    n_3-5-2 = -3
    n_3-5-3 = -4
    n_3-5-4 = -5
    n_3-5-5 = -6
    n_3-5-6 = -26
    n_3-5-7 = -4
    n_3-6-0 = 0
    n_3-6-1 = -1
    n_3-6-2 = -2
    n_3-6-3 = -3
    n_3-6-4 = -4
    n_3-6-5 = -5
    n_3-6-6 = -25
    n_3-6-7 = -3
    n_3-7-0 = -1
    n_3-7-1 = -2
    n_3-7-2 = -3
    n_3-7-3 = -4
    n_3-7-4 = -5
    n_3-7-5 = -6
    n_3-7-6 = -26
    n_3-7-7 = -4
    n_4-4-0 = -1
    n_4-4-1 = -2
    n_4-4-2 = -3
    n_4-4-3 = -4
    n_4-4-4 = -5
    n_4-4-5 = -6
    n_4-4-6 = -26
    n_4-4-7 = -4
    n_4-5-0 = -1
    n_4-5-1 = -2
    n_4-5-2 = -3
    n_4-5-3 = -4
    n_4-5-4 = -5
    n_4-5-5 = -6
    n_4-5-6 = -26
    n_4-5-7 = -4
    n_4-6-0 = 0
    n_4-6-1 = -1
    n_4-6-2 = -2
    n_4-6-3 = -3
    n_4-6-4 = -4
    n_4-6-5 = -5
    n_4-6-6 = -25
    n_4-6-7 = -3
    n_4-7-0 = -1
    n_4-7-1 = -2
    n_4-7-2 = -3
    n_4-7-3 = -4
    n_4-7-4 = -5
    n_4-7-5 = -6
    n_4-7-6 = -26
    n_4-7-7 = -4
    n_5-5-0 = -1
    n_5-5-1 = -2
    n_5-5-2 = -3
    n_5-5-3 = -4
    n_5-5-4 = -5
    n_5-5-5 = -6
    n_5-5-6 = -26
    n_5-5-7 = -4
    n_5-6-0 = 0
    n_5-6-1 = -1
    n_5-6-2 = -2
    n_5-6-3 = -3
    n_5-6-4 = -4
    n_5-6-5 = -5
    n_5-6-6 = -25
    n_5-6-7 = -3
    n_5-7-0 = -1
    n_5-7-1 = -2
    n_5-7-2 = -3
    n_5-7-3 = -4
    n_5-7-4 = -5
    n_5-7-5 = -6
    n_5-7-6 = -26
    n_5-7-7 = -4
    n_6-6-0 = 1
    n_6-6-1 = 0
    n_6-6-2 = -1
    n_6-6-3 = -2
    n_6-6-4 = -3
    n_6-6-5 = -4
    n_6-6-6 = -24
    n_6-6-7 = -3
    n_6-7-0 = 0
    n_6-7-1 = -1
    n_6-7-2 = -2
    n_6-7-3 = -3
    n_6-7-4 = -4
    n_6-7-5 = -5
    n_6-7-6 = -25
    n_6-7-7 = -3
    n_7-7-0 = -1
    n_7-7-1 = -2
    n_7-7-2 = -3
    n_7-7-3 = -4
    n_7-7-4 = -5
    n_7-7-5 = -6
    n_7-7-6 = -26
    n_7-7-7 = -4
    x_0 = 0.0176282
    x_1 = 0.0560897
    x_2 = 0.0945513
    x_3 = 0.133013
    x_4 = 0.171474
    x_5 = 0.209936
    x_6 = 0.979167
    x_7 = 0.158161
  parameters:
    anchor = 0
    base_density = 0.13461538461538464
    delta = 0.019230769230769232
    epsilon = 0.0
    extra_alpha_upper_bound = 0.03571428571428571
    extra_count = 1
    extra_length_bound = None
    formulation = standard_variable_extra_milp
    free_base_start = False
    integer_lift_lower_bound = -27
    integer_lift_upper_bound = 2
    intervals = [{'index': 0, 'label': 'base_1', 'seed_start': 0.017628205128205066, 'seed_length': 0.019230769230769232, 'fixed_base': True}, {'index': 1, 'label': 'base_2', 'seed_start': 0.05608974358974361, 'seed_length': 0.019230769230769232, 'fixed_base': True}, {'index': 2, 'label': 'base_3', 'seed_start': 0.09455128205128194, 'seed_length': 0.019230769230769232, 'fixed_base': True}, {'index': 3, 'label': 'base_4', 'seed_start': 0.13301282051282048, 'seed_length': 0.019230769230769232, 'fixed_base': True}, {'index': 4, 'label': 'base_5', 'seed_start': 0.17147435897435903, 'seed_length': 0.019230769230769232, 'fixed_base': True}, {'index': 5, 'label': 'base_6', 'seed_start': 0.20993589743589736, 'seed_length': 0.019230769230769232, 'fixed_base': True}, {'index': 6, 'label': 'base_0', 'seed_start': 0.9791666666666666, 'seed_length': 0.019230769230769232, 'fixed_base': True}, {'index': 7, 'label': 'extra_0', 'seed_start': None, 'seed_length': None, 'fixed_base': False}]
    m = 26
    q = 7
    solver_options = {'mip_rel_gap': 0.0}
    tolerance = 1e-09
    translated_missing_point = False
  solver details:
    mip_dual_bound = 0.134615
    mip_gap = 0
    mip_node_count = 59

base density: 0.134615384615
MILP density: 0.134615384615
gain:         1.11022302463e-15
improved:     False (tolerance=1e-09)

Intervals:
  0: base_1   (0.0176282051282, 0.036858974359) length=0.0192307692308
  1: base_2   (0.0560897435897, 0.0753205128205) length=0.0192307692308
  2: base_3   (0.0945512820513, 0.113782051282) length=0.0192307692308
  3: base_4   (0.133012820513, 0.152243589744) length=0.0192307692308
  4: base_5   (0.171474358974, 0.190705128205) length=0.0192307692308
  5: base_6   (0.209935897436, 0.229166666667) length=0.0192307692308
  6: base_0   (0.979166666667, 0.998397435897) length=0.0192307692308
  7: extra_0  (0.158160749507, 0.158160749507) length=1.12018937217e-15

Saved problem JSON: json_results/verification_20260716/tiny_intervals/variable_extra_milp_m26_q7_anchor0_freebase0_extra1_problem.json
Saved solution JSON: json_results/verification_20260716/tiny_intervals/variable_extra_milp_m26_q7_anchor0_freebase0_extra1_solution.json
