direct MILP around optimized 13-sum-free equally spaced construction: 89 variables (79 integer), 171 constraints
base: m=13, q=4, delta=0.0358974358974, density=0.14358974359, anchor=0, extra_count=1, free_base_start=False

MILPSolution('direct MILP around optimized 13-sum-free equally spaced construction')
  status: optimal (Optimization terminated successfully. (HiGHS Status 7: Optimal))
  objective: maximize, optimum = 0.143984
  values:
    alpha_0 = 0.0358974
    alpha_1 = 0.0358974
    alpha_2 = 0.0358974
    alpha_3 = 0.0358974
    alpha_4 = 0.000394477
    before_0-4 = 0
    before_1-4 = 0
    before_2-4 = 0
    before_3-4 = 0
    n_0-0-0 = -1
    n_0-0-1 = -2
    n_0-0-2 = -3
    n_0-0-3 = -13
    n_0-0-4 = -1
    n_0-1-0 = -1
    n_0-1-1 = -2
    n_0-1-2 = -3
    n_0-1-3 = -13
    n_0-1-4 = -1
    n_0-2-0 = -1
    n_0-2-1 = -2
    n_0-2-2 = -3
    n_0-2-3 = -13
    n_0-2-4 = -1
    n_0-3-0 = 0
    n_0-3-1 = -1
    n_0-3-2 = -2
    n_0-3-3 = -12
    n_0-3-4 = 0
    n_0-4-0 = -1
    n_0-4-1 = -2
    n_0-4-2 = -3
    n_0-4-3 = -13
    n_0-4-4 = -1
    n_1-1-0 = -1
    n_1-1-1 = -2
    n_1-1-2 = -3
    n_1-1-3 = -13
    n_1-1-4 = -1
    n_1-2-0 = -1
    n_1-2-1 = -2
    n_1-2-2 = -3
    n_1-2-3 = -13
    n_1-2-4 = -1
    n_1-3-0 = 0
    n_1-3-1 = -1
    n_1-3-2 = -2
    n_1-3-3 = -12
    n_1-3-4 = 0
    n_1-4-0 = -1
    n_1-4-1 = -2
    n_1-4-2 = -3
    n_1-4-3 = -13
    n_1-4-4 = -1
    n_2-2-0 = -1
    n_2-2-1 = -2
    n_2-2-2 = -3
    n_2-2-3 = -13
    n_2-2-4 = 0
    n_2-3-0 = 0
    n_2-3-1 = -1
    n_2-3-2 = -2
    n_2-3-3 = -12
    n_2-3-4 = 0
    n_2-4-0 = -1
    n_2-4-1 = -2
    n_2-4-2 = -3
    n_2-4-3 = -13
    n_2-4-4 = -1
    n_3-3-0 = 1
    n_3-3-1 = 0
    n_3-3-2 = -1
    n_3-3-3 = -11
    n_3-3-4 = 1
    n_3-4-0 = 0
    n_3-4-1 = -1
    n_3-4-2 = -2
    n_3-4-3 = -12
    n_3-4-4 = 0
    n_4-4-0 = -1
    n_4-4-1 = -2
    n_4-4-2 = -3
    n_4-4-3 = -13
    n_4-4-4 = -1
    x_0 = 0.0344988
    x_1 = 0.111422
    x_2 = 0.188345
    x_3 = 0.957576
    x_4 = 0.0285817
  parameters:
    anchor = 0
    base_density = 0.14358974358974358
    delta = 0.035897435897435895
    epsilon = 0.0
    extra_alpha_upper_bound = 0.06666666666666667
    extra_count = 1
    extra_length_bound = None
    formulation = standard_variable_extra_milp
    free_base_start = False
    integer_lift_lower_bound = -14
    integer_lift_upper_bound = 2
    intervals = [{'index': 0, 'label': 'base_1', 'seed_start': 0.034498834498834396, 'seed_length': 0.035897435897435895, 'fixed_base': True}, {'index': 1, 'label': 'base_2', 'seed_start': 0.11142191142191127, 'seed_length': 0.035897435897435895, 'fixed_base': True}, {'index': 2, 'label': 'base_3', 'seed_start': 0.18834498834498836, 'seed_length': 0.035897435897435895, 'fixed_base': True}, {'index': 3, 'label': 'base_0', 'seed_start': 0.9575757575757575, 'seed_length': 0.035897435897435895, 'fixed_base': True}, {'index': 4, 'label': 'extra_0', 'seed_start': None, 'seed_length': None, 'fixed_base': False}]
    m = 13
    q = 4
    solver_options = {'mip_rel_gap': 0.0}
    tolerance = 1e-09
    translated_missing_point = False
  solver details:
    mip_dual_bound = 0.143984
    mip_gap = 0
    mip_node_count = 9

base density: 0.14358974359
MILP density: 0.143984220907
gain:         0.000394477317554
improved:     True (tolerance=1e-09)

Intervals:
  0: base_1   (0.0344988344988, 0.0703962703963) length=0.0358974358974
  1: base_2   (0.111421911422, 0.147319347319) length=0.0358974358974
  2: base_3   (0.188344988345, 0.224242424242) length=0.0358974358974
  3: base_0   (0.957575757576, 0.993473193473) length=0.0358974358974
  4: extra_0  (0.0285816747355, 0.0289761520531) length=0.000394477317554

Saved problem JSON: json_results/verification_20260716/tiny_intervals/variable_extra_milp_m13_q4_anchor0_freebase0_extra1_problem.json
Saved solution JSON: json_results/verification_20260716/tiny_intervals/variable_extra_milp_m13_q4_anchor0_freebase0_extra1_solution.json
