direct MILP around optimized 25-sum-free equally spaced construction: 311 variables (295 integer), 612 constraints
base: m=25, q=7, delta=0.0192592592593, density=0.134814814815, anchor=0, extra_count=1, free_base_start=False

MILPSolution('direct MILP around optimized 25-sum-free equally spaced construction')
  status: optimal (Optimization terminated successfully. (HiGHS Status 7: Optimal))
  objective: maximize, optimum = 0.134874
  values:
    alpha_0 = 0.0192593
    alpha_1 = 0.0192593
    alpha_2 = 0.0192593
    alpha_3 = 0.0192593
    alpha_4 = 0.0192593
    alpha_5 = 0.0192593
    alpha_6 = 0.0192593
    alpha_7 = 5.92593e-05
    before_0-7 = 1
    before_1-7 = 0
    before_2-7 = 0
    before_3-7 = 0
    before_4-7 = 0
    before_5-7 = 0
    before_6-7 = 0
    n_0-0-0 = -1
    n_0-0-1 = -2
    n_0-0-2 = -3
    n_0-0-3 = -4
    n_0-0-4 = -5
    n_0-0-5 = -6
    n_0-0-6 = -25
    n_0-0-7 = -2
    n_0-1-0 = -1
    n_0-1-1 = -2
    n_0-1-2 = -3
    n_0-1-3 = -4
    n_0-1-4 = -5
    n_0-1-5 = -6
    n_0-1-6 = -25
    n_0-1-7 = -2
    n_0-2-0 = -1
    n_0-2-1 = -2
    n_0-2-2 = -3
    n_0-2-3 = -4
    n_0-2-4 = -5
    n_0-2-5 = -6
    n_0-2-6 = -25
    n_0-2-7 = -2
    n_0-3-0 = -1
    n_0-3-1 = -2
    n_0-3-2 = -3
    n_0-3-3 = -4
    n_0-3-4 = -5
    n_0-3-5 = -6
    n_0-3-6 = -25
    n_0-3-7 = -2
    n_0-4-0 = -1
    n_0-4-1 = -2
    n_0-4-2 = -3
    n_0-4-3 = -4
    n_0-4-4 = -5
    n_0-4-5 = -6
    n_0-4-6 = -25
    n_0-4-7 = -2
    n_0-5-0 = -1
    n_0-5-1 = -2
    n_0-5-2 = -3
    n_0-5-3 = -4
    n_0-5-4 = -5
    n_0-5-5 = -6
    n_0-5-6 = -25
    n_0-5-7 = -2
    n_0-6-0 = 0
    n_0-6-1 = -1
    n_0-6-2 = -2
    n_0-6-3 = -3
    n_0-6-4 = -4
    n_0-6-5 = -5
    n_0-6-6 = -24
    n_0-6-7 = -1
    n_0-7-0 = -1
    n_0-7-1 = -2
    n_0-7-2 = -3
    n_0-7-3 = -4
    n_0-7-4 = -5
    n_0-7-5 = -6
    n_0-7-6 = -25
    n_0-7-7 = -2
    n_1-1-0 = -1
    n_1-1-1 = -2
    n_1-1-2 = -3
    n_1-1-3 = -4
    n_1-1-4 = -5
    n_1-1-5 = -6
    n_1-1-6 = -25
    n_1-1-7 = -2
    n_1-2-0 = -1
    n_1-2-1 = -2
    n_1-2-2 = -3
    n_1-2-3 = -4
    n_1-2-4 = -5
    n_1-2-5 = -6
    n_1-2-6 = -25
    n_1-2-7 = -2
    n_1-3-0 = -1
    n_1-3-1 = -2
    n_1-3-2 = -3
    n_1-3-3 = -4
    n_1-3-4 = -5
    n_1-3-5 = -6
    n_1-3-6 = -25
    n_1-3-7 = -2
    n_1-4-0 = -1
    n_1-4-1 = -2
    n_1-4-2 = -3
    n_1-4-3 = -4
    n_1-4-4 = -5
    n_1-4-5 = -6
    n_1-4-6 = -25
    n_1-4-7 = -2
    n_1-5-0 = -1
    n_1-5-1 = -2
    n_1-5-2 = -3
    n_1-5-3 = -4
    n_1-5-4 = -5
    n_1-5-5 = -6
    n_1-5-6 = -25
    n_1-5-7 = -2
    n_1-6-0 = 0
    n_1-6-1 = -1
    n_1-6-2 = -2
    n_1-6-3 = -3
    n_1-6-4 = -4
    n_1-6-5 = -5
    n_1-6-6 = -24
    n_1-6-7 = -1
    n_1-7-0 = -1
    n_1-7-1 = -2
    n_1-7-2 = -3
    n_1-7-3 = -4
    n_1-7-4 = -5
    n_1-7-5 = -6
    n_1-7-6 = -25
    n_1-7-7 = -2
    n_2-2-0 = -1
    n_2-2-1 = -2
    n_2-2-2 = -3
    n_2-2-3 = -4
    n_2-2-4 = -5
    n_2-2-5 = -6
    n_2-2-6 = -25
    n_2-2-7 = -2
    n_2-3-0 = -1
    n_2-3-1 = -2
    n_2-3-2 = -3
    n_2-3-3 = -4
    n_2-3-4 = -5
    n_2-3-5 = -6
    n_2-3-6 = -25
    n_2-3-7 = -2
    n_2-4-0 = -1
    n_2-4-1 = -2
    n_2-4-2 = -3
    n_2-4-3 = -4
    n_2-4-4 = -5
    n_2-4-5 = -6
    n_2-4-6 = -25
    n_2-4-7 = -2
    n_2-5-0 = -1
    n_2-5-1 = -2
    n_2-5-2 = -3
    n_2-5-3 = -4
    n_2-5-4 = -5
    n_2-5-5 = -6
    n_2-5-6 = -25
    n_2-5-7 = -1
    n_2-6-0 = 0
    n_2-6-1 = -1
    n_2-6-2 = -2
    n_2-6-3 = -3
    n_2-6-4 = -4
    n_2-6-5 = -5
    n_2-6-6 = -24
    n_2-6-7 = -1
    n_2-7-0 = -1
    n_2-7-1 = -2
    n_2-7-2 = -3
    n_2-7-3 = -4
    n_2-7-4 = -5
    n_2-7-5 = -6
    n_2-7-6 = -25
    n_2-7-7 = -2
    n_3-3-0 = -1
    n_3-3-1 = -2
    n_3-3-2 = -3
    n_3-3-3 = -4
    n_3-3-4 = -5
    n_3-3-5 = -6
    n_3-3-6 = -25
    n_3-3-7 = -2
    n_3-4-0 = -1
    n_3-4-1 = -2
    n_3-4-2 = -3
    n_3-4-3 = -4
    n_3-4-4 = -5
    n_3-4-5 = -6
    n_3-4-6 = -25
    n_3-4-7 = -1
    n_3-5-0 = -1
    n_3-5-1 = -2
    n_3-5-2 = -3
    n_3-5-3 = -4
    n_3-5-4 = -5
    n_3-5-5 = -6
    n_3-5-6 = -25
    n_3-5-7 = -1
    n_3-6-0 = 0
    n_3-6-1 = -1
    n_3-6-2 = -2
    n_3-6-3 = -3
    n_3-6-4 = -4
    n_3-6-5 = -5
    n_3-6-6 = -24
    n_3-6-7 = -1
    n_3-7-0 = -1
    n_3-7-1 = -2
    n_3-7-2 = -3
    n_3-7-3 = -4
    n_3-7-4 = -5
    n_3-7-5 = -6
    n_3-7-6 = -25
    n_3-7-7 = -2
    n_4-4-0 = -1
    n_4-4-1 = -2
    n_4-4-2 = -3
    n_4-4-3 = -4
    n_4-4-4 = -5
    n_4-4-5 = -6
    n_4-4-6 = -25
    n_4-4-7 = -1
    n_4-5-0 = -1
    n_4-5-1 = -2
    n_4-5-2 = -3
    n_4-5-3 = -4
    n_4-5-4 = -5
    n_4-5-5 = -6
    n_4-5-6 = -25
    n_4-5-7 = -1
    n_4-6-0 = 0
    n_4-6-1 = -1
    n_4-6-2 = -2
    n_4-6-3 = -3
    n_4-6-4 = -4
    n_4-6-5 = -5
    n_4-6-6 = -24
    n_4-6-7 = -1
    n_4-7-0 = -1
    n_4-7-1 = -2
    n_4-7-2 = -3
    n_4-7-3 = -4
    n_4-7-4 = -5
    n_4-7-5 = -6
    n_4-7-6 = -25
    n_4-7-7 = -2
    n_5-5-0 = -1
    n_5-5-1 = -2
    n_5-5-2 = -3
    n_5-5-3 = -4
    n_5-5-4 = -5
    n_5-5-5 = -6
    n_5-5-6 = -25
    n_5-5-7 = -1
    n_5-6-0 = 0
    n_5-6-1 = -1
    n_5-6-2 = -2
    n_5-6-3 = -3
    n_5-6-4 = -4
    n_5-6-5 = -5
    n_5-6-6 = -24
    n_5-6-7 = -1
    n_5-7-0 = -1
    n_5-7-1 = -2
    n_5-7-2 = -3
    n_5-7-3 = -4
    n_5-7-4 = -5
    n_5-7-5 = -6
    n_5-7-6 = -25
    n_5-7-7 = -2
    n_6-6-0 = 1
    n_6-6-1 = 0
    n_6-6-2 = -1
    n_6-6-3 = -2
    n_6-6-4 = -3
    n_6-6-5 = -4
    n_6-6-6 = -23
    n_6-6-7 = 0
    n_6-7-0 = 0
    n_6-7-1 = -1
    n_6-7-2 = -2
    n_6-7-3 = -3
    n_6-7-4 = -4
    n_6-7-5 = -5
    n_6-7-6 = -24
    n_6-7-7 = -1
    n_7-7-0 = -1
    n_7-7-1 = -2
    n_7-7-2 = -3
    n_7-7-3 = -4
    n_7-7-4 = -5
    n_7-7-5 = -6
    n_7-7-6 = -25
    n_7-7-7 = -2
    x_0 = 0.019066
    x_1 = 0.059066
    x_2 = 0.099066
    x_3 = 0.139066
    x_4 = 0.179066
    x_5 = 0.219066
    x_6 = 0.979066
    x_7 = 0.052666
  parameters:
    anchor = 0
    base_density = 0.13481481481481483
    delta = 0.01925925925925926
    epsilon = 0.0
    extra_alpha_upper_bound = 0.037037037037037035
    extra_count = 1
    extra_length_bound = None
    formulation = standard_variable_extra_milp
    free_base_start = False
    integer_lift_lower_bound = -26
    integer_lift_upper_bound = 2
    intervals = [{'index': 0, 'label': 'base_1', 'seed_start': 0.019066022544283356, 'seed_length': 0.01925925925925926, 'fixed_base': True}, {'index': 1, 'label': 'base_2', 'seed_start': 0.05906602254428339, 'seed_length': 0.01925925925925926, 'fixed_base': True}, {'index': 2, 'label': 'base_3', 'seed_start': 0.09906602254428343, 'seed_length': 0.01925925925925926, 'fixed_base': True}, {'index': 3, 'label': 'base_4', 'seed_start': 0.13906602254428346, 'seed_length': 0.01925925925925926, 'fixed_base': True}, {'index': 4, 'label': 'base_5', 'seed_start': 0.1790660225442835, 'seed_length': 0.01925925925925926, 'fixed_base': True}, {'index': 5, 'label': 'base_6', 'seed_start': 0.21906602254428353, 'seed_length': 0.01925925925925926, 'fixed_base': True}, {'index': 6, 'label': 'base_0', 'seed_start': 0.9790660225442834, 'seed_length': 0.01925925925925926, 'fixed_base': True}, {'index': 7, 'label': 'extra_0', 'seed_start': None, 'seed_length': None, 'fixed_base': False}]
    m = 25
    q = 7
    solver_options = {'mip_rel_gap': 0.0}
    tolerance = 1e-09
    translated_missing_point = False
  solver details:
    mip_dual_bound = 0.134874
    mip_gap = 0
    mip_node_count = 117

base density: 0.134814814815
MILP density: 0.134874074074
gain:         5.92592592593e-05
improved:     True (tolerance=1e-09)

Intervals:
  0: base_1   (0.0190660225443, 0.0383252818035) length=0.0192592592593
  1: base_2   (0.0590660225443, 0.0783252818035) length=0.0192592592593
  2: base_3   (0.0990660225443, 0.118325281804) length=0.0192592592593
  3: base_4   (0.139066022544, 0.158325281804) length=0.0192592592593
  4: base_5   (0.179066022544, 0.198325281804) length=0.0192592592593
  5: base_6   (0.219066022544, 0.238325281804) length=0.0192592592593
  6: base_0   (0.979066022544, 0.998325281804) length=0.0192592592593
  7: extra_0  (0.0526660225443, 0.0527252818035) length=5.92592592593e-05

Saved problem JSON: json_results/verification_20260716/tiny_intervals/variable_extra_milp_m25_q7_anchor0_freebase0_extra1_problem.json
Saved solution JSON: json_results/verification_20260716/tiny_intervals/variable_extra_milp_m25_q7_anchor0_freebase0_extra1_solution.json
