direct MILP around optimized 19-sum-free equally spaced construction: 143 variables (131 integer), 278 constraints
base: m=19, q=5, delta=0.0275689223058, density=0.137844611529, anchor=0, extra_count=1, free_base_start=False

MILPSolution('direct MILP around optimized 19-sum-free equally spaced construction')
  status: optimal (Optimization terminated successfully. (HiGHS Status 7: Optimal))
  objective: maximize, optimum = 0.137845
  values:
    alpha_0 = 0.0275689
    alpha_1 = 0.0275689
    alpha_2 = 0.0275689
    alpha_3 = 0.0275689
    alpha_4 = 0.0275689
    alpha_5 = 0
    before_0-5 = 1
    before_1-5 = 1
    before_2-5 = 0
    before_3-5 = 0
    before_4-5 = 0
    n_0-0-0 = -1
    n_0-0-1 = -2
    n_0-0-2 = -3
    n_0-0-3 = -4
    n_0-0-4 = -19
    n_0-0-5 = -3
    n_0-1-0 = -1
    n_0-1-1 = -2
    n_0-1-2 = -3
    n_0-1-3 = -4
    n_0-1-4 = -19
    n_0-1-5 = -3
    n_0-2-0 = -1
    n_0-2-1 = -2
    n_0-2-2 = -3
    n_0-2-3 = -4
    n_0-2-4 = -19
    n_0-2-5 = -3
    n_0-3-0 = -1
    n_0-3-1 = -2
    n_0-3-2 = -3
    n_0-3-3 = -4
    n_0-3-4 = -19
    n_0-3-5 = -3
    n_0-4-0 = 0
    n_0-4-1 = -1
    n_0-4-2 = -2
    n_0-4-3 = -3
    n_0-4-4 = -18
    n_0-4-5 = -2
    n_0-5-0 = -1
    n_0-5-1 = -2
    n_0-5-2 = -3
    n_0-5-3 = -4
    n_0-5-4 = -19
    n_0-5-5 = -3
    n_1-1-0 = -1
    n_1-1-1 = -2
    n_1-1-2 = -3
    n_1-1-3 = -4
    n_1-1-4 = -19
    n_1-1-5 = -3
    n_1-2-0 = -1
    n_1-2-1 = -2
    n_1-2-2 = -3
    n_1-2-3 = -4
    n_1-2-4 = -19
    n_1-2-5 = -3
    n_1-3-0 = -1
    n_1-3-1 = -2
    n_1-3-2 = -3
    n_1-3-3 = -4
    n_1-3-4 = -19
    n_1-3-5 = -3
    n_1-4-0 = 0
    n_1-4-1 = -1
    n_1-4-2 = -2
    n_1-4-3 = -3
    n_1-4-4 = -18
    n_1-4-5 = -2
    n_1-5-0 = -1
    n_1-5-1 = -2
    n_1-5-2 = -3
    n_1-5-3 = -4
    n_1-5-4 = -19
    n_1-5-5 = -3
    n_2-2-0 = -1
    n_2-2-1 = -2
    n_2-2-2 = -3
    n_2-2-3 = -4
    n_2-2-4 = -19
    n_2-2-5 = -3
    n_2-3-0 = -1
    n_2-3-1 = -2
    n_2-3-2 = -3
    n_2-3-3 = -4
    n_2-3-4 = -19
    n_2-3-5 = -3
    n_2-4-0 = 0
    n_2-4-1 = -1
    n_2-4-2 = -2
    n_2-4-3 = -3
    n_2-4-4 = -18
    n_2-4-5 = -2
    n_2-5-0 = -1
    n_2-5-1 = -2
    n_2-5-2 = -3
    n_2-5-3 = -4
    n_2-5-4 = -19
    n_2-5-5 = -3
    n_3-3-0 = -1
    n_3-3-1 = -2
    n_3-3-2 = -3
    n_3-3-3 = -4
    n_3-3-4 = -19
    n_3-3-5 = -3
    n_3-4-0 = 0
    n_3-4-1 = -1
    n_3-4-2 = -2
    n_3-4-3 = -3
    n_3-4-4 = -18
    n_3-4-5 = -2
    n_3-5-0 = -1
    n_3-5-1 = -2
    n_3-5-2 = -3
    n_3-5-3 = -4
    n_3-5-4 = -19
    n_3-5-5 = -3
    n_4-4-0 = 1
    n_4-4-1 = 0
    n_4-4-2 = -1
    n_4-4-3 = -2
    n_4-4-4 = -17
    n_4-4-5 = -1
    n_4-5-0 = 0
    n_4-5-1 = -1
    n_4-5-2 = -2
    n_4-5-3 = -3
    n_4-5-4 = -18
    n_4-5-5 = -2
    n_5-5-0 = -1
    n_5-5-1 = -2
    n_5-5-2 = -3
    n_5-5-3 = -4
    n_5-5-4 = -19
    n_5-5-5 = -3
    x_0 = 0.0218193
    x_1 = 0.0744508
    x_2 = 0.127082
    x_3 = 0.179714
    x_4 = 0.969188
    x_5 = 0.127082
  parameters:
    anchor = 0
    base_density = 0.13784461152882205
    delta = 0.02756892230576441
    epsilon = 0.0
    extra_alpha_upper_bound = 0.047619047619047616
    extra_count = 1
    extra_length_bound = None
    formulation = standard_variable_extra_milp
    free_base_start = False
    integer_lift_lower_bound = -20
    integer_lift_upper_bound = 2
    intervals = [{'index': 0, 'label': 'base_1', 'seed_start': 0.021819254017396483, 'seed_length': 0.02756892230576441, 'fixed_base': True}, {'index': 1, 'label': 'base_2', 'seed_start': 0.07445083296476485, 'seed_length': 0.02756892230576441, 'fixed_base': True}, {'index': 2, 'label': 'base_3', 'seed_start': 0.1270824119121332, 'seed_length': 0.02756892230576441, 'fixed_base': True}, {'index': 3, 'label': 'base_4', 'seed_start': 0.17971399085950157, 'seed_length': 0.02756892230576441, 'fixed_base': True}, {'index': 4, 'label': 'base_0', 'seed_start': 0.969187675070028, 'seed_length': 0.02756892230576441, 'fixed_base': True}, {'index': 5, 'label': 'extra_0', 'seed_start': None, 'seed_length': None, 'fixed_base': False}]
    m = 19
    q = 5
    solver_options = {'mip_rel_gap': 0.0}
    tolerance = 1e-09
    translated_missing_point = False
  solver details:
    mip_dual_bound = 0.137845
    mip_gap = 0
    mip_node_count = 34

base density: 0.137844611529
MILP density: 0.137844611529
gain:         0
improved:     False (tolerance=1e-09)

Intervals:
  0: base_1   (0.0218192540174, 0.0493881763232) length=0.0275689223058
  1: base_2   (0.0744508329648, 0.102019755271) length=0.0275689223058
  2: base_3   (0.127082411912, 0.154651334218) length=0.0275689223058
  3: base_4   (0.17971399086, 0.207282913165) length=0.0275689223058
  4: base_0   (0.96918767507, 0.996756597376) length=0.0275689223058
  5: extra_0  (0.127082411912, 0.127082411912) length=0

Saved problem JSON: json_results/verification_20260716/tiny_intervals/variable_extra_milp_m19_q5_anchor0_freebase0_extra1_problem.json
Saved solution JSON: json_results/verification_20260716/tiny_intervals/variable_extra_milp_m19_q5_anchor0_freebase0_extra1_solution.json
