direct MILP around optimized 12-sum-free equally spaced construction: 89 variables (79 integer), 171 constraints
base: m=12, q=4, delta=0.0357142857143, density=0.142857142857, anchor=0, extra_count=1, free_base_start=False

MILPSolution('direct MILP around optimized 12-sum-free equally spaced construction')
  status: optimal (Optimization terminated successfully. (HiGHS Status 7: Optimal))
  objective: maximize, optimum = 0.143849
  values:
    alpha_0 = 0.0357143
    alpha_1 = 0.0357143
    alpha_2 = 0.0357143
    alpha_3 = 0.0357143
    alpha_4 = 0.000992063
    before_0-4 = 0
    before_1-4 = 0
    before_2-4 = 0
    before_3-4 = 0
    n_0-0-0 = -1
    n_0-0-1 = -2
    n_0-0-2 = -3
    n_0-0-3 = -12
    n_0-0-4 = -1
    n_0-1-0 = -1
    n_0-1-1 = -2
    n_0-1-2 = -3
    n_0-1-3 = -12
    n_0-1-4 = -1
    n_0-2-0 = -1
    n_0-2-1 = -2
    n_0-2-2 = -3
    n_0-2-3 = -12
    n_0-2-4 = -1
    n_0-3-0 = 0
    n_0-3-1 = -1
    n_0-3-2 = -2
    n_0-3-3 = -11
    n_0-3-4 = 0
    n_0-4-0 = -1
    n_0-4-1 = -2
    n_0-4-2 = -3
    n_0-4-3 = -12
    n_0-4-4 = -1
    n_1-1-0 = -1
    n_1-1-1 = -2
    n_1-1-2 = -3
    n_1-1-3 = -12
    n_1-1-4 = -1
    n_1-2-0 = -1
    n_1-2-1 = -2
    n_1-2-2 = -3
    n_1-2-3 = -12
    n_1-2-4 = -1
    n_1-3-0 = 0
    n_1-3-1 = -1
    n_1-3-2 = -2
    n_1-3-3 = -11
    n_1-3-4 = 0
    n_1-4-0 = -1
    n_1-4-1 = -2
    n_1-4-2 = -3
    n_1-4-3 = -12
    n_1-4-4 = -1
    n_2-2-0 = -1
    n_2-2-1 = -2
    n_2-2-2 = -3
    n_2-2-3 = -12
    n_2-2-4 = 0
    n_2-3-0 = 0
    n_2-3-1 = -1
    n_2-3-2 = -2
    n_2-3-3 = -11
    n_2-3-4 = 0
    n_2-4-0 = -1
    n_2-4-1 = -2
    n_2-4-2 = -3
    n_2-4-3 = -12
    n_2-4-4 = -1
    n_3-3-0 = 1
    n_3-3-1 = 0
    n_3-3-2 = -1
    n_3-3-3 = -10
    n_3-3-4 = 1
    n_3-4-0 = 0
    n_3-4-1 = -1
    n_3-4-2 = -2
    n_3-4-3 = -11
    n_3-4-4 = 0
    n_4-4-0 = -1
    n_4-4-1 = -2
    n_4-4-2 = -3
    n_4-4-3 = -12
    n_4-4-4 = -1
    x_0 = 0.0404762
    x_1 = 0.12381
    x_2 = 0.207143
    x_3 = 0.957143
    x_4 = 0.0335317
  parameters:
    anchor = 0
    base_density = 0.14285714285714285
    delta = 0.03571428571428571
    epsilon = 0.0
    extra_alpha_upper_bound = 0.07142857142857142
    extra_count = 1
    extra_length_bound = None
    formulation = standard_variable_extra_milp
    free_base_start = False
    integer_lift_lower_bound = -13
    integer_lift_upper_bound = 2
    intervals = [{'index': 0, 'label': 'base_1', 'seed_start': 0.040476190476190554, 'seed_length': 0.03571428571428571, 'fixed_base': True}, {'index': 1, 'label': 'base_2', 'seed_start': 0.12380952380952381, 'seed_length': 0.03571428571428571, 'fixed_base': True}, {'index': 2, 'label': 'base_3', 'seed_start': 0.2071428571428573, 'seed_length': 0.03571428571428571, 'fixed_base': True}, {'index': 3, 'label': 'base_0', 'seed_start': 0.9571428571428572, 'seed_length': 0.03571428571428571, 'fixed_base': True}, {'index': 4, 'label': 'extra_0', 'seed_start': None, 'seed_length': None, 'fixed_base': False}]
    m = 12
    q = 4
    solver_options = {'mip_rel_gap': 0.0}
    tolerance = 1e-09
    translated_missing_point = False
  solver details:
    mip_dual_bound = 0.143849
    mip_gap = 0
    mip_node_count = 14

base density: 0.142857142857
MILP density: 0.143849206349
gain:         0.000992063492064
improved:     True (tolerance=1e-09)

Intervals:
  0: base_1   (0.0404761904762, 0.0761904761905) length=0.0357142857143
  1: base_2   (0.12380952381, 0.159523809524) length=0.0357142857143
  2: base_3   (0.207142857143, 0.242857142857) length=0.0357142857143
  3: base_0   (0.957142857143, 0.992857142857) length=0.0357142857143
  4: extra_0  (0.0335317460317, 0.0345238095238) length=0.000992063492064

Saved problem JSON: json_results/verification_20260716/tiny_intervals/variable_extra_milp_m12_q4_anchor0_freebase0_extra1_problem.json
Saved solution JSON: json_results/verification_20260716/tiny_intervals/variable_extra_milp_m12_q4_anchor0_freebase0_extra1_solution.json
