direct MILP around optimized 16-sum-free equally spaced construction: 89 variables (79 integer), 171 constraints
base: m=16, q=4, delta=0.0347222222222, density=0.138888888889, anchor=0, extra_count=1, free_base_start=False

MILPSolution('direct MILP around optimized 16-sum-free equally spaced construction')
  status: optimal (Optimization terminated successfully. (HiGHS Status 7: Optimal))
  objective: maximize, optimum = 0.138889
  values:
    alpha_0 = 0.0347222
    alpha_1 = 0.0347222
    alpha_2 = 0.0347222
    alpha_3 = 0.0347222
    alpha_4 = 0
    before_0-4 = 0
    before_1-4 = 0
    before_2-4 = 0
    before_3-4 = 0
    n_0-0-0 = -1
    n_0-0-1 = -2
    n_0-0-2 = -3
    n_0-0-3 = -16
    n_0-0-4 = -1
    n_0-1-0 = -1
    n_0-1-1 = -2
    n_0-1-2 = -3
    n_0-1-3 = -16
    n_0-1-4 = -1
    n_0-2-0 = -1
    n_0-2-1 = -2
    n_0-2-2 = -3
    n_0-2-3 = -16
    n_0-2-4 = -1
    n_0-3-0 = 0
    n_0-3-1 = -1
    n_0-3-2 = -2
    n_0-3-3 = -15
    n_0-3-4 = 0
    n_0-4-0 = -1
    n_0-4-1 = -2
    n_0-4-2 = -3
    n_0-4-3 = -16
    n_0-4-4 = -1
    n_1-1-0 = -1
    n_1-1-1 = -2
    n_1-1-2 = -3
    n_1-1-3 = -16
    n_1-1-4 = -1
    n_1-2-0 = -1
    n_1-2-1 = -2
    n_1-2-2 = -3
    n_1-2-3 = -16
    n_1-2-4 = -1
    n_1-3-0 = 0
    n_1-3-1 = -1
    n_1-3-2 = -2
    n_1-3-3 = -15
    n_1-3-4 = 0
    n_1-4-0 = -1
    n_1-4-1 = -2
    n_1-4-2 = -3
    n_1-4-3 = -16
    n_1-4-4 = -1
    n_2-2-0 = -1
    n_2-2-1 = -2
    n_2-2-2 = -3
    n_2-2-3 = -16
    n_2-2-4 = -1
    n_2-3-0 = 0
    n_2-3-1 = -1
    n_2-3-2 = -2
    n_2-3-3 = -15
    n_2-3-4 = 0
    n_2-4-0 = -1
    n_2-4-1 = -2
    n_2-4-2 = -3
    n_2-4-3 = -16
    n_2-4-4 = -1
    n_3-3-0 = 1
    n_3-3-1 = 0
    n_3-3-2 = -1
    n_3-3-3 = -14
    n_3-3-4 = 1
    n_3-4-0 = 0
    n_3-4-1 = -1
    n_3-4-2 = -2
    n_3-4-3 = -15
    n_3-4-4 = 0
    n_4-4-0 = -1
    n_4-4-1 = -2
    n_4-4-2 = -3
    n_4-4-3 = -16
    n_4-4-4 = -1
    x_0 = 0.0228175
    x_1 = 0.0853175
    x_2 = 0.147817
    x_3 = 0.960317
    x_4 = 0.0228175
  parameters:
    anchor = 0
    base_density = 0.1388888888888889
    delta = 0.034722222222222224
    epsilon = 0.0
    extra_alpha_upper_bound = 0.05555555555555555
    extra_count = 1
    extra_length_bound = None
    formulation = standard_variable_extra_milp
    free_base_start = False
    integer_lift_lower_bound = -17
    integer_lift_upper_bound = 2
    intervals = [{'index': 0, 'label': 'base_1', 'seed_start': 0.02281746031746046, 'seed_length': 0.034722222222222224, 'fixed_base': True}, {'index': 1, 'label': 'base_2', 'seed_start': 0.08531746031746046, 'seed_length': 0.034722222222222224, 'fixed_base': True}, {'index': 2, 'label': 'base_3', 'seed_start': 0.14781746031746046, 'seed_length': 0.034722222222222224, 'fixed_base': True}, {'index': 3, 'label': 'base_0', 'seed_start': 0.9603174603174603, 'seed_length': 0.034722222222222224, 'fixed_base': True}, {'index': 4, 'label': 'extra_0', 'seed_start': None, 'seed_length': None, 'fixed_base': False}]
    m = 16
    q = 4
    solver_options = {'mip_rel_gap': 0.0}
    tolerance = 1e-09
    translated_missing_point = False
  solver details:
    mip_dual_bound = 0.138889
    mip_gap = 0
    mip_node_count = 7

base density: 0.138888888889
MILP density: 0.138888888889
gain:         0
improved:     False (tolerance=1e-09)

Intervals:
  0: base_1   (0.0228174603175, 0.0575396825397) length=0.0347222222222
  1: base_2   (0.0853174603175, 0.12003968254) length=0.0347222222222
  2: base_3   (0.147817460317, 0.18253968254) length=0.0347222222222
  3: base_0   (0.960317460317, 0.99503968254) length=0.0347222222222
  4: extra_0  (0.0228174603175, 0.0228174603175) length=0

Saved problem JSON: json_results/verification_20260716/tiny_intervals/variable_extra_milp_m16_q4_anchor0_freebase0_extra1_problem.json
Saved solution JSON: json_results/verification_20260716/tiny_intervals/variable_extra_milp_m16_q4_anchor0_freebase0_extra1_solution.json
