direct MILP around optimized 4-sum-free equally spaced construction: 26 variables (20 integer), 47 constraints
base: m=4, q=2, delta=0.0833333333333, density=0.166666666667, anchor=0, extra_count=1, free_base_start=False

MILPSolution('direct MILP around optimized 4-sum-free equally spaced construction')
  status: optimal (Optimization terminated successfully. (HiGHS Status 7: Optimal))
  objective: maximize, optimum = 0.171875
  values:
    alpha_0 = 0.0833333
    alpha_1 = 0.0833333
    alpha_2 = 0.00520833
    before_0-2 = 0
    before_1-2 = 0
    n_0-0-0 = -1
    n_0-0-1 = -4
    n_0-0-2 = 0
    n_0-1-0 = 0
    n_0-1-1 = -3
    n_0-1-2 = 0
    n_0-2-0 = -1
    n_0-2-1 = -4
    n_0-2-2 = 0
    n_1-1-0 = 1
    n_1-1-1 = -2
    n_1-1-2 = 1
    n_1-2-0 = 0
    n_1-2-1 = -3
    n_1-2-2 = 0
    n_2-2-0 = -1
    n_2-2-1 = -4
    n_2-2-2 = -1
    x_0 = 0.0833333
    x_1 = 0.833333
    x_2 = 0.0208333
  parameters:
    anchor = 0
    base_density = 0.16666666666666666
    delta = 0.08333333333333333
    epsilon = 0.0
    extra_alpha_upper_bound = 0.16666666666666666
    extra_count = 1
    extra_length_bound = None
    formulation = standard_variable_extra_milp
    free_base_start = False
    integer_lift_lower_bound = -5
    integer_lift_upper_bound = 2
    intervals = [{'index': 0, 'label': 'base_1', 'seed_start': 0.08333333333333348, 'seed_length': 0.08333333333333333, 'fixed_base': True}, {'index': 1, 'label': 'base_0', 'seed_start': 0.8333333333333334, 'seed_length': 0.08333333333333333, 'fixed_base': True}, {'index': 2, 'label': 'extra_0', 'seed_start': None, 'seed_length': None, 'fixed_base': False}]
    m = 4
    q = 2
    solver_options = {'mip_rel_gap': 0.0}
    tolerance = 1e-09
    translated_missing_point = False
  solver details:
    mip_dual_bound = 0.171875
    mip_gap = 0
    mip_node_count = 2

base density: 0.166666666667
MILP density: 0.171875
gain:         0.00520833333333
improved:     True (tolerance=1e-09)

Intervals:
  0: base_1   (0.0833333333333, 0.166666666667) length=0.0833333333333
  1: base_0   (0.833333333333, 0.916666666667) length=0.0833333333333
  2: extra_0  (0.0208333333333, 0.0260416666667) length=0.00520833333333

Saved problem JSON: json_results/verification_20260716/tiny_intervals/variable_extra_milp_m4_q2_anchor0_freebase0_extra1_problem.json
Saved solution JSON: json_results/verification_20260716/tiny_intervals/variable_extra_milp_m4_q2_anchor0_freebase0_extra1_solution.json
