direct MILP around optimized 46-sum-free equally spaced construction: 1221 variables (1195 integer), 2427 constraints
base: m=46, q=12, delta=0.0108695652174, density=0.130434782609, anchor=0, extra_count=1, free_base_start=False

MILPSolution('direct MILP around optimized 46-sum-free equally spaced construction')
  status: optimal (Optimization terminated successfully. (HiGHS Status 7: Optimal))
  objective: maximize, optimum = 0.130435
  values:
    alpha_0 = 0.0108696
    alpha_1 = 0.0108696
    alpha_10 = 0.0108696
    alpha_11 = 0.0108696
    alpha_12 = 0
    alpha_2 = 0.0108696
    alpha_3 = 0.0108696
    alpha_4 = 0.0108696
    alpha_5 = 0.0108696
    alpha_6 = 0.0108696
    alpha_7 = 0.0108696
    alpha_8 = 0.0108696
    alpha_9 = 0.0108696
    before_0-12 = 0
    before_1-12 = 0
    before_10-12 = 0
    before_11-12 = 0
    before_2-12 = 0
    before_3-12 = 0
    before_4-12 = 0
    before_5-12 = 0
    before_6-12 = 0
    before_7-12 = 0
    before_8-12 = 0
    before_9-12 = 0
    n_0-0-0 = -1
    n_0-0-1 = -2
    n_0-0-10 = -11
    n_0-0-11 = -46
    n_0-0-12 = -1
    n_0-0-2 = -3
    n_0-0-3 = -4
    n_0-0-4 = -5
    n_0-0-5 = -6
    n_0-0-6 = -7
    n_0-0-7 = -8
    n_0-0-8 = -9
    n_0-0-9 = -10
    n_0-1-0 = -1
    n_0-1-1 = -2
    n_0-1-10 = -11
    n_0-1-11 = -46
    n_0-1-12 = -1
    n_0-1-2 = -3
    n_0-1-3 = -4
    n_0-1-4 = -5
    n_0-1-5 = -6
    n_0-1-6 = -7
    n_0-1-7 = -8
    n_0-1-8 = -9
    n_0-1-9 = -10
    n_0-10-0 = -1
    n_0-10-1 = -2
    n_0-10-10 = -11
    n_0-10-11 = -46
    n_0-10-12 = -1
    n_0-10-2 = -3
    n_0-10-3 = -4
    n_0-10-4 = -5
    n_0-10-5 = -6
    n_0-10-6 = -7
    n_0-10-7 = -8
    n_0-10-8 = -9
    n_0-10-9 = -10
    n_0-11-0 = 0
    n_0-11-1 = -1
    n_0-11-10 = -10
    n_0-11-11 = -45
    n_0-11-12 = 0
    n_0-11-2 = -2
    n_0-11-3 = -3
    n_0-11-4 = -4
    n_0-11-5 = -5
    n_0-11-6 = -6
    n_0-11-7 = -7
    n_0-11-8 = -8
    n_0-11-9 = -9
    n_0-12-0 = -1
    n_0-12-1 = -2
    n_0-12-10 = -11
    n_0-12-11 = -46
    n_0-12-12 = -1
    n_0-12-2 = -3
    n_0-12-3 = -4
    n_0-12-4 = -5
    n_0-12-5 = -6
    n_0-12-6 = -7
    n_0-12-7 = -8
    n_0-12-8 = -9
    n_0-12-9 = -10
    n_0-2-0 = -1
    n_0-2-1 = -2
    n_0-2-10 = -11
    n_0-2-11 = -46
    n_0-2-12 = -1
    n_0-2-2 = -3
    n_0-2-3 = -4
    n_0-2-4 = -5
    n_0-2-5 = -6
    n_0-2-6 = -7
    n_0-2-7 = -8
    n_0-2-8 = -9
    n_0-2-9 = -10
    n_0-3-0 = -1
    n_0-3-1 = -2
    n_0-3-10 = -11
    n_0-3-11 = -46
    n_0-3-12 = -1
    n_0-3-2 = -3
    n_0-3-3 = -4
    n_0-3-4 = -5
    n_0-3-5 = -6
    n_0-3-6 = -7
    n_0-3-7 = -8
    n_0-3-8 = -9
    n_0-3-9 = -10
    n_0-4-0 = -1
    n_0-4-1 = -2
    n_0-4-10 = -11
    n_0-4-11 = -46
    n_0-4-12 = -1
    n_0-4-2 = -3
    n_0-4-3 = -4
    n_0-4-4 = -5
    n_0-4-5 = -6
    n_0-4-6 = -7
    n_0-4-7 = -8
    n_0-4-8 = -9
    n_0-4-9 = -10
    n_0-5-0 = -1
    n_0-5-1 = -2
    n_0-5-10 = -11
    n_0-5-11 = -46
    n_0-5-12 = -1
    n_0-5-2 = -3
    n_0-5-3 = -4
    n_0-5-4 = -5
    n_0-5-5 = -6
    n_0-5-6 = -7
    n_0-5-7 = -8
    n_0-5-8 = -9
    n_0-5-9 = -10
    n_0-6-0 = -1
    n_0-6-1 = -2
    n_0-6-10 = -11
    n_0-6-11 = -46
    n_0-6-12 = -1
    n_0-6-2 = -3
    n_0-6-3 = -4
    n_0-6-4 = -5
    n_0-6-5 = -6
    n_0-6-6 = -7
    n_0-6-7 = -8
    n_0-6-8 = -9
    n_0-6-9 = -10
    n_0-7-0 = -1
    n_0-7-1 = -2
    n_0-7-10 = -11
    n_0-7-11 = -46
    n_0-7-12 = -1
    n_0-7-2 = -3
    n_0-7-3 = -4
    n_0-7-4 = -5
    n_0-7-5 = -6
    n_0-7-6 = -7
    n_0-7-7 = -8
    n_0-7-8 = -9
    n_0-7-9 = -10
    n_0-8-0 = -1
    n_0-8-1 = -2
    n_0-8-10 = -11
    n_0-8-11 = -46
    n_0-8-12 = -1
    n_0-8-2 = -3
    n_0-8-3 = -4
    n_0-8-4 = -5
    n_0-8-5 = -6
    n_0-8-6 = -7
    n_0-8-7 = -8
    n_0-8-8 = -9
    n_0-8-9 = -10
    n_0-9-0 = -1
    n_0-9-1 = -2
    n_0-9-10 = -11
    n_0-9-11 = -46
    n_0-9-12 = -1
    n_0-9-2 = -3
    n_0-9-3 = -4
    n_0-9-4 = -5
    n_0-9-5 = -6
    n_0-9-6 = -7
    n_0-9-7 = -8
    n_0-9-8 = -9
    n_0-9-9 = -10
    n_1-1-0 = -1
    n_1-1-1 = -2
    n_1-1-10 = -11
    n_1-1-11 = -46
    n_1-1-12 = -1
    n_1-1-2 = -3
    n_1-1-3 = -4
    n_1-1-4 = -5
    n_1-1-5 = -6
    n_1-1-6 = -7
    n_1-1-7 = -8
    n_1-1-8 = -9
    n_1-1-9 = -10
    n_1-10-0 = -1
    n_1-10-1 = -2
    n_1-10-10 = -11
    n_1-10-11 = -46
    n_1-10-12 = -1
    n_1-10-2 = -3
    n_1-10-3 = -4
    n_1-10-4 = -5
    n_1-10-5 = -6
    n_1-10-6 = -7
    n_1-10-7 = -8
    n_1-10-8 = -9
    n_1-10-9 = -10
    n_1-11-0 = 0
    n_1-11-1 = -1
    n_1-11-10 = -10
    n_1-11-11 = -45
    n_1-11-12 = 0
    n_1-11-2 = -2
    n_1-11-3 = -3
    n_1-11-4 = -4
    n_1-11-5 = -5
    n_1-11-6 = -6
    n_1-11-7 = -7
    n_1-11-8 = -8
    n_1-11-9 = -9
    n_1-12-0 = -1
    n_1-12-1 = -2
    n_1-12-10 = -11
    n_1-12-11 = -46
    n_1-12-12 = -1
    n_1-12-2 = -3
    n_1-12-3 = -4
    n_1-12-4 = -5
    n_1-12-5 = -6
    n_1-12-6 = -7
    n_1-12-7 = -8
    n_1-12-8 = -9
    n_1-12-9 = -10
    n_1-2-0 = -1
    n_1-2-1 = -2
    n_1-2-10 = -11
    n_1-2-11 = -46
    n_1-2-12 = -1
    n_1-2-2 = -3
    n_1-2-3 = -4
    n_1-2-4 = -5
    n_1-2-5 = -6
    n_1-2-6 = -7
    n_1-2-7 = -8
    n_1-2-8 = -9
    n_1-2-9 = -10
    n_1-3-0 = -1
    n_1-3-1 = -2
    n_1-3-10 = -11
    n_1-3-11 = -46
    n_1-3-12 = -1
    n_1-3-2 = -3
    n_1-3-3 = -4
    n_1-3-4 = -5
    n_1-3-5 = -6
    n_1-3-6 = -7
    n_1-3-7 = -8
    n_1-3-8 = -9
    n_1-3-9 = -10
    n_1-4-0 = -1
    n_1-4-1 = -2
    n_1-4-10 = -11
    n_1-4-11 = -46
    n_1-4-12 = -1
    n_1-4-2 = -3
    n_1-4-3 = -4
    n_1-4-4 = -5
    n_1-4-5 = -6
    n_1-4-6 = -7
    n_1-4-7 = -8
    n_1-4-8 = -9
    n_1-4-9 = -10
    n_1-5-0 = -1
    n_1-5-1 = -2
    n_1-5-10 = -11
    n_1-5-11 = -46
    n_1-5-12 = -1
    n_1-5-2 = -3
    n_1-5-3 = -4
    n_1-5-4 = -5
    n_1-5-5 = -6
    n_1-5-6 = -7
    n_1-5-7 = -8
    n_1-5-8 = -9
    n_1-5-9 = -10
    n_1-6-0 = -1
    n_1-6-1 = -2
    n_1-6-10 = -11
    n_1-6-11 = -46
    n_1-6-12 = -1
    n_1-6-2 = -3
    n_1-6-3 = -4
    n_1-6-4 = -5
    n_1-6-5 = -6
    n_1-6-6 = -7
    n_1-6-7 = -8
    n_1-6-8 = -9
    n_1-6-9 = -10
    n_1-7-0 = -1
    n_1-7-1 = -2
    n_1-7-10 = -11
    n_1-7-11 = -46
    n_1-7-12 = -1
    n_1-7-2 = -3
    n_1-7-3 = -4
    n_1-7-4 = -5
    n_1-7-5 = -6
    n_1-7-6 = -7
    n_1-7-7 = -8
    n_1-7-8 = -9
    n_1-7-9 = -10
    n_1-8-0 = -1
    n_1-8-1 = -2
    n_1-8-10 = -11
    n_1-8-11 = -46
    n_1-8-12 = -1
    n_1-8-2 = -3
    n_1-8-3 = -4
    n_1-8-4 = -5
    n_1-8-5 = -6
    n_1-8-6 = -7
    n_1-8-7 = -8
    n_1-8-8 = -9
    n_1-8-9 = -10
    n_1-9-0 = -1
    n_1-9-1 = -2
    n_1-9-10 = -11
    n_1-9-11 = -46
    n_1-9-12 = -1
    n_1-9-2 = -3
    n_1-9-3 = -4
    n_1-9-4 = -5
    n_1-9-5 = -6
    n_1-9-6 = -7
    n_1-9-7 = -8
    n_1-9-8 = -9
    n_1-9-9 = -10
    n_10-10-0 = -1
    n_10-10-1 = -2
    n_10-10-10 = -11
    n_10-10-11 = -46
    n_10-10-12 = 0
    n_10-10-2 = -3
    n_10-10-3 = -4
    n_10-10-4 = -5
    n_10-10-5 = -6
    n_10-10-6 = -7
    n_10-10-7 = -8
    n_10-10-8 = -9
    n_10-10-9 = -10
    n_10-11-0 = 0
    n_10-11-1 = -1
    n_10-11-10 = -10
    n_10-11-11 = -45
    n_10-11-12 = 0
    n_10-11-2 = -2
    n_10-11-3 = -3
    n_10-11-4 = -4
    n_10-11-5 = -5
    n_10-11-6 = -6
    n_10-11-7 = -7
    n_10-11-8 = -8
    n_10-11-9 = -9
    n_10-12-0 = -1
    n_10-12-1 = -2
    n_10-12-10 = -11
    n_10-12-11 = -46
    n_10-12-12 = -1
    n_10-12-2 = -3
    n_10-12-3 = -4
    n_10-12-4 = -5
    n_10-12-5 = -6
    n_10-12-6 = -7
    n_10-12-7 = -8
    n_10-12-8 = -9
    n_10-12-9 = -10
    n_11-11-0 = 1
    n_11-11-1 = 0
    n_11-11-10 = -9
    n_11-11-11 = -44
    n_11-11-12 = 1
    n_11-11-2 = -1
    n_11-11-3 = -2
    n_11-11-4 = -3
    n_11-11-5 = -4
    n_11-11-6 = -5
    n_11-11-7 = -6
    n_11-11-8 = -7
    n_11-11-9 = -8
    n_11-12-0 = 0
    n_11-12-1 = -1
    n_11-12-10 = -10
    n_11-12-11 = -45
    n_11-12-12 = 0
    n_11-12-2 = -2
    n_11-12-3 = -3
    n_11-12-4 = -4
    n_11-12-5 = -5
    n_11-12-6 = -6
    n_11-12-7 = -7
    n_11-12-8 = -8
    n_11-12-9 = -9
    n_12-12-0 = -1
    n_12-12-1 = -2
    n_12-12-10 = -11
    n_12-12-11 = -46
    n_12-12-12 = -1
    n_12-12-2 = -3
    n_12-12-3 = -4
    n_12-12-4 = -5
    n_12-12-5 = -6
    n_12-12-6 = -7
    n_12-12-7 = -8
    n_12-12-8 = -9
    n_12-12-9 = -10
    n_2-10-0 = -1
    n_2-10-1 = -2
    n_2-10-10 = -11
    n_2-10-11 = -46
    n_2-10-12 = -1
    n_2-10-2 = -3
    n_2-10-3 = -4
    n_2-10-4 = -5
    n_2-10-5 = -6
    n_2-10-6 = -7
    n_2-10-7 = -8
    n_2-10-8 = -9
    n_2-10-9 = -10
    n_2-11-0 = 0
    n_2-11-1 = -1
    n_2-11-10 = -10
    n_2-11-11 = -45
    n_2-11-12 = 0
    n_2-11-2 = -2
    n_2-11-3 = -3
    n_2-11-4 = -4
    n_2-11-5 = -5
    n_2-11-6 = -6
    n_2-11-7 = -7
    n_2-11-8 = -8
    n_2-11-9 = -9
    n_2-12-0 = -1
    n_2-12-1 = -2
    n_2-12-10 = -11
    n_2-12-11 = -46
    n_2-12-12 = -1
    n_2-12-2 = -3
    n_2-12-3 = -4
    n_2-12-4 = -5
    n_2-12-5 = -6
    n_2-12-6 = -7
    n_2-12-7 = -8
    n_2-12-8 = -9
    n_2-12-9 = -10
    n_2-2-0 = -1
    n_2-2-1 = -2
    n_2-2-10 = -11
    n_2-2-11 = -46
    n_2-2-12 = -1
    n_2-2-2 = -3
    n_2-2-3 = -4
    n_2-2-4 = -5
    n_2-2-5 = -6
    n_2-2-6 = -7
    n_2-2-7 = -8
    n_2-2-8 = -9
    n_2-2-9 = -10
    n_2-3-0 = -1
    n_2-3-1 = -2
    n_2-3-10 = -11
    n_2-3-11 = -46
    n_2-3-12 = -1
    n_2-3-2 = -3
    n_2-3-3 = -4
    n_2-3-4 = -5
    n_2-3-5 = -6
    n_2-3-6 = -7
    n_2-3-7 = -8
    n_2-3-8 = -9
    n_2-3-9 = -10
    n_2-4-0 = -1
    n_2-4-1 = -2
    n_2-4-10 = -11
    n_2-4-11 = -46
    n_2-4-12 = -1
    n_2-4-2 = -3
    n_2-4-3 = -4
    n_2-4-4 = -5
    n_2-4-5 = -6
    n_2-4-6 = -7
    n_2-4-7 = -8
    n_2-4-8 = -9
    n_2-4-9 = -10
    n_2-5-0 = -1
    n_2-5-1 = -2
    n_2-5-10 = -11
    n_2-5-11 = -46
    n_2-5-12 = -1
    n_2-5-2 = -3
    n_2-5-3 = -4
    n_2-5-4 = -5
    n_2-5-5 = -6
    n_2-5-6 = -7
    n_2-5-7 = -8
    n_2-5-8 = -9
    n_2-5-9 = -10
    n_2-6-0 = -1
    n_2-6-1 = -2
    n_2-6-10 = -11
    n_2-6-11 = -46
    n_2-6-12 = -1
    n_2-6-2 = -3
    n_2-6-3 = -4
    n_2-6-4 = -5
    n_2-6-5 = -6
    n_2-6-6 = -7
    n_2-6-7 = -8
    n_2-6-8 = -9
    n_2-6-9 = -10
    n_2-7-0 = -1
    n_2-7-1 = -2
    n_2-7-10 = -11
    n_2-7-11 = -46
    n_2-7-12 = -1
    n_2-7-2 = -3
    n_2-7-3 = -4
    n_2-7-4 = -5
    n_2-7-5 = -6
    n_2-7-6 = -7
    n_2-7-7 = -8
    n_2-7-8 = -9
    n_2-7-9 = -10
    n_2-8-0 = -1
    n_2-8-1 = -2
    n_2-8-10 = -11
    n_2-8-11 = -46
    n_2-8-12 = -1
    n_2-8-2 = -3
    n_2-8-3 = -4
    n_2-8-4 = -5
    n_2-8-5 = -6
    n_2-8-6 = -7
    n_2-8-7 = -8
    n_2-8-8 = -9
    n_2-8-9 = -10
    n_2-9-0 = -1
    n_2-9-1 = -2
    n_2-9-10 = -11
    n_2-9-11 = -46
    n_2-9-12 = -1
    n_2-9-2 = -3
    n_2-9-3 = -4
    n_2-9-4 = -5
    n_2-9-5 = -6
    n_2-9-6 = -7
    n_2-9-7 = -8
    n_2-9-8 = -9
    n_2-9-9 = -10
    n_3-10-0 = -1
    n_3-10-1 = -2
    n_3-10-10 = -11
    n_3-10-11 = -46
    n_3-10-12 = -1
    n_3-10-2 = -3
    n_3-10-3 = -4
    n_3-10-4 = -5
    n_3-10-5 = -6
    n_3-10-6 = -7
    n_3-10-7 = -8
    n_3-10-8 = -9
    n_3-10-9 = -10
    n_3-11-0 = 0
    n_3-11-1 = -1
    n_3-11-10 = -10
    n_3-11-11 = -45
    n_3-11-12 = 0
    n_3-11-2 = -2
    n_3-11-3 = -3
    n_3-11-4 = -4
    n_3-11-5 = -5
    n_3-11-6 = -6
    n_3-11-7 = -7
    n_3-11-8 = -8
    n_3-11-9 = -9
    n_3-12-0 = -1
    n_3-12-1 = -2
    n_3-12-10 = -11
    n_3-12-11 = -46
    n_3-12-12 = -1
    n_3-12-2 = -3
    n_3-12-3 = -4
    n_3-12-4 = -5
    n_3-12-5 = -6
    n_3-12-6 = -7
    n_3-12-7 = -8
    n_3-12-8 = -9
    n_3-12-9 = -10
    n_3-3-0 = -1
    n_3-3-1 = -2
    n_3-3-10 = -11
    n_3-3-11 = -46
    n_3-3-12 = -1
    n_3-3-2 = -3
    n_3-3-3 = -4
    n_3-3-4 = -5
    n_3-3-5 = -6
    n_3-3-6 = -7
    n_3-3-7 = -8
    n_3-3-8 = -9
    n_3-3-9 = -10
    n_3-4-0 = -1
    n_3-4-1 = -2
    n_3-4-10 = -11
    n_3-4-11 = -46
    n_3-4-12 = -1
    n_3-4-2 = -3
    n_3-4-3 = -4
    n_3-4-4 = -5
    n_3-4-5 = -6
    n_3-4-6 = -7
    n_3-4-7 = -8
    n_3-4-8 = -9
    n_3-4-9 = -10
    n_3-5-0 = -1
    n_3-5-1 = -2
    n_3-5-10 = -11
    n_3-5-11 = -46
    n_3-5-12 = -1
    n_3-5-2 = -3
    n_3-5-3 = -4
    n_3-5-4 = -5
    n_3-5-5 = -6
    n_3-5-6 = -7
    n_3-5-7 = -8
    n_3-5-8 = -9
    n_3-5-9 = -10
    n_3-6-0 = -1
    n_3-6-1 = -2
    n_3-6-10 = -11
    n_3-6-11 = -46
    n_3-6-12 = -1
    n_3-6-2 = -3
    n_3-6-3 = -4
    n_3-6-4 = -5
    n_3-6-5 = -6
    n_3-6-6 = -7
    n_3-6-7 = -8
    n_3-6-8 = -9
    n_3-6-9 = -10
    n_3-7-0 = -1
    n_3-7-1 = -2
    n_3-7-10 = -11
    n_3-7-11 = -46
    n_3-7-12 = -1
    n_3-7-2 = -3
    n_3-7-3 = -4
    n_3-7-4 = -5
    n_3-7-5 = -6
    n_3-7-6 = -7
    n_3-7-7 = -8
    n_3-7-8 = -9
    n_3-7-9 = -10
    n_3-8-0 = -1
    n_3-8-1 = -2
    n_3-8-10 = -11
    n_3-8-11 = -46
    n_3-8-12 = -1
    n_3-8-2 = -3
    n_3-8-3 = -4
    n_3-8-4 = -5
    n_3-8-5 = -6
    n_3-8-6 = -7
    n_3-8-7 = -8
    n_3-8-8 = -9
    n_3-8-9 = -10
    n_3-9-0 = -1
    n_3-9-1 = -2
    n_3-9-10 = -11
    n_3-9-11 = -46
    n_3-9-12 = -1
    n_3-9-2 = -3
    n_3-9-3 = -4
    n_3-9-4 = -5
    n_3-9-5 = -6
    n_3-9-6 = -7
    n_3-9-7 = -8
    n_3-9-8 = -9
    n_3-9-9 = -10
    n_4-10-0 = -1
    n_4-10-1 = -2
    n_4-10-10 = -11
    n_4-10-11 = -46
    n_4-10-12 = -1
    n_4-10-2 = -3
    n_4-10-3 = -4
    n_4-10-4 = -5
    n_4-10-5 = -6
    n_4-10-6 = -7
    n_4-10-7 = -8
    n_4-10-8 = -9
    n_4-10-9 = -10
    n_4-11-0 = 0
    n_4-11-1 = -1
    n_4-11-10 = -10
    n_4-11-11 = -45
    n_4-11-12 = 0
    n_4-11-2 = -2
    n_4-11-3 = -3
    n_4-11-4 = -4
    n_4-11-5 = -5
    n_4-11-6 = -6
    n_4-11-7 = -7
    n_4-11-8 = -8
    n_4-11-9 = -9
    n_4-12-0 = -1
    n_4-12-1 = -2
    n_4-12-10 = -11
    n_4-12-11 = -46
    n_4-12-12 = -1
    n_4-12-2 = -3
    n_4-12-3 = -4
    n_4-12-4 = -5
    n_4-12-5 = -6
    n_4-12-6 = -7
    n_4-12-7 = -8
    n_4-12-8 = -9
    n_4-12-9 = -10
    n_4-4-0 = -1
    n_4-4-1 = -2
    n_4-4-10 = -11
    n_4-4-11 = -46
    n_4-4-12 = -1
    n_4-4-2 = -3
    n_4-4-3 = -4
    n_4-4-4 = -5
    n_4-4-5 = -6
    n_4-4-6 = -7
    n_4-4-7 = -8
    n_4-4-8 = -9
    n_4-4-9 = -10
    n_4-5-0 = -1
    n_4-5-1 = -2
    n_4-5-10 = -11
    n_4-5-11 = -46
    n_4-5-12 = -1
    n_4-5-2 = -3
    n_4-5-3 = -4
    n_4-5-4 = -5
    n_4-5-5 = -6
    n_4-5-6 = -7
    n_4-5-7 = -8
    n_4-5-8 = -9
    n_4-5-9 = -10
    n_4-6-0 = -1
    n_4-6-1 = -2
    n_4-6-10 = -11
    n_4-6-11 = -46
    n_4-6-12 = -1
    n_4-6-2 = -3
    n_4-6-3 = -4
    n_4-6-4 = -5
    n_4-6-5 = -6
    n_4-6-6 = -7
    n_4-6-7 = -8
    n_4-6-8 = -9
    n_4-6-9 = -10
    n_4-7-0 = -1
    n_4-7-1 = -2
    n_4-7-10 = -11
    n_4-7-11 = -46
    n_4-7-12 = -1
    n_4-7-2 = -3
    n_4-7-3 = -4
    n_4-7-4 = -5
    n_4-7-5 = -6
    n_4-7-6 = -7
    n_4-7-7 = -8
    n_4-7-8 = -9
    n_4-7-9 = -10
    n_4-8-0 = -1
    n_4-8-1 = -2
    n_4-8-10 = -11
    n_4-8-11 = -46
    n_4-8-12 = -1
    n_4-8-2 = -3
    n_4-8-3 = -4
    n_4-8-4 = -5
    n_4-8-5 = -6
    n_4-8-6 = -7
    n_4-8-7 = -8
    n_4-8-8 = -9
    n_4-8-9 = -10
    n_4-9-0 = -1
    n_4-9-1 = -2
    n_4-9-10 = -11
    n_4-9-11 = -46
    n_4-9-12 = -1
    n_4-9-2 = -3
    n_4-9-3 = -4
    n_4-9-4 = -5
    n_4-9-5 = -6
    n_4-9-6 = -7
    n_4-9-7 = -8
    n_4-9-8 = -9
    n_4-9-9 = -10
    n_5-10-0 = -1
    n_5-10-1 = -2
    n_5-10-10 = -11
    n_5-10-11 = -46
    n_5-10-12 = -1
    n_5-10-2 = -3
    n_5-10-3 = -4
    n_5-10-4 = -5
    n_5-10-5 = -6
    n_5-10-6 = -7
    n_5-10-7 = -8
    n_5-10-8 = -9
    n_5-10-9 = -10
    n_5-11-0 = 0
    n_5-11-1 = -1
    n_5-11-10 = -10
    n_5-11-11 = -45
    n_5-11-12 = 0
    n_5-11-2 = -2
    n_5-11-3 = -3
    n_5-11-4 = -4
    n_5-11-5 = -5
    n_5-11-6 = -6
    n_5-11-7 = -7
    n_5-11-8 = -8
    n_5-11-9 = -9
    n_5-12-0 = -1
    n_5-12-1 = -2
    n_5-12-10 = -11
    n_5-12-11 = -46
    n_5-12-12 = -1
    n_5-12-2 = -3
    n_5-12-3 = -4
    n_5-12-4 = -5
    n_5-12-5 = -6
    n_5-12-6 = -7
    n_5-12-7 = -8
    n_5-12-8 = -9
    n_5-12-9 = -10
    n_5-5-0 = -1
    n_5-5-1 = -2
    n_5-5-10 = -11
    n_5-5-11 = -46
    n_5-5-12 = -1
    n_5-5-2 = -3
    n_5-5-3 = -4
    n_5-5-4 = -5
    n_5-5-5 = -6
    n_5-5-6 = -7
    n_5-5-7 = -8
    n_5-5-8 = -9
    n_5-5-9 = -10
    n_5-6-0 = -1
    n_5-6-1 = -2
    n_5-6-10 = -11
    n_5-6-11 = -46
    n_5-6-12 = -1
    n_5-6-2 = -3
    n_5-6-3 = -4
    n_5-6-4 = -5
    n_5-6-5 = -6
    n_5-6-6 = -7
    n_5-6-7 = -8
    n_5-6-8 = -9
    n_5-6-9 = -10
    n_5-7-0 = -1
    n_5-7-1 = -2
    n_5-7-10 = -11
    n_5-7-11 = -46
    n_5-7-12 = -1
    n_5-7-2 = -3
    n_5-7-3 = -4
    n_5-7-4 = -5
    n_5-7-5 = -6
    n_5-7-6 = -7
    n_5-7-7 = -8
    n_5-7-8 = -9
    n_5-7-9 = -10
    n_5-8-0 = -1
    n_5-8-1 = -2
    n_5-8-10 = -11
    n_5-8-11 = -46
    n_5-8-12 = -1
    n_5-8-2 = -3
    n_5-8-3 = -4
    n_5-8-4 = -5
    n_5-8-5 = -6
    n_5-8-6 = -7
    n_5-8-7 = -8
    n_5-8-8 = -9
    n_5-8-9 = -10
    n_5-9-0 = -1
    n_5-9-1 = -2
    n_5-9-10 = -11
    n_5-9-11 = -46
    n_5-9-12 = -1
    n_5-9-2 = -3
    n_5-9-3 = -4
    n_5-9-4 = -5
    n_5-9-5 = -6
    n_5-9-6 = -7
    n_5-9-7 = -8
    n_5-9-8 = -9
    n_5-9-9 = -10
    n_6-10-0 = -1
    n_6-10-1 = -2
    n_6-10-10 = -11
    n_6-10-11 = -46
    n_6-10-12 = -1
    n_6-10-2 = -3
    n_6-10-3 = -4
    n_6-10-4 = -5
    n_6-10-5 = -6
    n_6-10-6 = -7
    n_6-10-7 = -8
    n_6-10-8 = -9
    n_6-10-9 = -10
    n_6-11-0 = 0
    n_6-11-1 = -1
    n_6-11-10 = -10
    n_6-11-11 = -45
    n_6-11-12 = 0
    n_6-11-2 = -2
    n_6-11-3 = -3
    n_6-11-4 = -4
    n_6-11-5 = -5
    n_6-11-6 = -6
    n_6-11-7 = -7
    n_6-11-8 = -8
    n_6-11-9 = -9
    n_6-12-0 = -1
    n_6-12-1 = -2
    n_6-12-10 = -11
    n_6-12-11 = -46
    n_6-12-12 = -1
    n_6-12-2 = -3
    n_6-12-3 = -4
    n_6-12-4 = -5
    n_6-12-5 = -6
    n_6-12-6 = -7
    n_6-12-7 = -8
    n_6-12-8 = -9
    n_6-12-9 = -10
    n_6-6-0 = -1
    n_6-6-1 = -2
    n_6-6-10 = -11
    n_6-6-11 = -46
    n_6-6-12 = -1
    n_6-6-2 = -3
    n_6-6-3 = -4
    n_6-6-4 = -5
    n_6-6-5 = -6
    n_6-6-6 = -7
    n_6-6-7 = -8
    n_6-6-8 = -9
    n_6-6-9 = -10
    n_6-7-0 = -1
    n_6-7-1 = -2
    n_6-7-10 = -11
    n_6-7-11 = -46
    n_6-7-12 = -1
    n_6-7-2 = -3
    n_6-7-3 = -4
    n_6-7-4 = -5
    n_6-7-5 = -6
    n_6-7-6 = -7
    n_6-7-7 = -8
    n_6-7-8 = -9
    n_6-7-9 = -10
    n_6-8-0 = -1
    n_6-8-1 = -2
    n_6-8-10 = -11
    n_6-8-11 = -46
    n_6-8-12 = -1
    n_6-8-2 = -3
    n_6-8-3 = -4
    n_6-8-4 = -5
    n_6-8-5 = -6
    n_6-8-6 = -7
    n_6-8-7 = -8
    n_6-8-8 = -9
    n_6-8-9 = -10
    n_6-9-0 = -1
    n_6-9-1 = -2
    n_6-9-10 = -11
    n_6-9-11 = -46
    n_6-9-12 = -1
    n_6-9-2 = -3
    n_6-9-3 = -4
    n_6-9-4 = -5
    n_6-9-5 = -6
    n_6-9-6 = -7
    n_6-9-7 = -8
    n_6-9-8 = -9
    n_6-9-9 = -10
    n_7-10-0 = -1
    n_7-10-1 = -2
    n_7-10-10 = -11
    n_7-10-11 = -46
    n_7-10-12 = -1
    n_7-10-2 = -3
    n_7-10-3 = -4
    n_7-10-4 = -5
    n_7-10-5 = -6
    n_7-10-6 = -7
    n_7-10-7 = -8
    n_7-10-8 = -9
    n_7-10-9 = -10
    n_7-11-0 = 0
    n_7-11-1 = -1
    n_7-11-10 = -10
    n_7-11-11 = -45
    n_7-11-12 = 0
    n_7-11-2 = -2
    n_7-11-3 = -3
    n_7-11-4 = -4
    n_7-11-5 = -5
    n_7-11-6 = -6
    n_7-11-7 = -7
    n_7-11-8 = -8
    n_7-11-9 = -9
    n_7-12-0 = -1
    n_7-12-1 = -2
    n_7-12-10 = -11
    n_7-12-11 = -46
    n_7-12-12 = -1
    n_7-12-2 = -3
    n_7-12-3 = -4
    n_7-12-4 = -5
    n_7-12-5 = -6
    n_7-12-6 = -7
    n_7-12-7 = -8
    n_7-12-8 = -9
    n_7-12-9 = -10
    n_7-7-0 = -1
    n_7-7-1 = -2
    n_7-7-10 = -11
    n_7-7-11 = -46
    n_7-7-12 = -1
    n_7-7-2 = -3
    n_7-7-3 = -4
    n_7-7-4 = -5
    n_7-7-5 = -6
    n_7-7-6 = -7
    n_7-7-7 = -8
    n_7-7-8 = -9
    n_7-7-9 = -10
    n_7-8-0 = -1
    n_7-8-1 = -2
    n_7-8-10 = -11
    n_7-8-11 = -46
    n_7-8-12 = -1
    n_7-8-2 = -3
    n_7-8-3 = -4
    n_7-8-4 = -5
    n_7-8-5 = -6
    n_7-8-6 = -7
    n_7-8-7 = -8
    n_7-8-8 = -9
    n_7-8-9 = -10
    n_7-9-0 = -1
    n_7-9-1 = -2
    n_7-9-10 = -11
    n_7-9-11 = -46
    n_7-9-12 = -1
    n_7-9-2 = -3
    n_7-9-3 = -4
    n_7-9-4 = -5
    n_7-9-5 = -6
    n_7-9-6 = -7
    n_7-9-7 = -8
    n_7-9-8 = -9
    n_7-9-9 = -10
    n_8-10-0 = -1
    n_8-10-1 = -2
    n_8-10-10 = -11
    n_8-10-11 = -46
    n_8-10-12 = 0
    n_8-10-2 = -3
    n_8-10-3 = -4
    n_8-10-4 = -5
    n_8-10-5 = -6
    n_8-10-6 = -7
    n_8-10-7 = -8
    n_8-10-8 = -9
    n_8-10-9 = -10
    n_8-11-0 = 0
    n_8-11-1 = -1
    n_8-11-10 = -10
    n_8-11-11 = -45
    n_8-11-12 = 0
    n_8-11-2 = -2
    n_8-11-3 = -3
    n_8-11-4 = -4
    n_8-11-5 = -5
    n_8-11-6 = -6
    n_8-11-7 = -7
    n_8-11-8 = -8
    n_8-11-9 = -9
    n_8-12-0 = -1
    n_8-12-1 = -2
    n_8-12-10 = -11
    n_8-12-11 = -46
    n_8-12-12 = -1
    n_8-12-2 = -3
    n_8-12-3 = -4
    n_8-12-4 = -5
    n_8-12-5 = -6
    n_8-12-6 = -7
    n_8-12-7 = -8
    n_8-12-8 = -9
    n_8-12-9 = -10
    n_8-8-0 = -1
    n_8-8-1 = -2
    n_8-8-10 = -11
    n_8-8-11 = -46
    n_8-8-12 = -1
    n_8-8-2 = -3
    n_8-8-3 = -4
    n_8-8-4 = -5
    n_8-8-5 = -6
    n_8-8-6 = -7
    n_8-8-7 = -8
    n_8-8-8 = -9
    n_8-8-9 = -10
    n_8-9-0 = -1
    n_8-9-1 = -2
    n_8-9-10 = -11
    n_8-9-11 = -46
    n_8-9-12 = -1
    n_8-9-2 = -3
    n_8-9-3 = -4
    n_8-9-4 = -5
    n_8-9-5 = -6
    n_8-9-6 = -7
    n_8-9-7 = -8
    n_8-9-8 = -9
    n_8-9-9 = -10
    n_9-10-0 = -1
    n_9-10-1 = -2
    n_9-10-10 = -11
    n_9-10-11 = -46
    n_9-10-12 = 0
    n_9-10-2 = -3
    n_9-10-3 = -4
    n_9-10-4 = -5
    n_9-10-5 = -6
    n_9-10-6 = -7
    n_9-10-7 = -8
    n_9-10-8 = -9
    n_9-10-9 = -10
    n_9-11-0 = 0
    n_9-11-1 = -1
    n_9-11-10 = -10
    n_9-11-11 = -45
    n_9-11-12 = 0
    n_9-11-2 = -2
    n_9-11-3 = -3
    n_9-11-4 = -4
    n_9-11-5 = -5
    n_9-11-6 = -6
    n_9-11-7 = -7
    n_9-11-8 = -8
    n_9-11-9 = -9
    n_9-12-0 = -1
    n_9-12-1 = -2
    n_9-12-10 = -11
    n_9-12-11 = -46
    n_9-12-12 = -1
    n_9-12-2 = -3
    n_9-12-3 = -4
    n_9-12-4 = -5
    n_9-12-5 = -6
    n_9-12-6 = -7
    n_9-12-7 = -8
    n_9-12-8 = -9
    n_9-12-9 = -10
    n_9-9-0 = -1
    n_9-9-1 = -2
    n_9-9-10 = -11
    n_9-9-11 = -46
    n_9-9-12 = 0
    n_9-9-2 = -3
    n_9-9-3 = -4
    n_9-9-4 = -5
    n_9-9-5 = -6
    n_9-9-6 = -7
    n_9-9-7 = -8
    n_9-9-8 = -9
    n_9-9-9 = -10
    x_0 = 0.0103755
    x_1 = 0.0321146
    x_10 = 0.227767
    x_11 = 0.988636
    x_12 = 0.00895772
    x_2 = 0.0538538
    x_3 = 0.0755929
    x_4 = 0.097332
    x_5 = 0.119071
    x_6 = 0.14081
    x_7 = 0.162549
    x_8 = 0.184289
    x_9 = 0.206028
  parameters:
    anchor = 0
    base_density = 0.13043478260869565
    delta = 0.010869565217391304
    epsilon = 0.0
    extra_alpha_upper_bound = 0.020833333333333332
    extra_count = 1
    extra_length_bound = None
    formulation = standard_variable_extra_milp
    free_base_start = False
    integer_lift_lower_bound = -47
    integer_lift_upper_bound = 2
    intervals = [{'index': 0, 'label': 'base_1', 'seed_start': 0.01037549407114624, 'seed_length': 0.010869565217391304, 'fixed_base': True}, {'index': 1, 'label': 'base_2', 'seed_start': 0.032114624505928946, 'seed_length': 0.010869565217391304, 'fixed_base': True}, {'index': 2, 'label': 'base_3', 'seed_start': 0.05385375494071143, 'seed_length': 0.010869565217391304, 'fixed_base': True}, {'index': 3, 'label': 'base_4', 'seed_start': 0.07559288537549413, 'seed_length': 0.010869565217391304, 'fixed_base': True}, {'index': 4, 'label': 'base_5', 'seed_start': 0.09733201581027662, 'seed_length': 0.010869565217391304, 'fixed_base': True}, {'index': 5, 'label': 'base_6', 'seed_start': 0.11907114624505932, 'seed_length': 0.010869565217391304, 'fixed_base': True}, {'index': 6, 'label': 'base_7', 'seed_start': 0.1408102766798418, 'seed_length': 0.010869565217391304, 'fixed_base': True}, {'index': 7, 'label': 'base_8', 'seed_start': 0.1625494071146245, 'seed_length': 0.010869565217391304, 'fixed_base': True}, {'index': 8, 'label': 'base_9', 'seed_start': 0.18428853754940722, 'seed_length': 0.010869565217391304, 'fixed_base': True}, {'index': 9, 'label': 'base_10', 'seed_start': 0.2060276679841897, 'seed_length': 0.010869565217391304, 'fixed_base': True}, {'index': 10, 'label': 'base_11', 'seed_start': 0.2277667984189724, 'seed_length': 0.010869565217391304, 'fixed_base': True}, {'index': 11, 'label': 'base_0', 'seed_start': 0.9886363636363636, 'seed_length': 0.010869565217391304, 'fixed_base': True}, {'index': 12, 'label': 'extra_0', 'seed_start': None, 'seed_length': None, 'fixed_base': False}]
    m = 46
    q = 12
    solver_options = {'mip_rel_gap': 0.0}
    tolerance = 1e-09
    translated_missing_point = False
  solver details:
    mip_dual_bound = 0.130435
    mip_gap = 0
    mip_node_count = 265

base density: 0.130434782609
MILP density: 0.130434782609
gain:         0
improved:     False (tolerance=1e-09)

Intervals:
  0: base_1   (0.0103754940711, 0.0212450592885) length=0.0108695652174
  1: base_2   (0.0321146245059, 0.0429841897233) length=0.0108695652174
  2: base_3   (0.0538537549407, 0.0647233201581) length=0.0108695652174
  3: base_4   (0.0755928853755, 0.0864624505929) length=0.0108695652174
  4: base_5   (0.0973320158103, 0.108201581028) length=0.0108695652174
  5: base_6   (0.119071146245, 0.129940711462) length=0.0108695652174
  6: base_7   (0.14081027668, 0.151679841897) length=0.0108695652174
  7: base_8   (0.162549407115, 0.173418972332) length=0.0108695652174
  8: base_9   (0.184288537549, 0.195158102767) length=0.0108695652174
  9: base_10  (0.206027667984, 0.216897233202) length=0.0108695652174
  10: base_11  (0.227766798419, 0.238636363636) length=0.0108695652174
  11: base_0   (0.988636363636, 0.999505928854) length=0.0108695652174
  12: extra_0  (0.00895772469496, 0.00895772469496) length=0

Saved problem JSON: json_results/verification_20260716/tiny_intervals/variable_extra_milp_m46_q12_anchor0_freebase0_extra1_problem.json
Saved solution JSON: json_results/verification_20260716/tiny_intervals/variable_extra_milp_m46_q12_anchor0_freebase0_extra1_solution.json
