direct MILP around optimized 3-sum-free equally spaced construction: 11 variables (7 integer), 18 constraints
base: m=3, q=1, delta=0.2, density=0.2, anchor=0, extra_count=1, free_base_start=False

MILPSolution('direct MILP around optimized 3-sum-free equally spaced construction')
  status: optimal (Optimization terminated successfully. (HiGHS Status 7: Optimal))
  objective: maximize, optimum = 0.2
  values:
    alpha_0 = 0.2
    alpha_1 = 0
    before_0-1 = 0
    n_0-0-0 = -1
    n_0-0-1 = -1
    n_0-1-0 = -1
    n_0-1-1 = -1
    n_1-1-0 = -1
    n_1-1-1 = -1
    x_0 = 0.4
    x_1 = 0.4
  parameters:
    anchor = 0
    base_density = 0.2
    delta = 0.2
    epsilon = 0.0
    extra_alpha_upper_bound = 0.2
    extra_count = 1
    extra_length_bound = None
    formulation = standard_variable_extra_milp
    free_base_start = False
    integer_lift_lower_bound = -4
    integer_lift_upper_bound = 2
    intervals = [{'index': 0, 'label': 'base_0', 'seed_start': 0.3999999999999999, 'seed_length': 0.2, 'fixed_base': True}, {'index': 1, 'label': 'extra_0', 'seed_start': None, 'seed_length': None, 'fixed_base': False}]
    m = 3
    q = 1
    solver_options = {'mip_rel_gap': 0.0}
    tolerance = 1e-09
    translated_missing_point = False
  solver details:
    mip_dual_bound = 0.2
    mip_gap = 0
    mip_node_count = 0

base density: 0.2
MILP density: 0.2
gain:         0
improved:     False (tolerance=1e-09)

Intervals:
  0: base_0   (0.4, 0.6) length=0.2
  1: extra_0  (0.4, 0.4) length=0

Saved problem JSON: json_results/verification_20260716/tiny_intervals/variable_extra_milp_m3_q1_anchor0_freebase0_extra1_problem.json
Saved solution JSON: json_results/verification_20260716/tiny_intervals/variable_extra_milp_m3_q1_anchor0_freebase0_extra1_solution.json
