direct MILP around optimized 40-sum-free equally spaced construction: 971 variables (947 integer), 1928 constraints
base: m=40, q=11, delta=0.0119047619048, density=0.130952380952, anchor=0, extra_count=1, free_base_start=False

MILPSolution('direct MILP around optimized 40-sum-free equally spaced construction')
  status: optimal (Optimization terminated successfully. (HiGHS Status 7: Optimal))
  objective: maximize, optimum = 0.130982
  values:
    alpha_0 = 0.0119048
    alpha_1 = 0.0119048
    alpha_10 = 0.0119048
    alpha_11 = 2.97619e-05
    alpha_2 = 0.0119048
    alpha_3 = 0.0119048
    alpha_4 = 0.0119048
    alpha_5 = 0.0119048
    alpha_6 = 0.0119048
    alpha_7 = 0.0119048
    alpha_8 = 0.0119048
    alpha_9 = 0.0119048
    before_0-11 = 1
    before_1-11 = 1
    before_10-11 = 0
    before_2-11 = 1
    before_3-11 = 1
    before_4-11 = 0
    before_5-11 = 0
    before_6-11 = 0
    before_7-11 = 0
    before_8-11 = 0
    before_9-11 = 0
    n_0-0-0 = -1
    n_0-0-1 = -2
    n_0-0-10 = -40
    n_0-0-11 = -5
    n_0-0-2 = -3
    n_0-0-3 = -4
    n_0-0-4 = -5
    n_0-0-5 = -6
    n_0-0-6 = -7
    n_0-0-7 = -8
    n_0-0-8 = -9
    n_0-0-9 = -10
    n_0-1-0 = -1
    n_0-1-1 = -2
    n_0-1-10 = -40
    n_0-1-11 = -5
    n_0-1-2 = -3
    n_0-1-3 = -4
    n_0-1-4 = -5
    n_0-1-5 = -6
    n_0-1-6 = -7
    n_0-1-7 = -8
    n_0-1-8 = -9
    n_0-1-9 = -10
    n_0-10-0 = 0
    n_0-10-1 = -1
    n_0-10-10 = -39
    n_0-10-11 = -4
    n_0-10-2 = -2
    n_0-10-3 = -3
    n_0-10-4 = -4
    n_0-10-5 = -5
    n_0-10-6 = -6
    n_0-10-7 = -7
    n_0-10-8 = -8
    n_0-10-9 = -9
    n_0-11-0 = -1
    n_0-11-1 = -2
    n_0-11-10 = -40
    n_0-11-11 = -5
    n_0-11-2 = -3
    n_0-11-3 = -4
    n_0-11-4 = -5
    n_0-11-5 = -6
    n_0-11-6 = -7
    n_0-11-7 = -8
    n_0-11-8 = -9
    n_0-11-9 = -10
    n_0-2-0 = -1
    n_0-2-1 = -2
    n_0-2-10 = -40
    n_0-2-11 = -5
    n_0-2-2 = -3
    n_0-2-3 = -4
    n_0-2-4 = -5
    n_0-2-5 = -6
    n_0-2-6 = -7
    n_0-2-7 = -8
    n_0-2-8 = -9
    n_0-2-9 = -10
    n_0-3-0 = -1
    n_0-3-1 = -2
    n_0-3-10 = -40
    n_0-3-11 = -5
    n_0-3-2 = -3
    n_0-3-3 = -4
    n_0-3-4 = -5
    n_0-3-5 = -6
    n_0-3-6 = -7
    n_0-3-7 = -8
    n_0-3-8 = -9
    n_0-3-9 = -10
    n_0-4-0 = -1
    n_0-4-1 = -2
    n_0-4-10 = -40
    n_0-4-11 = -5
    n_0-4-2 = -3
    n_0-4-3 = -4
    n_0-4-4 = -5
    n_0-4-5 = -6
    n_0-4-6 = -7
    n_0-4-7 = -8
    n_0-4-8 = -9
    n_0-4-9 = -10
    n_0-5-0 = -1
    n_0-5-1 = -2
    n_0-5-10 = -40
    n_0-5-11 = -5
    n_0-5-2 = -3
    n_0-5-3 = -4
    n_0-5-4 = -5
    n_0-5-5 = -6
    n_0-5-6 = -7
    n_0-5-7 = -8
    n_0-5-8 = -9
    n_0-5-9 = -10
    n_0-6-0 = -1
    n_0-6-1 = -2
    n_0-6-10 = -40
    n_0-6-11 = -5
    n_0-6-2 = -3
    n_0-6-3 = -4
    n_0-6-4 = -5
    n_0-6-5 = -6
    n_0-6-6 = -7
    n_0-6-7 = -8
    n_0-6-8 = -9
    n_0-6-9 = -10
    n_0-7-0 = -1
    n_0-7-1 = -2
    n_0-7-10 = -40
    n_0-7-11 = -5
    n_0-7-2 = -3
    n_0-7-3 = -4
    n_0-7-4 = -5
    n_0-7-5 = -6
    n_0-7-6 = -7
    n_0-7-7 = -8
    n_0-7-8 = -9
    n_0-7-9 = -10
    n_0-8-0 = -1
    n_0-8-1 = -2
    n_0-8-10 = -40
    n_0-8-11 = -5
    n_0-8-2 = -3
    n_0-8-3 = -4
    n_0-8-4 = -5
    n_0-8-5 = -6
    n_0-8-6 = -7
    n_0-8-7 = -8
    n_0-8-8 = -9
    n_0-8-9 = -10
    n_0-9-0 = -1
    n_0-9-1 = -2
    n_0-9-10 = -40
    n_0-9-11 = -5
    n_0-9-2 = -3
    n_0-9-3 = -4
    n_0-9-4 = -5
    n_0-9-5 = -6
    n_0-9-6 = -7
    n_0-9-7 = -8
    n_0-9-8 = -9
    n_0-9-9 = -10
    n_1-1-0 = -1
    n_1-1-1 = -2
    n_1-1-10 = -40
    n_1-1-11 = -5
    n_1-1-2 = -3
    n_1-1-3 = -4
    n_1-1-4 = -5
    n_1-1-5 = -6
    n_1-1-6 = -7
    n_1-1-7 = -8
    n_1-1-8 = -9
    n_1-1-9 = -10
    n_1-10-0 = 0
    n_1-10-1 = -1
    n_1-10-10 = -39
    n_1-10-11 = -4
    n_1-10-2 = -2
    n_1-10-3 = -3
    n_1-10-4 = -4
    n_1-10-5 = -5
    n_1-10-6 = -6
    n_1-10-7 = -7
    n_1-10-8 = -8
    n_1-10-9 = -9
    n_1-11-0 = -1
    n_1-11-1 = -2
    n_1-11-10 = -40
    n_1-11-11 = -5
    n_1-11-2 = -3
    n_1-11-3 = -4
    n_1-11-4 = -5
    n_1-11-5 = -6
    n_1-11-6 = -7
    n_1-11-7 = -8
    n_1-11-8 = -9
    n_1-11-9 = -10
    n_1-2-0 = -1
    n_1-2-1 = -2
    n_1-2-10 = -40
    n_1-2-11 = -5
    n_1-2-2 = -3
    n_1-2-3 = -4
    n_1-2-4 = -5
    n_1-2-5 = -6
    n_1-2-6 = -7
    n_1-2-7 = -8
    n_1-2-8 = -9
    n_1-2-9 = -10
    n_1-3-0 = -1
    n_1-3-1 = -2
    n_1-3-10 = -40
    n_1-3-11 = -5
    n_1-3-2 = -3
    n_1-3-3 = -4
    n_1-3-4 = -5
    n_1-3-5 = -6
    n_1-3-6 = -7
    n_1-3-7 = -8
    n_1-3-8 = -9
    n_1-3-9 = -10
    n_1-4-0 = -1
    n_1-4-1 = -2
    n_1-4-10 = -40
    n_1-4-11 = -5
    n_1-4-2 = -3
    n_1-4-3 = -4
    n_1-4-4 = -5
    n_1-4-5 = -6
    n_1-4-6 = -7
    n_1-4-7 = -8
    n_1-4-8 = -9
    n_1-4-9 = -10
    n_1-5-0 = -1
    n_1-5-1 = -2
    n_1-5-10 = -40
    n_1-5-11 = -5
    n_1-5-2 = -3
    n_1-5-3 = -4
    n_1-5-4 = -5
    n_1-5-5 = -6
    n_1-5-6 = -7
    n_1-5-7 = -8
    n_1-5-8 = -9
    n_1-5-9 = -10
    n_1-6-0 = -1
    n_1-6-1 = -2
    n_1-6-10 = -40
    n_1-6-11 = -5
    n_1-6-2 = -3
    n_1-6-3 = -4
    n_1-6-4 = -5
    n_1-6-5 = -6
    n_1-6-6 = -7
    n_1-6-7 = -8
    n_1-6-8 = -9
    n_1-6-9 = -10
    n_1-7-0 = -1
    n_1-7-1 = -2
    n_1-7-10 = -40
    n_1-7-11 = -5
    n_1-7-2 = -3
    n_1-7-3 = -4
    n_1-7-4 = -5
    n_1-7-5 = -6
    n_1-7-6 = -7
    n_1-7-7 = -8
    n_1-7-8 = -9
    n_1-7-9 = -10
    n_1-8-0 = -1
    n_1-8-1 = -2
    n_1-8-10 = -40
    n_1-8-11 = -5
    n_1-8-2 = -3
    n_1-8-3 = -4
    n_1-8-4 = -5
    n_1-8-5 = -6
    n_1-8-6 = -7
    n_1-8-7 = -8
    n_1-8-8 = -9
    n_1-8-9 = -10
    n_1-9-0 = -1
    n_1-9-1 = -2
    n_1-9-10 = -40
    n_1-9-11 = -5
    n_1-9-2 = -3
    n_1-9-3 = -4
    n_1-9-4 = -5
    n_1-9-5 = -6
    n_1-9-6 = -7
    n_1-9-7 = -8
    n_1-9-8 = -9
    n_1-9-9 = -10
    n_10-10-0 = 1
    n_10-10-1 = 0
    n_10-10-10 = -38
    n_10-10-11 = -3
    n_10-10-2 = -1
    n_10-10-3 = -2
    n_10-10-4 = -3
    n_10-10-5 = -4
    n_10-10-6 = -5
    n_10-10-7 = -6
    n_10-10-8 = -7
    n_10-10-9 = -8
    n_10-11-0 = 0
    n_10-11-1 = -1
    n_10-11-10 = -39
    n_10-11-11 = -4
    n_10-11-2 = -2
    n_10-11-3 = -3
    n_10-11-4 = -4
    n_10-11-5 = -5
    n_10-11-6 = -6
    n_10-11-7 = -7
    n_10-11-8 = -8
    n_10-11-9 = -9
    n_11-11-0 = -1
    n_11-11-1 = -2
    n_11-11-10 = -40
    n_11-11-11 = -5
    n_11-11-2 = -3
    n_11-11-3 = -4
    n_11-11-4 = -5
    n_11-11-5 = -6
    n_11-11-6 = -7
    n_11-11-7 = -8
    n_11-11-8 = -9
    n_11-11-9 = -10
    n_2-10-0 = 0
    n_2-10-1 = -1
    n_2-10-10 = -39
    n_2-10-11 = -4
    n_2-10-2 = -2
    n_2-10-3 = -3
    n_2-10-4 = -4
    n_2-10-5 = -5
    n_2-10-6 = -6
    n_2-10-7 = -7
    n_2-10-8 = -8
    n_2-10-9 = -9
    n_2-11-0 = -1
    n_2-11-1 = -2
    n_2-11-10 = -40
    n_2-11-11 = -5
    n_2-11-2 = -3
    n_2-11-3 = -4
    n_2-11-4 = -5
    n_2-11-5 = -6
    n_2-11-6 = -7
    n_2-11-7 = -8
    n_2-11-8 = -9
    n_2-11-9 = -10
    n_2-2-0 = -1
    n_2-2-1 = -2
    n_2-2-10 = -40
    n_2-2-11 = -5
    n_2-2-2 = -3
    n_2-2-3 = -4
    n_2-2-4 = -5
    n_2-2-5 = -6
    n_2-2-6 = -7
    n_2-2-7 = -8
    n_2-2-8 = -9
    n_2-2-9 = -10
    n_2-3-0 = -1
    n_2-3-1 = -2
    n_2-3-10 = -40
    n_2-3-11 = -5
    n_2-3-2 = -3
    n_2-3-3 = -4
    n_2-3-4 = -5
    n_2-3-5 = -6
    n_2-3-6 = -7
    n_2-3-7 = -8
    n_2-3-8 = -9
    n_2-3-9 = -10
    n_2-4-0 = -1
    n_2-4-1 = -2
    n_2-4-10 = -40
    n_2-4-11 = -5
    n_2-4-2 = -3
    n_2-4-3 = -4
    n_2-4-4 = -5
    n_2-4-5 = -6
    n_2-4-6 = -7
    n_2-4-7 = -8
    n_2-4-8 = -9
    n_2-4-9 = -10
    n_2-5-0 = -1
    n_2-5-1 = -2
    n_2-5-10 = -40
    n_2-5-11 = -5
    n_2-5-2 = -3
    n_2-5-3 = -4
    n_2-5-4 = -5
    n_2-5-5 = -6
    n_2-5-6 = -7
    n_2-5-7 = -8
    n_2-5-8 = -9
    n_2-5-9 = -10
    n_2-6-0 = -1
    n_2-6-1 = -2
    n_2-6-10 = -40
    n_2-6-11 = -5
    n_2-6-2 = -3
    n_2-6-3 = -4
    n_2-6-4 = -5
    n_2-6-5 = -6
    n_2-6-6 = -7
    n_2-6-7 = -8
    n_2-6-8 = -9
    n_2-6-9 = -10
    n_2-7-0 = -1
    n_2-7-1 = -2
    n_2-7-10 = -40
    n_2-7-11 = -5
    n_2-7-2 = -3
    n_2-7-3 = -4
    n_2-7-4 = -5
    n_2-7-5 = -6
    n_2-7-6 = -7
    n_2-7-7 = -8
    n_2-7-8 = -9
    n_2-7-9 = -10
    n_2-8-0 = -1
    n_2-8-1 = -2
    n_2-8-10 = -40
    n_2-8-11 = -5
    n_2-8-2 = -3
    n_2-8-3 = -4
    n_2-8-4 = -5
    n_2-8-5 = -6
    n_2-8-6 = -7
    n_2-8-7 = -8
    n_2-8-8 = -9
    n_2-8-9 = -10
    n_2-9-0 = -1
    n_2-9-1 = -2
    n_2-9-10 = -40
    n_2-9-11 = -5
    n_2-9-2 = -3
    n_2-9-3 = -4
    n_2-9-4 = -5
    n_2-9-5 = -6
    n_2-9-6 = -7
    n_2-9-7 = -8
    n_2-9-8 = -9
    n_2-9-9 = -10
    n_3-10-0 = 0
    n_3-10-1 = -1
    n_3-10-10 = -39
    n_3-10-11 = -4
    n_3-10-2 = -2
    n_3-10-3 = -3
    n_3-10-4 = -4
    n_3-10-5 = -5
    n_3-10-6 = -6
    n_3-10-7 = -7
    n_3-10-8 = -8
    n_3-10-9 = -9
    n_3-11-0 = -1
    n_3-11-1 = -2
    n_3-11-10 = -40
    n_3-11-11 = -5
    n_3-11-2 = -3
    n_3-11-3 = -4
    n_3-11-4 = -5
    n_3-11-5 = -6
    n_3-11-6 = -7
    n_3-11-7 = -8
    n_3-11-8 = -9
    n_3-11-9 = -10
    n_3-3-0 = -1
    n_3-3-1 = -2
    n_3-3-10 = -40
    n_3-3-11 = -5
    n_3-3-2 = -3
    n_3-3-3 = -4
    n_3-3-4 = -5
    n_3-3-5 = -6
    n_3-3-6 = -7
    n_3-3-7 = -8
    n_3-3-8 = -9
    n_3-3-9 = -10
    n_3-4-0 = -1
    n_3-4-1 = -2
    n_3-4-10 = -40
    n_3-4-11 = -5
    n_3-4-2 = -3
    n_3-4-3 = -4
    n_3-4-4 = -5
    n_3-4-5 = -6
    n_3-4-6 = -7
    n_3-4-7 = -8
    n_3-4-8 = -9
    n_3-4-9 = -10
    n_3-5-0 = -1
    n_3-5-1 = -2
    n_3-5-10 = -40
    n_3-5-11 = -5
    n_3-5-2 = -3
    n_3-5-3 = -4
    n_3-5-4 = -5
    n_3-5-5 = -6
    n_3-5-6 = -7
    n_3-5-7 = -8
    n_3-5-8 = -9
    n_3-5-9 = -10
    n_3-6-0 = -1
    n_3-6-1 = -2
    n_3-6-10 = -40
    n_3-6-11 = -5
    n_3-6-2 = -3
    n_3-6-3 = -4
    n_3-6-4 = -5
    n_3-6-5 = -6
    n_3-6-6 = -7
    n_3-6-7 = -8
    n_3-6-8 = -9
    n_3-6-9 = -10
    n_3-7-0 = -1
    n_3-7-1 = -2
    n_3-7-10 = -40
    n_3-7-11 = -5
    n_3-7-2 = -3
    n_3-7-3 = -4
    n_3-7-4 = -5
    n_3-7-5 = -6
    n_3-7-6 = -7
    n_3-7-7 = -8
    n_3-7-8 = -9
    n_3-7-9 = -10
    n_3-8-0 = -1
    n_3-8-1 = -2
    n_3-8-10 = -40
    n_3-8-11 = -5
    n_3-8-2 = -3
    n_3-8-3 = -4
    n_3-8-4 = -5
    n_3-8-5 = -6
    n_3-8-6 = -7
    n_3-8-7 = -8
    n_3-8-8 = -9
    n_3-8-9 = -10
    n_3-9-0 = -1
    n_3-9-1 = -2
    n_3-9-10 = -40
    n_3-9-11 = -5
    n_3-9-2 = -3
    n_3-9-3 = -4
    n_3-9-4 = -5
    n_3-9-5 = -6
    n_3-9-6 = -7
    n_3-9-7 = -8
    n_3-9-8 = -9
    n_3-9-9 = -10
    n_4-10-0 = 0
    n_4-10-1 = -1
    n_4-10-10 = -39
    n_4-10-11 = -4
    n_4-10-2 = -2
    n_4-10-3 = -3
    n_4-10-4 = -4
    n_4-10-5 = -5
    n_4-10-6 = -6
    n_4-10-7 = -7
    n_4-10-8 = -8
    n_4-10-9 = -9
    n_4-11-0 = -1
    n_4-11-1 = -2
    n_4-11-10 = -40
    n_4-11-11 = -5
    n_4-11-2 = -3
    n_4-11-3 = -4
    n_4-11-4 = -5
    n_4-11-5 = -6
    n_4-11-6 = -7
    n_4-11-7 = -8
    n_4-11-8 = -9
    n_4-11-9 = -10
    n_4-4-0 = -1
    n_4-4-1 = -2
    n_4-4-10 = -40
    n_4-4-11 = -5
    n_4-4-2 = -3
    n_4-4-3 = -4
    n_4-4-4 = -5
    n_4-4-5 = -6
    n_4-4-6 = -7
    n_4-4-7 = -8
    n_4-4-8 = -9
    n_4-4-9 = -10
    n_4-5-0 = -1
    n_4-5-1 = -2
    n_4-5-10 = -40
    n_4-5-11 = -5
    n_4-5-2 = -3
    n_4-5-3 = -4
    n_4-5-4 = -5
    n_4-5-5 = -6
    n_4-5-6 = -7
    n_4-5-7 = -8
    n_4-5-8 = -9
    n_4-5-9 = -10
    n_4-6-0 = -1
    n_4-6-1 = -2
    n_4-6-10 = -40
    n_4-6-11 = -5
    n_4-6-2 = -3
    n_4-6-3 = -4
    n_4-6-4 = -5
    n_4-6-5 = -6
    n_4-6-6 = -7
    n_4-6-7 = -8
    n_4-6-8 = -9
    n_4-6-9 = -10
    n_4-7-0 = -1
    n_4-7-1 = -2
    n_4-7-10 = -40
    n_4-7-11 = -5
    n_4-7-2 = -3
    n_4-7-3 = -4
    n_4-7-4 = -5
    n_4-7-5 = -6
    n_4-7-6 = -7
    n_4-7-7 = -8
    n_4-7-8 = -9
    n_4-7-9 = -10
    n_4-8-0 = -1
    n_4-8-1 = -2
    n_4-8-10 = -40
    n_4-8-11 = -5
    n_4-8-2 = -3
    n_4-8-3 = -4
    n_4-8-4 = -5
    n_4-8-5 = -6
    n_4-8-6 = -7
    n_4-8-7 = -8
    n_4-8-8 = -9
    n_4-8-9 = -10
    n_4-9-0 = -1
    n_4-9-1 = -2
    n_4-9-10 = -40
    n_4-9-11 = -5
    n_4-9-2 = -3
    n_4-9-3 = -4
    n_4-9-4 = -5
    n_4-9-5 = -6
    n_4-9-6 = -7
    n_4-9-7 = -8
    n_4-9-8 = -9
    n_4-9-9 = -10
    n_5-10-0 = 0
    n_5-10-1 = -1
    n_5-10-10 = -39
    n_5-10-11 = -4
    n_5-10-2 = -2
    n_5-10-3 = -3
    n_5-10-4 = -4
    n_5-10-5 = -5
    n_5-10-6 = -6
    n_5-10-7 = -7
    n_5-10-8 = -8
    n_5-10-9 = -9
    n_5-11-0 = -1
    n_5-11-1 = -2
    n_5-11-10 = -40
    n_5-11-11 = -5
    n_5-11-2 = -3
    n_5-11-3 = -4
    n_5-11-4 = -5
    n_5-11-5 = -6
    n_5-11-6 = -7
    n_5-11-7 = -8
    n_5-11-8 = -9
    n_5-11-9 = -10
    n_5-5-0 = -1
    n_5-5-1 = -2
    n_5-5-10 = -40
    n_5-5-11 = -5
    n_5-5-2 = -3
    n_5-5-3 = -4
    n_5-5-4 = -5
    n_5-5-5 = -6
    n_5-5-6 = -7
    n_5-5-7 = -8
    n_5-5-8 = -9
    n_5-5-9 = -10
    n_5-6-0 = -1
    n_5-6-1 = -2
    n_5-6-10 = -40
    n_5-6-11 = -5
    n_5-6-2 = -3
    n_5-6-3 = -4
    n_5-6-4 = -5
    n_5-6-5 = -6
    n_5-6-6 = -7
    n_5-6-7 = -8
    n_5-6-8 = -9
    n_5-6-9 = -10
    n_5-7-0 = -1
    n_5-7-1 = -2
    n_5-7-10 = -40
    n_5-7-11 = -5
    n_5-7-2 = -3
    n_5-7-3 = -4
    n_5-7-4 = -5
    n_5-7-5 = -6
    n_5-7-6 = -7
    n_5-7-7 = -8
    n_5-7-8 = -9
    n_5-7-9 = -10
    n_5-8-0 = -1
    n_5-8-1 = -2
    n_5-8-10 = -40
    n_5-8-11 = -5
    n_5-8-2 = -3
    n_5-8-3 = -4
    n_5-8-4 = -5
    n_5-8-5 = -6
    n_5-8-6 = -7
    n_5-8-7 = -8
    n_5-8-8 = -9
    n_5-8-9 = -10
    n_5-9-0 = -1
    n_5-9-1 = -2
    n_5-9-10 = -40
    n_5-9-11 = -5
    n_5-9-2 = -3
    n_5-9-3 = -4
    n_5-9-4 = -5
    n_5-9-5 = -6
    n_5-9-6 = -7
    n_5-9-7 = -8
    n_5-9-8 = -9
    n_5-9-9 = -10
    n_6-10-0 = 0
    n_6-10-1 = -1
    n_6-10-10 = -39
    n_6-10-11 = -4
    n_6-10-2 = -2
    n_6-10-3 = -3
    n_6-10-4 = -4
    n_6-10-5 = -5
    n_6-10-6 = -6
    n_6-10-7 = -7
    n_6-10-8 = -8
    n_6-10-9 = -9
    n_6-11-0 = -1
    n_6-11-1 = -2
    n_6-11-10 = -40
    n_6-11-11 = -5
    n_6-11-2 = -3
    n_6-11-3 = -4
    n_6-11-4 = -5
    n_6-11-5 = -6
    n_6-11-6 = -7
    n_6-11-7 = -8
    n_6-11-8 = -9
    n_6-11-9 = -10
    n_6-6-0 = -1
    n_6-6-1 = -2
    n_6-6-10 = -40
    n_6-6-11 = -5
    n_6-6-2 = -3
    n_6-6-3 = -4
    n_6-6-4 = -5
    n_6-6-5 = -6
    n_6-6-6 = -7
    n_6-6-7 = -8
    n_6-6-8 = -9
    n_6-6-9 = -10
    n_6-7-0 = -1
    n_6-7-1 = -2
    n_6-7-10 = -40
    n_6-7-11 = -5
    n_6-7-2 = -3
    n_6-7-3 = -4
    n_6-7-4 = -5
    n_6-7-5 = -6
    n_6-7-6 = -7
    n_6-7-7 = -8
    n_6-7-8 = -9
    n_6-7-9 = -10
    n_6-8-0 = -1
    n_6-8-1 = -2
    n_6-8-10 = -40
    n_6-8-11 = -5
    n_6-8-2 = -3
    n_6-8-3 = -4
    n_6-8-4 = -5
    n_6-8-5 = -6
    n_6-8-6 = -7
    n_6-8-7 = -8
    n_6-8-8 = -9
    n_6-8-9 = -10
    n_6-9-0 = -1
    n_6-9-1 = -2
    n_6-9-10 = -40
    n_6-9-11 = -5
    n_6-9-2 = -3
    n_6-9-3 = -4
    n_6-9-4 = -5
    n_6-9-5 = -6
    n_6-9-6 = -7
    n_6-9-7 = -8
    n_6-9-8 = -9
    n_6-9-9 = -10
    n_7-10-0 = 0
    n_7-10-1 = -1
    n_7-10-10 = -39
    n_7-10-11 = -4
    n_7-10-2 = -2
    n_7-10-3 = -3
    n_7-10-4 = -4
    n_7-10-5 = -5
    n_7-10-6 = -6
    n_7-10-7 = -7
    n_7-10-8 = -8
    n_7-10-9 = -9
    n_7-11-0 = -1
    n_7-11-1 = -2
    n_7-11-10 = -40
    n_7-11-11 = -5
    n_7-11-2 = -3
    n_7-11-3 = -4
    n_7-11-4 = -5
    n_7-11-5 = -6
    n_7-11-6 = -7
    n_7-11-7 = -8
    n_7-11-8 = -9
    n_7-11-9 = -10
    n_7-7-0 = -1
    n_7-7-1 = -2
    n_7-7-10 = -40
    n_7-7-11 = -5
    n_7-7-2 = -3
    n_7-7-3 = -4
    n_7-7-4 = -5
    n_7-7-5 = -6
    n_7-7-6 = -7
    n_7-7-7 = -8
    n_7-7-8 = -9
    n_7-7-9 = -10
    n_7-8-0 = -1
    n_7-8-1 = -2
    n_7-8-10 = -40
    n_7-8-11 = -5
    n_7-8-2 = -3
    n_7-8-3 = -4
    n_7-8-4 = -5
    n_7-8-5 = -6
    n_7-8-6 = -7
    n_7-8-7 = -8
    n_7-8-8 = -9
    n_7-8-9 = -10
    n_7-9-0 = -1
    n_7-9-1 = -2
    n_7-9-10 = -40
    n_7-9-11 = -5
    n_7-9-2 = -3
    n_7-9-3 = -4
    n_7-9-4 = -5
    n_7-9-5 = -6
    n_7-9-6 = -7
    n_7-9-7 = -8
    n_7-9-8 = -9
    n_7-9-9 = -10
    n_8-10-0 = 0
    n_8-10-1 = -1
    n_8-10-10 = -39
    n_8-10-11 = -4
    n_8-10-2 = -2
    n_8-10-3 = -3
    n_8-10-4 = -4
    n_8-10-5 = -5
    n_8-10-6 = -6
    n_8-10-7 = -7
    n_8-10-8 = -8
    n_8-10-9 = -9
    n_8-11-0 = -1
    n_8-11-1 = -2
    n_8-11-10 = -40
    n_8-11-11 = -5
    n_8-11-2 = -3
    n_8-11-3 = -4
    n_8-11-4 = -5
    n_8-11-5 = -6
    n_8-11-6 = -7
    n_8-11-7 = -8
    n_8-11-8 = -9
    n_8-11-9 = -10
    n_8-8-0 = -1
    n_8-8-1 = -2
    n_8-8-10 = -40
    n_8-8-11 = -5
    n_8-8-2 = -3
    n_8-8-3 = -4
    n_8-8-4 = -5
    n_8-8-5 = -6
    n_8-8-6 = -7
    n_8-8-7 = -8
    n_8-8-8 = -9
    n_8-8-9 = -10
    n_8-9-0 = -1
    n_8-9-1 = -2
    n_8-9-10 = -40
    n_8-9-11 = -5
    n_8-9-2 = -3
    n_8-9-3 = -4
    n_8-9-4 = -5
    n_8-9-5 = -6
    n_8-9-6 = -7
    n_8-9-7 = -8
    n_8-9-8 = -9
    n_8-9-9 = -10
    n_9-10-0 = 0
    n_9-10-1 = -1
    n_9-10-10 = -39
    n_9-10-11 = -4
    n_9-10-2 = -2
    n_9-10-3 = -3
    n_9-10-4 = -4
    n_9-10-5 = -5
    n_9-10-6 = -6
    n_9-10-7 = -7
    n_9-10-8 = -8
    n_9-10-9 = -9
    n_9-11-0 = -1
    n_9-11-1 = -2
    n_9-11-10 = -40
    n_9-11-11 = -5
    n_9-11-2 = -3
    n_9-11-3 = -4
    n_9-11-4 = -5
    n_9-11-5 = -6
    n_9-11-6 = -7
    n_9-11-7 = -8
    n_9-11-8 = -9
    n_9-11-9 = -10
    n_9-9-0 = -1
    n_9-9-1 = -2
    n_9-9-10 = -40
    n_9-9-11 = -4
    n_9-9-2 = -3
    n_9-9-3 = -4
    n_9-9-4 = -5
    n_9-9-5 = -6
    n_9-9-6 = -7
    n_9-9-7 = -8
    n_9-9-8 = -9
    n_9-9-9 = -10
    x_0 = 0.0124687
    x_1 = 0.0374687
    x_10 = 0.987469
    x_11 = 0.111844
    x_2 = 0.0624687
    x_3 = 0.0874687
    x_4 = 0.112469
    x_5 = 0.137469
    x_6 = 0.162469
    x_7 = 0.187469
    x_8 = 0.212469
    x_9 = 0.237469
  parameters:
    anchor = 0
    base_density = 0.13095238095238093
    delta = 0.011904761904761904
    epsilon = 0.0
    extra_alpha_upper_bound = 0.023809523809523808
    extra_count = 1
    extra_length_bound = None
    formulation = standard_variable_extra_milp
    free_base_start = False
    integer_lift_lower_bound = -41
    integer_lift_upper_bound = 2
    intervals = [{'index': 0, 'label': 'base_1', 'seed_start': 0.012468671679197962, 'seed_length': 0.011904761904761904, 'fixed_base': True}, {'index': 1, 'label': 'base_2', 'seed_start': 0.037468671679198096, 'seed_length': 0.011904761904761904, 'fixed_base': True}, {'index': 2, 'label': 'base_3', 'seed_start': 0.06246867167919801, 'seed_length': 0.011904761904761904, 'fixed_base': True}, {'index': 3, 'label': 'base_4', 'seed_start': 0.08746867167919814, 'seed_length': 0.011904761904761904, 'fixed_base': True}, {'index': 4, 'label': 'base_5', 'seed_start': 0.11246867167919805, 'seed_length': 0.011904761904761904, 'fixed_base': True}, {'index': 5, 'label': 'base_6', 'seed_start': 0.13746867167919796, 'seed_length': 0.011904761904761904, 'fixed_base': True}, {'index': 6, 'label': 'base_7', 'seed_start': 0.1624686716791981, 'seed_length': 0.011904761904761904, 'fixed_base': True}, {'index': 7, 'label': 'base_8', 'seed_start': 0.187468671679198, 'seed_length': 0.011904761904761904, 'fixed_base': True}, {'index': 8, 'label': 'base_9', 'seed_start': 0.21246867167919814, 'seed_length': 0.011904761904761904, 'fixed_base': True}, {'index': 9, 'label': 'base_10', 'seed_start': 0.23746867167919805, 'seed_length': 0.011904761904761904, 'fixed_base': True}, {'index': 10, 'label': 'base_0', 'seed_start': 0.987468671679198, 'seed_length': 0.011904761904761904, 'fixed_base': True}, {'index': 11, 'label': 'extra_0', 'seed_start': None, 'seed_length': None, 'fixed_base': False}]
    m = 40
    q = 11
    solver_options = {'mip_rel_gap': 0.0}
    tolerance = 1e-09
    translated_missing_point = False
  solver details:
    mip_dual_bound = 0.130982
    mip_gap = 0
    mip_node_count = 244

base density: 0.130952380952
MILP density: 0.130982142857
gain:         2.97619047638e-05
improved:     True (tolerance=1e-09)

Intervals:
  0: base_1   (0.0124686716792, 0.024373433584) length=0.0119047619048
  1: base_2   (0.0374686716792, 0.049373433584) length=0.0119047619048
  2: base_3   (0.0624686716792, 0.074373433584) length=0.0119047619048
  3: base_4   (0.0874686716792, 0.099373433584) length=0.0119047619048
  4: base_5   (0.112468671679, 0.124373433584) length=0.0119047619048
  5: base_6   (0.137468671679, 0.149373433584) length=0.0119047619048
  6: base_7   (0.162468671679, 0.174373433584) length=0.0119047619048
  7: base_8   (0.187468671679, 0.199373433584) length=0.0119047619048
  8: base_9   (0.212468671679, 0.224373433584) length=0.0119047619048
  9: base_10  (0.237468671679, 0.249373433584) length=0.0119047619048
  10: base_0   (0.987468671679, 0.999373433584) length=0.0119047619048
  11: extra_0  (0.111843671679, 0.111873433584) length=2.97619047638e-05

Saved problem JSON: json_results/verification_20260716/tiny_intervals/variable_extra_milp_m40_q11_anchor0_freebase0_extra1_problem.json
Saved solution JSON: json_results/verification_20260716/tiny_intervals/variable_extra_milp_m40_q11_anchor0_freebase0_extra1_solution.json
