direct MILP around optimized 17-sum-free equally spaced construction: 143 variables (131 integer), 278 constraints
base: m=17, q=5, delta=0.0278637770898, density=0.139318885449, anchor=0, extra_count=1, free_base_start=False

MILPSolution('direct MILP around optimized 17-sum-free equally spaced construction')
  status: optimal (Optimization terminated successfully. (HiGHS Status 7: Optimal))
  objective: maximize, optimum = 0.139501
  values:
    alpha_0 = 0.0278638
    alpha_1 = 0.0278638
    alpha_2 = 0.0278638
    alpha_3 = 0.0278638
    alpha_4 = 0.0278638
    alpha_5 = 0.000182116
    before_0-5 = 0
    before_1-5 = 0
    before_2-5 = 0
    before_3-5 = 0
    before_4-5 = 0
    n_0-0-0 = -1
    n_0-0-1 = -2
    n_0-0-2 = -3
    n_0-0-3 = -4
    n_0-0-4 = -17
    n_0-0-5 = -1
    n_0-1-0 = -1
    n_0-1-1 = -2
    n_0-1-2 = -3
    n_0-1-3 = -4
    n_0-1-4 = -17
    n_0-1-5 = -1
    n_0-2-0 = -1
    n_0-2-1 = -2
    n_0-2-2 = -3
    n_0-2-3 = -4
    n_0-2-4 = -17
    n_0-2-5 = -1
    n_0-3-0 = -1
    n_0-3-1 = -2
    n_0-3-2 = -3
    n_0-3-3 = -4
    n_0-3-4 = -17
    n_0-3-5 = -1
    n_0-4-0 = 0
    n_0-4-1 = -1
    n_0-4-2 = -2
    n_0-4-3 = -3
    n_0-4-4 = -16
    n_0-4-5 = 0
    n_0-5-0 = -1
    n_0-5-1 = -2
    n_0-5-2 = -3
    n_0-5-3 = -4
    n_0-5-4 = -17
    n_0-5-5 = -1
    n_1-1-0 = -1
    n_1-1-1 = -2
    n_1-1-2 = -3
    n_1-1-3 = -4
    n_1-1-4 = -17
    n_1-1-5 = -1
    n_1-2-0 = -1
    n_1-2-1 = -2
    n_1-2-2 = -3
    n_1-2-3 = -4
    n_1-2-4 = -17
    n_1-2-5 = -1
    n_1-3-0 = -1
    n_1-3-1 = -2
    n_1-3-2 = -3
    n_1-3-3 = -4
    n_1-3-4 = -17
    n_1-3-5 = 0
    n_1-4-0 = 0
    n_1-4-1 = -1
    n_1-4-2 = -2
    n_1-4-3 = -3
    n_1-4-4 = -16
    n_1-4-5 = 0
    n_1-5-0 = -1
    n_1-5-1 = -2
    n_1-5-2 = -3
    n_1-5-3 = -4
    n_1-5-4 = -17
    n_1-5-5 = -1
    n_2-2-0 = -1
    n_2-2-1 = -2
    n_2-2-2 = -3
    n_2-2-3 = -4
    n_2-2-4 = -17
    n_2-2-5 = 0
    n_2-3-0 = -1
    n_2-3-1 = -2
    n_2-3-2 = -3
    n_2-3-3 = -4
    n_2-3-4 = -17
    n_2-3-5 = 0
    n_2-4-0 = 0
    n_2-4-1 = -1
    n_2-4-2 = -2
    n_2-4-3 = -3
    n_2-4-4 = -16
    n_2-4-5 = 0
    n_2-5-0 = -1
    n_2-5-1 = -2
    n_2-5-2 = -3
    n_2-5-3 = -4
    n_2-5-4 = -17
    n_2-5-5 = -1
    n_3-3-0 = -1
    n_3-3-1 = -2
    n_3-3-2 = -3
    n_3-3-3 = -4
    n_3-3-4 = -17
    n_3-3-5 = 0
    n_3-4-0 = 0
    n_3-4-1 = -1
    n_3-4-2 = -2
    n_3-4-3 = -3
    n_3-4-4 = -16
    n_3-4-5 = 0
    n_3-5-0 = -1
    n_3-5-1 = -2
    n_3-5-2 = -3
    n_3-5-3 = -4
    n_3-5-4 = -17
    n_3-5-5 = -1
    n_4-4-0 = 1
    n_4-4-1 = 0
    n_4-4-2 = -1
    n_4-4-3 = -2
    n_4-4-4 = -15
    n_4-4-5 = 1
    n_4-5-0 = 0
    n_4-5-1 = -1
    n_4-5-2 = -2
    n_4-5-3 = -3
    n_4-5-4 = -16
    n_4-5-5 = 0
    n_5-5-0 = -1
    n_5-5-1 = -2
    n_5-5-2 = -3
    n_5-5-3 = -4
    n_5-5-4 = -17
    n_5-5-5 = -1
    x_0 = 0.0272446
    x_1 = 0.0860681
    x_2 = 0.144892
    x_3 = 0.203715
    x_4 = 0.968421
    x_5 = 0.016864
  parameters:
    anchor = 0
    base_density = 0.1393188854489164
    delta = 0.02786377708978328
    epsilon = 0.0
    extra_alpha_upper_bound = 0.05263157894736842
    extra_count = 1
    extra_length_bound = None
    formulation = standard_variable_extra_milp
    free_base_start = False
    integer_lift_lower_bound = -18
    integer_lift_upper_bound = 2
    intervals = [{'index': 0, 'label': 'base_1', 'seed_start': 0.027244582043343568, 'seed_length': 0.02786377708978328, 'fixed_base': True}, {'index': 1, 'label': 'base_2', 'seed_start': 0.08606811145510829, 'seed_length': 0.02786377708978328, 'fixed_base': True}, {'index': 2, 'label': 'base_3', 'seed_start': 0.144891640866873, 'seed_length': 0.02786377708978328, 'fixed_base': True}, {'index': 3, 'label': 'base_4', 'seed_start': 0.20371517027863772, 'seed_length': 0.02786377708978328, 'fixed_base': True}, {'index': 4, 'label': 'base_0', 'seed_start': 0.968421052631579, 'seed_length': 0.02786377708978328, 'fixed_base': True}, {'index': 5, 'label': 'extra_0', 'seed_start': None, 'seed_length': None, 'fixed_base': False}]
    m = 17
    q = 5
    solver_options = {'mip_rel_gap': 0.0}
    tolerance = 1e-09
    translated_missing_point = False
  solver details:
    mip_dual_bound = 0.139501
    mip_gap = 0
    mip_node_count = 24

base density: 0.139318885449
MILP density: 0.139501001639
gain:         0.000182116190129
improved:     True (tolerance=1e-09)

Intervals:
  0: base_1   (0.0272445820433, 0.0551083591331) length=0.0278637770898
  1: base_2   (0.0860681114551, 0.113931888545) length=0.0278637770898
  2: base_3   (0.144891640867, 0.172755417957) length=0.0278637770898
  3: base_4   (0.203715170279, 0.231578947368) length=0.0278637770898
  4: base_0   (0.968421052632, 0.996284829721) length=0.0278637770898
  5: extra_0  (0.016863959206, 0.0170460753961) length=0.000182116190129

Saved problem JSON: json_results/verification_20260716/tiny_intervals/variable_extra_milp_m17_q5_anchor0_freebase0_extra1_problem.json
Saved solution JSON: json_results/verification_20260716/tiny_intervals/variable_extra_milp_m17_q5_anchor0_freebase0_extra1_solution.json
