direct MILP around optimized 5-sum-free equally spaced construction: 26 variables (20 integer), 47 constraints
base: m=5, q=2, delta=0.0857142857143, density=0.171428571429, anchor=0, extra_count=1, free_base_start=False

MILPSolution('direct MILP around optimized 5-sum-free equally spaced construction')
  status: optimal (Optimization terminated successfully. (HiGHS Status 7: Optimal))
  objective: maximize, optimum = 0.171429
  values:
    alpha_0 = 0.0857143
    alpha_1 = 0.0857143
    alpha_2 = 0
    before_0-2 = 0
    before_1-2 = 0
    n_0-0-0 = -1
    n_0-0-1 = -5
    n_0-0-2 = -1
    n_0-1-0 = 0
    n_0-1-1 = -4
    n_0-1-2 = 0
    n_0-2-0 = -1
    n_0-2-1 = -5
    n_0-2-2 = -1
    n_1-1-0 = 1
    n_1-1-1 = -3
    n_1-1-2 = 1
    n_1-2-0 = 0
    n_1-2-1 = -4
    n_1-2-2 = 0
    n_2-2-0 = -1
    n_2-2-1 = -5
    n_2-2-2 = -1
    x_0 = 0.0571429
    x_1 = 0.857143
    x_2 = 0.0571429
  parameters:
    anchor = 0
    base_density = 0.17142857142857143
    delta = 0.08571428571428572
    epsilon = 0.0
    extra_alpha_upper_bound = 0.14285714285714285
    extra_count = 1
    extra_length_bound = None
    formulation = standard_variable_extra_milp
    free_base_start = False
    integer_lift_lower_bound = -6
    integer_lift_upper_bound = 2
    intervals = [{'index': 0, 'label': 'base_1', 'seed_start': 0.05714285714285716, 'seed_length': 0.08571428571428572, 'fixed_base': True}, {'index': 1, 'label': 'base_0', 'seed_start': 0.8571428571428571, 'seed_length': 0.08571428571428572, 'fixed_base': True}, {'index': 2, 'label': 'extra_0', 'seed_start': None, 'seed_length': None, 'fixed_base': False}]
    m = 5
    q = 2
    solver_options = {'mip_rel_gap': 0.0}
    tolerance = 1e-09
    translated_missing_point = False
  solver details:
    mip_dual_bound = 0.171429
    mip_gap = 0
    mip_node_count = 1

base density: 0.171428571429
MILP density: 0.171428571429
gain:         0
improved:     False (tolerance=1e-09)

Intervals:
  0: base_1   (0.0571428571429, 0.142857142857) length=0.0857142857143
  1: base_0   (0.857142857143, 0.942857142857) length=0.0857142857143
  2: extra_0  (0.0571428571429, 0.0571428571429) length=0

Saved problem JSON: json_results/verification_20260716/tiny_intervals/variable_extra_milp_m5_q2_anchor0_freebase0_extra1_problem.json
Saved solution JSON: json_results/verification_20260716/tiny_intervals/variable_extra_milp_m5_q2_anchor0_freebase0_extra1_solution.json
