direct MILP around optimized 18-sum-free equally spaced construction: 143 variables (131 integer), 278 constraints
base: m=18, q=5, delta=0.0277777777778, density=0.138888888889, anchor=0, extra_count=1, free_base_start=False

MILPSolution('direct MILP around optimized 18-sum-free equally spaced construction')
  status: optimal (Optimization terminated successfully. (HiGHS Status 7: Optimal))
  objective: maximize, optimum = 0.138889
  values:
    alpha_0 = 0.0277778
    alpha_1 = 0.0277778
    alpha_2 = 0.0277778
    alpha_3 = 0.0277778
    alpha_4 = 0.0277778
    alpha_5 = 0
    before_0-5 = 0
    before_1-5 = 0
    before_2-5 = 0
    before_3-5 = 0
    before_4-5 = 0
    n_0-0-0 = -1
    n_0-0-1 = -2
    n_0-0-2 = -3
    n_0-0-3 = -4
    n_0-0-4 = -18
    n_0-0-5 = -1
    n_0-1-0 = -1
    n_0-1-1 = -2
    n_0-1-2 = -3
    n_0-1-3 = -4
    n_0-1-4 = -18
    n_0-1-5 = -1
    n_0-2-0 = -1
    n_0-2-1 = -2
    n_0-2-2 = -3
    n_0-2-3 = -4
    n_0-2-4 = -18
    n_0-2-5 = -1
    n_0-3-0 = -1
    n_0-3-1 = -2
    n_0-3-2 = -3
    n_0-3-3 = -4
    n_0-3-4 = -18
    n_0-3-5 = -1
    n_0-4-0 = 0
    n_0-4-1 = -1
    n_0-4-2 = -2
    n_0-4-3 = -3
    n_0-4-4 = -17
    n_0-4-5 = 0
    n_0-5-0 = -1
    n_0-5-1 = -2
    n_0-5-2 = -3
    n_0-5-3 = -4
    n_0-5-4 = -18
    n_0-5-5 = -1
    n_1-1-0 = -1
    n_1-1-1 = -2
    n_1-1-2 = -3
    n_1-1-3 = -4
    n_1-1-4 = -18
    n_1-1-5 = -1
    n_1-2-0 = -1
    n_1-2-1 = -2
    n_1-2-2 = -3
    n_1-2-3 = -4
    n_1-2-4 = -18
    n_1-2-5 = -1
    n_1-3-0 = -1
    n_1-3-1 = -2
    n_1-3-2 = -3
    n_1-3-3 = -4
    n_1-3-4 = -18
    n_1-3-5 = -1
    n_1-4-0 = 0
    n_1-4-1 = -1
    n_1-4-2 = -2
    n_1-4-3 = -3
    n_1-4-4 = -17
    n_1-4-5 = 0
    n_1-5-0 = -1
    n_1-5-1 = -2
    n_1-5-2 = -3
    n_1-5-3 = -4
    n_1-5-4 = -18
    n_1-5-5 = -1
    n_2-2-0 = -1
    n_2-2-1 = -2
    n_2-2-2 = -3
    n_2-2-3 = -4
    n_2-2-4 = -18
    n_2-2-5 = -1
    n_2-3-0 = -1
    n_2-3-1 = -2
    n_2-3-2 = -3
    n_2-3-3 = -4
    n_2-3-4 = -18
    n_2-3-5 = 0
    n_2-4-0 = 0
    n_2-4-1 = -1
    n_2-4-2 = -2
    n_2-4-3 = -3
    n_2-4-4 = -17
    n_2-4-5 = 0
    n_2-5-0 = -1
    n_2-5-1 = -2
    n_2-5-2 = -3
    n_2-5-3 = -4
    n_2-5-4 = -18
    n_2-5-5 = -1
    n_3-3-0 = -1
    n_3-3-1 = -2
    n_3-3-2 = -3
    n_3-3-3 = -4
    n_3-3-4 = -18
    n_3-3-5 = 0
    n_3-4-0 = 0
    n_3-4-1 = -1
    n_3-4-2 = -2
    n_3-4-3 = -3
    n_3-4-4 = -17
    n_3-4-5 = 0
    n_3-5-0 = -1
    n_3-5-1 = -2
    n_3-5-2 = -3
    n_3-5-3 = -4
    n_3-5-4 = -18
    n_3-5-5 = -1
    n_4-4-0 = 1
    n_4-4-1 = 0
    n_4-4-2 = -1
    n_4-4-3 = -2
    n_4-4-4 = -16
    n_4-4-5 = 1
    n_4-5-0 = 0
    n_4-5-1 = -1
    n_4-5-2 = -2
    n_4-5-3 = -3
    n_4-5-4 = -17
    n_4-5-5 = 0
    n_5-5-0 = -1
    n_5-5-1 = -2
    n_5-5-2 = -3
    n_5-5-3 = -4
    n_5-5-4 = -18
    n_5-5-5 = -1
    x_0 = 0.0243056
    x_1 = 0.0798611
    x_2 = 0.135417
    x_3 = 0.190972
    x_4 = 0.96875
    x_5 = 0.0181327
  parameters:
    anchor = 0
    base_density = 0.1388888888888889
    delta = 0.027777777777777776
    epsilon = 0.0
    extra_alpha_upper_bound = 0.05
    extra_count = 1
    extra_length_bound = None
    formulation = standard_variable_extra_milp
    free_base_start = False
    integer_lift_lower_bound = -19
    integer_lift_upper_bound = 2
    intervals = [{'index': 0, 'label': 'base_1', 'seed_start': 0.02430555555555558, 'seed_length': 0.027777777777777776, 'fixed_base': True}, {'index': 1, 'label': 'base_2', 'seed_start': 0.07986111111111116, 'seed_length': 0.027777777777777776, 'fixed_base': True}, {'index': 2, 'label': 'base_3', 'seed_start': 0.13541666666666674, 'seed_length': 0.027777777777777776, 'fixed_base': True}, {'index': 3, 'label': 'base_4', 'seed_start': 0.19097222222222232, 'seed_length': 0.027777777777777776, 'fixed_base': True}, {'index': 4, 'label': 'base_0', 'seed_start': 0.96875, 'seed_length': 0.027777777777777776, 'fixed_base': True}, {'index': 5, 'label': 'extra_0', 'seed_start': None, 'seed_length': None, 'fixed_base': False}]
    m = 18
    q = 5
    solver_options = {'mip_rel_gap': 0.0}
    tolerance = 1e-09
    translated_missing_point = False
  solver details:
    mip_dual_bound = 0.138889
    mip_gap = 0
    mip_node_count = 28

base density: 0.138888888889
MILP density: 0.138888888889
gain:         0
improved:     False (tolerance=1e-09)

Intervals:
  0: base_1   (0.0243055555556, 0.0520833333333) length=0.0277777777778
  1: base_2   (0.0798611111111, 0.107638888889) length=0.0277777777778
  2: base_3   (0.135416666667, 0.163194444444) length=0.0277777777778
  3: base_4   (0.190972222222, 0.21875) length=0.0277777777778
  4: base_0   (0.96875, 0.996527777778) length=0.0277777777778
  5: extra_0  (0.0181327160494, 0.0181327160494) length=0

Saved problem JSON: json_results/verification_20260716/tiny_intervals/variable_extra_milp_m18_q5_anchor0_freebase0_extra1_problem.json
Saved solution JSON: json_results/verification_20260716/tiny_intervals/variable_extra_milp_m18_q5_anchor0_freebase0_extra1_solution.json
