direct MILP around optimized 30-sum-free equally spaced construction: 431 variables (413 integer), 851 constraints
base: m=30, q=8, delta=0.0166666666667, density=0.133333333333, anchor=0, extra_count=1, free_base_start=False

MILPSolution('direct MILP around optimized 30-sum-free equally spaced construction')
  status: optimal (Optimization terminated successfully. (HiGHS Status 7: Optimal))
  objective: maximize, optimum = 0.133333
  values:
    alpha_0 = 0.0166667
    alpha_1 = 0.0166667
    alpha_2 = 0.0166667
    alpha_3 = 0.0166667
    alpha_4 = 0.0166667
    alpha_5 = 0.0166667
    alpha_6 = 0.0166667
    alpha_7 = 0.0166667
    alpha_8 = 0
    before_0-8 = 0
    before_1-8 = 0
    before_2-8 = 0
    before_3-8 = 0
    before_4-8 = 0
    before_5-8 = 0
    before_6-8 = 0
    before_7-8 = 0
    n_0-0-0 = -1
    n_0-0-1 = -2
    n_0-0-2 = -3
    n_0-0-3 = -4
    n_0-0-4 = -5
    n_0-0-5 = -6
    n_0-0-6 = -7
    n_0-0-7 = -30
    n_0-0-8 = -1
    n_0-1-0 = -1
    n_0-1-1 = -2
    n_0-1-2 = -3
    n_0-1-3 = -4
    n_0-1-4 = -5
    n_0-1-5 = -6
    n_0-1-6 = -7
    n_0-1-7 = -30
    n_0-1-8 = -1
    n_0-2-0 = -1
    n_0-2-1 = -2
    n_0-2-2 = -3
    n_0-2-3 = -4
    n_0-2-4 = -5
    n_0-2-5 = -6
    n_0-2-6 = -7
    n_0-2-7 = -30
    n_0-2-8 = -1
    n_0-3-0 = -1
    n_0-3-1 = -2
    n_0-3-2 = -3
    n_0-3-3 = -4
    n_0-3-4 = -5
    n_0-3-5 = -6
    n_0-3-6 = -7
    n_0-3-7 = -30
    n_0-3-8 = -1
    n_0-4-0 = -1
    n_0-4-1 = -2
    n_0-4-2 = -3
    n_0-4-3 = -4
    n_0-4-4 = -5
    n_0-4-5 = -6
    n_0-4-6 = -7
    n_0-4-7 = -30
    n_0-4-8 = -1
    n_0-5-0 = -1
    n_0-5-1 = -2
    n_0-5-2 = -3
    n_0-5-3 = -4
    n_0-5-4 = -5
    n_0-5-5 = -6
    n_0-5-6 = -7
    n_0-5-7 = -30
    n_0-5-8 = -1
    n_0-6-0 = -1
    n_0-6-1 = -2
    n_0-6-2 = -3
    n_0-6-3 = -4
    n_0-6-4 = -5
    n_0-6-5 = -6
    n_0-6-6 = -7
    n_0-6-7 = -30
    n_0-6-8 = -1
    n_0-7-0 = 0
    n_0-7-1 = -1
    n_0-7-2 = -2
    n_0-7-3 = -3
    n_0-7-4 = -4
    n_0-7-5 = -5
    n_0-7-6 = -6
    n_0-7-7 = -29
    n_0-7-8 = 0
    n_0-8-0 = -1
    n_0-8-1 = -2
    n_0-8-2 = -3
    n_0-8-3 = -4
    n_0-8-4 = -5
    n_0-8-5 = -6
    n_0-8-6 = -7
    n_0-8-7 = -30
    n_0-8-8 = -1
    n_1-1-0 = -1
    n_1-1-1 = -2
    n_1-1-2 = -3
    n_1-1-3 = -4
    n_1-1-4 = -5
    n_1-1-5 = -6
    n_1-1-6 = -7
    n_1-1-7 = -30
    n_1-1-8 = -1
    n_1-2-0 = -1
    n_1-2-1 = -2
    n_1-2-2 = -3
    n_1-2-3 = -4
    n_1-2-4 = -5
    n_1-2-5 = -6
    n_1-2-6 = -7
    n_1-2-7 = -30
    n_1-2-8 = -1
    n_1-3-0 = -1
    n_1-3-1 = -2
    n_1-3-2 = -3
    n_1-3-3 = -4
    n_1-3-4 = -5
    n_1-3-5 = -6
    n_1-3-6 = -7
    n_1-3-7 = -30
    n_1-3-8 = -1
    n_1-4-0 = -1
    n_1-4-1 = -2
    n_1-4-2 = -3
    n_1-4-3 = -4
    n_1-4-4 = -5
    n_1-4-5 = -6
    n_1-4-6 = -7
    n_1-4-7 = -30
    n_1-4-8 = -1
    n_1-5-0 = -1
    n_1-5-1 = -2
    n_1-5-2 = -3
    n_1-5-3 = -4
    n_1-5-4 = -5
    n_1-5-5 = -6
    n_1-5-6 = -7
    n_1-5-7 = -30
    n_1-5-8 = -1
    n_1-6-0 = -1
    n_1-6-1 = -2
    n_1-6-2 = -3
    n_1-6-3 = -4
    n_1-6-4 = -5
    n_1-6-5 = -6
    n_1-6-6 = -7
    n_1-6-7 = -30
    n_1-6-8 = -1
    n_1-7-0 = 0
    n_1-7-1 = -1
    n_1-7-2 = -2
    n_1-7-3 = -3
    n_1-7-4 = -4
    n_1-7-5 = -5
    n_1-7-6 = -6
    n_1-7-7 = -29
    n_1-7-8 = 0
    n_1-8-0 = -1
    n_1-8-1 = -2
    n_1-8-2 = -3
    n_1-8-3 = -4
    n_1-8-4 = -5
    n_1-8-5 = -6
    n_1-8-6 = -7
    n_1-8-7 = -30
    n_1-8-8 = -1
    n_2-2-0 = -1
    n_2-2-1 = -2
    n_2-2-2 = -3
    n_2-2-3 = -4
    n_2-2-4 = -5
    n_2-2-5 = -6
    n_2-2-6 = -7
    n_2-2-7 = -30
    n_2-2-8 = -1
    n_2-3-0 = -1
    n_2-3-1 = -2
    n_2-3-2 = -3
    n_2-3-3 = -4
    n_2-3-4 = -5
    n_2-3-5 = -6
    n_2-3-6 = -7
    n_2-3-7 = -30
    n_2-3-8 = -1
    n_2-4-0 = -1
    n_2-4-1 = -2
    n_2-4-2 = -3
    n_2-4-3 = -4
    n_2-4-4 = -5
    n_2-4-5 = -6
    n_2-4-6 = -7
    n_2-4-7 = -30
    n_2-4-8 = -1
    n_2-5-0 = -1
    n_2-5-1 = -2
    n_2-5-2 = -3
    n_2-5-3 = -4
    n_2-5-4 = -5
    n_2-5-5 = -6
    n_2-5-6 = -7
    n_2-5-7 = -30
    n_2-5-8 = -1
    n_2-6-0 = -1
    n_2-6-1 = -2
    n_2-6-2 = -3
    n_2-6-3 = -4
    n_2-6-4 = -5
    n_2-6-5 = -6
    n_2-6-6 = -7
    n_2-6-7 = -30
    n_2-6-8 = -1
    n_2-7-0 = 0
    n_2-7-1 = -1
    n_2-7-2 = -2
    n_2-7-3 = -3
    n_2-7-4 = -4
    n_2-7-5 = -5
    n_2-7-6 = -6
    n_2-7-7 = -29
    n_2-7-8 = 0
    n_2-8-0 = -1
    n_2-8-1 = -2
    n_2-8-2 = -3
    n_2-8-3 = -4
    n_2-8-4 = -5
    n_2-8-5 = -6
    n_2-8-6 = -7
    n_2-8-7 = -30
    n_2-8-8 = -1
    n_3-3-0 = -1
    n_3-3-1 = -2
    n_3-3-2 = -3
    n_3-3-3 = -4
    n_3-3-4 = -5
    n_3-3-5 = -6
    n_3-3-6 = -7
    n_3-3-7 = -30
    n_3-3-8 = -1
    n_3-4-0 = -1
    n_3-4-1 = -2
    n_3-4-2 = -3
    n_3-4-3 = -4
    n_3-4-4 = -5
    n_3-4-5 = -6
    n_3-4-6 = -7
    n_3-4-7 = -30
    n_3-4-8 = -1
    n_3-5-0 = -1
    n_3-5-1 = -2
    n_3-5-2 = -3
    n_3-5-3 = -4
    n_3-5-4 = -5
    n_3-5-5 = -6
    n_3-5-6 = -7
    n_3-5-7 = -30
    n_3-5-8 = -1
    n_3-6-0 = -1
    n_3-6-1 = -2
    n_3-6-2 = -3
    n_3-6-3 = -4
    n_3-6-4 = -5
    n_3-6-5 = -6
    n_3-6-6 = -7
    n_3-6-7 = -30
    n_3-6-8 = -1
    n_3-7-0 = 0
    n_3-7-1 = -1
    n_3-7-2 = -2
    n_3-7-3 = -3
    n_3-7-4 = -4
    n_3-7-5 = -5
    n_3-7-6 = -6
    n_3-7-7 = -29
    n_3-7-8 = 0
    n_3-8-0 = -1
    n_3-8-1 = -2
    n_3-8-2 = -3
    n_3-8-3 = -4
    n_3-8-4 = -5
    n_3-8-5 = -6
    n_3-8-6 = -7
    n_3-8-7 = -30
    n_3-8-8 = -1
    n_4-4-0 = -1
    n_4-4-1 = -2
    n_4-4-2 = -3
    n_4-4-3 = -4
    n_4-4-4 = -5
    n_4-4-5 = -6
    n_4-4-6 = -7
    n_4-4-7 = -30
    n_4-4-8 = -1
    n_4-5-0 = -1
    n_4-5-1 = -2
    n_4-5-2 = -3
    n_4-5-3 = -4
    n_4-5-4 = -5
    n_4-5-5 = -6
    n_4-5-6 = -7
    n_4-5-7 = -30
    n_4-5-8 = -1
    n_4-6-0 = -1
    n_4-6-1 = -2
    n_4-6-2 = -3
    n_4-6-3 = -4
    n_4-6-4 = -5
    n_4-6-5 = -6
    n_4-6-6 = -7
    n_4-6-7 = -30
    n_4-6-8 = -1
    n_4-7-0 = 0
    n_4-7-1 = -1
    n_4-7-2 = -2
    n_4-7-3 = -3
    n_4-7-4 = -4
    n_4-7-5 = -5
    n_4-7-6 = -6
    n_4-7-7 = -29
    n_4-7-8 = 0
    n_4-8-0 = -1
    n_4-8-1 = -2
    n_4-8-2 = -3
    n_4-8-3 = -4
    n_4-8-4 = -5
    n_4-8-5 = -6
    n_4-8-6 = -7
    n_4-8-7 = -30
    n_4-8-8 = -1
    n_5-5-0 = -1
    n_5-5-1 = -2
    n_5-5-2 = -3
    n_5-5-3 = -4
    n_5-5-4 = -5
    n_5-5-5 = -6
    n_5-5-6 = -7
    n_5-5-7 = -30
    n_5-5-8 = -1
    n_5-6-0 = -1
    n_5-6-1 = -2
    n_5-6-2 = -3
    n_5-6-3 = -4
    n_5-6-4 = -5
    n_5-6-5 = -6
    n_5-6-6 = -7
    n_5-6-7 = -30
    n_5-6-8 = -1
    n_5-7-0 = 0
    n_5-7-1 = -1
    n_5-7-2 = -2
    n_5-7-3 = -3
    n_5-7-4 = -4
    n_5-7-5 = -5
    n_5-7-6 = -6
    n_5-7-7 = -29
    n_5-7-8 = 0
    n_5-8-0 = -1
    n_5-8-1 = -2
    n_5-8-2 = -3
    n_5-8-3 = -4
    n_5-8-4 = -5
    n_5-8-5 = -6
    n_5-8-6 = -7
    n_5-8-7 = -30
    n_5-8-8 = -1
    n_6-6-0 = -1
    n_6-6-1 = -2
    n_6-6-2 = -3
    n_6-6-3 = -4
    n_6-6-4 = -5
    n_6-6-5 = -6
    n_6-6-6 = -7
    n_6-6-7 = -30
    n_6-6-8 = -1
    n_6-7-0 = 0
    n_6-7-1 = -1
    n_6-7-2 = -2
    n_6-7-3 = -3
    n_6-7-4 = -4
    n_6-7-5 = -5
    n_6-7-6 = -6
    n_6-7-7 = -29
    n_6-7-8 = 0
    n_6-8-0 = -1
    n_6-8-1 = -2
    n_6-8-2 = -3
    n_6-8-3 = -4
    n_6-8-4 = -5
    n_6-8-5 = -6
    n_6-8-6 = -7
    n_6-8-7 = -30
    n_6-8-8 = -1
    n_7-7-0 = 1
    n_7-7-1 = 0
    n_7-7-2 = -1
    n_7-7-3 = -2
    n_7-7-4 = -3
    n_7-7-5 = -4
    n_7-7-6 = -5
    n_7-7-7 = -28
    n_7-7-8 = 1
    n_7-8-0 = 0
    n_7-8-1 = -1
    n_7-8-2 = -2
    n_7-8-3 = -3
    n_7-8-4 = -4
    n_7-8-5 = -5
    n_7-8-6 = -6
    n_7-8-7 = -29
    n_7-8-8 = 0
    n_8-8-0 = -1
    n_8-8-1 = -2
    n_8-8-2 = -3
    n_8-8-3 = -4
    n_8-8-4 = -5
    n_8-8-5 = -6
    n_8-8-6 = -7
    n_8-8-7 = -30
    n_8-8-8 = -1
    x_0 = 0.0154762
    x_1 = 0.0488095
    x_2 = 0.0821429
    x_3 = 0.115476
    x_4 = 0.14881
    x_5 = 0.182143
    x_6 = 0.215476
    x_7 = 0.982143
    x_8 = 0.0154762
  parameters:
    anchor = 0
    base_density = 0.13333333333333333
    delta = 0.016666666666666666
    epsilon = 0.0
    extra_alpha_upper_bound = 0.03125
    extra_count = 1
    extra_length_bound = None
    formulation = standard_variable_extra_milp
    free_base_start = False
    integer_lift_lower_bound = -31
    integer_lift_upper_bound = 2
    intervals = [{'index': 0, 'label': 'base_1', 'seed_start': 0.015476190476190421, 'seed_length': 0.016666666666666666, 'fixed_base': True}, {'index': 1, 'label': 'base_2', 'seed_start': 0.04880952380952386, 'seed_length': 0.016666666666666666, 'fixed_base': True}, {'index': 2, 'label': 'base_3', 'seed_start': 0.08214285714285707, 'seed_length': 0.016666666666666666, 'fixed_base': True}, {'index': 3, 'label': 'base_4', 'seed_start': 0.11547619047619051, 'seed_length': 0.016666666666666666, 'fixed_base': True}, {'index': 4, 'label': 'base_5', 'seed_start': 0.14880952380952372, 'seed_length': 0.016666666666666666, 'fixed_base': True}, {'index': 5, 'label': 'base_6', 'seed_start': 0.18214285714285716, 'seed_length': 0.016666666666666666, 'fixed_base': True}, {'index': 6, 'label': 'base_7', 'seed_start': 0.21547619047619038, 'seed_length': 0.016666666666666666, 'fixed_base': True}, {'index': 7, 'label': 'base_0', 'seed_start': 0.9821428571428571, 'seed_length': 0.016666666666666666, 'fixed_base': True}, {'index': 8, 'label': 'extra_0', 'seed_start': None, 'seed_length': None, 'fixed_base': False}]
    m = 30
    q = 8
    solver_options = {'mip_rel_gap': 0.0}
    tolerance = 1e-09
    translated_missing_point = False
  solver details:
    mip_dual_bound = 0.133333
    mip_gap = 0
    mip_node_count = 74

base density: 0.133333333333
MILP density: 0.133333333333
gain:         0
improved:     False (tolerance=1e-09)

Intervals:
  0: base_1   (0.0154761904762, 0.0321428571429) length=0.0166666666667
  1: base_2   (0.0488095238095, 0.0654761904762) length=0.0166666666667
  2: base_3   (0.0821428571429, 0.0988095238095) length=0.0166666666667
  3: base_4   (0.115476190476, 0.132142857143) length=0.0166666666667
  4: base_5   (0.14880952381, 0.165476190476) length=0.0166666666667
  5: base_6   (0.182142857143, 0.19880952381) length=0.0166666666667
  6: base_7   (0.215476190476, 0.232142857143) length=0.0166666666667
  7: base_0   (0.982142857143, 0.99880952381) length=0.0166666666667
  8: extra_0  (0.0154761904762, 0.0154761904762) length=0

Saved problem JSON: json_results/verification_20260716/tiny_intervals/variable_extra_milp_m30_q8_anchor0_freebase0_extra1_problem.json
Saved solution JSON: json_results/verification_20260716/tiny_intervals/variable_extra_milp_m30_q8_anchor0_freebase0_extra1_solution.json
