direct MILP around optimized 12-sum-free equally spaced construction: 51 variables (43 integer), 96 constraints
base: m=12, q=3, delta=0.047619047619, density=0.142857142857, anchor=0, extra_count=1, free_base_start=False

MILPSolution('direct MILP around optimized 12-sum-free equally spaced construction')
  status: optimal (Optimization terminated successfully. (HiGHS Status 7: Optimal))
  objective: maximize, optimum = 0.142857
  values:
    alpha_0 = 0.047619
    alpha_1 = 0.047619
    alpha_2 = 0.047619
    alpha_3 = 0
    before_0-3 = 0
    before_1-3 = 0
    before_2-3 = 0
    n_0-0-0 = -1
    n_0-0-1 = -2
    n_0-0-2 = -12
    n_0-0-3 = -1
    n_0-1-0 = -1
    n_0-1-1 = -2
    n_0-1-2 = -12
    n_0-1-3 = -1
    n_0-2-0 = 0
    n_0-2-1 = -1
    n_0-2-2 = -11
    n_0-2-3 = 0
    n_0-3-0 = -1
    n_0-3-1 = -2
    n_0-3-2 = -12
    n_0-3-3 = -1
    n_1-1-0 = -1
    n_1-1-1 = -2
    n_1-1-2 = -12
    n_1-1-3 = -1
    n_1-2-0 = 0
    n_1-2-1 = -1
    n_1-2-2 = -11
    n_1-2-3 = 0
    n_1-3-0 = -1
    n_1-3-1 = -2
    n_1-3-2 = -12
    n_1-3-3 = -1
    n_2-2-0 = 1
    n_2-2-1 = 0
    n_2-2-2 = -10
    n_2-2-3 = 1
    n_2-3-0 = 0
    n_2-3-1 = -1
    n_2-3-2 = -11
    n_2-3-3 = 0
    n_3-3-0 = -1
    n_3-3-1 = -2
    n_3-3-2 = -12
    n_3-3-3 = -1
    x_0 = 0.0261905
    x_1 = 0.109524
    x_2 = 0.942857
    x_3 = 0.0261905
  parameters:
    anchor = 0
    base_density = 0.14285714285714285
    delta = 0.047619047619047616
    epsilon = 0.0
    extra_alpha_upper_bound = 0.07142857142857142
    extra_count = 1
    extra_length_bound = None
    formulation = standard_variable_extra_milp
    free_base_start = False
    integer_lift_lower_bound = -13
    integer_lift_upper_bound = 2
    intervals = [{'index': 0, 'label': 'base_1', 'seed_start': 0.026190476190476097, 'seed_length': 0.047619047619047616, 'fixed_base': True}, {'index': 1, 'label': 'base_2', 'seed_start': 0.10952380952380958, 'seed_length': 0.047619047619047616, 'fixed_base': True}, {'index': 2, 'label': 'base_0', 'seed_start': 0.9428571428571428, 'seed_length': 0.047619047619047616, 'fixed_base': True}, {'index': 3, 'label': 'extra_0', 'seed_start': None, 'seed_length': None, 'fixed_base': False}]
    m = 12
    q = 3
    solver_options = {'mip_rel_gap': 0.0}
    tolerance = 1e-09
    translated_missing_point = False
  solver details:
    mip_dual_bound = 0.142857
    mip_gap = 0
    mip_node_count = 1

base density: 0.142857142857
MILP density: 0.142857142857
gain:         0
improved:     False (tolerance=1e-09)

Intervals:
  0: base_1   (0.0261904761905, 0.0738095238095) length=0.047619047619
  1: base_2   (0.109523809524, 0.157142857143) length=0.047619047619
  2: base_0   (0.942857142857, 0.990476190476) length=0.047619047619
  3: extra_0  (0.0261904761905, 0.0261904761905) length=0

Saved problem JSON: json_results/verification_20260716/tiny_intervals/variable_extra_milp_m12_q3_anchor0_freebase0_extra1_problem.json
Saved solution JSON: json_results/verification_20260716/tiny_intervals/variable_extra_milp_m12_q3_anchor0_freebase0_extra1_solution.json
