direct MILP around optimized 23-sum-free equally spaced construction: 216 variables (202 integer), 423 constraints
base: m=23, q=6, delta=0.0226086956522, density=0.135652173913, anchor=0, extra_count=1, free_base_start=False

MILPSolution('direct MILP around optimized 23-sum-free equally spaced construction')
  status: optimal (Optimization terminated successfully. (HiGHS Status 7: Optimal))
  objective: maximize, optimum = 0.135652
  values:
    alpha_0 = 0.0226087
    alpha_1 = 0.0226087
    alpha_2 = 0.0226087
    alpha_3 = 0.0226087
    alpha_4 = 0.0226087
    alpha_5 = 0.0226087
    alpha_6 = 0
    before_0-6 = 1
    before_1-6 = 0
    before_2-6 = 0
    before_3-6 = 0
    before_4-6 = 0
    before_5-6 = 0
    n_0-0-0 = -1
    n_0-0-1 = -2
    n_0-0-2 = -3
    n_0-0-3 = -4
    n_0-0-4 = -5
    n_0-0-5 = -23
    n_0-0-6 = -2
    n_0-1-0 = -1
    n_0-1-1 = -2
    n_0-1-2 = -3
    n_0-1-3 = -4
    n_0-1-4 = -5
    n_0-1-5 = -23
    n_0-1-6 = -2
    n_0-2-0 = -1
    n_0-2-1 = -2
    n_0-2-2 = -3
    n_0-2-3 = -4
    n_0-2-4 = -5
    n_0-2-5 = -23
    n_0-2-6 = -2
    n_0-3-0 = -1
    n_0-3-1 = -2
    n_0-3-2 = -3
    n_0-3-3 = -4
    n_0-3-4 = -5
    n_0-3-5 = -23
    n_0-3-6 = -2
    n_0-4-0 = -1
    n_0-4-1 = -2
    n_0-4-2 = -3
    n_0-4-3 = -4
    n_0-4-4 = -5
    n_0-4-5 = -23
    n_0-4-6 = -2
    n_0-5-0 = 0
    n_0-5-1 = -1
    n_0-5-2 = -2
    n_0-5-3 = -3
    n_0-5-4 = -4
    n_0-5-5 = -22
    n_0-5-6 = -1
    n_0-6-0 = -1
    n_0-6-1 = -2
    n_0-6-2 = -3
    n_0-6-3 = -4
    n_0-6-4 = -5
    n_0-6-5 = -23
    n_0-6-6 = -2
    n_1-1-0 = -1
    n_1-1-1 = -2
    n_1-1-2 = -3
    n_1-1-3 = -4
    n_1-1-4 = -5
    n_1-1-5 = -23
    n_1-1-6 = -2
    n_1-2-0 = -1
    n_1-2-1 = -2
    n_1-2-2 = -3
    n_1-2-3 = -4
    n_1-2-4 = -5
    n_1-2-5 = -23
    n_1-2-6 = -2
    n_1-3-0 = -1
    n_1-3-1 = -2
    n_1-3-2 = -3
    n_1-3-3 = -4
    n_1-3-4 = -5
    n_1-3-5 = -23
    n_1-3-6 = -2
    n_1-4-0 = -1
    n_1-4-1 = -2
    n_1-4-2 = -3
    n_1-4-3 = -4
    n_1-4-4 = -5
    n_1-4-5 = -23
    n_1-4-6 = -2
    n_1-5-0 = 0
    n_1-5-1 = -1
    n_1-5-2 = -2
    n_1-5-3 = -3
    n_1-5-4 = -4
    n_1-5-5 = -22
    n_1-5-6 = -1
    n_1-6-0 = -1
    n_1-6-1 = -2
    n_1-6-2 = -3
    n_1-6-3 = -4
    n_1-6-4 = -5
    n_1-6-5 = -23
    n_1-6-6 = -2
    n_2-2-0 = -1
    n_2-2-1 = -2
    n_2-2-2 = -3
    n_2-2-3 = -4
    n_2-2-4 = -5
    n_2-2-5 = -23
    n_2-2-6 = -2
    n_2-3-0 = -1
    n_2-3-1 = -2
    n_2-3-2 = -3
    n_2-3-3 = -4
    n_2-3-4 = -5
    n_2-3-5 = -23
    n_2-3-6 = -2
    n_2-4-0 = -1
    n_2-4-1 = -2
    n_2-4-2 = -3
    n_2-4-3 = -4
    n_2-4-4 = -5
    n_2-4-5 = -23
    n_2-4-6 = -2
    n_2-5-0 = 0
    n_2-5-1 = -1
    n_2-5-2 = -2
    n_2-5-3 = -3
    n_2-5-4 = -4
    n_2-5-5 = -22
    n_2-5-6 = -1
    n_2-6-0 = -1
    n_2-6-1 = -2
    n_2-6-2 = -3
    n_2-6-3 = -4
    n_2-6-4 = -5
    n_2-6-5 = -23
    n_2-6-6 = -2
    n_3-3-0 = -1
    n_3-3-1 = -2
    n_3-3-2 = -3
    n_3-3-3 = -4
    n_3-3-4 = -5
    n_3-3-5 = -23
    n_3-3-6 = -2
    n_3-4-0 = -1
    n_3-4-1 = -2
    n_3-4-2 = -3
    n_3-4-3 = -4
    n_3-4-4 = -5
    n_3-4-5 = -23
    n_3-4-6 = -2
    n_3-5-0 = 0
    n_3-5-1 = -1
    n_3-5-2 = -2
    n_3-5-3 = -3
    n_3-5-4 = -4
    n_3-5-5 = -22
    n_3-5-6 = -1
    n_3-6-0 = -1
    n_3-6-1 = -2
    n_3-6-2 = -3
    n_3-6-3 = -4
    n_3-6-4 = -5
    n_3-6-5 = -23
    n_3-6-6 = -2
    n_4-4-0 = -1
    n_4-4-1 = -2
    n_4-4-2 = -3
    n_4-4-3 = -4
    n_4-4-4 = -5
    n_4-4-5 = -23
    n_4-4-6 = -2
    n_4-5-0 = 0
    n_4-5-1 = -1
    n_4-5-2 = -2
    n_4-5-3 = -3
    n_4-5-4 = -4
    n_4-5-5 = -22
    n_4-5-6 = -1
    n_4-6-0 = -1
    n_4-6-1 = -2
    n_4-6-2 = -3
    n_4-6-3 = -4
    n_4-6-4 = -5
    n_4-6-5 = -23
    n_4-6-6 = -2
    n_5-5-0 = 1
    n_5-5-1 = 0
    n_5-5-2 = -1
    n_5-5-3 = -2
    n_5-5-4 = -3
    n_5-5-5 = -21
    n_5-5-6 = 0
    n_5-6-0 = 0
    n_5-6-1 = -1
    n_5-6-2 = -2
    n_5-6-3 = -3
    n_5-6-4 = -4
    n_5-6-5 = -22
    n_5-6-6 = -1
    n_6-6-0 = -1
    n_6-6-1 = -2
    n_6-6-2 = -3
    n_6-6-3 = -4
    n_6-6-4 = -5
    n_6-6-5 = -23
    n_6-6-6 = -2
    x_0 = 0.0187164
    x_1 = 0.0621946
    x_2 = 0.105673
    x_3 = 0.149151
    x_4 = 0.192629
    x_5 = 0.975238
    x_6 = 0.0621946
  parameters:
    anchor = 0
    base_density = 0.1356521739130435
    delta = 0.022608695652173914
    epsilon = 0.0
    extra_alpha_upper_bound = 0.04
    extra_count = 1
    extra_length_bound = None
    formulation = standard_variable_extra_milp
    free_base_start = False
    integer_lift_lower_bound = -24
    integer_lift_upper_bound = 2
    intervals = [{'index': 0, 'label': 'base_1', 'seed_start': 0.018716356107660426, 'seed_length': 0.022608695652173914, 'fixed_base': True}, {'index': 1, 'label': 'base_2', 'seed_start': 0.062194616977225614, 'seed_length': 0.022608695652173914, 'fixed_base': True}, {'index': 2, 'label': 'base_3', 'seed_start': 0.1056728778467908, 'seed_length': 0.022608695652173914, 'fixed_base': True}, {'index': 3, 'label': 'base_4', 'seed_start': 0.149151138716356, 'seed_length': 0.022608695652173914, 'fixed_base': True}, {'index': 4, 'label': 'base_5', 'seed_start': 0.1926293995859214, 'seed_length': 0.022608695652173914, 'fixed_base': True}, {'index': 5, 'label': 'base_0', 'seed_start': 0.9752380952380952, 'seed_length': 0.022608695652173914, 'fixed_base': True}, {'index': 6, 'label': 'extra_0', 'seed_start': None, 'seed_length': None, 'fixed_base': False}]
    m = 23
    q = 6
    solver_options = {'mip_rel_gap': 0.0}
    tolerance = 1e-09
    translated_missing_point = False
  solver details:
    mip_dual_bound = 0.135652
    mip_gap = 0
    mip_node_count = 31

base density: 0.135652173913
MILP density: 0.135652173913
gain:         0
improved:     False (tolerance=1e-09)

Intervals:
  0: base_1   (0.0187163561077, 0.0413250517598) length=0.0226086956522
  1: base_2   (0.0621946169772, 0.0848033126294) length=0.0226086956522
  2: base_3   (0.105672877847, 0.128281573499) length=0.0226086956522
  3: base_4   (0.149151138716, 0.171759834369) length=0.0226086956522
  4: base_5   (0.192629399586, 0.215238095238) length=0.0226086956522
  5: base_0   (0.975238095238, 0.99784679089) length=0.0226086956522
  6: extra_0  (0.0621946169772, 0.0621946169772) length=0

Saved problem JSON: json_results/verification_20260716/tiny_intervals/variable_extra_milp_m23_q6_anchor0_freebase0_extra1_problem.json
Saved solution JSON: json_results/verification_20260716/tiny_intervals/variable_extra_milp_m23_q6_anchor0_freebase0_extra1_solution.json
