direct MILP around optimized 24-sum-free equally spaced construction: 216 variables (202 integer), 423 constraints
base: m=24, q=6, delta=0.0224358974359, density=0.134615384615, anchor=0, extra_count=1, free_base_start=False

MILPSolution('direct MILP around optimized 24-sum-free equally spaced construction')
  status: optimal (Optimization terminated successfully. (HiGHS Status 7: Optimal))
  objective: maximize, optimum = 0.134615
  values:
    alpha_0 = 0.0224359
    alpha_1 = 0.0224359
    alpha_2 = 0.0224359
    alpha_3 = 0.0224359
    alpha_4 = 0.0224359
    alpha_5 = 0.0224359
    alpha_6 = 0
    before_0-6 = 1
    before_1-6 = 0
    before_2-6 = 0
    before_3-6 = 0
    before_4-6 = 0
    before_5-6 = 0
    n_0-0-0 = -1
    n_0-0-1 = -2
    n_0-0-2 = -3
    n_0-0-3 = -4
    n_0-0-4 = -5
    n_0-0-5 = -24
    n_0-0-6 = -2
    n_0-1-0 = -1
    n_0-1-1 = -2
    n_0-1-2 = -3
    n_0-1-3 = -4
    n_0-1-4 = -5
    n_0-1-5 = -24
    n_0-1-6 = -2
    n_0-2-0 = -1
    n_0-2-1 = -2
    n_0-2-2 = -3
    n_0-2-3 = -4
    n_0-2-4 = -5
    n_0-2-5 = -24
    n_0-2-6 = -2
    n_0-3-0 = -1
    n_0-3-1 = -2
    n_0-3-2 = -3
    n_0-3-3 = -4
    n_0-3-4 = -5
    n_0-3-5 = -24
    n_0-3-6 = -2
    n_0-4-0 = -1
    n_0-4-1 = -2
    n_0-4-2 = -3
    n_0-4-3 = -4
    n_0-4-4 = -5
    n_0-4-5 = -24
    n_0-4-6 = -2
    n_0-5-0 = 0
    n_0-5-1 = -1
    n_0-5-2 = -2
    n_0-5-3 = -3
    n_0-5-4 = -4
    n_0-5-5 = -23
    n_0-5-6 = -1
    n_0-6-0 = -1
    n_0-6-1 = -2
    n_0-6-2 = -3
    n_0-6-3 = -4
    n_0-6-4 = -5
    n_0-6-5 = -24
    n_0-6-6 = -2
    n_1-1-0 = -1
    n_1-1-1 = -2
    n_1-1-2 = -3
    n_1-1-3 = -4
    n_1-1-4 = -5
    n_1-1-5 = -24
    n_1-1-6 = -2
    n_1-2-0 = -1
    n_1-2-1 = -2
    n_1-2-2 = -3
    n_1-2-3 = -4
    n_1-2-4 = -5
    n_1-2-5 = -24
    n_1-2-6 = -2
    n_1-3-0 = -1
    n_1-3-1 = -2
    n_1-3-2 = -3
    n_1-3-3 = -4
    n_1-3-4 = -5
    n_1-3-5 = -24
    n_1-3-6 = -2
    n_1-4-0 = -1
    n_1-4-1 = -2
    n_1-4-2 = -3
    n_1-4-3 = -4
    n_1-4-4 = -5
    n_1-4-5 = -24
    n_1-4-6 = -2
    n_1-5-0 = 0
    n_1-5-1 = -1
    n_1-5-2 = -2
    n_1-5-3 = -3
    n_1-5-4 = -4
    n_1-5-5 = -23
    n_1-5-6 = -1
    n_1-6-0 = -1
    n_1-6-1 = -2
    n_1-6-2 = -3
    n_1-6-3 = -4
    n_1-6-4 = -5
    n_1-6-5 = -24
    n_1-6-6 = -2
    n_2-2-0 = -1
    n_2-2-1 = -2
    n_2-2-2 = -3
    n_2-2-3 = -4
    n_2-2-4 = -5
    n_2-2-5 = -24
    n_2-2-6 = -2
    n_2-3-0 = -1
    n_2-3-1 = -2
    n_2-3-2 = -3
    n_2-3-3 = -4
    n_2-3-4 = -5
    n_2-3-5 = -24
    n_2-3-6 = -2
    n_2-4-0 = -1
    n_2-4-1 = -2
    n_2-4-2 = -3
    n_2-4-3 = -4
    n_2-4-4 = -5
    n_2-4-5 = -24
    n_2-4-6 = -2
    n_2-5-0 = 0
    n_2-5-1 = -1
    n_2-5-2 = -2
    n_2-5-3 = -3
    n_2-5-4 = -4
    n_2-5-5 = -23
    n_2-5-6 = -1
    n_2-6-0 = -1
    n_2-6-1 = -2
    n_2-6-2 = -3
    n_2-6-3 = -4
    n_2-6-4 = -5
    n_2-6-5 = -24
    n_2-6-6 = -2
    n_3-3-0 = -1
    n_3-3-1 = -2
    n_3-3-2 = -3
    n_3-3-3 = -4
    n_3-3-4 = -5
    n_3-3-5 = -24
    n_3-3-6 = -2
    n_3-4-0 = -1
    n_3-4-1 = -2
    n_3-4-2 = -3
    n_3-4-3 = -4
    n_3-4-4 = -5
    n_3-4-5 = -24
    n_3-4-6 = -2
    n_3-5-0 = 0
    n_3-5-1 = -1
    n_3-5-2 = -2
    n_3-5-3 = -3
    n_3-5-4 = -4
    n_3-5-5 = -23
    n_3-5-6 = -1
    n_3-6-0 = -1
    n_3-6-1 = -2
    n_3-6-2 = -3
    n_3-6-3 = -4
    n_3-6-4 = -5
    n_3-6-5 = -24
    n_3-6-6 = -2
    n_4-4-0 = -1
    n_4-4-1 = -2
    n_4-4-2 = -3
    n_4-4-3 = -4
    n_4-4-4 = -5
    n_4-4-5 = -24
    n_4-4-6 = -2
    n_4-5-0 = 0
    n_4-5-1 = -1
    n_4-5-2 = -2
    n_4-5-3 = -3
    n_4-5-4 = -4
    n_4-5-5 = -23
    n_4-5-6 = -1
    n_4-6-0 = -1
    n_4-6-1 = -2
    n_4-6-2 = -3
    n_4-6-3 = -4
    n_4-6-4 = -5
    n_4-6-5 = -24
    n_4-6-6 = -2
    n_5-5-0 = 1
    n_5-5-1 = 0
    n_5-5-2 = -1
    n_5-5-3 = -2
    n_5-5-4 = -3
    n_5-5-5 = -22
    n_5-5-6 = 0
    n_5-6-0 = 0
    n_5-6-1 = -1
    n_5-6-2 = -2
    n_5-6-3 = -3
    n_5-6-4 = -4
    n_5-6-5 = -23
    n_5-6-6 = -1
    n_6-6-0 = -1
    n_6-6-1 = -2
    n_6-6-2 = -3
    n_6-6-3 = -4
    n_6-6-4 = -5
    n_6-6-5 = -24
    n_6-6-6 = -2
    x_0 = 0.0171911
    x_1 = 0.0588578
    x_2 = 0.100524
    x_3 = 0.142191
    x_4 = 0.183858
    x_5 = 0.975524
    x_6 = 0.0588578
  parameters:
    anchor = 0
    base_density = 0.1346153846153846
    delta = 0.022435897435897436
    epsilon = 0.0
    extra_alpha_upper_bound = 0.038461538461538464
    extra_count = 1
    extra_length_bound = None
    formulation = standard_variable_extra_milp
    free_base_start = False
    integer_lift_lower_bound = -25
    integer_lift_upper_bound = 2
    intervals = [{'index': 0, 'label': 'base_1', 'seed_start': 0.01719114219114215, 'seed_length': 0.022435897435897436, 'fixed_base': True}, {'index': 1, 'label': 'base_2', 'seed_start': 0.05885780885780889, 'seed_length': 0.022435897435897436, 'fixed_base': True}, {'index': 2, 'label': 'base_3', 'seed_start': 0.10052447552447541, 'seed_length': 0.022435897435897436, 'fixed_base': True}, {'index': 3, 'label': 'base_4', 'seed_start': 0.14219114219114215, 'seed_length': 0.022435897435897436, 'fixed_base': True}, {'index': 4, 'label': 'base_5', 'seed_start': 0.1838578088578089, 'seed_length': 0.022435897435897436, 'fixed_base': True}, {'index': 5, 'label': 'base_0', 'seed_start': 0.9755244755244755, 'seed_length': 0.022435897435897436, 'fixed_base': True}, {'index': 6, 'label': 'extra_0', 'seed_start': None, 'seed_length': None, 'fixed_base': False}]
    m = 24
    q = 6
    solver_options = {'mip_rel_gap': 0.0}
    tolerance = 1e-09
    translated_missing_point = False
  solver details:
    mip_dual_bound = 0.134615
    mip_gap = 0
    mip_node_count = 22

base density: 0.134615384615
MILP density: 0.134615384615
gain:         0
improved:     False (tolerance=1e-09)

Intervals:
  0: base_1   (0.0171911421911, 0.039627039627) length=0.0224358974359
  1: base_2   (0.0588578088578, 0.0812937062937) length=0.0224358974359
  2: base_3   (0.100524475524, 0.12296037296) length=0.0224358974359
  3: base_4   (0.142191142191, 0.164627039627) length=0.0224358974359
  4: base_5   (0.183857808858, 0.206293706294) length=0.0224358974359
  5: base_0   (0.975524475524, 0.99796037296) length=0.0224358974359
  6: extra_0  (0.0588578088578, 0.0588578088578) length=0

Saved problem JSON: json_results/verification_20260716/tiny_intervals/variable_extra_milp_m24_q6_anchor0_freebase0_extra1_problem.json
Saved solution JSON: json_results/verification_20260716/tiny_intervals/variable_extra_milp_m24_q6_anchor0_freebase0_extra1_solution.json
