direct MILP around optimized 20-sum-free equally spaced construction: 143 variables (131 integer), 278 constraints
base: m=20, q=5, delta=0.0272727272727, density=0.136363636364, anchor=0, extra_count=1, free_base_start=False

MILPSolution('direct MILP around optimized 20-sum-free equally spaced construction')
  status: optimal (Optimization terminated successfully. (HiGHS Status 7: Optimal))
  objective: maximize, optimum = 0.136364
  values:
    alpha_0 = 0.0272727
    alpha_1 = 0.0272727
    alpha_2 = 0.0272727
    alpha_3 = 0.0272727
    alpha_4 = 0.0272727
    alpha_5 = 0
    before_0-5 = 1
    before_1-5 = 1
    before_2-5 = 0
    before_3-5 = 0
    before_4-5 = 0
    n_0-0-0 = -1
    n_0-0-1 = -2
    n_0-0-2 = -3
    n_0-0-3 = -4
    n_0-0-4 = -20
    n_0-0-5 = -3
    n_0-1-0 = -1
    n_0-1-1 = -2
    n_0-1-2 = -3
    n_0-1-3 = -4
    n_0-1-4 = -20
    n_0-1-5 = -3
    n_0-2-0 = -1
    n_0-2-1 = -2
    n_0-2-2 = -3
    n_0-2-3 = -4
    n_0-2-4 = -20
    n_0-2-5 = -3
    n_0-3-0 = -1
    n_0-3-1 = -2
    n_0-3-2 = -3
    n_0-3-3 = -4
    n_0-3-4 = -20
    n_0-3-5 = -3
    n_0-4-0 = 0
    n_0-4-1 = -1
    n_0-4-2 = -2
    n_0-4-3 = -3
    n_0-4-4 = -19
    n_0-4-5 = -2
    n_0-5-0 = -1
    n_0-5-1 = -2
    n_0-5-2 = -3
    n_0-5-3 = -4
    n_0-5-4 = -20
    n_0-5-5 = -3
    n_1-1-0 = -1
    n_1-1-1 = -2
    n_1-1-2 = -3
    n_1-1-3 = -4
    n_1-1-4 = -20
    n_1-1-5 = -3
    n_1-2-0 = -1
    n_1-2-1 = -2
    n_1-2-2 = -3
    n_1-2-3 = -4
    n_1-2-4 = -20
    n_1-2-5 = -3
    n_1-3-0 = -1
    n_1-3-1 = -2
    n_1-3-2 = -3
    n_1-3-3 = -4
    n_1-3-4 = -20
    n_1-3-5 = -3
    n_1-4-0 = 0
    n_1-4-1 = -1
    n_1-4-2 = -2
    n_1-4-3 = -3
    n_1-4-4 = -19
    n_1-4-5 = -2
    n_1-5-0 = -1
    n_1-5-1 = -2
    n_1-5-2 = -3
    n_1-5-3 = -4
    n_1-5-4 = -20
    n_1-5-5 = -3
    n_2-2-0 = -1
    n_2-2-1 = -2
    n_2-2-2 = -3
    n_2-2-3 = -4
    n_2-2-4 = -20
    n_2-2-5 = -3
    n_2-3-0 = -1
    n_2-3-1 = -2
    n_2-3-2 = -3
    n_2-3-3 = -4
    n_2-3-4 = -20
    n_2-3-5 = -3
    n_2-4-0 = 0
    n_2-4-1 = -1
    n_2-4-2 = -2
    n_2-4-3 = -3
    n_2-4-4 = -19
    n_2-4-5 = -2
    n_2-5-0 = -1
    n_2-5-1 = -2
    n_2-5-2 = -3
    n_2-5-3 = -4
    n_2-5-4 = -20
    n_2-5-5 = -3
    n_3-3-0 = -1
    n_3-3-1 = -2
    n_3-3-2 = -3
    n_3-3-3 = -4
    n_3-3-4 = -20
    n_3-3-5 = -3
    n_3-4-0 = 0
    n_3-4-1 = -1
    n_3-4-2 = -2
    n_3-4-3 = -3
    n_3-4-4 = -19
    n_3-4-5 = -2
    n_3-5-0 = -1
    n_3-5-1 = -2
    n_3-5-2 = -3
    n_3-5-3 = -4
    n_3-5-4 = -20
    n_3-5-5 = -3
    n_4-4-0 = 1
    n_4-4-1 = 0
    n_4-4-2 = -1
    n_4-4-3 = -2
    n_4-4-4 = -18
    n_4-4-5 = -1
    n_4-5-0 = 0
    n_4-5-1 = -1
    n_4-5-2 = -2
    n_4-5-3 = -3
    n_4-5-4 = -19
    n_4-5-5 = -2
    n_5-5-0 = -1
    n_5-5-1 = -2
    n_5-5-2 = -3
    n_5-5-3 = -4
    n_5-5-4 = -20
    n_5-5-5 = -3
    x_0 = 0.019697
    x_1 = 0.069697
    x_2 = 0.119697
    x_3 = 0.169697
    x_4 = 0.969697
    x_5 = 0.119697
  parameters:
    anchor = 0
    base_density = 0.13636363636363635
    delta = 0.02727272727272727
    epsilon = 0.0
    extra_alpha_upper_bound = 0.045454545454545456
    extra_count = 1
    extra_length_bound = None
    formulation = standard_variable_extra_milp
    free_base_start = False
    integer_lift_lower_bound = -21
    integer_lift_upper_bound = 2
    intervals = [{'index': 0, 'label': 'base_1', 'seed_start': 0.01969696969696977, 'seed_length': 0.02727272727272727, 'fixed_base': True}, {'index': 1, 'label': 'base_2', 'seed_start': 0.06969696969696981, 'seed_length': 0.02727272727272727, 'fixed_base': True}, {'index': 2, 'label': 'base_3', 'seed_start': 0.11969696969696964, 'seed_length': 0.02727272727272727, 'fixed_base': True}, {'index': 3, 'label': 'base_4', 'seed_start': 0.16969696969696968, 'seed_length': 0.02727272727272727, 'fixed_base': True}, {'index': 4, 'label': 'base_0', 'seed_start': 0.9696969696969697, 'seed_length': 0.02727272727272727, 'fixed_base': True}, {'index': 5, 'label': 'extra_0', 'seed_start': None, 'seed_length': None, 'fixed_base': False}]
    m = 20
    q = 5
    solver_options = {'mip_rel_gap': 0.0}
    tolerance = 1e-09
    translated_missing_point = False
  solver details:
    mip_dual_bound = 0.136364
    mip_gap = 0
    mip_node_count = 30

base density: 0.136363636364
MILP density: 0.136363636364
gain:         0
improved:     False (tolerance=1e-09)

Intervals:
  0: base_1   (0.019696969697, 0.0469696969697) length=0.0272727272727
  1: base_2   (0.069696969697, 0.0969696969697) length=0.0272727272727
  2: base_3   (0.119696969697, 0.14696969697) length=0.0272727272727
  3: base_4   (0.169696969697, 0.19696969697) length=0.0272727272727
  4: base_0   (0.969696969697, 0.99696969697) length=0.0272727272727
  5: extra_0  (0.119696969697, 0.119696969697) length=0

Saved problem JSON: json_results/verification_20260716/tiny_intervals/variable_extra_milp_m20_q5_anchor0_freebase0_extra1_problem.json
Saved solution JSON: json_results/verification_20260716/tiny_intervals/variable_extra_milp_m20_q5_anchor0_freebase0_extra1_solution.json
