direct MILP around optimized 39-sum-free equally spaced construction: 758 variables (736 integer), 1503 constraints
base: m=39, q=10, delta=0.0131332082552, density=0.131332082552, anchor=0, extra_count=1, free_base_start=False

MILPSolution('direct MILP around optimized 39-sum-free equally spaced construction')
  status: optimal (Optimization terminated successfully. (HiGHS Status 7: Optimal))
  objective: maximize, optimum = 0.131332
  values:
    alpha_0 = 0.0131332
    alpha_1 = 0.0131332
    alpha_10 = 0
    alpha_2 = 0.0131332
    alpha_3 = 0.0131332
    alpha_4 = 0.0131332
    alpha_5 = 0.0131332
    alpha_6 = 0.0131332
    alpha_7 = 0.0131332
    alpha_8 = 0.0131332
    alpha_9 = 0.0131332
    before_0-10 = 0
    before_1-10 = 0
    before_2-10 = 0
    before_3-10 = 0
    before_4-10 = 0
    before_5-10 = 0
    before_6-10 = 0
    before_7-10 = 0
    before_8-10 = 0
    before_9-10 = 0
    n_0-0-0 = -1
    n_0-0-1 = -2
    n_0-0-10 = -1
    n_0-0-2 = -3
    n_0-0-3 = -4
    n_0-0-4 = -5
    n_0-0-5 = -6
    n_0-0-6 = -7
    n_0-0-7 = -8
    n_0-0-8 = -9
    n_0-0-9 = -39
    n_0-1-0 = -1
    n_0-1-1 = -2
    n_0-1-10 = -1
    n_0-1-2 = -3
    n_0-1-3 = -4
    n_0-1-4 = -5
    n_0-1-5 = -6
    n_0-1-6 = -7
    n_0-1-7 = -8
    n_0-1-8 = -9
    n_0-1-9 = -39
    n_0-10-0 = -1
    n_0-10-1 = -2
    n_0-10-10 = -1
    n_0-10-2 = -3
    n_0-10-3 = -4
    n_0-10-4 = -5
    n_0-10-5 = -6
    n_0-10-6 = -7
    n_0-10-7 = -8
    n_0-10-8 = -9
    n_0-10-9 = -39
    n_0-2-0 = -1
    n_0-2-1 = -2
    n_0-2-10 = -1
    n_0-2-2 = -3
    n_0-2-3 = -4
    n_0-2-4 = -5
    n_0-2-5 = -6
    n_0-2-6 = -7
    n_0-2-7 = -8
    n_0-2-8 = -9
    n_0-2-9 = -39
    n_0-3-0 = -1
    n_0-3-1 = -2
    n_0-3-10 = -1
    n_0-3-2 = -3
    n_0-3-3 = -4
    n_0-3-4 = -5
    n_0-3-5 = -6
    n_0-3-6 = -7
    n_0-3-7 = -8
    n_0-3-8 = -9
    n_0-3-9 = -39
    n_0-4-0 = -1
    n_0-4-1 = -2
    n_0-4-10 = -1
    n_0-4-2 = -3
    n_0-4-3 = -4
    n_0-4-4 = -5
    n_0-4-5 = -6
    n_0-4-6 = -7
    n_0-4-7 = -8
    n_0-4-8 = -9
    n_0-4-9 = -39
    n_0-5-0 = -1
    n_0-5-1 = -2
    n_0-5-10 = -1
    n_0-5-2 = -3
    n_0-5-3 = -4
    n_0-5-4 = -5
    n_0-5-5 = -6
    n_0-5-6 = -7
    n_0-5-7 = -8
    n_0-5-8 = -9
    n_0-5-9 = -39
    n_0-6-0 = -1
    n_0-6-1 = -2
    n_0-6-10 = -1
    n_0-6-2 = -3
    n_0-6-3 = -4
    n_0-6-4 = -5
    n_0-6-5 = -6
    n_0-6-6 = -7
    n_0-6-7 = -8
    n_0-6-8 = -9
    n_0-6-9 = -39
    n_0-7-0 = -1
    n_0-7-1 = -2
    n_0-7-10 = -1
    n_0-7-2 = -3
    n_0-7-3 = -4
    n_0-7-4 = -5
    n_0-7-5 = -6
    n_0-7-6 = -7
    n_0-7-7 = -8
    n_0-7-8 = -9
    n_0-7-9 = -39
    n_0-8-0 = -1
    n_0-8-1 = -2
    n_0-8-10 = -1
    n_0-8-2 = -3
    n_0-8-3 = -4
    n_0-8-4 = -5
    n_0-8-5 = -6
    n_0-8-6 = -7
    n_0-8-7 = -8
    n_0-8-8 = -9
    n_0-8-9 = -39
    n_0-9-0 = 0
    n_0-9-1 = -1
    n_0-9-10 = 0
    n_0-9-2 = -2
    n_0-9-3 = -3
    n_0-9-4 = -4
    n_0-9-5 = -5
    n_0-9-6 = -6
    n_0-9-7 = -7
    n_0-9-8 = -8
    n_0-9-9 = -38
    n_1-1-0 = -1
    n_1-1-1 = -2
    n_1-1-10 = -1
    n_1-1-2 = -3
    n_1-1-3 = -4
    n_1-1-4 = -5
    n_1-1-5 = -6
    n_1-1-6 = -7
    n_1-1-7 = -8
    n_1-1-8 = -9
    n_1-1-9 = -39
    n_1-10-0 = -1
    n_1-10-1 = -2
    n_1-10-10 = -1
    n_1-10-2 = -3
    n_1-10-3 = -4
    n_1-10-4 = -5
    n_1-10-5 = -6
    n_1-10-6 = -7
    n_1-10-7 = -8
    n_1-10-8 = -9
    n_1-10-9 = -39
    n_1-2-0 = -1
    n_1-2-1 = -2
    n_1-2-10 = -1
    n_1-2-2 = -3
    n_1-2-3 = -4
    n_1-2-4 = -5
    n_1-2-5 = -6
    n_1-2-6 = -7
    n_1-2-7 = -8
    n_1-2-8 = -9
    n_1-2-9 = -39
    n_1-3-0 = -1
    n_1-3-1 = -2
    n_1-3-10 = -1
    n_1-3-2 = -3
    n_1-3-3 = -4
    n_1-3-4 = -5
    n_1-3-5 = -6
    n_1-3-6 = -7
    n_1-3-7 = -8
    n_1-3-8 = -9
    n_1-3-9 = -39
    n_1-4-0 = -1
    n_1-4-1 = -2
    n_1-4-10 = -1
    n_1-4-2 = -3
    n_1-4-3 = -4
    n_1-4-4 = -5
    n_1-4-5 = -6
    n_1-4-6 = -7
    n_1-4-7 = -8
    n_1-4-8 = -9
    n_1-4-9 = -39
    n_1-5-0 = -1
    n_1-5-1 = -2
    n_1-5-10 = -1
    n_1-5-2 = -3
    n_1-5-3 = -4
    n_1-5-4 = -5
    n_1-5-5 = -6
    n_1-5-6 = -7
    n_1-5-7 = -8
    n_1-5-8 = -9
    n_1-5-9 = -39
    n_1-6-0 = -1
    n_1-6-1 = -2
    n_1-6-10 = -1
    n_1-6-2 = -3
    n_1-6-3 = -4
    n_1-6-4 = -5
    n_1-6-5 = -6
    n_1-6-6 = -7
    n_1-6-7 = -8
    n_1-6-8 = -9
    n_1-6-9 = -39
    n_1-7-0 = -1
    n_1-7-1 = -2
    n_1-7-10 = -1
    n_1-7-2 = -3
    n_1-7-3 = -4
    n_1-7-4 = -5
    n_1-7-5 = -6
    n_1-7-6 = -7
    n_1-7-7 = -8
    n_1-7-8 = -9
    n_1-7-9 = -39
    n_1-8-0 = -1
    n_1-8-1 = -2
    n_1-8-10 = -1
    n_1-8-2 = -3
    n_1-8-3 = -4
    n_1-8-4 = -5
    n_1-8-5 = -6
    n_1-8-6 = -7
    n_1-8-7 = -8
    n_1-8-8 = -9
    n_1-8-9 = -39
    n_1-9-0 = 0
    n_1-9-1 = -1
    n_1-9-10 = 0
    n_1-9-2 = -2
    n_1-9-3 = -3
    n_1-9-4 = -4
    n_1-9-5 = -5
    n_1-9-6 = -6
    n_1-9-7 = -7
    n_1-9-8 = -8
    n_1-9-9 = -38
    n_10-10-0 = -1
    n_10-10-1 = -2
    n_10-10-10 = -1
    n_10-10-2 = -3
    n_10-10-3 = -4
    n_10-10-4 = -5
    n_10-10-5 = -6
    n_10-10-6 = -7
    n_10-10-7 = -8
    n_10-10-8 = -9
    n_10-10-9 = -39
    n_2-10-0 = -1
    n_2-10-1 = -2
    n_2-10-10 = -1
    n_2-10-2 = -3
    n_2-10-3 = -4
    n_2-10-4 = -5
    n_2-10-5 = -6
    n_2-10-6 = -7
    n_2-10-7 = -8
    n_2-10-8 = -9
    n_2-10-9 = -39
    n_2-2-0 = -1
    n_2-2-1 = -2
    n_2-2-10 = -1
    n_2-2-2 = -3
    n_2-2-3 = -4
    n_2-2-4 = -5
    n_2-2-5 = -6
    n_2-2-6 = -7
    n_2-2-7 = -8
    n_2-2-8 = -9
    n_2-2-9 = -39
    n_2-3-0 = -1
    n_2-3-1 = -2
    n_2-3-10 = -1
    n_2-3-2 = -3
    n_2-3-3 = -4
    n_2-3-4 = -5
    n_2-3-5 = -6
    n_2-3-6 = -7
    n_2-3-7 = -8
    n_2-3-8 = -9
    n_2-3-9 = -39
    n_2-4-0 = -1
    n_2-4-1 = -2
    n_2-4-10 = -1
    n_2-4-2 = -3
    n_2-4-3 = -4
    n_2-4-4 = -5
    n_2-4-5 = -6
    n_2-4-6 = -7
    n_2-4-7 = -8
    n_2-4-8 = -9
    n_2-4-9 = -39
    n_2-5-0 = -1
    n_2-5-1 = -2
    n_2-5-10 = -1
    n_2-5-2 = -3
    n_2-5-3 = -4
    n_2-5-4 = -5
    n_2-5-5 = -6
    n_2-5-6 = -7
    n_2-5-7 = -8
    n_2-5-8 = -9
    n_2-5-9 = -39
    n_2-6-0 = -1
    n_2-6-1 = -2
    n_2-6-10 = -1
    n_2-6-2 = -3
    n_2-6-3 = -4
    n_2-6-4 = -5
    n_2-6-5 = -6
    n_2-6-6 = -7
    n_2-6-7 = -8
    n_2-6-8 = -9
    n_2-6-9 = -39
    n_2-7-0 = -1
    n_2-7-1 = -2
    n_2-7-10 = -1
    n_2-7-2 = -3
    n_2-7-3 = -4
    n_2-7-4 = -5
    n_2-7-5 = -6
    n_2-7-6 = -7
    n_2-7-7 = -8
    n_2-7-8 = -9
    n_2-7-9 = -39
    n_2-8-0 = -1
    n_2-8-1 = -2
    n_2-8-10 = -1
    n_2-8-2 = -3
    n_2-8-3 = -4
    n_2-8-4 = -5
    n_2-8-5 = -6
    n_2-8-6 = -7
    n_2-8-7 = -8
    n_2-8-8 = -9
    n_2-8-9 = -39
    n_2-9-0 = 0
    n_2-9-1 = -1
    n_2-9-10 = 0
    n_2-9-2 = -2
    n_2-9-3 = -3
    n_2-9-4 = -4
    n_2-9-5 = -5
    n_2-9-6 = -6
    n_2-9-7 = -7
    n_2-9-8 = -8
    n_2-9-9 = -38
    n_3-10-0 = -1
    n_3-10-1 = -2
    n_3-10-10 = -1
    n_3-10-2 = -3
    n_3-10-3 = -4
    n_3-10-4 = -5
    n_3-10-5 = -6
    n_3-10-6 = -7
    n_3-10-7 = -8
    n_3-10-8 = -9
    n_3-10-9 = -39
    n_3-3-0 = -1
    n_3-3-1 = -2
    n_3-3-10 = -1
    n_3-3-2 = -3
    n_3-3-3 = -4
    n_3-3-4 = -5
    n_3-3-5 = -6
    n_3-3-6 = -7
    n_3-3-7 = -8
    n_3-3-8 = -9
    n_3-3-9 = -39
    n_3-4-0 = -1
    n_3-4-1 = -2
    n_3-4-10 = -1
    n_3-4-2 = -3
    n_3-4-3 = -4
    n_3-4-4 = -5
    n_3-4-5 = -6
    n_3-4-6 = -7
    n_3-4-7 = -8
    n_3-4-8 = -9
    n_3-4-9 = -39
    n_3-5-0 = -1
    n_3-5-1 = -2
    n_3-5-10 = -1
    n_3-5-2 = -3
    n_3-5-3 = -4
    n_3-5-4 = -5
    n_3-5-5 = -6
    n_3-5-6 = -7
    n_3-5-7 = -8
    n_3-5-8 = -9
    n_3-5-9 = -39
    n_3-6-0 = -1
    n_3-6-1 = -2
    n_3-6-10 = -1
    n_3-6-2 = -3
    n_3-6-3 = -4
    n_3-6-4 = -5
    n_3-6-5 = -6
    n_3-6-6 = -7
    n_3-6-7 = -8
    n_3-6-8 = -9
    n_3-6-9 = -39
    n_3-7-0 = -1
    n_3-7-1 = -2
    n_3-7-10 = -1
    n_3-7-2 = -3
    n_3-7-3 = -4
    n_3-7-4 = -5
    n_3-7-5 = -6
    n_3-7-6 = -7
    n_3-7-7 = -8
    n_3-7-8 = -9
    n_3-7-9 = -39
    n_3-8-0 = -1
    n_3-8-1 = -2
    n_3-8-10 = -1
    n_3-8-2 = -3
    n_3-8-3 = -4
    n_3-8-4 = -5
    n_3-8-5 = -6
    n_3-8-6 = -7
    n_3-8-7 = -8
    n_3-8-8 = -9
    n_3-8-9 = -39
    n_3-9-0 = 0
    n_3-9-1 = -1
    n_3-9-10 = 0
    n_3-9-2 = -2
    n_3-9-3 = -3
    n_3-9-4 = -4
    n_3-9-5 = -5
    n_3-9-6 = -6
    n_3-9-7 = -7
    n_3-9-8 = -8
    n_3-9-9 = -38
    n_4-10-0 = -1
    n_4-10-1 = -2
    n_4-10-10 = -1
    n_4-10-2 = -3
    n_4-10-3 = -4
    n_4-10-4 = -5
    n_4-10-5 = -6
    n_4-10-6 = -7
    n_4-10-7 = -8
    n_4-10-8 = -9
    n_4-10-9 = -39
    n_4-4-0 = -1
    n_4-4-1 = -2
    n_4-4-10 = -1
    n_4-4-2 = -3
    n_4-4-3 = -4
    n_4-4-4 = -5
    n_4-4-5 = -6
    n_4-4-6 = -7
    n_4-4-7 = -8
    n_4-4-8 = -9
    n_4-4-9 = -39
    n_4-5-0 = -1
    n_4-5-1 = -2
    n_4-5-10 = -1
    n_4-5-2 = -3
    n_4-5-3 = -4
    n_4-5-4 = -5
    n_4-5-5 = -6
    n_4-5-6 = -7
    n_4-5-7 = -8
    n_4-5-8 = -9
    n_4-5-9 = -39
    n_4-6-0 = -1
    n_4-6-1 = -2
    n_4-6-10 = -1
    n_4-6-2 = -3
    n_4-6-3 = -4
    n_4-6-4 = -5
    n_4-6-5 = -6
    n_4-6-6 = -7
    n_4-6-7 = -8
    n_4-6-8 = -9
    n_4-6-9 = -39
    n_4-7-0 = -1
    n_4-7-1 = -2
    n_4-7-10 = -1
    n_4-7-2 = -3
    n_4-7-3 = -4
    n_4-7-4 = -5
    n_4-7-5 = -6
    n_4-7-6 = -7
    n_4-7-7 = -8
    n_4-7-8 = -9
    n_4-7-9 = -39
    n_4-8-0 = -1
    n_4-8-1 = -2
    n_4-8-10 = -1
    n_4-8-2 = -3
    n_4-8-3 = -4
    n_4-8-4 = -5
    n_4-8-5 = -6
    n_4-8-6 = -7
    n_4-8-7 = -8
    n_4-8-8 = -9
    n_4-8-9 = -39
    n_4-9-0 = 0
    n_4-9-1 = -1
    n_4-9-10 = 0
    n_4-9-2 = -2
    n_4-9-3 = -3
    n_4-9-4 = -4
    n_4-9-5 = -5
    n_4-9-6 = -6
    n_4-9-7 = -7
    n_4-9-8 = -8
    n_4-9-9 = -38
    n_5-10-0 = -1
    n_5-10-1 = -2
    n_5-10-10 = -1
    n_5-10-2 = -3
    n_5-10-3 = -4
    n_5-10-4 = -5
    n_5-10-5 = -6
    n_5-10-6 = -7
    n_5-10-7 = -8
    n_5-10-8 = -9
    n_5-10-9 = -39
    n_5-5-0 = -1
    n_5-5-1 = -2
    n_5-5-10 = -1
    n_5-5-2 = -3
    n_5-5-3 = -4
    n_5-5-4 = -5
    n_5-5-5 = -6
    n_5-5-6 = -7
    n_5-5-7 = -8
    n_5-5-8 = -9
    n_5-5-9 = -39
    n_5-6-0 = -1
    n_5-6-1 = -2
    n_5-6-10 = -1
    n_5-6-2 = -3
    n_5-6-3 = -4
    n_5-6-4 = -5
    n_5-6-5 = -6
    n_5-6-6 = -7
    n_5-6-7 = -8
    n_5-6-8 = -9
    n_5-6-9 = -39
    n_5-7-0 = -1
    n_5-7-1 = -2
    n_5-7-10 = -1
    n_5-7-2 = -3
    n_5-7-3 = -4
    n_5-7-4 = -5
    n_5-7-5 = -6
    n_5-7-6 = -7
    n_5-7-7 = -8
    n_5-7-8 = -9
    n_5-7-9 = -39
    n_5-8-0 = -1
    n_5-8-1 = -2
    n_5-8-10 = -1
    n_5-8-2 = -3
    n_5-8-3 = -4
    n_5-8-4 = -5
    n_5-8-5 = -6
    n_5-8-6 = -7
    n_5-8-7 = -8
    n_5-8-8 = -9
    n_5-8-9 = -39
    n_5-9-0 = 0
    n_5-9-1 = -1
    n_5-9-10 = 0
    n_5-9-2 = -2
    n_5-9-3 = -3
    n_5-9-4 = -4
    n_5-9-5 = -5
    n_5-9-6 = -6
    n_5-9-7 = -7
    n_5-9-8 = -8
    n_5-9-9 = -38
    n_6-10-0 = -1
    n_6-10-1 = -2
    n_6-10-10 = -1
    n_6-10-2 = -3
    n_6-10-3 = -4
    n_6-10-4 = -5
    n_6-10-5 = -6
    n_6-10-6 = -7
    n_6-10-7 = -8
    n_6-10-8 = -9
    n_6-10-9 = -39
    n_6-6-0 = -1
    n_6-6-1 = -2
    n_6-6-10 = -1
    n_6-6-2 = -3
    n_6-6-3 = -4
    n_6-6-4 = -5
    n_6-6-5 = -6
    n_6-6-6 = -7
    n_6-6-7 = -8
    n_6-6-8 = -9
    n_6-6-9 = -39
    n_6-7-0 = -1
    n_6-7-1 = -2
    n_6-7-10 = -1
    n_6-7-2 = -3
    n_6-7-3 = -4
    n_6-7-4 = -5
    n_6-7-5 = -6
    n_6-7-6 = -7
    n_6-7-7 = -8
    n_6-7-8 = -9
    n_6-7-9 = -39
    n_6-8-0 = -1
    n_6-8-1 = -2
    n_6-8-10 = -1
    n_6-8-2 = -3
    n_6-8-3 = -4
    n_6-8-4 = -5
    n_6-8-5 = -6
    n_6-8-6 = -7
    n_6-8-7 = -8
    n_6-8-8 = -9
    n_6-8-9 = -39
    n_6-9-0 = 0
    n_6-9-1 = -1
    n_6-9-10 = 0
    n_6-9-2 = -2
    n_6-9-3 = -3
    n_6-9-4 = -4
    n_6-9-5 = -5
    n_6-9-6 = -6
    n_6-9-7 = -7
    n_6-9-8 = -8
    n_6-9-9 = -38
    n_7-10-0 = -1
    n_7-10-1 = -2
    n_7-10-10 = -1
    n_7-10-2 = -3
    n_7-10-3 = -4
    n_7-10-4 = -5
    n_7-10-5 = -6
    n_7-10-6 = -7
    n_7-10-7 = -8
    n_7-10-8 = -9
    n_7-10-9 = -39
    n_7-7-0 = -1
    n_7-7-1 = -2
    n_7-7-10 = -1
    n_7-7-2 = -3
    n_7-7-3 = -4
    n_7-7-4 = -5
    n_7-7-5 = -6
    n_7-7-6 = -7
    n_7-7-7 = -8
    n_7-7-8 = -9
    n_7-7-9 = -39
    n_7-8-0 = -1
    n_7-8-1 = -2
    n_7-8-10 = -1
    n_7-8-2 = -3
    n_7-8-3 = -4
    n_7-8-4 = -5
    n_7-8-5 = -6
    n_7-8-6 = -7
    n_7-8-7 = -8
    n_7-8-8 = -9
    n_7-8-9 = -39
    n_7-9-0 = 0
    n_7-9-1 = -1
    n_7-9-10 = 0
    n_7-9-2 = -2
    n_7-9-3 = -3
    n_7-9-4 = -4
    n_7-9-5 = -5
    n_7-9-6 = -6
    n_7-9-7 = -7
    n_7-9-8 = -8
    n_7-9-9 = -38
    n_8-10-0 = -1
    n_8-10-1 = -2
    n_8-10-10 = -1
    n_8-10-2 = -3
    n_8-10-3 = -4
    n_8-10-4 = -5
    n_8-10-5 = -6
    n_8-10-6 = -7
    n_8-10-7 = -8
    n_8-10-8 = -9
    n_8-10-9 = -39
    n_8-8-0 = -1
    n_8-8-1 = -2
    n_8-8-10 = -1
    n_8-8-2 = -3
    n_8-8-3 = -4
    n_8-8-4 = -5
    n_8-8-5 = -6
    n_8-8-6 = -7
    n_8-8-7 = -8
    n_8-8-8 = -9
    n_8-8-9 = -39
    n_8-9-0 = 0
    n_8-9-1 = -1
    n_8-9-10 = 0
    n_8-9-2 = -2
    n_8-9-3 = -3
    n_8-9-4 = -4
    n_8-9-5 = -5
    n_8-9-6 = -6
    n_8-9-7 = -7
    n_8-9-8 = -8
    n_8-9-9 = -38
    n_9-10-0 = 0
    n_9-10-1 = -1
    n_9-10-10 = 0
    n_9-10-2 = -2
    n_9-10-3 = -3
    n_9-10-4 = -4
    n_9-10-5 = -5
    n_9-10-6 = -6
    n_9-10-7 = -7
    n_9-10-8 = -8
    n_9-10-9 = -38
    n_9-9-0 = 1
    n_9-9-1 = 0
    n_9-9-10 = 1
    n_9-9-2 = -1
    n_9-9-3 = -2
    n_9-9-4 = -3
    n_9-9-5 = -4
    n_9-9-6 = -5
    n_9-9-7 = -6
    n_9-9-8 = -7
    n_9-9-9 = -37
    x_0 = 0.0117979
    x_1 = 0.0374389
    x_10 = 0.0117979
    x_2 = 0.06308
    x_3 = 0.088721
    x_4 = 0.114362
    x_5 = 0.140003
    x_6 = 0.165644
    x_7 = 0.191285
    x_8 = 0.216926
    x_9 = 0.986157
  parameters:
    anchor = 0
    base_density = 0.13133208255159476
    delta = 0.013133208255159476
    epsilon = 0.0
    extra_alpha_upper_bound = 0.024390243902439025
    extra_count = 1
    extra_length_bound = None
    formulation = standard_variable_extra_milp
    free_base_start = False
    integer_lift_lower_bound = -40
    integer_lift_upper_bound = 2
    intervals = [{'index': 0, 'label': 'base_1', 'seed_start': 0.011797914236938656, 'seed_length': 0.013133208255159476, 'fixed_base': True}, {'index': 1, 'label': 'base_2', 'seed_start': 0.037438939877964206, 'seed_length': 0.013133208255159476, 'fixed_base': True}, {'index': 2, 'label': 'base_3', 'seed_start': 0.06307996551898998, 'seed_length': 0.013133208255159476, 'fixed_base': True}, {'index': 3, 'label': 'base_4', 'seed_start': 0.08872099116001553, 'seed_length': 0.013133208255159476, 'fixed_base': True}, {'index': 4, 'label': 'base_5', 'seed_start': 0.1143620168010413, 'seed_length': 0.013133208255159476, 'fixed_base': True}, {'index': 5, 'label': 'base_6', 'seed_start': 0.14000304244206685, 'seed_length': 0.013133208255159476, 'fixed_base': True}, {'index': 6, 'label': 'base_7', 'seed_start': 0.1656440680830924, 'seed_length': 0.013133208255159476, 'fixed_base': True}, {'index': 7, 'label': 'base_8', 'seed_start': 0.19128509372411817, 'seed_length': 0.013133208255159476, 'fixed_base': True}, {'index': 8, 'label': 'base_9', 'seed_start': 0.21692611936514372, 'seed_length': 0.013133208255159476, 'fixed_base': True}, {'index': 9, 'label': 'base_0', 'seed_start': 0.986156888595913, 'seed_length': 0.013133208255159476, 'fixed_base': True}, {'index': 10, 'label': 'extra_0', 'seed_start': None, 'seed_length': None, 'fixed_base': False}]
    m = 39
    q = 10
    solver_options = {'mip_rel_gap': 0.0}
    tolerance = 1e-09
    translated_missing_point = False
  solver details:
    mip_dual_bound = 0.131332
    mip_gap = 0
    mip_node_count = 108

base density: 0.131332082552
MILP density: 0.131332082552
gain:         0
improved:     False (tolerance=1e-09)

Intervals:
  0: base_1   (0.0117979142369, 0.0249311224921) length=0.0131332082552
  1: base_2   (0.037438939878, 0.0505721481331) length=0.0131332082552
  2: base_3   (0.063079965519, 0.0762131737741) length=0.0131332082552
  3: base_4   (0.08872099116, 0.101854199415) length=0.0131332082552
  4: base_5   (0.114362016801, 0.127495225056) length=0.0131332082552
  5: base_6   (0.140003042442, 0.153136250697) length=0.0131332082552
  6: base_7   (0.165644068083, 0.178777276338) length=0.0131332082552
  7: base_8   (0.191285093724, 0.204418301979) length=0.0131332082552
  8: base_9   (0.216926119365, 0.23005932762) length=0.0131332082552
  9: base_0   (0.986156888596, 0.999290096851) length=0.0131332082552
  10: extra_0  (0.0117979142369, 0.0117979142369) length=-0

Saved problem JSON: json_results/verification_20260716/tiny_intervals/variable_extra_milp_m39_q10_anchor0_freebase0_extra1_problem.json
Saved solution JSON: json_results/verification_20260716/tiny_intervals/variable_extra_milp_m39_q10_anchor0_freebase0_extra1_solution.json
