/home/ferran/interval_proofs/milp_problem.py:567: RuntimeWarning: Unrecognized options detected: {'mip_abs_gap'}. These will be passed to HiGHS verbatim.
  result: OptimizeResult = milp(**kwargs)
direct MILP around optimized 13-sum-free equally spaced construction: 443 variables (425 integer), 871 constraints
base: m=13, q=4, delta=0.0358974358974, density=0.14358974359, anchor=0, extra_count=5, free_base_start=False

MILPSolution('direct MILP around optimized 13-sum-free equally spaced construction')
  status: optimal (Optimization terminated successfully. (HiGHS Status 7: Optimal))
  objective: maximize, optimum = 0.144379
  values:
    alpha_0 = 0.0358974
    alpha_1 = 0.0358974
    alpha_2 = 0.0358974
    alpha_3 = 0.0358974
    alpha_4 = 0
    alpha_5 = 0
    alpha_6 = 0.000394477
    alpha_7 = 0.000394477
    alpha_8 = 0
    before_0-4 = 0
    before_0-5 = 0
    before_0-6 = 1
    before_0-7 = 1
    before_0-8 = 1
    before_1-4 = 0
    before_1-5 = 0
    before_1-6 = 0
    before_1-7 = 1
    before_1-8 = 1
    before_2-4 = 0
    before_2-5 = 0
    before_2-6 = 0
    before_2-7 = 0
    before_2-8 = 1
    before_3-4 = 0
    before_3-5 = 0
    before_3-6 = 0
    before_3-7 = 0
    before_3-8 = 0
    n_0-0-0 = -1
    n_0-0-1 = -2
    n_0-0-2 = -3
    n_0-0-3 = -13
    n_0-0-4 = -1
    n_0-0-5 = -1
    n_0-0-6 = -1
    n_0-0-7 = -2
    n_0-0-8 = -3
    n_0-1-0 = -1
    n_0-1-1 = -2
    n_0-1-2 = -3
    n_0-1-3 = -13
    n_0-1-4 = -1
    n_0-1-5 = -1
    n_0-1-6 = -1
    n_0-1-7 = -2
    n_0-1-8 = -3
    n_0-2-0 = -1
    n_0-2-1 = -2
    n_0-2-2 = -3
    n_0-2-3 = -13
    n_0-2-4 = -1
    n_0-2-5 = -1
    n_0-2-6 = -1
    n_0-2-7 = -2
    n_0-2-8 = -3
    n_0-3-0 = 0
    n_0-3-1 = -1
    n_0-3-2 = -2
    n_0-3-3 = -12
    n_0-3-4 = 0
    n_0-3-5 = 0
    n_0-3-6 = 0
    n_0-3-7 = -1
    n_0-3-8 = -2
    n_0-4-0 = -1
    n_0-4-1 = -2
    n_0-4-2 = -3
    n_0-4-3 = -13
    n_0-4-4 = -1
    n_0-4-5 = -1
    n_0-4-6 = -1
    n_0-4-7 = -2
    n_0-4-8 = -3
    n_0-5-0 = -1
    n_0-5-1 = -2
    n_0-5-2 = -3
    n_0-5-3 = -13
    n_0-5-4 = -1
    n_0-5-5 = -1
    n_0-5-6 = -1
    n_0-5-7 = -2
    n_0-5-8 = -3
    n_0-6-0 = -1
    n_0-6-1 = -2
    n_0-6-2 = -3
    n_0-6-3 = -13
    n_0-6-4 = -1
    n_0-6-5 = -1
    n_0-6-6 = -1
    n_0-6-7 = -2
    n_0-6-8 = -3
    n_0-7-0 = -1
    n_0-7-1 = -2
    n_0-7-2 = -3
    n_0-7-3 = -13
    n_0-7-4 = -1
    n_0-7-5 = -1
    n_0-7-6 = -1
    n_0-7-7 = -2
    n_0-7-8 = -3
    n_0-8-0 = -1
    n_0-8-1 = -2
    n_0-8-2 = -3
    n_0-8-3 = -13
    n_0-8-4 = -1
    n_0-8-5 = -1
    n_0-8-6 = -1
    n_0-8-7 = -2
    n_0-8-8 = -3
    n_1-1-0 = -1
    n_1-1-1 = -2
    n_1-1-2 = -3
    n_1-1-3 = -13
    n_1-1-4 = -1
    n_1-1-5 = -1
    n_1-1-6 = -1
    n_1-1-7 = -2
    n_1-1-8 = -3
    n_1-2-0 = -1
    n_1-2-1 = -2
    n_1-2-2 = -3
    n_1-2-3 = -13
    n_1-2-4 = -1
    n_1-2-5 = -1
    n_1-2-6 = -1
    n_1-2-7 = -2
    n_1-2-8 = -3
    n_1-3-0 = 0
    n_1-3-1 = -1
    n_1-3-2 = -2
    n_1-3-3 = -12
    n_1-3-4 = 0
    n_1-3-5 = 0
    n_1-3-6 = 0
    n_1-3-7 = -1
    n_1-3-8 = -2
    n_1-4-0 = -1
    n_1-4-1 = -2
    n_1-4-2 = -3
    n_1-4-3 = -13
    n_1-4-4 = -1
    n_1-4-5 = -1
    n_1-4-6 = -1
    n_1-4-7 = -2
    n_1-4-8 = -3
    n_1-5-0 = -1
    n_1-5-1 = -2
    n_1-5-2 = -3
    n_1-5-3 = -13
    n_1-5-4 = -1
    n_1-5-5 = -1
    n_1-5-6 = -1
    n_1-5-7 = -2
    n_1-5-8 = -3
    n_1-6-0 = -1
    n_1-6-1 = -2
    n_1-6-2 = -3
    n_1-6-3 = -13
    n_1-6-4 = -1
    n_1-6-5 = -1
    n_1-6-6 = -1
    n_1-6-7 = -2
    n_1-6-8 = -3
    n_1-7-0 = -1
    n_1-7-1 = -2
    n_1-7-2 = -3
    n_1-7-3 = -13
    n_1-7-4 = -1
    n_1-7-5 = -1
    n_1-7-6 = -1
    n_1-7-7 = -2
    n_1-7-8 = -3
    n_1-8-0 = -1
    n_1-8-1 = -2
    n_1-8-2 = -3
    n_1-8-3 = -13
    n_1-8-4 = -1
    n_1-8-5 = -1
    n_1-8-6 = -1
    n_1-8-7 = -2
    n_1-8-8 = -3
    n_2-2-0 = -1
    n_2-2-1 = -2
    n_2-2-2 = -3
    n_2-2-3 = -13
    n_2-2-4 = -1
    n_2-2-5 = -1
    n_2-2-6 = -1
    n_2-2-7 = -2
    n_2-2-8 = -3
    n_2-3-0 = 0
    n_2-3-1 = -1
    n_2-3-2 = -2
    n_2-3-3 = -12
    n_2-3-4 = 0
    n_2-3-5 = 0
    n_2-3-6 = 0
    n_2-3-7 = -1
    n_2-3-8 = -2
    n_2-4-0 = -1
    n_2-4-1 = -2
    n_2-4-2 = -3
    n_2-4-3 = -13
    n_2-4-4 = -1
    n_2-4-5 = -1
    n_2-4-6 = -1
    n_2-4-7 = -2
    n_2-4-8 = -3
    n_2-5-0 = -1
    n_2-5-1 = -2
    n_2-5-2 = -3
    n_2-5-3 = -13
    n_2-5-4 = -1
    n_2-5-5 = -1
    n_2-5-6 = -1
    n_2-5-7 = -2
    n_2-5-8 = -3
    n_2-6-0 = -1
    n_2-6-1 = -2
    n_2-6-2 = -3
    n_2-6-3 = -13
    n_2-6-4 = -1
    n_2-6-5 = -1
    n_2-6-6 = -1
    n_2-6-7 = -2
    n_2-6-8 = -3
    n_2-7-0 = -1
    n_2-7-1 = -2
    n_2-7-2 = -3
    n_2-7-3 = -13
    n_2-7-4 = -1
    n_2-7-5 = -1
    n_2-7-6 = -1
    n_2-7-7 = -2
    n_2-7-8 = -3
    n_2-8-0 = -1
    n_2-8-1 = -2
    n_2-8-2 = -3
    n_2-8-3 = -13
    n_2-8-4 = -1
    n_2-8-5 = -1
    n_2-8-6 = -1
    n_2-8-7 = -2
    n_2-8-8 = -3
    n_3-3-0 = 1
    n_3-3-1 = 0
    n_3-3-2 = -1
    n_3-3-3 = -11
    n_3-3-4 = 1
    n_3-3-5 = 1
    n_3-3-6 = 0
    n_3-3-7 = -1
    n_3-3-8 = -1
    n_3-4-0 = 0
    n_3-4-1 = -1
    n_3-4-2 = -2
    n_3-4-3 = -12
    n_3-4-4 = 0
    n_3-4-5 = 0
    n_3-4-6 = 0
    n_3-4-7 = -1
    n_3-4-8 = -2
    n_3-5-0 = 0
    n_3-5-1 = -1
    n_3-5-2 = -2
    n_3-5-3 = -12
    n_3-5-4 = 0
    n_3-5-5 = 0
    n_3-5-6 = 0
    n_3-5-7 = -1
    n_3-5-8 = -2
    n_3-6-0 = 0
    n_3-6-1 = -1
    n_3-6-2 = -2
    n_3-6-3 = -12
    n_3-6-4 = 0
    n_3-6-5 = 0
    n_3-6-6 = 0
    n_3-6-7 = -1
    n_3-6-8 = -2
    n_3-7-0 = 0
    n_3-7-1 = -1
    n_3-7-2 = -2
    n_3-7-3 = -12
    n_3-7-4 = 0
    n_3-7-5 = 0
    n_3-7-6 = 0
    n_3-7-7 = -1
    n_3-7-8 = -2
    n_3-8-0 = 0
    n_3-8-1 = -1
    n_3-8-2 = -2
    n_3-8-3 = -12
    n_3-8-4 = 0
    n_3-8-5 = 0
    n_3-8-6 = 0
    n_3-8-7 = -1
    n_3-8-8 = -2
    n_4-4-0 = -1
    n_4-4-1 = -2
    n_4-4-2 = -3
    n_4-4-3 = -13
    n_4-4-4 = -1
    n_4-4-5 = -1
    n_4-4-6 = -1
    n_4-4-7 = -2
    n_4-4-8 = -3
    n_4-5-0 = -1
    n_4-5-1 = -2
    n_4-5-2 = -3
    n_4-5-3 = -13
    n_4-5-4 = -1
    n_4-5-5 = -1
    n_4-5-6 = -1
    n_4-5-7 = -2
    n_4-5-8 = -3
    n_4-6-0 = -1
    n_4-6-1 = -2
    n_4-6-2 = -3
    n_4-6-3 = -13
    n_4-6-4 = -1
    n_4-6-5 = -1
    n_4-6-6 = -1
    n_4-6-7 = -2
    n_4-6-8 = -3
    n_4-7-0 = -1
    n_4-7-1 = -2
    n_4-7-2 = -3
    n_4-7-3 = -13
    n_4-7-4 = -1
    n_4-7-5 = -1
    n_4-7-6 = -1
    n_4-7-7 = -2
    n_4-7-8 = -3
    n_4-8-0 = -1
    n_4-8-1 = -2
    n_4-8-2 = -3
    n_4-8-3 = -13
    n_4-8-4 = -1
    n_4-8-5 = -1
    n_4-8-6 = -1
    n_4-8-7 = -2
    n_4-8-8 = -3
    n_5-5-0 = -1
    n_5-5-1 = -2
    n_5-5-2 = -3
    n_5-5-3 = -13
    n_5-5-4 = -1
    n_5-5-5 = -1
    n_5-5-6 = -1
    n_5-5-7 = -2
    n_5-5-8 = -3
    n_5-6-0 = -1
    n_5-6-1 = -2
    n_5-6-2 = -3
    n_5-6-3 = -13
    n_5-6-4 = -1
    n_5-6-5 = -1
    n_5-6-6 = -1
    n_5-6-7 = -2
    n_5-6-8 = -3
    n_5-7-0 = -1
    n_5-7-1 = -2
    n_5-7-2 = -3
    n_5-7-3 = -13
    n_5-7-4 = -1
    n_5-7-5 = -1
    n_5-7-6 = -1
    n_5-7-7 = -2
    n_5-7-8 = -3
    n_5-8-0 = -1
    n_5-8-1 = -2
    n_5-8-2 = -3
    n_5-8-3 = -13
    n_5-8-4 = -1
    n_5-8-5 = -1
    n_5-8-6 = -1
    n_5-8-7 = -2
    n_5-8-8 = -3
    n_6-6-0 = -1
    n_6-6-1 = -2
    n_6-6-2 = -3
    n_6-6-3 = -13
    n_6-6-4 = -1
    n_6-6-5 = -1
    n_6-6-6 = -1
    n_6-6-7 = -2
    n_6-6-8 = -3
    n_6-7-0 = -1
    n_6-7-1 = -2
    n_6-7-2 = -3
    n_6-7-3 = -13
    n_6-7-4 = -1
    n_6-7-5 = -1
    n_6-7-6 = -1
    n_6-7-7 = -2
    n_6-7-8 = -3
    n_6-8-0 = -1
    n_6-8-1 = -2
    n_6-8-2 = -3
    n_6-8-3 = -13
    n_6-8-4 = -1
    n_6-8-5 = -1
    n_6-8-6 = -1
    n_6-8-7 = -2
    n_6-8-8 = -3
    n_7-7-0 = -1
    n_7-7-1 = -2
    n_7-7-2 = -3
    n_7-7-3 = -13
    n_7-7-4 = -1
    n_7-7-5 = -1
    n_7-7-6 = -1
    n_7-7-7 = -2
    n_7-7-8 = -3
    n_7-8-0 = -1
    n_7-8-1 = -2
    n_7-8-2 = -3
    n_7-8-3 = -13
    n_7-8-4 = -1
    n_7-8-5 = -1
    n_7-8-6 = -1
    n_7-8-7 = -2
    n_7-8-8 = -3
    n_8-8-0 = -1
    n_8-8-1 = -2
    n_8-8-2 = -3
    n_8-8-3 = -13
    n_8-8-4 = -1
    n_8-8-5 = -1
    n_8-8-6 = -1
    n_8-8-7 = -2
    n_8-8-8 = -3
    x_0 = 0.0344988
    x_1 = 0.111422
    x_2 = 0.188345
    x_3 = 0.957576
    x_4 = 0.0344988
    x_5 = 0.0344988
    x_6 = 0.075919
    x_7 = 0.152842
    x_8 = 0.224242
  parameters:
    anchor = 0
    base_density = 0.14358974358974358
    delta = 0.035897435897435895
    epsilon = 0.0
    extra_alpha_upper_bound = 0.0003944773175542406
    extra_count = 5
    extra_length_bound = 0.0003944773175542406
    formulation = standard_variable_extra_milp
    free_base_start = False
    integer_lift_lower_bound = -14
    integer_lift_upper_bound = 2
    intervals = [{'index': 0, 'label': 'base_1', 'seed_start': 0.034498834498834396, 'seed_length': 0.035897435897435895, 'fixed_base': True}, {'index': 1, 'label': 'base_2', 'seed_start': 0.11142191142191127, 'seed_length': 0.035897435897435895, 'fixed_base': True}, {'index': 2, 'label': 'base_3', 'seed_start': 0.18834498834498836, 'seed_length': 0.035897435897435895, 'fixed_base': True}, {'index': 3, 'label': 'base_0', 'seed_start': 0.9575757575757575, 'seed_length': 0.035897435897435895, 'fixed_base': True}, {'index': 4, 'label': 'extra_0', 'seed_start': None, 'seed_length': None, 'fixed_base': False}, {'index': 5, 'label': 'extra_1', 'seed_start': None, 'seed_length': None, 'fixed_base': False}, {'index': 6, 'label': 'extra_2', 'seed_start': None, 'seed_length': None, 'fixed_base': False}, {'index': 7, 'label': 'extra_3', 'seed_start': None, 'seed_length': None, 'fixed_base': False}, {'index': 8, 'label': 'extra_4', 'seed_start': None, 'seed_length': None, 'fixed_base': False}]
    m = 13
    order_extra_intervals = True
    q = 4
    solver_options = {'mip_rel_gap': 0.0, 'mip_abs_gap': 0.0}
    tolerance = 1e-09
    translated_missing_point = False
  solver details:
    mip_dual_bound = 0.144379
    mip_gap = 0
    mip_node_count = 8506

base density: 0.14358974359
MILP density: 0.144378698225
gain:         0.000788954635125
improved:     True (tolerance=1e-09)

Intervals:
  0: base_1   (0.0344988344988, 0.0703962703963) length=0.0358974358974
  1: base_2   (0.111421911422, 0.147319347319) length=0.0358974358974
  2: base_3   (0.188344988345, 0.224242424242) length=0.0358974358974
  3: base_0   (0.957575757576, 0.993473193473) length=0.0358974358974
  4: extra_0  (0.0344988344988, 0.0344988344988) length=-0
  5: extra_1  (0.0344988344988, 0.0344988344988) length=-0
  6: extra_2  (0.075918952842, 0.0763134301596) length=0.000394477317554
  7: extra_3  (0.152842029765, 0.153236507083) length=0.000394477317554
  8: extra_4  (0.224242424242, 0.224242424242) length=1.63284506602e-14

Saved problem JSON: json_results/verification_20260716/tiny_intervals_extra_count_saturation/m13_q4_extra5_per_extra_bound_1over2535_ordered1_relgap0_absgap0_problem.json
Saved solution JSON: json_results/verification_20260716/tiny_intervals_extra_count_saturation/m13_q4_extra5_per_extra_bound_1over2535_ordered1_relgap0_absgap0_solution.json
