/home/ferran/interval_proofs/milp_problem.py:567: RuntimeWarning: Unrecognized options detected: {'mip_abs_gap'}. These will be passed to HiGHS verbatim.
  result: OptimizeResult = milp(**kwargs)
direct MILP around optimized 16-sum-free equally spaced construction: 595 variables (575 integer), 1174 constraints
base: m=16, q=5, delta=0.0277777777778, density=0.138888888889, anchor=0, extra_count=5, free_base_start=False

MILPSolution('direct MILP around optimized 16-sum-free equally spaced construction')
  status: optimal (Optimization terminated successfully. (HiGHS Status 7: Optimal))
  objective: maximize, optimum = 0.140625
  values:
    alpha_0 = 0.0277778
    alpha_1 = 0.0277778
    alpha_2 = 0.0277778
    alpha_3 = 0.0277778
    alpha_4 = 0.0277778
    alpha_5 = 0.000434028
    alpha_6 = 0.000434028
    alpha_7 = 0.000434028
    alpha_8 = 0.000434028
    alpha_9 = 0
    before_0-5 = 1
    before_0-6 = 1
    before_0-7 = 1
    before_0-8 = 1
    before_0-9 = 1
    before_1-5 = 1
    before_1-6 = 1
    before_1-7 = 1
    before_1-8 = 1
    before_1-9 = 1
    before_2-5 = 0
    before_2-6 = 0
    before_2-7 = 1
    before_2-8 = 1
    before_2-9 = 1
    before_3-5 = 0
    before_3-6 = 0
    before_3-7 = 0
    before_3-8 = 0
    before_3-9 = 0
    before_4-5 = 0
    before_4-6 = 0
    before_4-7 = 0
    before_4-8 = 0
    before_4-9 = 0
    n_0-0-0 = -1
    n_0-0-1 = -2
    n_0-0-2 = -3
    n_0-0-3 = -4
    n_0-0-4 = -16
    n_0-0-5 = -2
    n_0-0-6 = -2
    n_0-0-7 = -3
    n_0-0-8 = -3
    n_0-0-9 = -3
    n_0-1-0 = -1
    n_0-1-1 = -2
    n_0-1-2 = -3
    n_0-1-3 = -4
    n_0-1-4 = -16
    n_0-1-5 = -2
    n_0-1-6 = -2
    n_0-1-7 = -3
    n_0-1-8 = -3
    n_0-1-9 = -3
    n_0-2-0 = -1
    n_0-2-1 = -2
    n_0-2-2 = -3
    n_0-2-3 = -4
    n_0-2-4 = -16
    n_0-2-5 = -2
    n_0-2-6 = -2
    n_0-2-7 = -3
    n_0-2-8 = -3
    n_0-2-9 = -3
    n_0-3-0 = -1
    n_0-3-1 = -2
    n_0-3-2 = -3
    n_0-3-3 = -4
    n_0-3-4 = -16
    n_0-3-5 = -2
    n_0-3-6 = -2
    n_0-3-7 = -3
    n_0-3-8 = -3
    n_0-3-9 = -3
    n_0-4-0 = 0
    n_0-4-1 = -1
    n_0-4-2 = -2
    n_0-4-3 = -3
    n_0-4-4 = -15
    n_0-4-5 = -1
    n_0-4-6 = -2
    n_0-4-7 = -2
    n_0-4-8 = -3
    n_0-4-9 = -3
    n_0-5-0 = -1
    n_0-5-1 = -2
    n_0-5-2 = -3
    n_0-5-3 = -4
    n_0-5-4 = -16
    n_0-5-5 = -2
    n_0-5-6 = -2
    n_0-5-7 = -3
    n_0-5-8 = -3
    n_0-5-9 = -3
    n_0-6-0 = -1
    n_0-6-1 = -2
    n_0-6-2 = -3
    n_0-6-3 = -4
    n_0-6-4 = -16
    n_0-6-5 = -2
    n_0-6-6 = -2
    n_0-6-7 = -3
    n_0-6-8 = -3
    n_0-6-9 = -3
    n_0-7-0 = -1
    n_0-7-1 = -2
    n_0-7-2 = -3
    n_0-7-3 = -4
    n_0-7-4 = -16
    n_0-7-5 = -2
    n_0-7-6 = -2
    n_0-7-7 = -3
    n_0-7-8 = -3
    n_0-7-9 = -3
    n_0-8-0 = -1
    n_0-8-1 = -2
    n_0-8-2 = -3
    n_0-8-3 = -4
    n_0-8-4 = -16
    n_0-8-5 = -2
    n_0-8-6 = -2
    n_0-8-7 = -3
    n_0-8-8 = -3
    n_0-8-9 = -3
    n_0-9-0 = -1
    n_0-9-1 = -2
    n_0-9-2 = -3
    n_0-9-3 = -4
    n_0-9-4 = -16
    n_0-9-5 = -2
    n_0-9-6 = -2
    n_0-9-7 = -3
    n_0-9-8 = -3
    n_0-9-9 = -3
    n_1-1-0 = -1
    n_1-1-1 = -2
    n_1-1-2 = -3
    n_1-1-3 = -4
    n_1-1-4 = -16
    n_1-1-5 = -2
    n_1-1-6 = -2
    n_1-1-7 = -3
    n_1-1-8 = -3
    n_1-1-9 = -3
    n_1-2-0 = -1
    n_1-2-1 = -2
    n_1-2-2 = -3
    n_1-2-3 = -4
    n_1-2-4 = -16
    n_1-2-5 = -2
    n_1-2-6 = -2
    n_1-2-7 = -3
    n_1-2-8 = -3
    n_1-2-9 = -3
    n_1-3-0 = -1
    n_1-3-1 = -2
    n_1-3-2 = -3
    n_1-3-3 = -4
    n_1-3-4 = -16
    n_1-3-5 = -2
    n_1-3-6 = -2
    n_1-3-7 = -3
    n_1-3-8 = -3
    n_1-3-9 = -3
    n_1-4-0 = 0
    n_1-4-1 = -1
    n_1-4-2 = -2
    n_1-4-3 = -3
    n_1-4-4 = -15
    n_1-4-5 = -1
    n_1-4-6 = -1
    n_1-4-7 = -2
    n_1-4-8 = -2
    n_1-4-9 = -2
    n_1-5-0 = -1
    n_1-5-1 = -2
    n_1-5-2 = -3
    n_1-5-3 = -4
    n_1-5-4 = -16
    n_1-5-5 = -2
    n_1-5-6 = -2
    n_1-5-7 = -3
    n_1-5-8 = -3
    n_1-5-9 = -3
    n_1-6-0 = -1
    n_1-6-1 = -2
    n_1-6-2 = -3
    n_1-6-3 = -4
    n_1-6-4 = -16
    n_1-6-5 = -2
    n_1-6-6 = -2
    n_1-6-7 = -3
    n_1-6-8 = -3
    n_1-6-9 = -3
    n_1-7-0 = -1
    n_1-7-1 = -2
    n_1-7-2 = -3
    n_1-7-3 = -4
    n_1-7-4 = -16
    n_1-7-5 = -2
    n_1-7-6 = -2
    n_1-7-7 = -3
    n_1-7-8 = -3
    n_1-7-9 = -3
    n_1-8-0 = -1
    n_1-8-1 = -2
    n_1-8-2 = -3
    n_1-8-3 = -4
    n_1-8-4 = -16
    n_1-8-5 = -2
    n_1-8-6 = -2
    n_1-8-7 = -3
    n_1-8-8 = -3
    n_1-8-9 = -3
    n_1-9-0 = -1
    n_1-9-1 = -2
    n_1-9-2 = -3
    n_1-9-3 = -4
    n_1-9-4 = -16
    n_1-9-5 = -2
    n_1-9-6 = -2
    n_1-9-7 = -3
    n_1-9-8 = -3
    n_1-9-9 = -3
    n_2-2-0 = -1
    n_2-2-1 = -2
    n_2-2-2 = -3
    n_2-2-3 = -4
    n_2-2-4 = -16
    n_2-2-5 = -2
    n_2-2-6 = -2
    n_2-2-7 = -3
    n_2-2-8 = -3
    n_2-2-9 = -3
    n_2-3-0 = -1
    n_2-3-1 = -2
    n_2-3-2 = -3
    n_2-3-3 = -4
    n_2-3-4 = -16
    n_2-3-5 = -2
    n_2-3-6 = -2
    n_2-3-7 = -3
    n_2-3-8 = -3
    n_2-3-9 = -3
    n_2-4-0 = 0
    n_2-4-1 = -1
    n_2-4-2 = -2
    n_2-4-3 = -3
    n_2-4-4 = -15
    n_2-4-5 = -1
    n_2-4-6 = -1
    n_2-4-7 = -2
    n_2-4-8 = -2
    n_2-4-9 = -2
    n_2-5-0 = -1
    n_2-5-1 = -2
    n_2-5-2 = -3
    n_2-5-3 = -4
    n_2-5-4 = -16
    n_2-5-5 = -2
    n_2-5-6 = -2
    n_2-5-7 = -3
    n_2-5-8 = -3
    n_2-5-9 = -3
    n_2-6-0 = -1
    n_2-6-1 = -2
    n_2-6-2 = -3
    n_2-6-3 = -4
    n_2-6-4 = -16
    n_2-6-5 = -2
    n_2-6-6 = -2
    n_2-6-7 = -3
    n_2-6-8 = -3
    n_2-6-9 = -3
    n_2-7-0 = -1
    n_2-7-1 = -2
    n_2-7-2 = -3
    n_2-7-3 = -4
    n_2-7-4 = -16
    n_2-7-5 = -2
    n_2-7-6 = -2
    n_2-7-7 = -3
    n_2-7-8 = -3
    n_2-7-9 = -3
    n_2-8-0 = -1
    n_2-8-1 = -2
    n_2-8-2 = -3
    n_2-8-3 = -4
    n_2-8-4 = -16
    n_2-8-5 = -2
    n_2-8-6 = -2
    n_2-8-7 = -3
    n_2-8-8 = -3
    n_2-8-9 = -3
    n_2-9-0 = -1
    n_2-9-1 = -2
    n_2-9-2 = -3
    n_2-9-3 = -4
    n_2-9-4 = -16
    n_2-9-5 = -2
    n_2-9-6 = -2
    n_2-9-7 = -3
    n_2-9-8 = -3
    n_2-9-9 = -3
    n_3-3-0 = -1
    n_3-3-1 = -2
    n_3-3-2 = -3
    n_3-3-3 = -4
    n_3-3-4 = -16
    n_3-3-5 = -2
    n_3-3-6 = -2
    n_3-3-7 = -3
    n_3-3-8 = -3
    n_3-3-9 = -3
    n_3-4-0 = 0
    n_3-4-1 = -1
    n_3-4-2 = -2
    n_3-4-3 = -3
    n_3-4-4 = -15
    n_3-4-5 = -1
    n_3-4-6 = -1
    n_3-4-7 = -2
    n_3-4-8 = -2
    n_3-4-9 = -2
    n_3-5-0 = -1
    n_3-5-1 = -2
    n_3-5-2 = -3
    n_3-5-3 = -4
    n_3-5-4 = -16
    n_3-5-5 = -2
    n_3-5-6 = -2
    n_3-5-7 = -3
    n_3-5-8 = -3
    n_3-5-9 = -3
    n_3-6-0 = -1
    n_3-6-1 = -2
    n_3-6-2 = -3
    n_3-6-3 = -4
    n_3-6-4 = -16
    n_3-6-5 = -2
    n_3-6-6 = -2
    n_3-6-7 = -3
    n_3-6-8 = -3
    n_3-6-9 = -3
    n_3-7-0 = -1
    n_3-7-1 = -2
    n_3-7-2 = -3
    n_3-7-3 = -4
    n_3-7-4 = -16
    n_3-7-5 = -2
    n_3-7-6 = -2
    n_3-7-7 = -3
    n_3-7-8 = -3
    n_3-7-9 = -3
    n_3-8-0 = -1
    n_3-8-1 = -2
    n_3-8-2 = -3
    n_3-8-3 = -4
    n_3-8-4 = -16
    n_3-8-5 = -2
    n_3-8-6 = -2
    n_3-8-7 = -3
    n_3-8-8 = -3
    n_3-8-9 = -3
    n_3-9-0 = -1
    n_3-9-1 = -2
    n_3-9-2 = -3
    n_3-9-3 = -4
    n_3-9-4 = -16
    n_3-9-5 = -2
    n_3-9-6 = -2
    n_3-9-7 = -3
    n_3-9-8 = -3
    n_3-9-9 = -3
    n_4-4-0 = 1
    n_4-4-1 = 0
    n_4-4-2 = -1
    n_4-4-3 = -2
    n_4-4-4 = -14
    n_4-4-5 = -1
    n_4-4-6 = -1
    n_4-4-7 = -2
    n_4-4-8 = -2
    n_4-4-9 = -2
    n_4-5-0 = 0
    n_4-5-1 = -1
    n_4-5-2 = -2
    n_4-5-3 = -3
    n_4-5-4 = -15
    n_4-5-5 = -1
    n_4-5-6 = -1
    n_4-5-7 = -2
    n_4-5-8 = -2
    n_4-5-9 = -2
    n_4-6-0 = 0
    n_4-6-1 = -1
    n_4-6-2 = -2
    n_4-6-3 = -3
    n_4-6-4 = -15
    n_4-6-5 = -1
    n_4-6-6 = -1
    n_4-6-7 = -2
    n_4-6-8 = -2
    n_4-6-9 = -2
    n_4-7-0 = 0
    n_4-7-1 = -1
    n_4-7-2 = -2
    n_4-7-3 = -3
    n_4-7-4 = -15
    n_4-7-5 = -1
    n_4-7-6 = -1
    n_4-7-7 = -2
    n_4-7-8 = -2
    n_4-7-9 = -2
    n_4-8-0 = 0
    n_4-8-1 = -1
    n_4-8-2 = -2
    n_4-8-3 = -3
    n_4-8-4 = -15
    n_4-8-5 = -1
    n_4-8-6 = -1
    n_4-8-7 = -2
    n_4-8-8 = -2
    n_4-8-9 = -2
    n_4-9-0 = 0
    n_4-9-1 = -1
    n_4-9-2 = -2
    n_4-9-3 = -3
    n_4-9-4 = -15
    n_4-9-5 = -1
    n_4-9-6 = -1
    n_4-9-7 = -2
    n_4-9-8 = -2
    n_4-9-9 = -2
    n_5-5-0 = -1
    n_5-5-1 = -2
    n_5-5-2 = -3
    n_5-5-3 = -4
    n_5-5-4 = -16
    n_5-5-5 = -2
    n_5-5-6 = -2
    n_5-5-7 = -3
    n_5-5-8 = -3
    n_5-5-9 = -3
    n_5-6-0 = -1
    n_5-6-1 = -2
    n_5-6-2 = -3
    n_5-6-3 = -4
    n_5-6-4 = -16
    n_5-6-5 = -2
    n_5-6-6 = -2
    n_5-6-7 = -3
    n_5-6-8 = -3
    n_5-6-9 = -3
    n_5-7-0 = -1
    n_5-7-1 = -2
    n_5-7-2 = -3
    n_5-7-3 = -4
    n_5-7-4 = -16
    n_5-7-5 = -2
    n_5-7-6 = -2
    n_5-7-7 = -3
    n_5-7-8 = -3
    n_5-7-9 = -3
    n_5-8-0 = -1
    n_5-8-1 = -2
    n_5-8-2 = -3
    n_5-8-3 = -4
    n_5-8-4 = -16
    n_5-8-5 = -2
    n_5-8-6 = -2
    n_5-8-7 = -3
    n_5-8-8 = -3
    n_5-8-9 = -3
    n_5-9-0 = -1
    n_5-9-1 = -2
    n_5-9-2 = -3
    n_5-9-3 = -4
    n_5-9-4 = -16
    n_5-9-5 = -2
    n_5-9-6 = -2
    n_5-9-7 = -3
    n_5-9-8 = -3
    n_5-9-9 = -3
    n_6-6-0 = -1
    n_6-6-1 = -2
    n_6-6-2 = -3
    n_6-6-3 = -4
    n_6-6-4 = -16
    n_6-6-5 = -2
    n_6-6-6 = -2
    n_6-6-7 = -3
    n_6-6-8 = -3
    n_6-6-9 = -3
    n_6-7-0 = -1
    n_6-7-1 = -2
    n_6-7-2 = -3
    n_6-7-3 = -4
    n_6-7-4 = -16
    n_6-7-5 = -2
    n_6-7-6 = -2
    n_6-7-7 = -3
    n_6-7-8 = -3
    n_6-7-9 = -3
    n_6-8-0 = -1
    n_6-8-1 = -2
    n_6-8-2 = -3
    n_6-8-3 = -4
    n_6-8-4 = -16
    n_6-8-5 = -2
    n_6-8-6 = -2
    n_6-8-7 = -3
    n_6-8-8 = -3
    n_6-8-9 = -3
    n_6-9-0 = -1
    n_6-9-1 = -2
    n_6-9-2 = -3
    n_6-9-3 = -4
    n_6-9-4 = -16
    n_6-9-5 = -2
    n_6-9-6 = -2
    n_6-9-7 = -3
    n_6-9-8 = -3
    n_6-9-9 = -3
    n_7-7-0 = -1
    n_7-7-1 = -2
    n_7-7-2 = -3
    n_7-7-3 = -4
    n_7-7-4 = -16
    n_7-7-5 = -2
    n_7-7-6 = -2
    n_7-7-7 = -3
    n_7-7-8 = -3
    n_7-7-9 = -3
    n_7-8-0 = -1
    n_7-8-1 = -2
    n_7-8-2 = -3
    n_7-8-3 = -4
    n_7-8-4 = -16
    n_7-8-5 = -2
    n_7-8-6 = -2
    n_7-8-7 = -3
    n_7-8-8 = -3
    n_7-8-9 = -3
    n_7-9-0 = -1
    n_7-9-1 = -2
    n_7-9-2 = -3
    n_7-9-3 = -4
    n_7-9-4 = -16
    n_7-9-5 = -2
    n_7-9-6 = -2
    n_7-9-7 = -3
    n_7-9-8 = -3
    n_7-9-9 = -3
    n_8-8-0 = -1
    n_8-8-1 = -2
    n_8-8-2 = -3
    n_8-8-3 = -4
    n_8-8-4 = -16
    n_8-8-5 = -2
    n_8-8-6 = -2
    n_8-8-7 = -3
    n_8-8-8 = -3
    n_8-8-9 = -3
    n_8-9-0 = -1
    n_8-9-1 = -2
    n_8-9-2 = -3
    n_8-9-3 = -4
    n_8-9-4 = -16
    n_8-9-5 = -2
    n_8-9-6 = -2
    n_8-9-7 = -3
    n_8-9-8 = -3
    n_8-9-9 = -3
    n_9-9-0 = -1
    n_9-9-1 = -2
    n_9-9-2 = -3
    n_9-9-3 = -4
    n_9-9-4 = -16
    n_9-9-5 = -2
    n_9-9-6 = -2
    n_9-9-7 = -3
    n_9-9-8 = -3
    n_9-9-9 = -3
    x_0 = 0.030754
    x_1 = 0.093254
    x_2 = 0.155754
    x_3 = 0.218254
    x_4 = 0.968254
    x_5 = 0.124504
    x_6 = 0.12841
    x_7 = 0.187004
    x_8 = 0.19091
    x_9 = 0.191344
  parameters:
    anchor = 0
    base_density = 0.1388888888888889
    delta = 0.027777777777777776
    epsilon = 0.0
    extra_alpha_upper_bound = 0.0004340277777777778
    extra_count = 5
    extra_length_bound = 0.0004340277777777778
    formulation = standard_variable_extra_milp
    free_base_start = False
    integer_lift_lower_bound = -17
    integer_lift_upper_bound = 2
    intervals = [{'index': 0, 'label': 'base_1', 'seed_start': 0.030753968253968367, 'seed_length': 0.027777777777777776, 'fixed_base': True}, {'index': 1, 'label': 'base_2', 'seed_start': 0.09325396825396837, 'seed_length': 0.027777777777777776, 'fixed_base': True}, {'index': 2, 'label': 'base_3', 'seed_start': 0.15575396825396837, 'seed_length': 0.027777777777777776, 'fixed_base': True}, {'index': 3, 'label': 'base_4', 'seed_start': 0.21825396825396837, 'seed_length': 0.027777777777777776, 'fixed_base': True}, {'index': 4, 'label': 'base_0', 'seed_start': 0.9682539682539683, 'seed_length': 0.027777777777777776, 'fixed_base': True}, {'index': 5, 'label': 'extra_0', 'seed_start': None, 'seed_length': None, 'fixed_base': False}, {'index': 6, 'label': 'extra_1', 'seed_start': None, 'seed_length': None, 'fixed_base': False}, {'index': 7, 'label': 'extra_2', 'seed_start': None, 'seed_length': None, 'fixed_base': False}, {'index': 8, 'label': 'extra_3', 'seed_start': None, 'seed_length': None, 'fixed_base': False}, {'index': 9, 'label': 'extra_4', 'seed_start': None, 'seed_length': None, 'fixed_base': False}]
    m = 16
    order_extra_intervals = True
    q = 5
    solver_options = {'mip_rel_gap': 0.0, 'mip_abs_gap': 0.0}
    tolerance = 1e-09
    translated_missing_point = False
  solver details:
    mip_dual_bound = 0.140625
    mip_gap = 0
    mip_node_count = 3873

base density: 0.138888888889
MILP density: 0.140625
gain:         0.00173611111111
improved:     True (tolerance=1e-09)

Intervals:
  0: base_1   (0.030753968254, 0.0585317460317) length=0.0277777777778
  1: base_2   (0.093253968254, 0.121031746032) length=0.0277777777778
  2: base_3   (0.155753968254, 0.183531746032) length=0.0277777777778
  3: base_4   (0.218253968254, 0.246031746032) length=0.0277777777778
  4: base_0   (0.968253968254, 0.996031746032) length=0.0277777777778
  5: extra_0  (0.124503968254, 0.124937996032) length=0.000434027777778
  6: extra_1  (0.128410218254, 0.128844246032) length=0.000434027777778
  7: extra_2  (0.187003968254, 0.187437996032) length=0.000434027777778
  8: extra_3  (0.190910218254, 0.191344246032) length=0.000434027777778
  9: extra_4  (0.191344246032, 0.191344246032) length=-0

Saved problem JSON: /home/ferran/interval_proofs/json_results/verification_20260716/tiny_intervals_extra_count_saturation/m16_q5_extra5_per_extra_bound_1over2304_ordered1_relgap0_absgap0_problem.json
Saved solution JSON: /home/ferran/interval_proofs/json_results/verification_20260716/tiny_intervals_extra_count_saturation/m16_q5_extra5_per_extra_bound_1over2304_ordered1_relgap0_absgap0_solution.json
HighsMipSolverData::transformNewIntegerFeasibleSolution tmpSolver.run();
HighsMipSolverData::transformNewIntegerFeasibleSolution tmpSolver.run();
HighsMipSolverData::transformNewIntegerFeasibleSolution tmpSolver.run();
HighsMipSolverData::transformNewIntegerFeasibleSolution tmpSolver.run();
HighsMipSolverData::transformNewIntegerFeasibleSolution tmpSolver.run();
HighsMipSolverData::transformNewIntegerFeasibleSolution tmpSolver.run();
HighsMipSolverData::transformNewIntegerFeasibleSolution tmpSolver.run();
HighsMipSolverData::transformNewIntegerFeasibleSolution tmpSolver.run();
HighsMipSolverData::transformNewIntegerFeasibleSolution tmpSolver.run();
	Command being timed: ".venv/bin/python equally_spaced_tiny_interval_lp.py --m 16 --tie-choice larger --anchor 0 --extra-count 5 --extra-length-bound 0.0004340277777777778 --ordered-extras --mip-rel-gap 0 --mip-abs-gap 0 --require-success --output-dir /home/ferran/interval_proofs/json_results/verification_20260716/tiny_intervals_extra_count_saturation --run-name m16_q5_extra5_per_extra_bound_1over2304_ordered1_relgap0_absgap0"
	User time (seconds): 13.21
	System time (seconds): 0.25
	Percent of CPU this job got: 120%
	Elapsed (wall clock) time (h:mm:ss or m:ss): 0:11.14
	Average shared text size (kbytes): 0
	Average unshared data size (kbytes): 0
	Average stack size (kbytes): 0
	Average total size (kbytes): 0
	Maximum resident set size (kbytes): 100748
	Average resident set size (kbytes): 0
	Major (requiring I/O) page faults: 0
	Minor (reclaiming a frame) page faults: 19961
	Voluntary context switches: 133
	Involuntary context switches: 835
	Swaps: 0
	File system inputs: 0
	File system outputs: 712
	Socket messages sent: 0
	Socket messages received: 0
	Signals delivered: 0
	Page size (bytes): 4096
	Exit status: 0
