/home/ferran/interval_proofs/milp_problem.py:567: RuntimeWarning: Unrecognized options detected: {'mip_abs_gap'}. These will be passed to HiGHS verbatim.
  result: OptimizeResult = milp(**kwargs)
direct MILP around optimized 17-sum-free equally spaced construction: 778 variables (756 integer), 1538 constraints
base: m=17, q=5, delta=0.0278637770898, density=0.139318885449, anchor=0, extra_count=6, free_base_start=False

MILPSolution('direct MILP around optimized 17-sum-free equally spaced construction')
  status: optimal (Optimization terminated successfully. (HiGHS Status 7: Optimal))
  objective: maximize, optimum = 0.140047
  values:
    alpha_0 = 0.0278638
    alpha_1 = 0.0278638
    alpha_10 = 0
    alpha_2 = 0.0278638
    alpha_3 = 0.0278638
    alpha_4 = 0.0278638
    alpha_5 = 0.000182116
    alpha_6 = 0.000182116
    alpha_7 = 0.000182116
    alpha_8 = 0
    alpha_9 = 0.000182116
    before_0-10 = 1
    before_0-5 = 0
    before_0-6 = 0
    before_0-7 = 1
    before_0-8 = 1
    before_0-9 = 1
    before_1-10 = 0
    before_1-5 = 0
    before_1-6 = 0
    before_1-7 = 0
    before_1-8 = 0
    before_1-9 = 0
    before_2-10 = 0
    before_2-5 = 0
    before_2-6 = 0
    before_2-7 = 0
    before_2-8 = 0
    before_2-9 = 0
    before_3-10 = 0
    before_3-5 = 0
    before_3-6 = 0
    before_3-7 = 0
    before_3-8 = 0
    before_3-9 = 0
    before_4-10 = 0
    before_4-5 = 0
    before_4-6 = 0
    before_4-7 = 0
    before_4-8 = 0
    before_4-9 = 0
    n_0-0-0 = -1
    n_0-0-1 = -2
    n_0-0-10 = -2
    n_0-0-2 = -3
    n_0-0-3 = -4
    n_0-0-4 = -17
    n_0-0-5 = -1
    n_0-0-6 = -1
    n_0-0-7 = -2
    n_0-0-8 = -2
    n_0-0-9 = -2
    n_0-1-0 = -1
    n_0-1-1 = -2
    n_0-1-10 = -2
    n_0-1-2 = -3
    n_0-1-3 = -4
    n_0-1-4 = -17
    n_0-1-5 = -1
    n_0-1-6 = -1
    n_0-1-7 = -2
    n_0-1-8 = -2
    n_0-1-9 = -2
    n_0-10-0 = -1
    n_0-10-1 = -2
    n_0-10-10 = -2
    n_0-10-2 = -3
    n_0-10-3 = -4
    n_0-10-4 = -17
    n_0-10-5 = -1
    n_0-10-6 = -1
    n_0-10-7 = -2
    n_0-10-8 = -2
    n_0-10-9 = -2
    n_0-2-0 = -1
    n_0-2-1 = -2
    n_0-2-10 = -2
    n_0-2-2 = -3
    n_0-2-3 = -4
    n_0-2-4 = -17
    n_0-2-5 = -1
    n_0-2-6 = -1
    n_0-2-7 = -2
    n_0-2-8 = -2
    n_0-2-9 = -2
    n_0-3-0 = -1
    n_0-3-1 = -2
    n_0-3-10 = -2
    n_0-3-2 = -3
    n_0-3-3 = -4
    n_0-3-4 = -17
    n_0-3-5 = -1
    n_0-3-6 = -1
    n_0-3-7 = -2
    n_0-3-8 = -2
    n_0-3-9 = -2
    n_0-4-0 = 0
    n_0-4-1 = -1
    n_0-4-10 = -1
    n_0-4-2 = -2
    n_0-4-3 = -3
    n_0-4-4 = -16
    n_0-4-5 = 0
    n_0-4-6 = 0
    n_0-4-7 = -1
    n_0-4-8 = -1
    n_0-4-9 = -1
    n_0-5-0 = -1
    n_0-5-1 = -2
    n_0-5-10 = -2
    n_0-5-2 = -3
    n_0-5-3 = -4
    n_0-5-4 = -17
    n_0-5-5 = -1
    n_0-5-6 = -1
    n_0-5-7 = -2
    n_0-5-8 = -2
    n_0-5-9 = -2
    n_0-6-0 = -1
    n_0-6-1 = -2
    n_0-6-10 = -2
    n_0-6-2 = -3
    n_0-6-3 = -4
    n_0-6-4 = -17
    n_0-6-5 = -1
    n_0-6-6 = -1
    n_0-6-7 = -2
    n_0-6-8 = -2
    n_0-6-9 = -2
    n_0-7-0 = -1
    n_0-7-1 = -2
    n_0-7-10 = -2
    n_0-7-2 = -3
    n_0-7-3 = -4
    n_0-7-4 = -17
    n_0-7-5 = -1
    n_0-7-6 = -1
    n_0-7-7 = -2
    n_0-7-8 = -2
    n_0-7-9 = -2
    n_0-8-0 = -1
    n_0-8-1 = -2
    n_0-8-10 = -2
    n_0-8-2 = -3
    n_0-8-3 = -4
    n_0-8-4 = -17
    n_0-8-5 = -1
    n_0-8-6 = -1
    n_0-8-7 = -2
    n_0-8-8 = -2
    n_0-8-9 = -2
    n_0-9-0 = -1
    n_0-9-1 = -2
    n_0-9-10 = -2
    n_0-9-2 = -3
    n_0-9-3 = -4
    n_0-9-4 = -17
    n_0-9-5 = -1
    n_0-9-6 = -1
    n_0-9-7 = -2
    n_0-9-8 = -2
    n_0-9-9 = -2
    n_1-1-0 = -1
    n_1-1-1 = -2
    n_1-1-10 = -2
    n_1-1-2 = -3
    n_1-1-3 = -4
    n_1-1-4 = -17
    n_1-1-5 = -1
    n_1-1-6 = -1
    n_1-1-7 = -2
    n_1-1-8 = -2
    n_1-1-9 = -2
    n_1-10-0 = -1
    n_1-10-1 = -2
    n_1-10-10 = -2
    n_1-10-2 = -3
    n_1-10-3 = -4
    n_1-10-4 = -17
    n_1-10-5 = -1
    n_1-10-6 = -1
    n_1-10-7 = -2
    n_1-10-8 = -2
    n_1-10-9 = -2
    n_1-2-0 = -1
    n_1-2-1 = -2
    n_1-2-10 = -2
    n_1-2-2 = -3
    n_1-2-3 = -4
    n_1-2-4 = -17
    n_1-2-5 = -1
    n_1-2-6 = -1
    n_1-2-7 = -2
    n_1-2-8 = -2
    n_1-2-9 = -2
    n_1-3-0 = -1
    n_1-3-1 = -2
    n_1-3-10 = -2
    n_1-3-2 = -3
    n_1-3-3 = -4
    n_1-3-4 = -17
    n_1-3-5 = -1
    n_1-3-6 = -1
    n_1-3-7 = -2
    n_1-3-8 = -2
    n_1-3-9 = -2
    n_1-4-0 = 0
    n_1-4-1 = -1
    n_1-4-10 = -1
    n_1-4-2 = -2
    n_1-4-3 = -3
    n_1-4-4 = -16
    n_1-4-5 = 0
    n_1-4-6 = 0
    n_1-4-7 = -1
    n_1-4-8 = -1
    n_1-4-9 = -1
    n_1-5-0 = -1
    n_1-5-1 = -2
    n_1-5-10 = -2
    n_1-5-2 = -3
    n_1-5-3 = -4
    n_1-5-4 = -17
    n_1-5-5 = -1
    n_1-5-6 = -1
    n_1-5-7 = -2
    n_1-5-8 = -2
    n_1-5-9 = -2
    n_1-6-0 = -1
    n_1-6-1 = -2
    n_1-6-10 = -2
    n_1-6-2 = -3
    n_1-6-3 = -4
    n_1-6-4 = -17
    n_1-6-5 = -1
    n_1-6-6 = -1
    n_1-6-7 = -2
    n_1-6-8 = -2
    n_1-6-9 = -2
    n_1-7-0 = -1
    n_1-7-1 = -2
    n_1-7-10 = -2
    n_1-7-2 = -3
    n_1-7-3 = -4
    n_1-7-4 = -17
    n_1-7-5 = -1
    n_1-7-6 = -1
    n_1-7-7 = -2
    n_1-7-8 = -2
    n_1-7-9 = -2
    n_1-8-0 = -1
    n_1-8-1 = -2
    n_1-8-10 = -2
    n_1-8-2 = -3
    n_1-8-3 = -4
    n_1-8-4 = -17
    n_1-8-5 = -1
    n_1-8-6 = -1
    n_1-8-7 = -2
    n_1-8-8 = -2
    n_1-8-9 = -2
    n_1-9-0 = -1
    n_1-9-1 = -2
    n_1-9-10 = -2
    n_1-9-2 = -3
    n_1-9-3 = -4
    n_1-9-4 = -17
    n_1-9-5 = -1
    n_1-9-6 = -1
    n_1-9-7 = -2
    n_1-9-8 = -2
    n_1-9-9 = -2
    n_10-10-0 = -1
    n_10-10-1 = -2
    n_10-10-10 = -2
    n_10-10-2 = -3
    n_10-10-3 = -4
    n_10-10-4 = -17
    n_10-10-5 = -1
    n_10-10-6 = -1
    n_10-10-7 = -2
    n_10-10-8 = -2
    n_10-10-9 = -2
    n_2-10-0 = -1
    n_2-10-1 = -2
    n_2-10-10 = -2
    n_2-10-2 = -3
    n_2-10-3 = -4
    n_2-10-4 = -17
    n_2-10-5 = -1
    n_2-10-6 = -1
    n_2-10-7 = -2
    n_2-10-8 = -2
    n_2-10-9 = -2
    n_2-2-0 = -1
    n_2-2-1 = -2
    n_2-2-10 = -2
    n_2-2-2 = -3
    n_2-2-3 = -4
    n_2-2-4 = -17
    n_2-2-5 = -1
    n_2-2-6 = -1
    n_2-2-7 = -2
    n_2-2-8 = -2
    n_2-2-9 = -2
    n_2-3-0 = -1
    n_2-3-1 = -2
    n_2-3-10 = -2
    n_2-3-2 = -3
    n_2-3-3 = -4
    n_2-3-4 = -17
    n_2-3-5 = 0
    n_2-3-6 = -1
    n_2-3-7 = -1
    n_2-3-8 = -2
    n_2-3-9 = -2
    n_2-4-0 = 0
    n_2-4-1 = -1
    n_2-4-10 = -1
    n_2-4-2 = -2
    n_2-4-3 = -3
    n_2-4-4 = -16
    n_2-4-5 = 0
    n_2-4-6 = 0
    n_2-4-7 = -1
    n_2-4-8 = -1
    n_2-4-9 = -1
    n_2-5-0 = -1
    n_2-5-1 = -2
    n_2-5-10 = -2
    n_2-5-2 = -3
    n_2-5-3 = -4
    n_2-5-4 = -17
    n_2-5-5 = -1
    n_2-5-6 = -1
    n_2-5-7 = -2
    n_2-5-8 = -2
    n_2-5-9 = -2
    n_2-6-0 = -1
    n_2-6-1 = -2
    n_2-6-10 = -2
    n_2-6-2 = -3
    n_2-6-3 = -4
    n_2-6-4 = -17
    n_2-6-5 = -1
    n_2-6-6 = -1
    n_2-6-7 = -2
    n_2-6-8 = -2
    n_2-6-9 = -2
    n_2-7-0 = -1
    n_2-7-1 = -2
    n_2-7-10 = -2
    n_2-7-2 = -3
    n_2-7-3 = -4
    n_2-7-4 = -17
    n_2-7-5 = -1
    n_2-7-6 = -1
    n_2-7-7 = -2
    n_2-7-8 = -2
    n_2-7-9 = -2
    n_2-8-0 = -1
    n_2-8-1 = -2
    n_2-8-10 = -2
    n_2-8-2 = -3
    n_2-8-3 = -4
    n_2-8-4 = -17
    n_2-8-5 = -1
    n_2-8-6 = -1
    n_2-8-7 = -2
    n_2-8-8 = -2
    n_2-8-9 = -2
    n_2-9-0 = -1
    n_2-9-1 = -2
    n_2-9-10 = -2
    n_2-9-2 = -3
    n_2-9-3 = -4
    n_2-9-4 = -17
    n_2-9-5 = -1
    n_2-9-6 = -1
    n_2-9-7 = -2
    n_2-9-8 = -2
    n_2-9-9 = -2
    n_3-10-0 = -1
    n_3-10-1 = -2
    n_3-10-10 = -2
    n_3-10-2 = -3
    n_3-10-3 = -4
    n_3-10-4 = -17
    n_3-10-5 = -1
    n_3-10-6 = -1
    n_3-10-7 = -2
    n_3-10-8 = -2
    n_3-10-9 = -2
    n_3-3-0 = -1
    n_3-3-1 = -2
    n_3-3-10 = -2
    n_3-3-2 = -3
    n_3-3-3 = -4
    n_3-3-4 = -17
    n_3-3-5 = 0
    n_3-3-6 = 0
    n_3-3-7 = -1
    n_3-3-8 = -1
    n_3-3-9 = -1
    n_3-4-0 = 0
    n_3-4-1 = -1
    n_3-4-10 = -1
    n_3-4-2 = -2
    n_3-4-3 = -3
    n_3-4-4 = -16
    n_3-4-5 = 0
    n_3-4-6 = 0
    n_3-4-7 = -1
    n_3-4-8 = -1
    n_3-4-9 = -1
    n_3-5-0 = -1
    n_3-5-1 = -2
    n_3-5-10 = -2
    n_3-5-2 = -3
    n_3-5-3 = -4
    n_3-5-4 = -17
    n_3-5-5 = -1
    n_3-5-6 = -1
    n_3-5-7 = -2
    n_3-5-8 = -2
    n_3-5-9 = -2
    n_3-6-0 = -1
    n_3-6-1 = -2
    n_3-6-10 = -2
    n_3-6-2 = -3
    n_3-6-3 = -4
    n_3-6-4 = -17
    n_3-6-5 = -1
    n_3-6-6 = -1
    n_3-6-7 = -2
    n_3-6-8 = -2
    n_3-6-9 = -2
    n_3-7-0 = -1
    n_3-7-1 = -2
    n_3-7-10 = -2
    n_3-7-2 = -3
    n_3-7-3 = -4
    n_3-7-4 = -17
    n_3-7-5 = -1
    n_3-7-6 = -1
    n_3-7-7 = -2
    n_3-7-8 = -2
    n_3-7-9 = -2
    n_3-8-0 = -1
    n_3-8-1 = -2
    n_3-8-10 = -2
    n_3-8-2 = -3
    n_3-8-3 = -4
    n_3-8-4 = -17
    n_3-8-5 = -1
    n_3-8-6 = -1
    n_3-8-7 = -2
    n_3-8-8 = -2
    n_3-8-9 = -2
    n_3-9-0 = -1
    n_3-9-1 = -2
    n_3-9-10 = -2
    n_3-9-2 = -3
    n_3-9-3 = -4
    n_3-9-4 = -17
    n_3-9-5 = -1
    n_3-9-6 = -1
    n_3-9-7 = -2
    n_3-9-8 = -2
    n_3-9-9 = -2
    n_4-10-0 = 0
    n_4-10-1 = -1
    n_4-10-10 = -1
    n_4-10-2 = -2
    n_4-10-3 = -3
    n_4-10-4 = -16
    n_4-10-5 = 0
    n_4-10-6 = 0
    n_4-10-7 = -1
    n_4-10-8 = -1
    n_4-10-9 = -1
    n_4-4-0 = 1
    n_4-4-1 = 0
    n_4-4-10 = 0
    n_4-4-2 = -1
    n_4-4-3 = -2
    n_4-4-4 = -15
    n_4-4-5 = 1
    n_4-4-6 = 1
    n_4-4-7 = 0
    n_4-4-8 = 0
    n_4-4-9 = 0
    n_4-5-0 = 0
    n_4-5-1 = -1
    n_4-5-10 = -1
    n_4-5-2 = -2
    n_4-5-3 = -3
    n_4-5-4 = -16
    n_4-5-5 = 0
    n_4-5-6 = 0
    n_4-5-7 = -1
    n_4-5-8 = -1
    n_4-5-9 = -1
    n_4-6-0 = 0
    n_4-6-1 = -1
    n_4-6-10 = -1
    n_4-6-2 = -2
    n_4-6-3 = -3
    n_4-6-4 = -16
    n_4-6-5 = 0
    n_4-6-6 = 0
    n_4-6-7 = -1
    n_4-6-8 = -1
    n_4-6-9 = -1
    n_4-7-0 = 0
    n_4-7-1 = -1
    n_4-7-10 = -1
    n_4-7-2 = -2
    n_4-7-3 = -3
    n_4-7-4 = -16
    n_4-7-5 = 0
    n_4-7-6 = 0
    n_4-7-7 = -1
    n_4-7-8 = -1
    n_4-7-9 = -1
    n_4-8-0 = 0
    n_4-8-1 = -1
    n_4-8-10 = -1
    n_4-8-2 = -2
    n_4-8-3 = -3
    n_4-8-4 = -16
    n_4-8-5 = 0
    n_4-8-6 = 0
    n_4-8-7 = -1
    n_4-8-8 = -1
    n_4-8-9 = -1
    n_4-9-0 = 0
    n_4-9-1 = -1
    n_4-9-10 = -1
    n_4-9-2 = -2
    n_4-9-3 = -3
    n_4-9-4 = -16
    n_4-9-5 = 0
    n_4-9-6 = 0
    n_4-9-7 = -1
    n_4-9-8 = -1
    n_4-9-9 = -1
    n_5-10-0 = -1
    n_5-10-1 = -2
    n_5-10-10 = -2
    n_5-10-2 = -3
    n_5-10-3 = -4
    n_5-10-4 = -17
    n_5-10-5 = -1
    n_5-10-6 = -1
    n_5-10-7 = -2
    n_5-10-8 = -2
    n_5-10-9 = -2
    n_5-5-0 = -1
    n_5-5-1 = -2
    n_5-5-10 = -2
    n_5-5-2 = -3
    n_5-5-3 = -4
    n_5-5-4 = -17
    n_5-5-5 = -1
    n_5-5-6 = -1
    n_5-5-7 = -2
    n_5-5-8 = -2
    n_5-5-9 = -2
    n_5-6-0 = -1
    n_5-6-1 = -2
    n_5-6-10 = -2
    n_5-6-2 = -3
    n_5-6-3 = -4
    n_5-6-4 = -17
    n_5-6-5 = -1
    n_5-6-6 = -1
    n_5-6-7 = -2
    n_5-6-8 = -2
    n_5-6-9 = -2
    n_5-7-0 = -1
    n_5-7-1 = -2
    n_5-7-10 = -2
    n_5-7-2 = -3
    n_5-7-3 = -4
    n_5-7-4 = -17
    n_5-7-5 = -1
    n_5-7-6 = -1
    n_5-7-7 = -2
    n_5-7-8 = -2
    n_5-7-9 = -2
    n_5-8-0 = -1
    n_5-8-1 = -2
    n_5-8-10 = -2
    n_5-8-2 = -3
    n_5-8-3 = -4
    n_5-8-4 = -17
    n_5-8-5 = -1
    n_5-8-6 = -1
    n_5-8-7 = -2
    n_5-8-8 = -2
    n_5-8-9 = -2
    n_5-9-0 = -1
    n_5-9-1 = -2
    n_5-9-10 = -2
    n_5-9-2 = -3
    n_5-9-3 = -4
    n_5-9-4 = -17
    n_5-9-5 = -1
    n_5-9-6 = -1
    n_5-9-7 = -2
    n_5-9-8 = -2
    n_5-9-9 = -2
    n_6-10-0 = -1
    n_6-10-1 = -2
    n_6-10-10 = -2
    n_6-10-2 = -3
    n_6-10-3 = -4
    n_6-10-4 = -17
    n_6-10-5 = -1
    n_6-10-6 = -1
    n_6-10-7 = -2
    n_6-10-8 = -2
    n_6-10-9 = -2
    n_6-6-0 = -1
    n_6-6-1 = -2
    n_6-6-10 = -2
    n_6-6-2 = -3
    n_6-6-3 = -4
    n_6-6-4 = -17
    n_6-6-5 = -1
    n_6-6-6 = -1
    n_6-6-7 = -2
    n_6-6-8 = -2
    n_6-6-9 = -2
    n_6-7-0 = -1
    n_6-7-1 = -2
    n_6-7-10 = -2
    n_6-7-2 = -3
    n_6-7-3 = -4
    n_6-7-4 = -17
    n_6-7-5 = -1
    n_6-7-6 = -1
    n_6-7-7 = -2
    n_6-7-8 = -2
    n_6-7-9 = -2
    n_6-8-0 = -1
    n_6-8-1 = -2
    n_6-8-10 = -2
    n_6-8-2 = -3
    n_6-8-3 = -4
    n_6-8-4 = -17
    n_6-8-5 = -1
    n_6-8-6 = -1
    n_6-8-7 = -2
    n_6-8-8 = -2
    n_6-8-9 = -2
    n_6-9-0 = -1
    n_6-9-1 = -2
    n_6-9-10 = -2
    n_6-9-2 = -3
    n_6-9-3 = -4
    n_6-9-4 = -17
    n_6-9-5 = -1
    n_6-9-6 = -1
    n_6-9-7 = -2
    n_6-9-8 = -2
    n_6-9-9 = -2
    n_7-10-0 = -1
    n_7-10-1 = -2
    n_7-10-10 = -2
    n_7-10-2 = -3
    n_7-10-3 = -4
    n_7-10-4 = -17
    n_7-10-5 = -1
    n_7-10-6 = -1
    n_7-10-7 = -2
    n_7-10-8 = -2
    n_7-10-9 = -2
    n_7-7-0 = -1
    n_7-7-1 = -2
    n_7-7-10 = -2
    n_7-7-2 = -3
    n_7-7-3 = -4
    n_7-7-4 = -17
    n_7-7-5 = -1
    n_7-7-6 = -1
    n_7-7-7 = -2
    n_7-7-8 = -2
    n_7-7-9 = -2
    n_7-8-0 = -1
    n_7-8-1 = -2
    n_7-8-10 = -2
    n_7-8-2 = -3
    n_7-8-3 = -4
    n_7-8-4 = -17
    n_7-8-5 = -1
    n_7-8-6 = -1
    n_7-8-7 = -2
    n_7-8-8 = -2
    n_7-8-9 = -2
    n_7-9-0 = -1
    n_7-9-1 = -2
    n_7-9-10 = -2
    n_7-9-2 = -3
    n_7-9-3 = -4
    n_7-9-4 = -17
    n_7-9-5 = -1
    n_7-9-6 = -1
    n_7-9-7 = -2
    n_7-9-8 = -2
    n_7-9-9 = -2
    n_8-10-0 = -1
    n_8-10-1 = -2
    n_8-10-10 = -2
    n_8-10-2 = -3
    n_8-10-3 = -4
    n_8-10-4 = -17
    n_8-10-5 = -1
    n_8-10-6 = -1
    n_8-10-7 = -2
    n_8-10-8 = -2
    n_8-10-9 = -2
    n_8-8-0 = -1
    n_8-8-1 = -2
    n_8-8-10 = -2
    n_8-8-2 = -3
    n_8-8-3 = -4
    n_8-8-4 = -17
    n_8-8-5 = -1
    n_8-8-6 = -1
    n_8-8-7 = -2
    n_8-8-8 = -2
    n_8-8-9 = -2
    n_8-9-0 = -1
    n_8-9-1 = -2
    n_8-9-10 = -2
    n_8-9-2 = -3
    n_8-9-3 = -4
    n_8-9-4 = -17
    n_8-9-5 = -1
    n_8-9-6 = -1
    n_8-9-7 = -2
    n_8-9-8 = -2
    n_8-9-9 = -2
    n_9-10-0 = -1
    n_9-10-1 = -2
    n_9-10-10 = -2
    n_9-10-2 = -3
    n_9-10-3 = -4
    n_9-10-4 = -17
    n_9-10-5 = -1
    n_9-10-6 = -1
    n_9-10-7 = -2
    n_9-10-8 = -2
    n_9-10-9 = -2
    n_9-9-0 = -1
    n_9-9-1 = -2
    n_9-9-10 = -2
    n_9-9-2 = -3
    n_9-9-3 = -4
    n_9-9-4 = -17
    n_9-9-5 = -1
    n_9-9-6 = -1
    n_9-9-7 = -2
    n_9-9-8 = -2
    n_9-9-9 = -2
    x_0 = 0.0272446
    x_1 = 0.0860681
    x_10 = 0.0860681
    x_2 = 0.144892
    x_3 = 0.203715
    x_4 = 0.968421
    x_5 = 0.0203242
    x_6 = 0.0237844
    x_7 = 0.0791477
    x_8 = 0.0826079
    x_9 = 0.0826079
  parameters:
    anchor = 0
    base_density = 0.1393188854489164
    delta = 0.02786377708978328
    epsilon = 0.0
    extra_alpha_upper_bound = 0.0001821161901293025
    extra_count = 6
    extra_length_bound = 0.0001821161901293025
    formulation = standard_variable_extra_milp
    free_base_start = False
    integer_lift_lower_bound = -18
    integer_lift_upper_bound = 2
    intervals = [{'index': 0, 'label': 'base_1', 'seed_start': 0.027244582043343568, 'seed_length': 0.02786377708978328, 'fixed_base': True}, {'index': 1, 'label': 'base_2', 'seed_start': 0.08606811145510829, 'seed_length': 0.02786377708978328, 'fixed_base': True}, {'index': 2, 'label': 'base_3', 'seed_start': 0.144891640866873, 'seed_length': 0.02786377708978328, 'fixed_base': True}, {'index': 3, 'label': 'base_4', 'seed_start': 0.20371517027863772, 'seed_length': 0.02786377708978328, 'fixed_base': True}, {'index': 4, 'label': 'base_0', 'seed_start': 0.968421052631579, 'seed_length': 0.02786377708978328, 'fixed_base': True}, {'index': 5, 'label': 'extra_0', 'seed_start': None, 'seed_length': None, 'fixed_base': False}, {'index': 6, 'label': 'extra_1', 'seed_start': None, 'seed_length': None, 'fixed_base': False}, {'index': 7, 'label': 'extra_2', 'seed_start': None, 'seed_length': None, 'fixed_base': False}, {'index': 8, 'label': 'extra_3', 'seed_start': None, 'seed_length': None, 'fixed_base': False}, {'index': 9, 'label': 'extra_4', 'seed_start': None, 'seed_length': None, 'fixed_base': False}, {'index': 10, 'label': 'extra_5', 'seed_start': None, 'seed_length': None, 'fixed_base': False}]
    m = 17
    order_extra_intervals = True
    q = 5
    solver_options = {'mip_rel_gap': 0.0, 'mip_abs_gap': 0.0}
    tolerance = 1e-09
    translated_missing_point = False
  solver details:
    mip_dual_bound = 0.140047
    mip_gap = 0
    mip_node_count = 22904

base density: 0.139318885449
MILP density: 0.140047350209
gain:         0.000728464760519
improved:     True (tolerance=1e-09)

Intervals:
  0: base_1   (0.0272445820433, 0.0551083591331) length=0.0278637770898
  1: base_2   (0.0860681114551, 0.113931888545) length=0.0278637770898
  2: base_3   (0.144891640867, 0.172755417957) length=0.0278637770898
  3: base_4   (0.203715170279, 0.231578947368) length=0.0278637770898
  4: base_0   (0.968421052632, 0.996284829721) length=0.0278637770898
  5: extra_0  (0.0203241668184, 0.0205062830086) length=0.000182116190129
  6: extra_1  (0.0237843744309, 0.023966490621) length=0.000182116190129
  7: extra_2  (0.0791476962302, 0.0793298124203) length=0.000182116190129
  8: extra_3  (0.0826079038427, 0.0826079038427) length=-0
  9: extra_4  (0.0826079038426, 0.0827900200328) length=0.000182116190131
  10: extra_5  (0.0860681114551, 0.0860681114551) length=-0

Saved problem JSON: json_results/verification_20260716/tiny_intervals_extra_count_saturation/m17_q5_extra6_per_extra_bound_1over5491_ordered1_relgap0_absgap0_problem.json
Saved solution JSON: json_results/verification_20260716/tiny_intervals_extra_count_saturation/m17_q5_extra6_per_extra_bound_1over5491_ordered1_relgap0_absgap0_solution.json
