/home/ferran/interval_proofs/milp_problem.py:567: RuntimeWarning: Unrecognized options detected: {'mip_abs_gap'}. These will be passed to HiGHS verbatim.
  result: OptimizeResult = milp(**kwargs)
direct MILP around optimized 20-sum-free equally spaced construction: 1011 variables (987 integer), 1998 constraints
base: m=20, q=6, delta=0.0227272727273, density=0.136363636364, anchor=0, extra_count=6, free_base_start=False

MILPSolution('direct MILP around optimized 20-sum-free equally spaced construction')
  status: optimal (Optimization terminated successfully. (HiGHS Status 7: Optimal))
  objective: maximize, optimum = 0.137727
  values:
    alpha_0 = 0.0227273
    alpha_1 = 0.0227273
    alpha_10 = 0.000227273
    alpha_11 = 0.000227273
    alpha_2 = 0.0227273
    alpha_3 = 0.0227273
    alpha_4 = 0.0227273
    alpha_5 = 0.0227273
    alpha_6 = 0.000227273
    alpha_7 = 0.000227273
    alpha_8 = 0.000227273
    alpha_9 = 0.000227273
    before_0-10 = 0
    before_0-11 = 0
    before_0-6 = 1
    before_0-7 = 1
    before_0-8 = 1
    before_0-9 = 1
    before_1-10 = 0
    before_1-11 = 0
    before_1-6 = 0
    before_1-7 = 0
    before_1-8 = 1
    before_1-9 = 1
    before_10-11 = 1
    before_2-10 = 0
    before_2-11 = 0
    before_2-6 = 0
    before_2-7 = 0
    before_2-8 = 0
    before_2-9 = 0
    before_3-10 = 0
    before_3-11 = 0
    before_3-6 = 0
    before_3-7 = 0
    before_3-8 = 0
    before_3-9 = 0
    before_4-10 = 0
    before_4-11 = 0
    before_4-6 = 0
    before_4-7 = 0
    before_4-8 = 0
    before_4-9 = 0
    before_5-10 = 0
    before_5-11 = 0
    before_5-6 = 0
    before_5-7 = 0
    before_5-8 = 0
    before_5-9 = 0
    before_6-10 = 0
    before_6-11 = 0
    before_6-7 = 0
    before_6-8 = 1
    before_6-9 = 1
    before_7-10 = 0
    before_7-11 = 0
    before_7-8 = 1
    before_7-9 = 1
    before_8-10 = 0
    before_8-11 = 0
    before_8-9 = 1
    before_9-10 = 0
    before_9-11 = 0
    n_0-0-0 = -1
    n_0-0-1 = -2
    n_0-0-10 = -1
    n_0-0-11 = -1
    n_0-0-2 = -3
    n_0-0-3 = -4
    n_0-0-4 = -5
    n_0-0-5 = -20
    n_0-0-6 = -2
    n_0-0-7 = -2
    n_0-0-8 = -3
    n_0-0-9 = -3
    n_0-1-0 = -1
    n_0-1-1 = -2
    n_0-1-10 = -1
    n_0-1-11 = -1
    n_0-1-2 = -3
    n_0-1-3 = -4
    n_0-1-4 = -5
    n_0-1-5 = -20
    n_0-1-6 = -2
    n_0-1-7 = -2
    n_0-1-8 = -3
    n_0-1-9 = -3
    n_0-10-0 = -1
    n_0-10-1 = -2
    n_0-10-10 = -1
    n_0-10-11 = -1
    n_0-10-2 = -3
    n_0-10-3 = -4
    n_0-10-4 = -5
    n_0-10-5 = -20
    n_0-10-6 = -2
    n_0-10-7 = -2
    n_0-10-8 = -3
    n_0-10-9 = -3
    n_0-11-0 = -1
    n_0-11-1 = -2
    n_0-11-10 = -1
    n_0-11-11 = -1
    n_0-11-2 = -3
    n_0-11-3 = -4
    n_0-11-4 = -5
    n_0-11-5 = -20
    n_0-11-6 = -2
    n_0-11-7 = -2
    n_0-11-8 = -3
    n_0-11-9 = -3
    n_0-2-0 = -1
    n_0-2-1 = -2
    n_0-2-10 = -1
    n_0-2-11 = -1
    n_0-2-2 = -3
    n_0-2-3 = -4
    n_0-2-4 = -5
    n_0-2-5 = -20
    n_0-2-6 = -2
    n_0-2-7 = -2
    n_0-2-8 = -3
    n_0-2-9 = -3
    n_0-3-0 = -1
    n_0-3-1 = -2
    n_0-3-10 = -1
    n_0-3-11 = -1
    n_0-3-2 = -3
    n_0-3-3 = -4
    n_0-3-4 = -5
    n_0-3-5 = -20
    n_0-3-6 = -2
    n_0-3-7 = -2
    n_0-3-8 = -3
    n_0-3-9 = -3
    n_0-4-0 = -1
    n_0-4-1 = -2
    n_0-4-10 = -1
    n_0-4-11 = -1
    n_0-4-2 = -3
    n_0-4-3 = -4
    n_0-4-4 = -5
    n_0-4-5 = -20
    n_0-4-6 = -2
    n_0-4-7 = -2
    n_0-4-8 = -3
    n_0-4-9 = -3
    n_0-5-0 = 0
    n_0-5-1 = -1
    n_0-5-10 = 0
    n_0-5-11 = 0
    n_0-5-2 = -2
    n_0-5-3 = -3
    n_0-5-4 = -4
    n_0-5-5 = -19
    n_0-5-6 = -1
    n_0-5-7 = -1
    n_0-5-8 = -2
    n_0-5-9 = -2
    n_0-6-0 = -1
    n_0-6-1 = -2
    n_0-6-10 = -1
    n_0-6-11 = -1
    n_0-6-2 = -3
    n_0-6-3 = -4
    n_0-6-4 = -5
    n_0-6-5 = -20
    n_0-6-6 = -2
    n_0-6-7 = -2
    n_0-6-8 = -3
    n_0-6-9 = -3
    n_0-7-0 = -1
    n_0-7-1 = -2
    n_0-7-10 = -1
    n_0-7-11 = -1
    n_0-7-2 = -3
    n_0-7-3 = -4
    n_0-7-4 = -5
    n_0-7-5 = -20
    n_0-7-6 = -2
    n_0-7-7 = -2
    n_0-7-8 = -3
    n_0-7-9 = -3
    n_0-8-0 = -1
    n_0-8-1 = -2
    n_0-8-10 = -1
    n_0-8-11 = -1
    n_0-8-2 = -3
    n_0-8-3 = -4
    n_0-8-4 = -5
    n_0-8-5 = -20
    n_0-8-6 = -2
    n_0-8-7 = -2
    n_0-8-8 = -3
    n_0-8-9 = -3
    n_0-9-0 = -1
    n_0-9-1 = -2
    n_0-9-10 = -1
    n_0-9-11 = -1
    n_0-9-2 = -3
    n_0-9-3 = -4
    n_0-9-4 = -5
    n_0-9-5 = -20
    n_0-9-6 = -2
    n_0-9-7 = -2
    n_0-9-8 = -3
    n_0-9-9 = -3
    n_1-1-0 = -1
    n_1-1-1 = -2
    n_1-1-10 = -1
    n_1-1-11 = -1
    n_1-1-2 = -3
    n_1-1-3 = -4
    n_1-1-4 = -5
    n_1-1-5 = -20
    n_1-1-6 = -2
    n_1-1-7 = -2
    n_1-1-8 = -3
    n_1-1-9 = -3
    n_1-10-0 = -1
    n_1-10-1 = -2
    n_1-10-10 = -1
    n_1-10-11 = -1
    n_1-10-2 = -3
    n_1-10-3 = -4
    n_1-10-4 = -5
    n_1-10-5 = -20
    n_1-10-6 = -2
    n_1-10-7 = -2
    n_1-10-8 = -3
    n_1-10-9 = -3
    n_1-11-0 = -1
    n_1-11-1 = -2
    n_1-11-10 = -1
    n_1-11-11 = -1
    n_1-11-2 = -3
    n_1-11-3 = -4
    n_1-11-4 = -5
    n_1-11-5 = -20
    n_1-11-6 = -2
    n_1-11-7 = -2
    n_1-11-8 = -3
    n_1-11-9 = -3
    n_1-2-0 = -1
    n_1-2-1 = -2
    n_1-2-10 = -1
    n_1-2-11 = -1
    n_1-2-2 = -3
    n_1-2-3 = -4
    n_1-2-4 = -5
    n_1-2-5 = -20
    n_1-2-6 = -2
    n_1-2-7 = -2
    n_1-2-8 = -3
    n_1-2-9 = -3
    n_1-3-0 = -1
    n_1-3-1 = -2
    n_1-3-10 = -1
    n_1-3-11 = -1
    n_1-3-2 = -3
    n_1-3-3 = -4
    n_1-3-4 = -5
    n_1-3-5 = -20
    n_1-3-6 = -2
    n_1-3-7 = -2
    n_1-3-8 = -3
    n_1-3-9 = -3
    n_1-4-0 = -1
    n_1-4-1 = -2
    n_1-4-10 = -1
    n_1-4-11 = -1
    n_1-4-2 = -3
    n_1-4-3 = -4
    n_1-4-4 = -5
    n_1-4-5 = -20
    n_1-4-6 = -2
    n_1-4-7 = -2
    n_1-4-8 = -3
    n_1-4-9 = -3
    n_1-5-0 = 0
    n_1-5-1 = -1
    n_1-5-10 = 0
    n_1-5-11 = 0
    n_1-5-2 = -2
    n_1-5-3 = -3
    n_1-5-4 = -4
    n_1-5-5 = -19
    n_1-5-6 = -1
    n_1-5-7 = -1
    n_1-5-8 = -2
    n_1-5-9 = -2
    n_1-6-0 = -1
    n_1-6-1 = -2
    n_1-6-10 = -1
    n_1-6-11 = -1
    n_1-6-2 = -3
    n_1-6-3 = -4
    n_1-6-4 = -5
    n_1-6-5 = -20
    n_1-6-6 = -2
    n_1-6-7 = -2
    n_1-6-8 = -3
    n_1-6-9 = -3
    n_1-7-0 = -1
    n_1-7-1 = -2
    n_1-7-10 = -1
    n_1-7-11 = -1
    n_1-7-2 = -3
    n_1-7-3 = -4
    n_1-7-4 = -5
    n_1-7-5 = -20
    n_1-7-6 = -2
    n_1-7-7 = -2
    n_1-7-8 = -3
    n_1-7-9 = -3
    n_1-8-0 = -1
    n_1-8-1 = -2
    n_1-8-10 = -1
    n_1-8-11 = -1
    n_1-8-2 = -3
    n_1-8-3 = -4
    n_1-8-4 = -5
    n_1-8-5 = -20
    n_1-8-6 = -2
    n_1-8-7 = -2
    n_1-8-8 = -3
    n_1-8-9 = -3
    n_1-9-0 = -1
    n_1-9-1 = -2
    n_1-9-10 = -1
    n_1-9-11 = -1
    n_1-9-2 = -3
    n_1-9-3 = -4
    n_1-9-4 = -5
    n_1-9-5 = -20
    n_1-9-6 = -2
    n_1-9-7 = -2
    n_1-9-8 = -3
    n_1-9-9 = -3
    n_10-10-0 = -1
    n_10-10-1 = -2
    n_10-10-10 = -1
    n_10-10-11 = -1
    n_10-10-2 = -3
    n_10-10-3 = -4
    n_10-10-4 = -5
    n_10-10-5 = -20
    n_10-10-6 = -2
    n_10-10-7 = -2
    n_10-10-8 = -3
    n_10-10-9 = -3
    n_10-11-0 = -1
    n_10-11-1 = -2
    n_10-11-10 = -1
    n_10-11-11 = -1
    n_10-11-2 = -3
    n_10-11-3 = -4
    n_10-11-4 = -5
    n_10-11-5 = -20
    n_10-11-6 = -2
    n_10-11-7 = -2
    n_10-11-8 = -3
    n_10-11-9 = -3
    n_11-11-0 = -1
    n_11-11-1 = -2
    n_11-11-10 = -1
    n_11-11-11 = -1
    n_11-11-2 = -3
    n_11-11-3 = -4
    n_11-11-4 = -5
    n_11-11-5 = -20
    n_11-11-6 = -2
    n_11-11-7 = -2
    n_11-11-8 = -3
    n_11-11-9 = -3
    n_2-10-0 = -1
    n_2-10-1 = -2
    n_2-10-10 = -1
    n_2-10-11 = -1
    n_2-10-2 = -3
    n_2-10-3 = -4
    n_2-10-4 = -5
    n_2-10-5 = -20
    n_2-10-6 = -2
    n_2-10-7 = -2
    n_2-10-8 = -3
    n_2-10-9 = -3
    n_2-11-0 = -1
    n_2-11-1 = -2
    n_2-11-10 = -1
    n_2-11-11 = -1
    n_2-11-2 = -3
    n_2-11-3 = -4
    n_2-11-4 = -5
    n_2-11-5 = -20
    n_2-11-6 = -2
    n_2-11-7 = -2
    n_2-11-8 = -3
    n_2-11-9 = -3
    n_2-2-0 = -1
    n_2-2-1 = -2
    n_2-2-10 = -1
    n_2-2-11 = -1
    n_2-2-2 = -3
    n_2-2-3 = -4
    n_2-2-4 = -5
    n_2-2-5 = -20
    n_2-2-6 = -2
    n_2-2-7 = -2
    n_2-2-8 = -3
    n_2-2-9 = -3
    n_2-3-0 = -1
    n_2-3-1 = -2
    n_2-3-10 = -1
    n_2-3-11 = -1
    n_2-3-2 = -3
    n_2-3-3 = -4
    n_2-3-4 = -5
    n_2-3-5 = -20
    n_2-3-6 = -2
    n_2-3-7 = -2
    n_2-3-8 = -3
    n_2-3-9 = -3
    n_2-4-0 = -1
    n_2-4-1 = -2
    n_2-4-10 = -1
    n_2-4-11 = -1
    n_2-4-2 = -3
    n_2-4-3 = -4
    n_2-4-4 = -5
    n_2-4-5 = -20
    n_2-4-6 = -2
    n_2-4-7 = -2
    n_2-4-8 = -3
    n_2-4-9 = -3
    n_2-5-0 = 0
    n_2-5-1 = -1
    n_2-5-10 = 0
    n_2-5-11 = 0
    n_2-5-2 = -2
    n_2-5-3 = -3
    n_2-5-4 = -4
    n_2-5-5 = -19
    n_2-5-6 = -1
    n_2-5-7 = -1
    n_2-5-8 = -2
    n_2-5-9 = -2
    n_2-6-0 = -1
    n_2-6-1 = -2
    n_2-6-10 = -1
    n_2-6-11 = -1
    n_2-6-2 = -3
    n_2-6-3 = -4
    n_2-6-4 = -5
    n_2-6-5 = -20
    n_2-6-6 = -2
    n_2-6-7 = -2
    n_2-6-8 = -3
    n_2-6-9 = -3
    n_2-7-0 = -1
    n_2-7-1 = -2
    n_2-7-10 = -1
    n_2-7-11 = -1
    n_2-7-2 = -3
    n_2-7-3 = -4
    n_2-7-4 = -5
    n_2-7-5 = -20
    n_2-7-6 = -2
    n_2-7-7 = -2
    n_2-7-8 = -3
    n_2-7-9 = -3
    n_2-8-0 = -1
    n_2-8-1 = -2
    n_2-8-10 = -1
    n_2-8-11 = -1
    n_2-8-2 = -3
    n_2-8-3 = -4
    n_2-8-4 = -5
    n_2-8-5 = -20
    n_2-8-6 = -2
    n_2-8-7 = -2
    n_2-8-8 = -3
    n_2-8-9 = -3
    n_2-9-0 = -1
    n_2-9-1 = -2
    n_2-9-10 = -1
    n_2-9-11 = -1
    n_2-9-2 = -3
    n_2-9-3 = -4
    n_2-9-4 = -5
    n_2-9-5 = -20
    n_2-9-6 = -2
    n_2-9-7 = -2
    n_2-9-8 = -3
    n_2-9-9 = -3
    n_3-10-0 = -1
    n_3-10-1 = -2
    n_3-10-10 = -1
    n_3-10-11 = -1
    n_3-10-2 = -3
    n_3-10-3 = -4
    n_3-10-4 = -5
    n_3-10-5 = -20
    n_3-10-6 = -2
    n_3-10-7 = -2
    n_3-10-8 = -3
    n_3-10-9 = -3
    n_3-11-0 = -1
    n_3-11-1 = -2
    n_3-11-10 = -1
    n_3-11-11 = -1
    n_3-11-2 = -3
    n_3-11-3 = -4
    n_3-11-4 = -5
    n_3-11-5 = -20
    n_3-11-6 = -2
    n_3-11-7 = -2
    n_3-11-8 = -3
    n_3-11-9 = -3
    n_3-3-0 = -1
    n_3-3-1 = -2
    n_3-3-10 = -1
    n_3-3-11 = -1
    n_3-3-2 = -3
    n_3-3-3 = -4
    n_3-3-4 = -5
    n_3-3-5 = -20
    n_3-3-6 = -2
    n_3-3-7 = -2
    n_3-3-8 = -3
    n_3-3-9 = -3
    n_3-4-0 = -1
    n_3-4-1 = -2
    n_3-4-10 = 0
    n_3-4-11 = -1
    n_3-4-2 = -3
    n_3-4-3 = -4
    n_3-4-4 = -5
    n_3-4-5 = -20
    n_3-4-6 = -2
    n_3-4-7 = -1
    n_3-4-8 = -2
    n_3-4-9 = -3
    n_3-5-0 = 0
    n_3-5-1 = -1
    n_3-5-10 = 0
    n_3-5-11 = 0
    n_3-5-2 = -2
    n_3-5-3 = -3
    n_3-5-4 = -4
    n_3-5-5 = -19
    n_3-5-6 = -1
    n_3-5-7 = -1
    n_3-5-8 = -2
    n_3-5-9 = -2
    n_3-6-0 = -1
    n_3-6-1 = -2
    n_3-6-10 = -1
    n_3-6-11 = -1
    n_3-6-2 = -3
    n_3-6-3 = -4
    n_3-6-4 = -5
    n_3-6-5 = -20
    n_3-6-6 = -2
    n_3-6-7 = -2
    n_3-6-8 = -3
    n_3-6-9 = -3
    n_3-7-0 = -1
    n_3-7-1 = -2
    n_3-7-10 = -1
    n_3-7-11 = -1
    n_3-7-2 = -3
    n_3-7-3 = -4
    n_3-7-4 = -5
    n_3-7-5 = -20
    n_3-7-6 = -2
    n_3-7-7 = -2
    n_3-7-8 = -3
    n_3-7-9 = -3
    n_3-8-0 = -1
    n_3-8-1 = -2
    n_3-8-10 = -1
    n_3-8-11 = -1
    n_3-8-2 = -3
    n_3-8-3 = -4
    n_3-8-4 = -5
    n_3-8-5 = -20
    n_3-8-6 = -2
    n_3-8-7 = -2
    n_3-8-8 = -3
    n_3-8-9 = -3
    n_3-9-0 = -1
    n_3-9-1 = -2
    n_3-9-10 = -1
    n_3-9-11 = -1
    n_3-9-2 = -3
    n_3-9-3 = -4
    n_3-9-4 = -5
    n_3-9-5 = -20
    n_3-9-6 = -2
    n_3-9-7 = -2
    n_3-9-8 = -3
    n_3-9-9 = -3
    n_4-10-0 = -1
    n_4-10-1 = -2
    n_4-10-10 = -1
    n_4-10-11 = -1
    n_4-10-2 = -3
    n_4-10-3 = -4
    n_4-10-4 = -5
    n_4-10-5 = -20
    n_4-10-6 = -2
    n_4-10-7 = -2
    n_4-10-8 = -3
    n_4-10-9 = -3
    n_4-11-0 = -1
    n_4-11-1 = -2
    n_4-11-10 = -1
    n_4-11-11 = -1
    n_4-11-2 = -3
    n_4-11-3 = -4
    n_4-11-4 = -5
    n_4-11-5 = -20
    n_4-11-6 = -2
    n_4-11-7 = -2
    n_4-11-8 = -3
    n_4-11-9 = -3
    n_4-4-0 = -1
    n_4-4-1 = -2
    n_4-4-10 = 0
    n_4-4-11 = 0
    n_4-4-2 = -3
    n_4-4-3 = -4
    n_4-4-4 = -5
    n_4-4-5 = -20
    n_4-4-6 = -1
    n_4-4-7 = -1
    n_4-4-8 = -2
    n_4-4-9 = -2
    n_4-5-0 = 0
    n_4-5-1 = -1
    n_4-5-10 = 0
    n_4-5-11 = 0
    n_4-5-2 = -2
    n_4-5-3 = -3
    n_4-5-4 = -4
    n_4-5-5 = -19
    n_4-5-6 = -1
    n_4-5-7 = -1
    n_4-5-8 = -2
    n_4-5-9 = -2
    n_4-6-0 = -1
    n_4-6-1 = -2
    n_4-6-10 = -1
    n_4-6-11 = -1
    n_4-6-2 = -3
    n_4-6-3 = -4
    n_4-6-4 = -5
    n_4-6-5 = -20
    n_4-6-6 = -2
    n_4-6-7 = -2
    n_4-6-8 = -3
    n_4-6-9 = -3
    n_4-7-0 = -1
    n_4-7-1 = -2
    n_4-7-10 = -1
    n_4-7-11 = -1
    n_4-7-2 = -3
    n_4-7-3 = -4
    n_4-7-4 = -5
    n_4-7-5 = -20
    n_4-7-6 = -2
    n_4-7-7 = -2
    n_4-7-8 = -3
    n_4-7-9 = -3
    n_4-8-0 = -1
    n_4-8-1 = -2
    n_4-8-10 = -1
    n_4-8-11 = -1
    n_4-8-2 = -3
    n_4-8-3 = -4
    n_4-8-4 = -5
    n_4-8-5 = -20
    n_4-8-6 = -2
    n_4-8-7 = -2
    n_4-8-8 = -3
    n_4-8-9 = -3
    n_4-9-0 = -1
    n_4-9-1 = -2
    n_4-9-10 = -1
    n_4-9-11 = -1
    n_4-9-2 = -3
    n_4-9-3 = -4
    n_4-9-4 = -5
    n_4-9-5 = -20
    n_4-9-6 = -2
    n_4-9-7 = -2
    n_4-9-8 = -3
    n_4-9-9 = -3
    n_5-10-0 = 0
    n_5-10-1 = -1
    n_5-10-10 = 0
    n_5-10-11 = 0
    n_5-10-2 = -2
    n_5-10-3 = -3
    n_5-10-4 = -4
    n_5-10-5 = -19
    n_5-10-6 = -1
    n_5-10-7 = -1
    n_5-10-8 = -2
    n_5-10-9 = -2
    n_5-11-0 = 0
    n_5-11-1 = -1
    n_5-11-10 = 0
    n_5-11-11 = 0
    n_5-11-2 = -2
    n_5-11-3 = -3
    n_5-11-4 = -4
    n_5-11-5 = -19
    n_5-11-6 = -1
    n_5-11-7 = -1
    n_5-11-8 = -2
    n_5-11-9 = -2
    n_5-5-0 = 1
    n_5-5-1 = 0
    n_5-5-10 = 1
    n_5-5-11 = 1
    n_5-5-2 = -1
    n_5-5-3 = -2
    n_5-5-4 = -3
    n_5-5-5 = -18
    n_5-5-6 = 0
    n_5-5-7 = 0
    n_5-5-8 = -1
    n_5-5-9 = -1
    n_5-6-0 = 0
    n_5-6-1 = -1
    n_5-6-10 = 0
    n_5-6-11 = 0
    n_5-6-2 = -2
    n_5-6-3 = -3
    n_5-6-4 = -4
    n_5-6-5 = -19
    n_5-6-6 = -1
    n_5-6-7 = -1
    n_5-6-8 = -2
    n_5-6-9 = -2
    n_5-7-0 = 0
    n_5-7-1 = -1
    n_5-7-10 = 0
    n_5-7-11 = 0
    n_5-7-2 = -2
    n_5-7-3 = -3
    n_5-7-4 = -4
    n_5-7-5 = -19
    n_5-7-6 = -1
    n_5-7-7 = -1
    n_5-7-8 = -2
    n_5-7-9 = -2
    n_5-8-0 = 0
    n_5-8-1 = -1
    n_5-8-10 = 0
    n_5-8-11 = 0
    n_5-8-2 = -2
    n_5-8-3 = -3
    n_5-8-4 = -4
    n_5-8-5 = -19
    n_5-8-6 = -1
    n_5-8-7 = -1
    n_5-8-8 = -2
    n_5-8-9 = -2
    n_5-9-0 = 0
    n_5-9-1 = -1
    n_5-9-10 = 0
    n_5-9-11 = 0
    n_5-9-2 = -2
    n_5-9-3 = -3
    n_5-9-4 = -4
    n_5-9-5 = -19
    n_5-9-6 = -1
    n_5-9-7 = -1
    n_5-9-8 = -2
    n_5-9-9 = -2
    n_6-10-0 = -1
    n_6-10-1 = -2
    n_6-10-10 = -1
    n_6-10-11 = -1
    n_6-10-2 = -3
    n_6-10-3 = -4
    n_6-10-4 = -5
    n_6-10-5 = -20
    n_6-10-6 = -2
    n_6-10-7 = -2
    n_6-10-8 = -3
    n_6-10-9 = -3
    n_6-11-0 = -1
    n_6-11-1 = -2
    n_6-11-10 = -1
    n_6-11-11 = -1
    n_6-11-2 = -3
    n_6-11-3 = -4
    n_6-11-4 = -5
    n_6-11-5 = -20
    n_6-11-6 = -2
    n_6-11-7 = -2
    n_6-11-8 = -3
    n_6-11-9 = -3
    n_6-6-0 = -1
    n_6-6-1 = -2
    n_6-6-10 = -1
    n_6-6-11 = -1
    n_6-6-2 = -3
    n_6-6-3 = -4
    n_6-6-4 = -5
    n_6-6-5 = -20
    n_6-6-6 = -2
    n_6-6-7 = -2
    n_6-6-8 = -3
    n_6-6-9 = -3
    n_6-7-0 = -1
    n_6-7-1 = -2
    n_6-7-10 = -1
    n_6-7-11 = -1
    n_6-7-2 = -3
    n_6-7-3 = -4
    n_6-7-4 = -5
    n_6-7-5 = -20
    n_6-7-6 = -2
    n_6-7-7 = -2
    n_6-7-8 = -3
    n_6-7-9 = -3
    n_6-8-0 = -1
    n_6-8-1 = -2
    n_6-8-10 = -1
    n_6-8-11 = -1
    n_6-8-2 = -3
    n_6-8-3 = -4
    n_6-8-4 = -5
    n_6-8-5 = -20
    n_6-8-6 = -2
    n_6-8-7 = -2
    n_6-8-8 = -3
    n_6-8-9 = -3
    n_6-9-0 = -1
    n_6-9-1 = -2
    n_6-9-10 = -1
    n_6-9-11 = -1
    n_6-9-2 = -3
    n_6-9-3 = -4
    n_6-9-4 = -5
    n_6-9-5 = -20
    n_6-9-6 = -2
    n_6-9-7 = -2
    n_6-9-8 = -3
    n_6-9-9 = -3
    n_7-10-0 = -1
    n_7-10-1 = -2
    n_7-10-10 = -1
    n_7-10-11 = -1
    n_7-10-2 = -3
    n_7-10-3 = -4
    n_7-10-4 = -5
    n_7-10-5 = -20
    n_7-10-6 = -2
    n_7-10-7 = -2
    n_7-10-8 = -3
    n_7-10-9 = -3
    n_7-11-0 = -1
    n_7-11-1 = -2
    n_7-11-10 = -1
    n_7-11-11 = -1
    n_7-11-2 = -3
    n_7-11-3 = -4
    n_7-11-4 = -5
    n_7-11-5 = -20
    n_7-11-6 = -2
    n_7-11-7 = -2
    n_7-11-8 = -3
    n_7-11-9 = -3
    n_7-7-0 = -1
    n_7-7-1 = -2
    n_7-7-10 = -1
    n_7-7-11 = -1
    n_7-7-2 = -3
    n_7-7-3 = -4
    n_7-7-4 = -5
    n_7-7-5 = -20
    n_7-7-6 = -2
    n_7-7-7 = -2
    n_7-7-8 = -3
    n_7-7-9 = -3
    n_7-8-0 = -1
    n_7-8-1 = -2
    n_7-8-10 = -1
    n_7-8-11 = -1
    n_7-8-2 = -3
    n_7-8-3 = -4
    n_7-8-4 = -5
    n_7-8-5 = -20
    n_7-8-6 = -2
    n_7-8-7 = -2
    n_7-8-8 = -3
    n_7-8-9 = -3
    n_7-9-0 = -1
    n_7-9-1 = -2
    n_7-9-10 = -1
    n_7-9-11 = -1
    n_7-9-2 = -3
    n_7-9-3 = -4
    n_7-9-4 = -5
    n_7-9-5 = -20
    n_7-9-6 = -2
    n_7-9-7 = -2
    n_7-9-8 = -3
    n_7-9-9 = -3
    n_8-10-0 = -1
    n_8-10-1 = -2
    n_8-10-10 = -1
    n_8-10-11 = -1
    n_8-10-2 = -3
    n_8-10-3 = -4
    n_8-10-4 = -5
    n_8-10-5 = -20
    n_8-10-6 = -2
    n_8-10-7 = -2
    n_8-10-8 = -3
    n_8-10-9 = -3
    n_8-11-0 = -1
    n_8-11-1 = -2
    n_8-11-10 = -1
    n_8-11-11 = -1
    n_8-11-2 = -3
    n_8-11-3 = -4
    n_8-11-4 = -5
    n_8-11-5 = -20
    n_8-11-6 = -2
    n_8-11-7 = -2
    n_8-11-8 = -3
    n_8-11-9 = -3
    n_8-8-0 = -1
    n_8-8-1 = -2
    n_8-8-10 = -1
    n_8-8-11 = -1
    n_8-8-2 = -3
    n_8-8-3 = -4
    n_8-8-4 = -5
    n_8-8-5 = -20
    n_8-8-6 = -2
    n_8-8-7 = -2
    n_8-8-8 = -3
    n_8-8-9 = -3
    n_8-9-0 = -1
    n_8-9-1 = -2
    n_8-9-10 = -1
    n_8-9-11 = -1
    n_8-9-2 = -3
    n_8-9-3 = -4
    n_8-9-4 = -5
    n_8-9-5 = -20
    n_8-9-6 = -2
    n_8-9-7 = -2
    n_8-9-8 = -3
    n_8-9-9 = -3
    n_9-10-0 = -1
    n_9-10-1 = -2
    n_9-10-10 = -1
    n_9-10-11 = -1
    n_9-10-2 = -3
    n_9-10-3 = -4
    n_9-10-4 = -5
    n_9-10-5 = -20
    n_9-10-6 = -2
    n_9-10-7 = -2
    n_9-10-8 = -3
    n_9-10-9 = -3
    n_9-11-0 = -1
    n_9-11-1 = -2
    n_9-11-10 = -1
    n_9-11-11 = -1
    n_9-11-2 = -3
    n_9-11-3 = -4
    n_9-11-4 = -5
    n_9-11-5 = -20
    n_9-11-6 = -2
    n_9-11-7 = -2
    n_9-11-8 = -3
    n_9-11-9 = -3
    n_9-9-0 = -1
    n_9-9-1 = -2
    n_9-9-10 = -1
    n_9-9-11 = -1
    n_9-9-2 = -3
    n_9-9-3 = -4
    n_9-9-4 = -5
    n_9-9-5 = -20
    n_9-9-6 = -2
    n_9-9-7 = -2
    n_9-9-8 = -3
    n_9-9-9 = -3
    x_0 = 0.0247475
    x_1 = 0.0747475
    x_10 = 0.0197475
    x_11 = 0.0222475
    x_2 = 0.124747
    x_3 = 0.174747
    x_4 = 0.224747
    x_5 = 0.974747
    x_6 = 0.0722475
    x_7 = 0.0697475
    x_8 = 0.119747
    x_9 = 0.122247
  parameters:
    anchor = 0
    base_density = 0.13636363636363635
    delta = 0.022727272727272728
    epsilon = 0.0
    extra_alpha_upper_bound = 0.00022727272727272727
    extra_count = 6
    extra_length_bound = 0.00022727272727272727
    formulation = standard_variable_extra_milp
    free_base_start = False
    integer_lift_lower_bound = -21
    integer_lift_upper_bound = 2
    intervals = [{'index': 0, 'label': 'base_1', 'seed_start': 0.02474747474747474, 'seed_length': 0.022727272727272728, 'fixed_base': True}, {'index': 1, 'label': 'base_2', 'seed_start': 0.07474747474747478, 'seed_length': 0.022727272727272728, 'fixed_base': True}, {'index': 2, 'label': 'base_3', 'seed_start': 0.12474747474747461, 'seed_length': 0.022727272727272728, 'fixed_base': True}, {'index': 3, 'label': 'base_4', 'seed_start': 0.17474747474747465, 'seed_length': 0.022727272727272728, 'fixed_base': True}, {'index': 4, 'label': 'base_5', 'seed_start': 0.2247474747474747, 'seed_length': 0.022727272727272728, 'fixed_base': True}, {'index': 5, 'label': 'base_0', 'seed_start': 0.9747474747474747, 'seed_length': 0.022727272727272728, 'fixed_base': True}, {'index': 6, 'label': 'extra_0', 'seed_start': None, 'seed_length': None, 'fixed_base': False}, {'index': 7, 'label': 'extra_1', 'seed_start': None, 'seed_length': None, 'fixed_base': False}, {'index': 8, 'label': 'extra_2', 'seed_start': None, 'seed_length': None, 'fixed_base': False}, {'index': 9, 'label': 'extra_3', 'seed_start': None, 'seed_length': None, 'fixed_base': False}, {'index': 10, 'label': 'extra_4', 'seed_start': None, 'seed_length': None, 'fixed_base': False}, {'index': 11, 'label': 'extra_5', 'seed_start': None, 'seed_length': None, 'fixed_base': False}]
    m = 20
    q = 6
    solver_options = {'mip_rel_gap': 0.0, 'mip_abs_gap': 0.0}
    tolerance = 1e-09
    translated_missing_point = False
  solver details:
    mip_dual_bound = 0.137727
    mip_gap = 0
    mip_node_count = 5511

base density: 0.136363636364
MILP density: 0.137727272727
gain:         0.00136363636364
improved:     True (tolerance=1e-09)

Intervals:
  0: base_1   (0.0247474747475, 0.0474747474747) length=0.0227272727273
  1: base_2   (0.0747474747475, 0.0974747474747) length=0.0227272727273
  2: base_3   (0.124747474747, 0.147474747475) length=0.0227272727273
  3: base_4   (0.174747474747, 0.197474747475) length=0.0227272727273
  4: base_5   (0.224747474747, 0.247474747475) length=0.0227272727273
  5: base_0   (0.974747474747, 0.997474747475) length=0.0227272727273
  6: extra_0  (0.0722474747475, 0.0724747474747) length=0.000227272727273
  7: extra_1  (0.0697474747475, 0.0699747474747) length=0.000227272727273
  8: extra_2  (0.119747474747, 0.119974747475) length=0.000227272727273
  9: extra_3  (0.122247474747, 0.122474747475) length=0.000227272727273
  10: extra_4  (0.0197474747475, 0.0199747474747) length=0.000227272727273
  11: extra_5  (0.0222474747475, 0.0224747474747) length=0.000227272727273

Saved problem JSON: json_results/verification_20260716/tiny_intervals_extra_count_saturation/m20_q6_extra6_per_extra_bound_1over4400_relgap0_absgap0_problem.json
Saved solution JSON: json_results/verification_20260716/tiny_intervals_extra_count_saturation/m20_q6_extra6_per_extra_bound_1over4400_relgap0_absgap0_solution.json
