direct MILP around optimized 48-sum-free equally spaced construction: 1857 variables (1827 integer), 3695 constraints
base: m=48, q=13, delta=0.01, density=0.13, anchor=0, extra_count=2, free_base_start=False

MILPSolution('direct MILP around optimized 48-sum-free equally spaced construction')
  status: optimal (Optimization terminated successfully. (HiGHS Status 7: Optimal))
  objective: maximize, optimum = 0.130035
  values:
    alpha_0 = 0.01
    alpha_1 = 0.01
    alpha_10 = 0.01
    alpha_11 = 0.01
    alpha_12 = 0.01
    alpha_13 = 1.73611e-05
    alpha_14 = 1.73611e-05
    alpha_2 = 0.01
    alpha_3 = 0.01
    alpha_4 = 0.01
    alpha_5 = 0.01
    alpha_6 = 0.01
    alpha_7 = 0.01
    alpha_8 = 0.01
    alpha_9 = 0.01
    before_0-13 = 0
    before_0-14 = 1
    before_1-13 = 0
    before_1-14 = 1
    before_10-13 = 0
    before_10-14 = 0
    before_11-13 = 0
    before_11-14 = 0
    before_12-13 = 0
    before_12-14 = 0
    before_13-14 = 1
    before_2-13 = 0
    before_2-14 = 1
    before_3-13 = 0
    before_3-14 = 1
    before_4-13 = 0
    before_4-14 = 1
    before_5-13 = 0
    before_5-14 = 1
    before_6-13 = 0
    before_6-14 = 0
    before_7-13 = 0
    before_7-14 = 0
    before_8-13 = 0
    before_8-14 = 0
    before_9-13 = 0
    before_9-14 = 0
    n_0-0-0 = -1
    n_0-0-1 = -2
    n_0-0-10 = -11
    n_0-0-11 = -12
    n_0-0-12 = -48
    n_0-0-13 = -1
    n_0-0-14 = -7
    n_0-0-2 = -3
    n_0-0-3 = -4
    n_0-0-4 = -5
    n_0-0-5 = -6
    n_0-0-6 = -7
    n_0-0-7 = -8
    n_0-0-8 = -9
    n_0-0-9 = -10
    n_0-1-0 = -1
    n_0-1-1 = -2
    n_0-1-10 = -11
    n_0-1-11 = -12
    n_0-1-12 = -48
    n_0-1-13 = -1
    n_0-1-14 = -7
    n_0-1-2 = -3
    n_0-1-3 = -4
    n_0-1-4 = -5
    n_0-1-5 = -6
    n_0-1-6 = -7
    n_0-1-7 = -8
    n_0-1-8 = -9
    n_0-1-9 = -10
    n_0-10-0 = -1
    n_0-10-1 = -2
    n_0-10-10 = -11
    n_0-10-11 = -12
    n_0-10-12 = -48
    n_0-10-13 = -1
    n_0-10-14 = -7
    n_0-10-2 = -3
    n_0-10-3 = -4
    n_0-10-4 = -5
    n_0-10-5 = -6
    n_0-10-6 = -7
    n_0-10-7 = -8
    n_0-10-8 = -9
    n_0-10-9 = -10
    n_0-11-0 = -1
    n_0-11-1 = -2
    n_0-11-10 = -11
    n_0-11-11 = -12
    n_0-11-12 = -48
    n_0-11-13 = -1
    n_0-11-14 = -7
    n_0-11-2 = -3
    n_0-11-3 = -4
    n_0-11-4 = -5
    n_0-11-5 = -6
    n_0-11-6 = -7
    n_0-11-7 = -8
    n_0-11-8 = -9
    n_0-11-9 = -10
    n_0-12-0 = 0
    n_0-12-1 = -1
    n_0-12-10 = -10
    n_0-12-11 = -11
    n_0-12-12 = -47
    n_0-12-13 = 0
    n_0-12-14 = -6
    n_0-12-2 = -2
    n_0-12-3 = -3
    n_0-12-4 = -4
    n_0-12-5 = -5
    n_0-12-6 = -6
    n_0-12-7 = -7
    n_0-12-8 = -8
    n_0-12-9 = -9
    n_0-13-0 = -1
    n_0-13-1 = -2
    n_0-13-10 = -11
    n_0-13-11 = -12
    n_0-13-12 = -48
    n_0-13-13 = -1
    n_0-13-14 = -7
    n_0-13-2 = -3
    n_0-13-3 = -4
    n_0-13-4 = -5
    n_0-13-5 = -6
    n_0-13-6 = -7
    n_0-13-7 = -8
    n_0-13-8 = -9
    n_0-13-9 = -10
    n_0-14-0 = -1
    n_0-14-1 = -2
    n_0-14-10 = -11
    n_0-14-11 = -12
    n_0-14-12 = -48
    n_0-14-13 = -1
    n_0-14-14 = -7
    n_0-14-2 = -3
    n_0-14-3 = -4
    n_0-14-4 = -5
    n_0-14-5 = -6
    n_0-14-6 = -7
    n_0-14-7 = -8
    n_0-14-8 = -9
    n_0-14-9 = -10
    n_0-2-0 = -1
    n_0-2-1 = -2
    n_0-2-10 = -11
    n_0-2-11 = -12
    n_0-2-12 = -48
    n_0-2-13 = -1
    n_0-2-14 = -7
    n_0-2-2 = -3
    n_0-2-3 = -4
    n_0-2-4 = -5
    n_0-2-5 = -6
    n_0-2-6 = -7
    n_0-2-7 = -8
    n_0-2-8 = -9
    n_0-2-9 = -10
    n_0-3-0 = -1
    n_0-3-1 = -2
    n_0-3-10 = -11
    n_0-3-11 = -12
    n_0-3-12 = -48
    n_0-3-13 = -1
    n_0-3-14 = -7
    n_0-3-2 = -3
    n_0-3-3 = -4
    n_0-3-4 = -5
    n_0-3-5 = -6
    n_0-3-6 = -7
    n_0-3-7 = -8
    n_0-3-8 = -9
    n_0-3-9 = -10
    n_0-4-0 = -1
    n_0-4-1 = -2
    n_0-4-10 = -11
    n_0-4-11 = -12
    n_0-4-12 = -48
    n_0-4-13 = -1
    n_0-4-14 = -7
    n_0-4-2 = -3
    n_0-4-3 = -4
    n_0-4-4 = -5
    n_0-4-5 = -6
    n_0-4-6 = -7
    n_0-4-7 = -8
    n_0-4-8 = -9
    n_0-4-9 = -10
    n_0-5-0 = -1
    n_0-5-1 = -2
    n_0-5-10 = -11
    n_0-5-11 = -12
    n_0-5-12 = -48
    n_0-5-13 = -1
    n_0-5-14 = -7
    n_0-5-2 = -3
    n_0-5-3 = -4
    n_0-5-4 = -5
    n_0-5-5 = -6
    n_0-5-6 = -7
    n_0-5-7 = -8
    n_0-5-8 = -9
    n_0-5-9 = -10
    n_0-6-0 = -1
    n_0-6-1 = -2
    n_0-6-10 = -11
    n_0-6-11 = -12
    n_0-6-12 = -48
    n_0-6-13 = -1
    n_0-6-14 = -7
    n_0-6-2 = -3
    n_0-6-3 = -4
    n_0-6-4 = -5
    n_0-6-5 = -6
    n_0-6-6 = -7
    n_0-6-7 = -8
    n_0-6-8 = -9
    n_0-6-9 = -10
    n_0-7-0 = -1
    n_0-7-1 = -2
    n_0-7-10 = -11
    n_0-7-11 = -12
    n_0-7-12 = -48
    n_0-7-13 = -1
    n_0-7-14 = -7
    n_0-7-2 = -3
    n_0-7-3 = -4
    n_0-7-4 = -5
    n_0-7-5 = -6
    n_0-7-6 = -7
    n_0-7-7 = -8
    n_0-7-8 = -9
    n_0-7-9 = -10
    n_0-8-0 = -1
    n_0-8-1 = -2
    n_0-8-10 = -11
    n_0-8-11 = -12
    n_0-8-12 = -48
    n_0-8-13 = -1
    n_0-8-14 = -7
    n_0-8-2 = -3
    n_0-8-3 = -4
    n_0-8-4 = -5
    n_0-8-5 = -6
    n_0-8-6 = -7
    n_0-8-7 = -8
    n_0-8-8 = -9
    n_0-8-9 = -10
    n_0-9-0 = -1
    n_0-9-1 = -2
    n_0-9-10 = -11
    n_0-9-11 = -12
    n_0-9-12 = -48
    n_0-9-13 = -1
    n_0-9-14 = -7
    n_0-9-2 = -3
    n_0-9-3 = -4
    n_0-9-4 = -5
    n_0-9-5 = -6
    n_0-9-6 = -7
    n_0-9-7 = -8
    n_0-9-8 = -9
    n_0-9-9 = -10
    n_1-1-0 = -1
    n_1-1-1 = -2
    n_1-1-10 = -11
    n_1-1-11 = -12
    n_1-1-12 = -48
    n_1-1-13 = -1
    n_1-1-14 = -7
    n_1-1-2 = -3
    n_1-1-3 = -4
    n_1-1-4 = -5
    n_1-1-5 = -6
    n_1-1-6 = -7
    n_1-1-7 = -8
    n_1-1-8 = -9
    n_1-1-9 = -10
    n_1-10-0 = -1
    n_1-10-1 = -2
    n_1-10-10 = -11
    n_1-10-11 = -12
    n_1-10-12 = -48
    n_1-10-13 = -1
    n_1-10-14 = -7
    n_1-10-2 = -3
    n_1-10-3 = -4
    n_1-10-4 = -5
    n_1-10-5 = -6
    n_1-10-6 = -7
    n_1-10-7 = -8
    n_1-10-8 = -9
    n_1-10-9 = -10
    n_1-11-0 = -1
    n_1-11-1 = -2
    n_1-11-10 = -11
    n_1-11-11 = -12
    n_1-11-12 = -48
    n_1-11-13 = -1
    n_1-11-14 = -7
    n_1-11-2 = -3
    n_1-11-3 = -4
    n_1-11-4 = -5
    n_1-11-5 = -6
    n_1-11-6 = -7
    n_1-11-7 = -8
    n_1-11-8 = -9
    n_1-11-9 = -10
    n_1-12-0 = 0
    n_1-12-1 = -1
    n_1-12-10 = -10
    n_1-12-11 = -11
    n_1-12-12 = -47
    n_1-12-13 = 0
    n_1-12-14 = -6
    n_1-12-2 = -2
    n_1-12-3 = -3
    n_1-12-4 = -4
    n_1-12-5 = -5
    n_1-12-6 = -6
    n_1-12-7 = -7
    n_1-12-8 = -8
    n_1-12-9 = -9
    n_1-13-0 = -1
    n_1-13-1 = -2
    n_1-13-10 = -11
    n_1-13-11 = -12
    n_1-13-12 = -48
    n_1-13-13 = -1
    n_1-13-14 = -7
    n_1-13-2 = -3
    n_1-13-3 = -4
    n_1-13-4 = -5
    n_1-13-5 = -6
    n_1-13-6 = -7
    n_1-13-7 = -8
    n_1-13-8 = -9
    n_1-13-9 = -10
    n_1-14-0 = -1
    n_1-14-1 = -2
    n_1-14-10 = -11
    n_1-14-11 = -12
    n_1-14-12 = -48
    n_1-14-13 = -1
    n_1-14-14 = -7
    n_1-14-2 = -3
    n_1-14-3 = -4
    n_1-14-4 = -5
    n_1-14-5 = -6
    n_1-14-6 = -7
    n_1-14-7 = -8
    n_1-14-8 = -9
    n_1-14-9 = -10
    n_1-2-0 = -1
    n_1-2-1 = -2
    n_1-2-10 = -11
    n_1-2-11 = -12
    n_1-2-12 = -48
    n_1-2-13 = -1
    n_1-2-14 = -7
    n_1-2-2 = -3
    n_1-2-3 = -4
    n_1-2-4 = -5
    n_1-2-5 = -6
    n_1-2-6 = -7
    n_1-2-7 = -8
    n_1-2-8 = -9
    n_1-2-9 = -10
    n_1-3-0 = -1
    n_1-3-1 = -2
    n_1-3-10 = -11
    n_1-3-11 = -12
    n_1-3-12 = -48
    n_1-3-13 = -1
    n_1-3-14 = -7
    n_1-3-2 = -3
    n_1-3-3 = -4
    n_1-3-4 = -5
    n_1-3-5 = -6
    n_1-3-6 = -7
    n_1-3-7 = -8
    n_1-3-8 = -9
    n_1-3-9 = -10
    n_1-4-0 = -1
    n_1-4-1 = -2
    n_1-4-10 = -11
    n_1-4-11 = -12
    n_1-4-12 = -48
    n_1-4-13 = -1
    n_1-4-14 = -7
    n_1-4-2 = -3
    n_1-4-3 = -4
    n_1-4-4 = -5
    n_1-4-5 = -6
    n_1-4-6 = -7
    n_1-4-7 = -8
    n_1-4-8 = -9
    n_1-4-9 = -10
    n_1-5-0 = -1
    n_1-5-1 = -2
    n_1-5-10 = -11
    n_1-5-11 = -12
    n_1-5-12 = -48
    n_1-5-13 = -1
    n_1-5-14 = -7
    n_1-5-2 = -3
    n_1-5-3 = -4
    n_1-5-4 = -5
    n_1-5-5 = -6
    n_1-5-6 = -7
    n_1-5-7 = -8
    n_1-5-8 = -9
    n_1-5-9 = -10
    n_1-6-0 = -1
    n_1-6-1 = -2
    n_1-6-10 = -11
    n_1-6-11 = -12
    n_1-6-12 = -48
    n_1-6-13 = -1
    n_1-6-14 = -7
    n_1-6-2 = -3
    n_1-6-3 = -4
    n_1-6-4 = -5
    n_1-6-5 = -6
    n_1-6-6 = -7
    n_1-6-7 = -8
    n_1-6-8 = -9
    n_1-6-9 = -10
    n_1-7-0 = -1
    n_1-7-1 = -2
    n_1-7-10 = -11
    n_1-7-11 = -12
    n_1-7-12 = -48
    n_1-7-13 = -1
    n_1-7-14 = -7
    n_1-7-2 = -3
    n_1-7-3 = -4
    n_1-7-4 = -5
    n_1-7-5 = -6
    n_1-7-6 = -7
    n_1-7-7 = -8
    n_1-7-8 = -9
    n_1-7-9 = -10
    n_1-8-0 = -1
    n_1-8-1 = -2
    n_1-8-10 = -11
    n_1-8-11 = -12
    n_1-8-12 = -48
    n_1-8-13 = -1
    n_1-8-14 = -7
    n_1-8-2 = -3
    n_1-8-3 = -4
    n_1-8-4 = -5
    n_1-8-5 = -6
    n_1-8-6 = -7
    n_1-8-7 = -8
    n_1-8-8 = -9
    n_1-8-9 = -10
    n_1-9-0 = -1
    n_1-9-1 = -2
    n_1-9-10 = -11
    n_1-9-11 = -12
    n_1-9-12 = -48
    n_1-9-13 = -1
    n_1-9-14 = -7
    n_1-9-2 = -3
    n_1-9-3 = -4
    n_1-9-4 = -5
    n_1-9-5 = -6
    n_1-9-6 = -7
    n_1-9-7 = -8
    n_1-9-8 = -9
    n_1-9-9 = -10
    n_10-10-0 = -1
    n_10-10-1 = -2
    n_10-10-10 = -11
    n_10-10-11 = -12
    n_10-10-12 = -48
    n_10-10-13 = 0
    n_10-10-14 = -7
    n_10-10-2 = -3
    n_10-10-3 = -4
    n_10-10-4 = -5
    n_10-10-5 = -6
    n_10-10-6 = -7
    n_10-10-7 = -8
    n_10-10-8 = -9
    n_10-10-9 = -10
    n_10-11-0 = -1
    n_10-11-1 = -2
    n_10-11-10 = -11
    n_10-11-11 = -12
    n_10-11-12 = -48
    n_10-11-13 = 0
    n_10-11-14 = -7
    n_10-11-2 = -3
    n_10-11-3 = -4
    n_10-11-4 = -5
    n_10-11-5 = -6
    n_10-11-6 = -7
    n_10-11-7 = -8
    n_10-11-8 = -9
    n_10-11-9 = -10
    n_10-12-0 = 0
    n_10-12-1 = -1
    n_10-12-10 = -10
    n_10-12-11 = -11
    n_10-12-12 = -47
    n_10-12-13 = 0
    n_10-12-14 = -6
    n_10-12-2 = -2
    n_10-12-3 = -3
    n_10-12-4 = -4
    n_10-12-5 = -5
    n_10-12-6 = -6
    n_10-12-7 = -7
    n_10-12-8 = -8
    n_10-12-9 = -9
    n_10-13-0 = -1
    n_10-13-1 = -2
    n_10-13-10 = -11
    n_10-13-11 = -12
    n_10-13-12 = -48
    n_10-13-13 = -1
    n_10-13-14 = -7
    n_10-13-2 = -3
    n_10-13-3 = -4
    n_10-13-4 = -5
    n_10-13-5 = -6
    n_10-13-6 = -7
    n_10-13-7 = -8
    n_10-13-8 = -9
    n_10-13-9 = -10
    n_10-14-0 = -1
    n_10-14-1 = -2
    n_10-14-10 = -11
    n_10-14-11 = -12
    n_10-14-12 = -48
    n_10-14-13 = -1
    n_10-14-14 = -7
    n_10-14-2 = -3
    n_10-14-3 = -4
    n_10-14-4 = -5
    n_10-14-5 = -6
    n_10-14-6 = -7
    n_10-14-7 = -8
    n_10-14-8 = -9
    n_10-14-9 = -10
    n_11-11-0 = -1
    n_11-11-1 = -2
    n_11-11-10 = -11
    n_11-11-11 = -12
    n_11-11-12 = -48
    n_11-11-13 = 0
    n_11-11-14 = -6
    n_11-11-2 = -3
    n_11-11-3 = -4
    n_11-11-4 = -5
    n_11-11-5 = -6
    n_11-11-6 = -7
    n_11-11-7 = -8
    n_11-11-8 = -9
    n_11-11-9 = -10
    n_11-12-0 = 0
    n_11-12-1 = -1
    n_11-12-10 = -10
    n_11-12-11 = -11
    n_11-12-12 = -47
    n_11-12-13 = 0
    n_11-12-14 = -6
    n_11-12-2 = -2
    n_11-12-3 = -3
    n_11-12-4 = -4
    n_11-12-5 = -5
    n_11-12-6 = -6
    n_11-12-7 = -7
    n_11-12-8 = -8
    n_11-12-9 = -9
    n_11-13-0 = -1
    n_11-13-1 = -2
    n_11-13-10 = -11
    n_11-13-11 = -12
    n_11-13-12 = -48
    n_11-13-13 = -1
    n_11-13-14 = -7
    n_11-13-2 = -3
    n_11-13-3 = -4
    n_11-13-4 = -5
    n_11-13-5 = -6
    n_11-13-6 = -7
    n_11-13-7 = -8
    n_11-13-8 = -9
    n_11-13-9 = -10
    n_11-14-0 = -1
    n_11-14-1 = -2
    n_11-14-10 = -11
    n_11-14-11 = -12
    n_11-14-12 = -48
    n_11-14-13 = -1
    n_11-14-14 = -7
    n_11-14-2 = -3
    n_11-14-3 = -4
    n_11-14-4 = -5
    n_11-14-5 = -6
    n_11-14-6 = -7
    n_11-14-7 = -8
    n_11-14-8 = -9
    n_11-14-9 = -10
    n_12-12-0 = 1
    n_12-12-1 = 0
    n_12-12-10 = -9
    n_12-12-11 = -10
    n_12-12-12 = -46
    n_12-12-13 = 1
    n_12-12-14 = -5
    n_12-12-2 = -1
    n_12-12-3 = -2
    n_12-12-4 = -3
    n_12-12-5 = -4
    n_12-12-6 = -5
    n_12-12-7 = -6
    n_12-12-8 = -7
    n_12-12-9 = -8
    n_12-13-0 = 0
    n_12-13-1 = -1
    n_12-13-10 = -10
    n_12-13-11 = -11
    n_12-13-12 = -47
    n_12-13-13 = 0
    n_12-13-14 = -6
    n_12-13-2 = -2
    n_12-13-3 = -3
    n_12-13-4 = -4
    n_12-13-5 = -5
    n_12-13-6 = -6
    n_12-13-7 = -7
    n_12-13-8 = -8
    n_12-13-9 = -9
    n_12-14-0 = 0
    n_12-14-1 = -1
    n_12-14-10 = -10
    n_12-14-11 = -11
    n_12-14-12 = -47
    n_12-14-13 = 0
    n_12-14-14 = -6
    n_12-14-2 = -2
    n_12-14-3 = -3
    n_12-14-4 = -4
    n_12-14-5 = -5
    n_12-14-6 = -6
    n_12-14-7 = -7
    n_12-14-8 = -8
    n_12-14-9 = -9
    n_13-13-0 = -1
    n_13-13-1 = -2
    n_13-13-10 = -11
    n_13-13-11 = -12
    n_13-13-12 = -48
    n_13-13-13 = -1
    n_13-13-14 = -7
    n_13-13-2 = -3
    n_13-13-3 = -4
    n_13-13-4 = -5
    n_13-13-5 = -6
    n_13-13-6 = -7
    n_13-13-7 = -8
    n_13-13-8 = -9
    n_13-13-9 = -10
    n_13-14-0 = -1
    n_13-14-1 = -2
    n_13-14-10 = -11
    n_13-14-11 = -12
    n_13-14-12 = -48
    n_13-14-13 = -1
    n_13-14-14 = -7
    n_13-14-2 = -3
    n_13-14-3 = -4
    n_13-14-4 = -5
    n_13-14-5 = -6
    n_13-14-6 = -7
    n_13-14-7 = -8
    n_13-14-8 = -9
    n_13-14-9 = -10
    n_14-14-0 = -1
    n_14-14-1 = -2
    n_14-14-10 = -11
    n_14-14-11 = -12
    n_14-14-12 = -48
    n_14-14-13 = -1
    n_14-14-14 = -7
    n_14-14-2 = -3
    n_14-14-3 = -4
    n_14-14-4 = -5
    n_14-14-5 = -6
    n_14-14-6 = -7
    n_14-14-7 = -8
    n_14-14-8 = -9
    n_14-14-9 = -10
    n_2-10-0 = -1
    n_2-10-1 = -2
    n_2-10-10 = -11
    n_2-10-11 = -12
    n_2-10-12 = -48
    n_2-10-13 = -1
    n_2-10-14 = -7
    n_2-10-2 = -3
    n_2-10-3 = -4
    n_2-10-4 = -5
    n_2-10-5 = -6
    n_2-10-6 = -7
    n_2-10-7 = -8
    n_2-10-8 = -9
    n_2-10-9 = -10
    n_2-11-0 = -1
    n_2-11-1 = -2
    n_2-11-10 = -11
    n_2-11-11 = -12
    n_2-11-12 = -48
    n_2-11-13 = -1
    n_2-11-14 = -7
    n_2-11-2 = -3
    n_2-11-3 = -4
    n_2-11-4 = -5
    n_2-11-5 = -6
    n_2-11-6 = -7
    n_2-11-7 = -8
    n_2-11-8 = -9
    n_2-11-9 = -10
    n_2-12-0 = 0
    n_2-12-1 = -1
    n_2-12-10 = -10
    n_2-12-11 = -11
    n_2-12-12 = -47
    n_2-12-13 = 0
    n_2-12-14 = -6
    n_2-12-2 = -2
    n_2-12-3 = -3
    n_2-12-4 = -4
    n_2-12-5 = -5
    n_2-12-6 = -6
    n_2-12-7 = -7
    n_2-12-8 = -8
    n_2-12-9 = -9
    n_2-13-0 = -1
    n_2-13-1 = -2
    n_2-13-10 = -11
    n_2-13-11 = -12
    n_2-13-12 = -48
    n_2-13-13 = -1
    n_2-13-14 = -7
    n_2-13-2 = -3
    n_2-13-3 = -4
    n_2-13-4 = -5
    n_2-13-5 = -6
    n_2-13-6 = -7
    n_2-13-7 = -8
    n_2-13-8 = -9
    n_2-13-9 = -10
    n_2-14-0 = -1
    n_2-14-1 = -2
    n_2-14-10 = -11
    n_2-14-11 = -12
    n_2-14-12 = -48
    n_2-14-13 = -1
    n_2-14-14 = -7
    n_2-14-2 = -3
    n_2-14-3 = -4
    n_2-14-4 = -5
    n_2-14-5 = -6
    n_2-14-6 = -7
    n_2-14-7 = -8
    n_2-14-8 = -9
    n_2-14-9 = -10
    n_2-2-0 = -1
    n_2-2-1 = -2
    n_2-2-10 = -11
    n_2-2-11 = -12
    n_2-2-12 = -48
    n_2-2-13 = -1
    n_2-2-14 = -7
    n_2-2-2 = -3
    n_2-2-3 = -4
    n_2-2-4 = -5
    n_2-2-5 = -6
    n_2-2-6 = -7
    n_2-2-7 = -8
    n_2-2-8 = -9
    n_2-2-9 = -10
    n_2-3-0 = -1
    n_2-3-1 = -2
    n_2-3-10 = -11
    n_2-3-11 = -12
    n_2-3-12 = -48
    n_2-3-13 = -1
    n_2-3-14 = -7
    n_2-3-2 = -3
    n_2-3-3 = -4
    n_2-3-4 = -5
    n_2-3-5 = -6
    n_2-3-6 = -7
    n_2-3-7 = -8
    n_2-3-8 = -9
    n_2-3-9 = -10
    n_2-4-0 = -1
    n_2-4-1 = -2
    n_2-4-10 = -11
    n_2-4-11 = -12
    n_2-4-12 = -48
    n_2-4-13 = -1
    n_2-4-14 = -7
    n_2-4-2 = -3
    n_2-4-3 = -4
    n_2-4-4 = -5
    n_2-4-5 = -6
    n_2-4-6 = -7
    n_2-4-7 = -8
    n_2-4-8 = -9
    n_2-4-9 = -10
    n_2-5-0 = -1
    n_2-5-1 = -2
    n_2-5-10 = -11
    n_2-5-11 = -12
    n_2-5-12 = -48
    n_2-5-13 = -1
    n_2-5-14 = -7
    n_2-5-2 = -3
    n_2-5-3 = -4
    n_2-5-4 = -5
    n_2-5-5 = -6
    n_2-5-6 = -7
    n_2-5-7 = -8
    n_2-5-8 = -9
    n_2-5-9 = -10
    n_2-6-0 = -1
    n_2-6-1 = -2
    n_2-6-10 = -11
    n_2-6-11 = -12
    n_2-6-12 = -48
    n_2-6-13 = -1
    n_2-6-14 = -7
    n_2-6-2 = -3
    n_2-6-3 = -4
    n_2-6-4 = -5
    n_2-6-5 = -6
    n_2-6-6 = -7
    n_2-6-7 = -8
    n_2-6-8 = -9
    n_2-6-9 = -10
    n_2-7-0 = -1
    n_2-7-1 = -2
    n_2-7-10 = -11
    n_2-7-11 = -12
    n_2-7-12 = -48
    n_2-7-13 = -1
    n_2-7-14 = -7
    n_2-7-2 = -3
    n_2-7-3 = -4
    n_2-7-4 = -5
    n_2-7-5 = -6
    n_2-7-6 = -7
    n_2-7-7 = -8
    n_2-7-8 = -9
    n_2-7-9 = -10
    n_2-8-0 = -1
    n_2-8-1 = -2
    n_2-8-10 = -11
    n_2-8-11 = -12
    n_2-8-12 = -48
    n_2-8-13 = -1
    n_2-8-14 = -7
    n_2-8-2 = -3
    n_2-8-3 = -4
    n_2-8-4 = -5
    n_2-8-5 = -6
    n_2-8-6 = -7
    n_2-8-7 = -8
    n_2-8-8 = -9
    n_2-8-9 = -10
    n_2-9-0 = -1
    n_2-9-1 = -2
    n_2-9-10 = -11
    n_2-9-11 = -12
    n_2-9-12 = -48
    n_2-9-13 = -1
    n_2-9-14 = -7
    n_2-9-2 = -3
    n_2-9-3 = -4
    n_2-9-4 = -5
    n_2-9-5 = -6
    n_2-9-6 = -7
    n_2-9-7 = -8
    n_2-9-8 = -9
    n_2-9-9 = -10
    n_3-10-0 = -1
    n_3-10-1 = -2
    n_3-10-10 = -11
    n_3-10-11 = -12
    n_3-10-12 = -48
    n_3-10-13 = -1
    n_3-10-14 = -7
    n_3-10-2 = -3
    n_3-10-3 = -4
    n_3-10-4 = -5
    n_3-10-5 = -6
    n_3-10-6 = -7
    n_3-10-7 = -8
    n_3-10-8 = -9
    n_3-10-9 = -10
    n_3-11-0 = -1
    n_3-11-1 = -2
    n_3-11-10 = -11
    n_3-11-11 = -12
    n_3-11-12 = -48
    n_3-11-13 = -1
    n_3-11-14 = -7
    n_3-11-2 = -3
    n_3-11-3 = -4
    n_3-11-4 = -5
    n_3-11-5 = -6
    n_3-11-6 = -7
    n_3-11-7 = -8
    n_3-11-8 = -9
    n_3-11-9 = -10
    n_3-12-0 = 0
    n_3-12-1 = -1
    n_3-12-10 = -10
    n_3-12-11 = -11
    n_3-12-12 = -47
    n_3-12-13 = 0
    n_3-12-14 = -6
    n_3-12-2 = -2
    n_3-12-3 = -3
    n_3-12-4 = -4
    n_3-12-5 = -5
    n_3-12-6 = -6
    n_3-12-7 = -7
    n_3-12-8 = -8
    n_3-12-9 = -9
    n_3-13-0 = -1
    n_3-13-1 = -2
    n_3-13-10 = -11
    n_3-13-11 = -12
    n_3-13-12 = -48
    n_3-13-13 = -1
    n_3-13-14 = -7
    n_3-13-2 = -3
    n_3-13-3 = -4
    n_3-13-4 = -5
    n_3-13-5 = -6
    n_3-13-6 = -7
    n_3-13-7 = -8
    n_3-13-8 = -9
    n_3-13-9 = -10
    n_3-14-0 = -1
    n_3-14-1 = -2
    n_3-14-10 = -11
    n_3-14-11 = -12
    n_3-14-12 = -48
    n_3-14-13 = -1
    n_3-14-14 = -7
    n_3-14-2 = -3
    n_3-14-3 = -4
    n_3-14-4 = -5
    n_3-14-5 = -6
    n_3-14-6 = -7
    n_3-14-7 = -8
    n_3-14-8 = -9
    n_3-14-9 = -10
    n_3-3-0 = -1
    n_3-3-1 = -2
    n_3-3-10 = -11
    n_3-3-11 = -12
    n_3-3-12 = -48
    n_3-3-13 = -1
    n_3-3-14 = -7
    n_3-3-2 = -3
    n_3-3-3 = -4
    n_3-3-4 = -5
    n_3-3-5 = -6
    n_3-3-6 = -7
    n_3-3-7 = -8
    n_3-3-8 = -9
    n_3-3-9 = -10
    n_3-4-0 = -1
    n_3-4-1 = -2
    n_3-4-10 = -11
    n_3-4-11 = -12
    n_3-4-12 = -48
    n_3-4-13 = -1
    n_3-4-14 = -7
    n_3-4-2 = -3
    n_3-4-3 = -4
    n_3-4-4 = -5
    n_3-4-5 = -6
    n_3-4-6 = -7
    n_3-4-7 = -8
    n_3-4-8 = -9
    n_3-4-9 = -10
    n_3-5-0 = -1
    n_3-5-1 = -2
    n_3-5-10 = -11
    n_3-5-11 = -12
    n_3-5-12 = -48
    n_3-5-13 = -1
    n_3-5-14 = -7
    n_3-5-2 = -3
    n_3-5-3 = -4
    n_3-5-4 = -5
    n_3-5-5 = -6
    n_3-5-6 = -7
    n_3-5-7 = -8
    n_3-5-8 = -9
    n_3-5-9 = -10
    n_3-6-0 = -1
    n_3-6-1 = -2
    n_3-6-10 = -11
    n_3-6-11 = -12
    n_3-6-12 = -48
    n_3-6-13 = -1
    n_3-6-14 = -7
    n_3-6-2 = -3
    n_3-6-3 = -4
    n_3-6-4 = -5
    n_3-6-5 = -6
    n_3-6-6 = -7
    n_3-6-7 = -8
    n_3-6-8 = -9
    n_3-6-9 = -10
    n_3-7-0 = -1
    n_3-7-1 = -2
    n_3-7-10 = -11
    n_3-7-11 = -12
    n_3-7-12 = -48
    n_3-7-13 = -1
    n_3-7-14 = -7
    n_3-7-2 = -3
    n_3-7-3 = -4
    n_3-7-4 = -5
    n_3-7-5 = -6
    n_3-7-6 = -7
    n_3-7-7 = -8
    n_3-7-8 = -9
    n_3-7-9 = -10
    n_3-8-0 = -1
    n_3-8-1 = -2
    n_3-8-10 = -11
    n_3-8-11 = -12
    n_3-8-12 = -48
    n_3-8-13 = -1
    n_3-8-14 = -7
    n_3-8-2 = -3
    n_3-8-3 = -4
    n_3-8-4 = -5
    n_3-8-5 = -6
    n_3-8-6 = -7
    n_3-8-7 = -8
    n_3-8-8 = -9
    n_3-8-9 = -10
    n_3-9-0 = -1
    n_3-9-1 = -2
    n_3-9-10 = -11
    n_3-9-11 = -12
    n_3-9-12 = -48
    n_3-9-13 = -1
    n_3-9-14 = -7
    n_3-9-2 = -3
    n_3-9-3 = -4
    n_3-9-4 = -5
    n_3-9-5 = -6
    n_3-9-6 = -7
    n_3-9-7 = -8
    n_3-9-8 = -9
    n_3-9-9 = -10
    n_4-10-0 = -1
    n_4-10-1 = -2
    n_4-10-10 = -11
    n_4-10-11 = -12
    n_4-10-12 = -48
    n_4-10-13 = -1
    n_4-10-14 = -7
    n_4-10-2 = -3
    n_4-10-3 = -4
    n_4-10-4 = -5
    n_4-10-5 = -6
    n_4-10-6 = -7
    n_4-10-7 = -8
    n_4-10-8 = -9
    n_4-10-9 = -10
    n_4-11-0 = -1
    n_4-11-1 = -2
    n_4-11-10 = -11
    n_4-11-11 = -12
    n_4-11-12 = -48
    n_4-11-13 = -1
    n_4-11-14 = -7
    n_4-11-2 = -3
    n_4-11-3 = -4
    n_4-11-4 = -5
    n_4-11-5 = -6
    n_4-11-6 = -7
    n_4-11-7 = -8
    n_4-11-8 = -9
    n_4-11-9 = -10
    n_4-12-0 = 0
    n_4-12-1 = -1
    n_4-12-10 = -10
    n_4-12-11 = -11
    n_4-12-12 = -47
    n_4-12-13 = 0
    n_4-12-14 = -6
    n_4-12-2 = -2
    n_4-12-3 = -3
    n_4-12-4 = -4
    n_4-12-5 = -5
    n_4-12-6 = -6
    n_4-12-7 = -7
    n_4-12-8 = -8
    n_4-12-9 = -9
    n_4-13-0 = -1
    n_4-13-1 = -2
    n_4-13-10 = -11
    n_4-13-11 = -12
    n_4-13-12 = -48
    n_4-13-13 = -1
    n_4-13-14 = -7
    n_4-13-2 = -3
    n_4-13-3 = -4
    n_4-13-4 = -5
    n_4-13-5 = -6
    n_4-13-6 = -7
    n_4-13-7 = -8
    n_4-13-8 = -9
    n_4-13-9 = -10
    n_4-14-0 = -1
    n_4-14-1 = -2
    n_4-14-10 = -11
    n_4-14-11 = -12
    n_4-14-12 = -48
    n_4-14-13 = -1
    n_4-14-14 = -7
    n_4-14-2 = -3
    n_4-14-3 = -4
    n_4-14-4 = -5
    n_4-14-5 = -6
    n_4-14-6 = -7
    n_4-14-7 = -8
    n_4-14-8 = -9
    n_4-14-9 = -10
    n_4-4-0 = -1
    n_4-4-1 = -2
    n_4-4-10 = -11
    n_4-4-11 = -12
    n_4-4-12 = -48
    n_4-4-13 = -1
    n_4-4-14 = -7
    n_4-4-2 = -3
    n_4-4-3 = -4
    n_4-4-4 = -5
    n_4-4-5 = -6
    n_4-4-6 = -7
    n_4-4-7 = -8
    n_4-4-8 = -9
    n_4-4-9 = -10
    n_4-5-0 = -1
    n_4-5-1 = -2
    n_4-5-10 = -11
    n_4-5-11 = -12
    n_4-5-12 = -48
    n_4-5-13 = -1
    n_4-5-14 = -7
    n_4-5-2 = -3
    n_4-5-3 = -4
    n_4-5-4 = -5
    n_4-5-5 = -6
    n_4-5-6 = -7
    n_4-5-7 = -8
    n_4-5-8 = -9
    n_4-5-9 = -10
    n_4-6-0 = -1
    n_4-6-1 = -2
    n_4-6-10 = -11
    n_4-6-11 = -12
    n_4-6-12 = -48
    n_4-6-13 = -1
    n_4-6-14 = -7
    n_4-6-2 = -3
    n_4-6-3 = -4
    n_4-6-4 = -5
    n_4-6-5 = -6
    n_4-6-6 = -7
    n_4-6-7 = -8
    n_4-6-8 = -9
    n_4-6-9 = -10
    n_4-7-0 = -1
    n_4-7-1 = -2
    n_4-7-10 = -11
    n_4-7-11 = -12
    n_4-7-12 = -48
    n_4-7-13 = -1
    n_4-7-14 = -7
    n_4-7-2 = -3
    n_4-7-3 = -4
    n_4-7-4 = -5
    n_4-7-5 = -6
    n_4-7-6 = -7
    n_4-7-7 = -8
    n_4-7-8 = -9
    n_4-7-9 = -10
    n_4-8-0 = -1
    n_4-8-1 = -2
    n_4-8-10 = -11
    n_4-8-11 = -12
    n_4-8-12 = -48
    n_4-8-13 = -1
    n_4-8-14 = -7
    n_4-8-2 = -3
    n_4-8-3 = -4
    n_4-8-4 = -5
    n_4-8-5 = -6
    n_4-8-6 = -7
    n_4-8-7 = -8
    n_4-8-8 = -9
    n_4-8-9 = -10
    n_4-9-0 = -1
    n_4-9-1 = -2
    n_4-9-10 = -11
    n_4-9-11 = -12
    n_4-9-12 = -48
    n_4-9-13 = -1
    n_4-9-14 = -7
    n_4-9-2 = -3
    n_4-9-3 = -4
    n_4-9-4 = -5
    n_4-9-5 = -6
    n_4-9-6 = -7
    n_4-9-7 = -8
    n_4-9-8 = -9
    n_4-9-9 = -10
    n_5-10-0 = -1
    n_5-10-1 = -2
    n_5-10-10 = -11
    n_5-10-11 = -12
    n_5-10-12 = -48
    n_5-10-13 = -1
    n_5-10-14 = -7
    n_5-10-2 = -3
    n_5-10-3 = -4
    n_5-10-4 = -5
    n_5-10-5 = -6
    n_5-10-6 = -7
    n_5-10-7 = -8
    n_5-10-8 = -9
    n_5-10-9 = -10
    n_5-11-0 = -1
    n_5-11-1 = -2
    n_5-11-10 = -11
    n_5-11-11 = -12
    n_5-11-12 = -48
    n_5-11-13 = -1
    n_5-11-14 = -7
    n_5-11-2 = -3
    n_5-11-3 = -4
    n_5-11-4 = -5
    n_5-11-5 = -6
    n_5-11-6 = -7
    n_5-11-7 = -8
    n_5-11-8 = -9
    n_5-11-9 = -10
    n_5-12-0 = 0
    n_5-12-1 = -1
    n_5-12-10 = -10
    n_5-12-11 = -11
    n_5-12-12 = -47
    n_5-12-13 = 0
    n_5-12-14 = -6
    n_5-12-2 = -2
    n_5-12-3 = -3
    n_5-12-4 = -4
    n_5-12-5 = -5
    n_5-12-6 = -6
    n_5-12-7 = -7
    n_5-12-8 = -8
    n_5-12-9 = -9
    n_5-13-0 = -1
    n_5-13-1 = -2
    n_5-13-10 = -11
    n_5-13-11 = -12
    n_5-13-12 = -48
    n_5-13-13 = -1
    n_5-13-14 = -7
    n_5-13-2 = -3
    n_5-13-3 = -4
    n_5-13-4 = -5
    n_5-13-5 = -6
    n_5-13-6 = -7
    n_5-13-7 = -8
    n_5-13-8 = -9
    n_5-13-9 = -10
    n_5-14-0 = -1
    n_5-14-1 = -2
    n_5-14-10 = -11
    n_5-14-11 = -12
    n_5-14-12 = -48
    n_5-14-13 = -1
    n_5-14-14 = -7
    n_5-14-2 = -3
    n_5-14-3 = -4
    n_5-14-4 = -5
    n_5-14-5 = -6
    n_5-14-6 = -7
    n_5-14-7 = -8
    n_5-14-8 = -9
    n_5-14-9 = -10
    n_5-5-0 = -1
    n_5-5-1 = -2
    n_5-5-10 = -11
    n_5-5-11 = -12
    n_5-5-12 = -48
    n_5-5-13 = -1
    n_5-5-14 = -7
    n_5-5-2 = -3
    n_5-5-3 = -4
    n_5-5-4 = -5
    n_5-5-5 = -6
    n_5-5-6 = -7
    n_5-5-7 = -8
    n_5-5-8 = -9
    n_5-5-9 = -10
    n_5-6-0 = -1
    n_5-6-1 = -2
    n_5-6-10 = -11
    n_5-6-11 = -12
    n_5-6-12 = -48
    n_5-6-13 = -1
    n_5-6-14 = -7
    n_5-6-2 = -3
    n_5-6-3 = -4
    n_5-6-4 = -5
    n_5-6-5 = -6
    n_5-6-6 = -7
    n_5-6-7 = -8
    n_5-6-8 = -9
    n_5-6-9 = -10
    n_5-7-0 = -1
    n_5-7-1 = -2
    n_5-7-10 = -11
    n_5-7-11 = -12
    n_5-7-12 = -48
    n_5-7-13 = -1
    n_5-7-14 = -7
    n_5-7-2 = -3
    n_5-7-3 = -4
    n_5-7-4 = -5
    n_5-7-5 = -6
    n_5-7-6 = -7
    n_5-7-7 = -8
    n_5-7-8 = -9
    n_5-7-9 = -10
    n_5-8-0 = -1
    n_5-8-1 = -2
    n_5-8-10 = -11
    n_5-8-11 = -12
    n_5-8-12 = -48
    n_5-8-13 = -1
    n_5-8-14 = -7
    n_5-8-2 = -3
    n_5-8-3 = -4
    n_5-8-4 = -5
    n_5-8-5 = -6
    n_5-8-6 = -7
    n_5-8-7 = -8
    n_5-8-8 = -9
    n_5-8-9 = -10
    n_5-9-0 = -1
    n_5-9-1 = -2
    n_5-9-10 = -11
    n_5-9-11 = -12
    n_5-9-12 = -48
    n_5-9-13 = -1
    n_5-9-14 = -7
    n_5-9-2 = -3
    n_5-9-3 = -4
    n_5-9-4 = -5
    n_5-9-5 = -6
    n_5-9-6 = -7
    n_5-9-7 = -8
    n_5-9-8 = -9
    n_5-9-9 = -10
    n_6-10-0 = -1
    n_6-10-1 = -2
    n_6-10-10 = -11
    n_6-10-11 = -12
    n_6-10-12 = -48
    n_6-10-13 = -1
    n_6-10-14 = -7
    n_6-10-2 = -3
    n_6-10-3 = -4
    n_6-10-4 = -5
    n_6-10-5 = -6
    n_6-10-6 = -7
    n_6-10-7 = -8
    n_6-10-8 = -9
    n_6-10-9 = -10
    n_6-11-0 = -1
    n_6-11-1 = -2
    n_6-11-10 = -11
    n_6-11-11 = -12
    n_6-11-12 = -48
    n_6-11-13 = -1
    n_6-11-14 = -7
    n_6-11-2 = -3
    n_6-11-3 = -4
    n_6-11-4 = -5
    n_6-11-5 = -6
    n_6-11-6 = -7
    n_6-11-7 = -8
    n_6-11-8 = -9
    n_6-11-9 = -10
    n_6-12-0 = 0
    n_6-12-1 = -1
    n_6-12-10 = -10
    n_6-12-11 = -11
    n_6-12-12 = -47
    n_6-12-13 = 0
    n_6-12-14 = -6
    n_6-12-2 = -2
    n_6-12-3 = -3
    n_6-12-4 = -4
    n_6-12-5 = -5
    n_6-12-6 = -6
    n_6-12-7 = -7
    n_6-12-8 = -8
    n_6-12-9 = -9
    n_6-13-0 = -1
    n_6-13-1 = -2
    n_6-13-10 = -11
    n_6-13-11 = -12
    n_6-13-12 = -48
    n_6-13-13 = -1
    n_6-13-14 = -7
    n_6-13-2 = -3
    n_6-13-3 = -4
    n_6-13-4 = -5
    n_6-13-5 = -6
    n_6-13-6 = -7
    n_6-13-7 = -8
    n_6-13-8 = -9
    n_6-13-9 = -10
    n_6-14-0 = -1
    n_6-14-1 = -2
    n_6-14-10 = -11
    n_6-14-11 = -12
    n_6-14-12 = -48
    n_6-14-13 = -1
    n_6-14-14 = -7
    n_6-14-2 = -3
    n_6-14-3 = -4
    n_6-14-4 = -5
    n_6-14-5 = -6
    n_6-14-6 = -7
    n_6-14-7 = -8
    n_6-14-8 = -9
    n_6-14-9 = -10
    n_6-6-0 = -1
    n_6-6-1 = -2
    n_6-6-10 = -11
    n_6-6-11 = -12
    n_6-6-12 = -48
    n_6-6-13 = -1
    n_6-6-14 = -7
    n_6-6-2 = -3
    n_6-6-3 = -4
    n_6-6-4 = -5
    n_6-6-5 = -6
    n_6-6-6 = -7
    n_6-6-7 = -8
    n_6-6-8 = -9
    n_6-6-9 = -10
    n_6-7-0 = -1
    n_6-7-1 = -2
    n_6-7-10 = -11
    n_6-7-11 = -12
    n_6-7-12 = -48
    n_6-7-13 = -1
    n_6-7-14 = -7
    n_6-7-2 = -3
    n_6-7-3 = -4
    n_6-7-4 = -5
    n_6-7-5 = -6
    n_6-7-6 = -7
    n_6-7-7 = -8
    n_6-7-8 = -9
    n_6-7-9 = -10
    n_6-8-0 = -1
    n_6-8-1 = -2
    n_6-8-10 = -11
    n_6-8-11 = -12
    n_6-8-12 = -48
    n_6-8-13 = -1
    n_6-8-14 = -7
    n_6-8-2 = -3
    n_6-8-3 = -4
    n_6-8-4 = -5
    n_6-8-5 = -6
    n_6-8-6 = -7
    n_6-8-7 = -8
    n_6-8-8 = -9
    n_6-8-9 = -10
    n_6-9-0 = -1
    n_6-9-1 = -2
    n_6-9-10 = -11
    n_6-9-11 = -12
    n_6-9-12 = -48
    n_6-9-13 = -1
    n_6-9-14 = -7
    n_6-9-2 = -3
    n_6-9-3 = -4
    n_6-9-4 = -5
    n_6-9-5 = -6
    n_6-9-6 = -7
    n_6-9-7 = -8
    n_6-9-8 = -9
    n_6-9-9 = -10
    n_7-10-0 = -1
    n_7-10-1 = -2
    n_7-10-10 = -11
    n_7-10-11 = -12
    n_7-10-12 = -48
    n_7-10-13 = -1
    n_7-10-14 = -7
    n_7-10-2 = -3
    n_7-10-3 = -4
    n_7-10-4 = -5
    n_7-10-5 = -6
    n_7-10-6 = -7
    n_7-10-7 = -8
    n_7-10-8 = -9
    n_7-10-9 = -10
    n_7-11-0 = -1
    n_7-11-1 = -2
    n_7-11-10 = -11
    n_7-11-11 = -12
    n_7-11-12 = -48
    n_7-11-13 = 0
    n_7-11-14 = -7
    n_7-11-2 = -3
    n_7-11-3 = -4
    n_7-11-4 = -5
    n_7-11-5 = -6
    n_7-11-6 = -7
    n_7-11-7 = -8
    n_7-11-8 = -9
    n_7-11-9 = -10
    n_7-12-0 = 0
    n_7-12-1 = -1
    n_7-12-10 = -10
    n_7-12-11 = -11
    n_7-12-12 = -47
    n_7-12-13 = 0
    n_7-12-14 = -6
    n_7-12-2 = -2
    n_7-12-3 = -3
    n_7-12-4 = -4
    n_7-12-5 = -5
    n_7-12-6 = -6
    n_7-12-7 = -7
    n_7-12-8 = -8
    n_7-12-9 = -9
    n_7-13-0 = -1
    n_7-13-1 = -2
    n_7-13-10 = -11
    n_7-13-11 = -12
    n_7-13-12 = -48
    n_7-13-13 = -1
    n_7-13-14 = -7
    n_7-13-2 = -3
    n_7-13-3 = -4
    n_7-13-4 = -5
    n_7-13-5 = -6
    n_7-13-6 = -7
    n_7-13-7 = -8
    n_7-13-8 = -9
    n_7-13-9 = -10
    n_7-14-0 = -1
    n_7-14-1 = -2
    n_7-14-10 = -11
    n_7-14-11 = -12
    n_7-14-12 = -48
    n_7-14-13 = -1
    n_7-14-14 = -7
    n_7-14-2 = -3
    n_7-14-3 = -4
    n_7-14-4 = -5
    n_7-14-5 = -6
    n_7-14-6 = -7
    n_7-14-7 = -8
    n_7-14-8 = -9
    n_7-14-9 = -10
    n_7-7-0 = -1
    n_7-7-1 = -2
    n_7-7-10 = -11
    n_7-7-11 = -12
    n_7-7-12 = -48
    n_7-7-13 = -1
    n_7-7-14 = -7
    n_7-7-2 = -3
    n_7-7-3 = -4
    n_7-7-4 = -5
    n_7-7-5 = -6
    n_7-7-6 = -7
    n_7-7-7 = -8
    n_7-7-8 = -9
    n_7-7-9 = -10
    n_7-8-0 = -1
    n_7-8-1 = -2
    n_7-8-10 = -11
    n_7-8-11 = -12
    n_7-8-12 = -48
    n_7-8-13 = -1
    n_7-8-14 = -7
    n_7-8-2 = -3
    n_7-8-3 = -4
    n_7-8-4 = -5
    n_7-8-5 = -6
    n_7-8-6 = -7
    n_7-8-7 = -8
    n_7-8-8 = -9
    n_7-8-9 = -10
    n_7-9-0 = -1
    n_7-9-1 = -2
    n_7-9-10 = -11
    n_7-9-11 = -12
    n_7-9-12 = -48
    n_7-9-13 = -1
    n_7-9-14 = -7
    n_7-9-2 = -3
    n_7-9-3 = -4
    n_7-9-4 = -5
    n_7-9-5 = -6
    n_7-9-6 = -7
    n_7-9-7 = -8
    n_7-9-8 = -9
    n_7-9-9 = -10
    n_8-10-0 = -1
    n_8-10-1 = -2
    n_8-10-10 = -11
    n_8-10-11 = -12
    n_8-10-12 = -48
    n_8-10-13 = 0
    n_8-10-14 = -7
    n_8-10-2 = -3
    n_8-10-3 = -4
    n_8-10-4 = -5
    n_8-10-5 = -6
    n_8-10-6 = -7
    n_8-10-7 = -8
    n_8-10-8 = -9
    n_8-10-9 = -10
    n_8-11-0 = -1
    n_8-11-1 = -2
    n_8-11-10 = -11
    n_8-11-11 = -12
    n_8-11-12 = -48
    n_8-11-13 = 0
    n_8-11-14 = -7
    n_8-11-2 = -3
    n_8-11-3 = -4
    n_8-11-4 = -5
    n_8-11-5 = -6
    n_8-11-6 = -7
    n_8-11-7 = -8
    n_8-11-8 = -9
    n_8-11-9 = -10
    n_8-12-0 = 0
    n_8-12-1 = -1
    n_8-12-10 = -10
    n_8-12-11 = -11
    n_8-12-12 = -47
    n_8-12-13 = 0
    n_8-12-14 = -6
    n_8-12-2 = -2
    n_8-12-3 = -3
    n_8-12-4 = -4
    n_8-12-5 = -5
    n_8-12-6 = -6
    n_8-12-7 = -7
    n_8-12-8 = -8
    n_8-12-9 = -9
    n_8-13-0 = -1
    n_8-13-1 = -2
    n_8-13-10 = -11
    n_8-13-11 = -12
    n_8-13-12 = -48
    n_8-13-13 = -1
    n_8-13-14 = -7
    n_8-13-2 = -3
    n_8-13-3 = -4
    n_8-13-4 = -5
    n_8-13-5 = -6
    n_8-13-6 = -7
    n_8-13-7 = -8
    n_8-13-8 = -9
    n_8-13-9 = -10
    n_8-14-0 = -1
    n_8-14-1 = -2
    n_8-14-10 = -11
    n_8-14-11 = -12
    n_8-14-12 = -48
    n_8-14-13 = -1
    n_8-14-14 = -7
    n_8-14-2 = -3
    n_8-14-3 = -4
    n_8-14-4 = -5
    n_8-14-5 = -6
    n_8-14-6 = -7
    n_8-14-7 = -8
    n_8-14-8 = -9
    n_8-14-9 = -10
    n_8-8-0 = -1
    n_8-8-1 = -2
    n_8-8-10 = -11
    n_8-8-11 = -12
    n_8-8-12 = -48
    n_8-8-13 = -1
    n_8-8-14 = -7
    n_8-8-2 = -3
    n_8-8-3 = -4
    n_8-8-4 = -5
    n_8-8-5 = -6
    n_8-8-6 = -7
    n_8-8-7 = -8
    n_8-8-8 = -9
    n_8-8-9 = -10
    n_8-9-0 = -1
    n_8-9-1 = -2
    n_8-9-10 = -11
    n_8-9-11 = -12
    n_8-9-12 = -48
    n_8-9-13 = -1
    n_8-9-14 = -7
    n_8-9-2 = -3
    n_8-9-3 = -4
    n_8-9-4 = -5
    n_8-9-5 = -6
    n_8-9-6 = -7
    n_8-9-7 = -8
    n_8-9-8 = -9
    n_8-9-9 = -10
    n_9-10-0 = -1
    n_9-10-1 = -2
    n_9-10-10 = -11
    n_9-10-11 = -12
    n_9-10-12 = -48
    n_9-10-13 = 0
    n_9-10-14 = -7
    n_9-10-2 = -3
    n_9-10-3 = -4
    n_9-10-4 = -5
    n_9-10-5 = -6
    n_9-10-6 = -7
    n_9-10-7 = -8
    n_9-10-8 = -9
    n_9-10-9 = -10
    n_9-11-0 = -1
    n_9-11-1 = -2
    n_9-11-10 = -11
    n_9-11-11 = -12
    n_9-11-12 = -48
    n_9-11-13 = 0
    n_9-11-14 = -7
    n_9-11-2 = -3
    n_9-11-3 = -4
    n_9-11-4 = -5
    n_9-11-5 = -6
    n_9-11-6 = -7
    n_9-11-7 = -8
    n_9-11-8 = -9
    n_9-11-9 = -10
    n_9-12-0 = 0
    n_9-12-1 = -1
    n_9-12-10 = -10
    n_9-12-11 = -11
    n_9-12-12 = -47
    n_9-12-13 = 0
    n_9-12-14 = -6
    n_9-12-2 = -2
    n_9-12-3 = -3
    n_9-12-4 = -4
    n_9-12-5 = -5
    n_9-12-6 = -6
    n_9-12-7 = -7
    n_9-12-8 = -8
    n_9-12-9 = -9
    n_9-13-0 = -1
    n_9-13-1 = -2
    n_9-13-10 = -11
    n_9-13-11 = -12
    n_9-13-12 = -48
    n_9-13-13 = -1
    n_9-13-14 = -7
    n_9-13-2 = -3
    n_9-13-3 = -4
    n_9-13-4 = -5
    n_9-13-5 = -6
    n_9-13-6 = -7
    n_9-13-7 = -8
    n_9-13-8 = -9
    n_9-13-9 = -10
    n_9-14-0 = -1
    n_9-14-1 = -2
    n_9-14-10 = -11
    n_9-14-11 = -12
    n_9-14-12 = -48
    n_9-14-13 = -1
    n_9-14-14 = -7
    n_9-14-2 = -3
    n_9-14-3 = -4
    n_9-14-4 = -5
    n_9-14-5 = -6
    n_9-14-6 = -7
    n_9-14-7 = -8
    n_9-14-8 = -9
    n_9-14-9 = -10
    n_9-9-0 = -1
    n_9-9-1 = -2
    n_9-9-10 = -11
    n_9-9-11 = -12
    n_9-9-12 = -48
    n_9-9-13 = 0
    n_9-9-14 = -7
    n_9-9-2 = -3
    n_9-9-3 = -4
    n_9-9-4 = -5
    n_9-9-5 = -6
    n_9-9-6 = -7
    n_9-9-7 = -8
    n_9-9-8 = -9
    n_9-9-9 = -10
    x_0 = 0.0103986
    x_1 = 0.0312319
    x_10 = 0.218732
    x_11 = 0.239565
    x_12 = 0.989565
    x_13 = 0.00822841
    x_14 = 0.134965
    x_2 = 0.0520652
    x_3 = 0.0728986
    x_4 = 0.0937319
    x_5 = 0.114565
    x_6 = 0.135399
    x_7 = 0.156232
    x_8 = 0.177065
    x_9 = 0.197899
  parameters:
    anchor = 0
    base_density = 0.13
    delta = 0.01
    epsilon = 0.0
    extra_alpha_upper_bound = 1.736111111111111e-05
    extra_count = 2
    extra_length_bound = 1.736111111111111e-05
    formulation = standard_variable_extra_milp
    free_base_start = False
    integer_lift_lower_bound = -49
    integer_lift_upper_bound = 2
    intervals = [{'index': 0, 'label': 'base_1', 'seed_start': 0.010398550724637579, 'seed_length': 0.01, 'fixed_base': True}, {'index': 1, 'label': 'base_2', 'seed_start': 0.03123188405797106, 'seed_length': 0.01, 'fixed_base': True}, {'index': 2, 'label': 'base_3', 'seed_start': 0.05206521739130432, 'seed_length': 0.01, 'fixed_base': True}, {'index': 3, 'label': 'base_4', 'seed_start': 0.07289855072463758, 'seed_length': 0.01, 'fixed_base': True}, {'index': 4, 'label': 'base_5', 'seed_start': 0.09373188405797106, 'seed_length': 0.01, 'fixed_base': True}, {'index': 5, 'label': 'base_6', 'seed_start': 0.11456521739130432, 'seed_length': 0.01, 'fixed_base': True}, {'index': 6, 'label': 'base_7', 'seed_start': 0.13539855072463758, 'seed_length': 0.01, 'fixed_base': True}, {'index': 7, 'label': 'base_8', 'seed_start': 0.15623188405797106, 'seed_length': 0.01, 'fixed_base': True}, {'index': 8, 'label': 'base_9', 'seed_start': 0.17706521739130432, 'seed_length': 0.01, 'fixed_base': True}, {'index': 9, 'label': 'base_10', 'seed_start': 0.19789855072463758, 'seed_length': 0.01, 'fixed_base': True}, {'index': 10, 'label': 'base_11', 'seed_start': 0.21873188405797106, 'seed_length': 0.01, 'fixed_base': True}, {'index': 11, 'label': 'base_12', 'seed_start': 0.23956521739130432, 'seed_length': 0.01, 'fixed_base': True}, {'index': 12, 'label': 'base_0', 'seed_start': 0.9895652173913043, 'seed_length': 0.01, 'fixed_base': True}, {'index': 13, 'label': 'extra_0', 'seed_start': None, 'seed_length': None, 'fixed_base': False}, {'index': 14, 'label': 'extra_1', 'seed_start': None, 'seed_length': None, 'fixed_base': False}]
    m = 48
    q = 13
    solver_options = {'mip_rel_gap': 0.0}
    tolerance = 1e-09
    translated_missing_point = False
  solver details:
    mip_dual_bound = 0.130035
    mip_gap = 0
    mip_node_count = 489

base density: 0.13
MILP density: 0.130034722222
gain:         3.47222222222e-05
improved:     True (tolerance=1e-09)

Intervals:
  0: base_1   (0.0103985507246, 0.0203985507246) length=0.01
  1: base_2   (0.031231884058, 0.041231884058) length=0.01
  2: base_3   (0.0520652173913, 0.0620652173913) length=0.01
  3: base_4   (0.0728985507246, 0.0828985507246) length=0.01
  4: base_5   (0.093731884058, 0.103731884058) length=0.01
  5: base_6   (0.114565217391, 0.124565217391) length=0.01
  6: base_7   (0.135398550725, 0.145398550725) length=0.01
  7: base_8   (0.156231884058, 0.166231884058) length=0.01
  8: base_9   (0.177065217391, 0.187065217391) length=0.01
  9: base_10  (0.197898550725, 0.207898550725) length=0.01
  10: base_11  (0.218731884058, 0.228731884058) length=0.01
  11: base_12  (0.239565217391, 0.249565217391) length=0.01
  12: base_0   (0.989565217391, 0.999565217391) length=0.01
  13: extra_0  (0.00822841183575, 0.00824577294686) length=1.73611111111e-05
  14: extra_1  (0.134964522947, 0.134981884058) length=1.73611111111e-05

Saved problem JSON: /home/ferran/interval_proofs/json_results/verification_20260716/tiny_intervals_two_extra/variable_extra_milp_m48_q13_anchor0_freebase0_extra2_problem.json
Saved solution JSON: /home/ferran/interval_proofs/json_results/verification_20260716/tiny_intervals_two_extra/variable_extra_milp_m48_q13_anchor0_freebase0_extra2_solution.json
	Command being timed: ".venv/bin/python equally_spaced_tiny_interval_lp.py --m 48 --tie-choice larger --anchor 0 --extra-count 2 --extra-length-bound 1.736111111111111e-05 --mip-rel-gap 0 --require-success --output-dir /home/ferran/interval_proofs/json_results/verification_20260716/tiny_intervals_two_extra"
	User time (seconds): 4.26
	System time (seconds): 0.08
	Percent of CPU this job got: 169%
	Elapsed (wall clock) time (h:mm:ss or m:ss): 0:02.57
	Average shared text size (kbytes): 0
	Average unshared data size (kbytes): 0
	Average stack size (kbytes): 0
	Average total size (kbytes): 0
	Maximum resident set size (kbytes): 98764
	Average resident set size (kbytes): 0
	Major (requiring I/O) page faults: 0
	Minor (reclaiming a frame) page faults: 18364
	Voluntary context switches: 106
	Involuntary context switches: 986
	Swaps: 0
	File system inputs: 0
	File system outputs: 2256
	Socket messages sent: 0
	Socket messages received: 0
	Signals delivered: 0
	Page size (bytes): 4096
	Exit status: 0
