direct MILP around optimized 25-sum-free equally spaced construction: 438 variables (420 integer), 863 constraints
base: m=25, q=7, delta=0.0192592592593, density=0.134814814815, anchor=0, extra_count=2, free_base_start=False

MILPSolution('direct MILP around optimized 25-sum-free equally spaced construction')
  status: optimal (Optimization terminated successfully. (HiGHS Status 7: Optimal))
  objective: maximize, optimum = 0.134933
  values:
    alpha_0 = 0.0192593
    alpha_1 = 0.0192593
    alpha_2 = 0.0192593
    alpha_3 = 0.0192593
    alpha_4 = 0.0192593
    alpha_5 = 0.0192593
    alpha_6 = 0.0192593
    alpha_7 = 5.92593e-05
    alpha_8 = 5.92593e-05
    before_0-7 = 1
    before_0-8 = 0
    before_1-7 = 1
    before_1-8 = 0
    before_2-7 = 1
    before_2-8 = 0
    before_3-7 = 0
    before_3-8 = 0
    before_4-7 = 0
    before_4-8 = 0
    before_5-7 = 0
    before_5-8 = 0
    before_6-7 = 0
    before_6-8 = 0
    before_7-8 = 0
    n_0-0-0 = -1
    n_0-0-1 = -2
    n_0-0-2 = -3
    n_0-0-3 = -4
    n_0-0-4 = -5
    n_0-0-5 = -6
    n_0-0-6 = -25
    n_0-0-7 = -4
    n_0-0-8 = -1
    n_0-1-0 = -1
    n_0-1-1 = -2
    n_0-1-2 = -3
    n_0-1-3 = -4
    n_0-1-4 = -5
    n_0-1-5 = -6
    n_0-1-6 = -25
    n_0-1-7 = -4
    n_0-1-8 = -1
    n_0-2-0 = -1
    n_0-2-1 = -2
    n_0-2-2 = -3
    n_0-2-3 = -4
    n_0-2-4 = -5
    n_0-2-5 = -6
    n_0-2-6 = -25
    n_0-2-7 = -4
    n_0-2-8 = -1
    n_0-3-0 = -1
    n_0-3-1 = -2
    n_0-3-2 = -3
    n_0-3-3 = -4
    n_0-3-4 = -5
    n_0-3-5 = -6
    n_0-3-6 = -25
    n_0-3-7 = -4
    n_0-3-8 = -1
    n_0-4-0 = -1
    n_0-4-1 = -2
    n_0-4-2 = -3
    n_0-4-3 = -4
    n_0-4-4 = -5
    n_0-4-5 = -6
    n_0-4-6 = -25
    n_0-4-7 = -4
    n_0-4-8 = -1
    n_0-5-0 = -1
    n_0-5-1 = -2
    n_0-5-2 = -3
    n_0-5-3 = -4
    n_0-5-4 = -5
    n_0-5-5 = -6
    n_0-5-6 = -25
    n_0-5-7 = -4
    n_0-5-8 = -1
    n_0-6-0 = 0
    n_0-6-1 = -1
    n_0-6-2 = -2
    n_0-6-3 = -3
    n_0-6-4 = -4
    n_0-6-5 = -5
    n_0-6-6 = -24
    n_0-6-7 = -3
    n_0-6-8 = 0
    n_0-7-0 = -1
    n_0-7-1 = -2
    n_0-7-2 = -3
    n_0-7-3 = -4
    n_0-7-4 = -5
    n_0-7-5 = -6
    n_0-7-6 = -25
    n_0-7-7 = -4
    n_0-7-8 = -1
    n_0-8-0 = -1
    n_0-8-1 = -2
    n_0-8-2 = -3
    n_0-8-3 = -4
    n_0-8-4 = -5
    n_0-8-5 = -6
    n_0-8-6 = -25
    n_0-8-7 = -4
    n_0-8-8 = -1
    n_1-1-0 = -1
    n_1-1-1 = -2
    n_1-1-2 = -3
    n_1-1-3 = -4
    n_1-1-4 = -5
    n_1-1-5 = -6
    n_1-1-6 = -25
    n_1-1-7 = -4
    n_1-1-8 = -1
    n_1-2-0 = -1
    n_1-2-1 = -2
    n_1-2-2 = -3
    n_1-2-3 = -4
    n_1-2-4 = -5
    n_1-2-5 = -6
    n_1-2-6 = -25
    n_1-2-7 = -4
    n_1-2-8 = -1
    n_1-3-0 = -1
    n_1-3-1 = -2
    n_1-3-2 = -3
    n_1-3-3 = -4
    n_1-3-4 = -5
    n_1-3-5 = -6
    n_1-3-6 = -25
    n_1-3-7 = -4
    n_1-3-8 = -1
    n_1-4-0 = -1
    n_1-4-1 = -2
    n_1-4-2 = -3
    n_1-4-3 = -4
    n_1-4-4 = -5
    n_1-4-5 = -6
    n_1-4-6 = -25
    n_1-4-7 = -4
    n_1-4-8 = -1
    n_1-5-0 = -1
    n_1-5-1 = -2
    n_1-5-2 = -3
    n_1-5-3 = -4
    n_1-5-4 = -5
    n_1-5-5 = -6
    n_1-5-6 = -25
    n_1-5-7 = -4
    n_1-5-8 = -1
    n_1-6-0 = 0
    n_1-6-1 = -1
    n_1-6-2 = -2
    n_1-6-3 = -3
    n_1-6-4 = -4
    n_1-6-5 = -5
    n_1-6-6 = -24
    n_1-6-7 = -3
    n_1-6-8 = 0
    n_1-7-0 = -1
    n_1-7-1 = -2
    n_1-7-2 = -3
    n_1-7-3 = -4
    n_1-7-4 = -5
    n_1-7-5 = -6
    n_1-7-6 = -25
    n_1-7-7 = -4
    n_1-7-8 = -1
    n_1-8-0 = -1
    n_1-8-1 = -2
    n_1-8-2 = -3
    n_1-8-3 = -4
    n_1-8-4 = -5
    n_1-8-5 = -6
    n_1-8-6 = -25
    n_1-8-7 = -4
    n_1-8-8 = -1
    n_2-2-0 = -1
    n_2-2-1 = -2
    n_2-2-2 = -3
    n_2-2-3 = -4
    n_2-2-4 = -5
    n_2-2-5 = -6
    n_2-2-6 = -25
    n_2-2-7 = -4
    n_2-2-8 = -1
    n_2-3-0 = -1
    n_2-3-1 = -2
    n_2-3-2 = -3
    n_2-3-3 = -4
    n_2-3-4 = -5
    n_2-3-5 = -6
    n_2-3-6 = -25
    n_2-3-7 = -4
    n_2-3-8 = -1
    n_2-4-0 = -1
    n_2-4-1 = -2
    n_2-4-2 = -3
    n_2-4-3 = -4
    n_2-4-4 = -5
    n_2-4-5 = -6
    n_2-4-6 = -25
    n_2-4-7 = -4
    n_2-4-8 = -1
    n_2-5-0 = -1
    n_2-5-1 = -2
    n_2-5-2 = -3
    n_2-5-3 = -4
    n_2-5-4 = -5
    n_2-5-5 = -6
    n_2-5-6 = -25
    n_2-5-7 = -4
    n_2-5-8 = -1
    n_2-6-0 = 0
    n_2-6-1 = -1
    n_2-6-2 = -2
    n_2-6-3 = -3
    n_2-6-4 = -4
    n_2-6-5 = -5
    n_2-6-6 = -24
    n_2-6-7 = -3
    n_2-6-8 = 0
    n_2-7-0 = -1
    n_2-7-1 = -2
    n_2-7-2 = -3
    n_2-7-3 = -4
    n_2-7-4 = -5
    n_2-7-5 = -6
    n_2-7-6 = -25
    n_2-7-7 = -4
    n_2-7-8 = -1
    n_2-8-0 = -1
    n_2-8-1 = -2
    n_2-8-2 = -3
    n_2-8-3 = -4
    n_2-8-4 = -5
    n_2-8-5 = -6
    n_2-8-6 = -25
    n_2-8-7 = -4
    n_2-8-8 = -1
    n_3-3-0 = -1
    n_3-3-1 = -2
    n_3-3-2 = -3
    n_3-3-3 = -4
    n_3-3-4 = -5
    n_3-3-5 = -6
    n_3-3-6 = -25
    n_3-3-7 = -4
    n_3-3-8 = -1
    n_3-4-0 = -1
    n_3-4-1 = -2
    n_3-4-2 = -3
    n_3-4-3 = -4
    n_3-4-4 = -5
    n_3-4-5 = -6
    n_3-4-6 = -25
    n_3-4-7 = -4
    n_3-4-8 = -1
    n_3-5-0 = -1
    n_3-5-1 = -2
    n_3-5-2 = -3
    n_3-5-3 = -4
    n_3-5-4 = -5
    n_3-5-5 = -6
    n_3-5-6 = -25
    n_3-5-7 = -4
    n_3-5-8 = -1
    n_3-6-0 = 0
    n_3-6-1 = -1
    n_3-6-2 = -2
    n_3-6-3 = -3
    n_3-6-4 = -4
    n_3-6-5 = -5
    n_3-6-6 = -24
    n_3-6-7 = -3
    n_3-6-8 = 0
    n_3-7-0 = -1
    n_3-7-1 = -2
    n_3-7-2 = -3
    n_3-7-3 = -4
    n_3-7-4 = -5
    n_3-7-5 = -6
    n_3-7-6 = -25
    n_3-7-7 = -4
    n_3-7-8 = -1
    n_3-8-0 = -1
    n_3-8-1 = -2
    n_3-8-2 = -3
    n_3-8-3 = -4
    n_3-8-4 = -5
    n_3-8-5 = -6
    n_3-8-6 = -25
    n_3-8-7 = -4
    n_3-8-8 = -1
    n_4-4-0 = -1
    n_4-4-1 = -2
    n_4-4-2 = -3
    n_4-4-3 = -4
    n_4-4-4 = -5
    n_4-4-5 = -6
    n_4-4-6 = -25
    n_4-4-7 = -4
    n_4-4-8 = -1
    n_4-5-0 = -1
    n_4-5-1 = -2
    n_4-5-2 = -3
    n_4-5-3 = -4
    n_4-5-4 = -5
    n_4-5-5 = -6
    n_4-5-6 = -25
    n_4-5-7 = -3
    n_4-5-8 = -1
    n_4-6-0 = 0
    n_4-6-1 = -1
    n_4-6-2 = -2
    n_4-6-3 = -3
    n_4-6-4 = -4
    n_4-6-5 = -5
    n_4-6-6 = -24
    n_4-6-7 = -3
    n_4-6-8 = 0
    n_4-7-0 = -1
    n_4-7-1 = -2
    n_4-7-2 = -3
    n_4-7-3 = -4
    n_4-7-4 = -5
    n_4-7-5 = -6
    n_4-7-6 = -25
    n_4-7-7 = -4
    n_4-7-8 = -1
    n_4-8-0 = -1
    n_4-8-1 = -2
    n_4-8-2 = -3
    n_4-8-3 = -4
    n_4-8-4 = -5
    n_4-8-5 = -6
    n_4-8-6 = -25
    n_4-8-7 = -4
    n_4-8-8 = -1
    n_5-5-0 = -1
    n_5-5-1 = -2
    n_5-5-2 = -3
    n_5-5-3 = -4
    n_5-5-4 = -5
    n_5-5-5 = -6
    n_5-5-6 = -25
    n_5-5-7 = -3
    n_5-5-8 = 0
    n_5-6-0 = 0
    n_5-6-1 = -1
    n_5-6-2 = -2
    n_5-6-3 = -3
    n_5-6-4 = -4
    n_5-6-5 = -5
    n_5-6-6 = -24
    n_5-6-7 = -3
    n_5-6-8 = 0
    n_5-7-0 = -1
    n_5-7-1 = -2
    n_5-7-2 = -3
    n_5-7-3 = -4
    n_5-7-4 = -5
    n_5-7-5 = -6
    n_5-7-6 = -25
    n_5-7-7 = -4
    n_5-7-8 = -1
    n_5-8-0 = -1
    n_5-8-1 = -2
    n_5-8-2 = -3
    n_5-8-3 = -4
    n_5-8-4 = -5
    n_5-8-5 = -6
    n_5-8-6 = -25
    n_5-8-7 = -4
    n_5-8-8 = -1
    n_6-6-0 = 1
    n_6-6-1 = 0
    n_6-6-2 = -1
    n_6-6-3 = -2
    n_6-6-4 = -3
    n_6-6-5 = -4
    n_6-6-6 = -23
    n_6-6-7 = -2
    n_6-6-8 = 1
    n_6-7-0 = 0
    n_6-7-1 = -1
    n_6-7-2 = -2
    n_6-7-3 = -3
    n_6-7-4 = -4
    n_6-7-5 = -5
    n_6-7-6 = -24
    n_6-7-7 = -3
    n_6-7-8 = 0
    n_6-8-0 = 0
    n_6-8-1 = -1
    n_6-8-2 = -2
    n_6-8-3 = -3
    n_6-8-4 = -4
    n_6-8-5 = -5
    n_6-8-6 = -24
    n_6-8-7 = -3
    n_6-8-8 = 0
    n_7-7-0 = -1
    n_7-7-1 = -2
    n_7-7-2 = -3
    n_7-7-3 = -4
    n_7-7-4 = -5
    n_7-7-5 = -6
    n_7-7-6 = -25
    n_7-7-7 = -4
    n_7-7-8 = -1
    n_7-8-0 = -1
    n_7-8-1 = -2
    n_7-8-2 = -3
    n_7-8-3 = -4
    n_7-8-4 = -5
    n_7-8-5 = -6
    n_7-8-6 = -25
    n_7-8-7 = -4
    n_7-8-8 = -1
    n_8-8-0 = -1
    n_8-8-1 = -2
    n_8-8-2 = -3
    n_8-8-3 = -4
    n_8-8-4 = -5
    n_8-8-5 = -6
    n_8-8-6 = -25
    n_8-8-7 = -4
    n_8-8-8 = -1
    x_0 = 0.019066
    x_1 = 0.059066
    x_2 = 0.099066
    x_3 = 0.139066
    x_4 = 0.179066
    x_5 = 0.219066
    x_6 = 0.979066
    x_7 = 0.135866
    x_8 = 0.017466
  parameters:
    anchor = 0
    base_density = 0.13481481481481483
    delta = 0.01925925925925926
    epsilon = 0.0
    extra_alpha_upper_bound = 0.037037037037037035
    extra_count = 2
    extra_length_bound = None
    formulation = standard_variable_extra_milp
    free_base_start = False
    integer_lift_lower_bound = -26
    integer_lift_upper_bound = 2
    intervals = [{'index': 0, 'label': 'base_1', 'seed_start': 0.019066022544283356, 'seed_length': 0.01925925925925926, 'fixed_base': True}, {'index': 1, 'label': 'base_2', 'seed_start': 0.05906602254428339, 'seed_length': 0.01925925925925926, 'fixed_base': True}, {'index': 2, 'label': 'base_3', 'seed_start': 0.09906602254428343, 'seed_length': 0.01925925925925926, 'fixed_base': True}, {'index': 3, 'label': 'base_4', 'seed_start': 0.13906602254428346, 'seed_length': 0.01925925925925926, 'fixed_base': True}, {'index': 4, 'label': 'base_5', 'seed_start': 0.1790660225442835, 'seed_length': 0.01925925925925926, 'fixed_base': True}, {'index': 5, 'label': 'base_6', 'seed_start': 0.21906602254428353, 'seed_length': 0.01925925925925926, 'fixed_base': True}, {'index': 6, 'label': 'base_0', 'seed_start': 0.9790660225442834, 'seed_length': 0.01925925925925926, 'fixed_base': True}, {'index': 7, 'label': 'extra_0', 'seed_start': None, 'seed_length': None, 'fixed_base': False}, {'index': 8, 'label': 'extra_1', 'seed_start': None, 'seed_length': None, 'fixed_base': False}]
    m = 25
    q = 7
    solver_options = {'mip_rel_gap': 0.0}
    tolerance = 1e-09
    translated_missing_point = False
  solver details:
    mip_dual_bound = 0.134933
    mip_gap = 0
    mip_node_count = 3197

base density: 0.134814814815
MILP density: 0.134933333333
gain:         0.000118518518519
improved:     True (tolerance=1e-09)

Intervals:
  0: base_1   (0.0190660225443, 0.0383252818035) length=0.0192592592593
  1: base_2   (0.0590660225443, 0.0783252818035) length=0.0192592592593
  2: base_3   (0.0990660225443, 0.118325281804) length=0.0192592592593
  3: base_4   (0.139066022544, 0.158325281804) length=0.0192592592593
  4: base_5   (0.179066022544, 0.198325281804) length=0.0192592592593
  5: base_6   (0.219066022544, 0.238325281804) length=0.0192592592593
  6: base_0   (0.979066022544, 0.998325281804) length=0.0192592592593
  7: extra_0  (0.135866022544, 0.135925281804) length=5.92592592596e-05
  8: extra_1  (0.0174660225443, 0.0175252818035) length=5.92592592593e-05

Saved problem JSON: /home/ferran/interval_proofs/json_results/verification_20260716/tiny_intervals_two_extra/variable_extra_milp_m25_q7_anchor0_freebase0_extra2_problem.json
Saved solution JSON: /home/ferran/interval_proofs/json_results/verification_20260716/tiny_intervals_two_extra/variable_extra_milp_m25_q7_anchor0_freebase0_extra2_solution.json
	Command being timed: ".venv/bin/python equally_spaced_tiny_interval_lp.py --m 25 --tie-choice larger --anchor 0 --extra-count 2 --mip-rel-gap 0 --require-success --output-dir /home/ferran/interval_proofs/json_results/verification_20260716/tiny_intervals_two_extra"
	User time (seconds): 6.82
	System time (seconds): 0.12
	Percent of CPU this job got: 157%
	Elapsed (wall clock) time (h:mm:ss or m:ss): 0:04.42
	Average shared text size (kbytes): 0
	Average unshared data size (kbytes): 0
	Average stack size (kbytes): 0
	Average total size (kbytes): 0
	Maximum resident set size (kbytes): 90340
	Average resident set size (kbytes): 0
	Major (requiring I/O) page faults: 0
	Minor (reclaiming a frame) page faults: 15773
	Voluntary context switches: 151
	Involuntary context switches: 810
	Swaps: 0
	File system inputs: 0
	File system outputs: 520
	Socket messages sent: 0
	Socket messages received: 0
	Signals delivered: 0
	Page size (bytes): 4096
	Exit status: 0
