direct MILP around optimized 32-sum-free equally spaced construction: 587 variables (567 integer), 1160 constraints
base: m=32, q=8, delta=0.0165441176471, density=0.132352941176, anchor=0, extra_count=2, free_base_start=False

MILPSolution('direct MILP around optimized 32-sum-free equally spaced construction')
  status: optimal (Optimization terminated successfully. (HiGHS Status 7: Optimal))
  objective: maximize, optimum = 0.132353
  values:
    alpha_0 = 0.0165441
    alpha_1 = 0.0165441
    alpha_2 = 0.0165441
    alpha_3 = 0.0165441
    alpha_4 = 0.0165441
    alpha_5 = 0.0165441
    alpha_6 = 0.0165441
    alpha_7 = 0.0165441
    alpha_8 = 0
    alpha_9 = 0
    before_0-8 = 0
    before_0-9 = 0
    before_1-8 = 0
    before_1-9 = 0
    before_2-8 = 0
    before_2-9 = 0
    before_3-8 = 0
    before_3-9 = 0
    before_4-8 = 0
    before_4-9 = 0
    before_5-8 = 0
    before_5-9 = 0
    before_6-8 = 0
    before_6-9 = 0
    before_7-8 = 0
    before_7-9 = 0
    before_8-9 = 0
    n_0-0-0 = -1
    n_0-0-1 = -2
    n_0-0-2 = -3
    n_0-0-3 = -4
    n_0-0-4 = -5
    n_0-0-5 = -6
    n_0-0-6 = -7
    n_0-0-7 = -32
    n_0-0-8 = -1
    n_0-0-9 = -1
    n_0-1-0 = -1
    n_0-1-1 = -2
    n_0-1-2 = -3
    n_0-1-3 = -4
    n_0-1-4 = -5
    n_0-1-5 = -6
    n_0-1-6 = -7
    n_0-1-7 = -32
    n_0-1-8 = -1
    n_0-1-9 = -1
    n_0-2-0 = -1
    n_0-2-1 = -2
    n_0-2-2 = -3
    n_0-2-3 = -4
    n_0-2-4 = -5
    n_0-2-5 = -6
    n_0-2-6 = -7
    n_0-2-7 = -32
    n_0-2-8 = -1
    n_0-2-9 = -1
    n_0-3-0 = -1
    n_0-3-1 = -2
    n_0-3-2 = -3
    n_0-3-3 = -4
    n_0-3-4 = -5
    n_0-3-5 = -6
    n_0-3-6 = -7
    n_0-3-7 = -32
    n_0-3-8 = -1
    n_0-3-9 = -1
    n_0-4-0 = -1
    n_0-4-1 = -2
    n_0-4-2 = -3
    n_0-4-3 = -4
    n_0-4-4 = -5
    n_0-4-5 = -6
    n_0-4-6 = -7
    n_0-4-7 = -32
    n_0-4-8 = -1
    n_0-4-9 = -1
    n_0-5-0 = -1
    n_0-5-1 = -2
    n_0-5-2 = -3
    n_0-5-3 = -4
    n_0-5-4 = -5
    n_0-5-5 = -6
    n_0-5-6 = -7
    n_0-5-7 = -32
    n_0-5-8 = -1
    n_0-5-9 = -1
    n_0-6-0 = -1
    n_0-6-1 = -2
    n_0-6-2 = -3
    n_0-6-3 = -4
    n_0-6-4 = -5
    n_0-6-5 = -6
    n_0-6-6 = -7
    n_0-6-7 = -32
    n_0-6-8 = -1
    n_0-6-9 = -1
    n_0-7-0 = 0
    n_0-7-1 = -1
    n_0-7-2 = -2
    n_0-7-3 = -3
    n_0-7-4 = -4
    n_0-7-5 = -5
    n_0-7-6 = -6
    n_0-7-7 = -31
    n_0-7-8 = 0
    n_0-7-9 = 0
    n_0-8-0 = -1
    n_0-8-1 = -2
    n_0-8-2 = -3
    n_0-8-3 = -4
    n_0-8-4 = -5
    n_0-8-5 = -6
    n_0-8-6 = -7
    n_0-8-7 = -32
    n_0-8-8 = -1
    n_0-8-9 = -1
    n_0-9-0 = -1
    n_0-9-1 = -2
    n_0-9-2 = -3
    n_0-9-3 = -4
    n_0-9-4 = -5
    n_0-9-5 = -6
    n_0-9-6 = -7
    n_0-9-7 = -32
    n_0-9-8 = -1
    n_0-9-9 = -1
    n_1-1-0 = -1
    n_1-1-1 = -2
    n_1-1-2 = -3
    n_1-1-3 = -4
    n_1-1-4 = -5
    n_1-1-5 = -6
    n_1-1-6 = -7
    n_1-1-7 = -32
    n_1-1-8 = -1
    n_1-1-9 = -1
    n_1-2-0 = -1
    n_1-2-1 = -2
    n_1-2-2 = -3
    n_1-2-3 = -4
    n_1-2-4 = -5
    n_1-2-5 = -6
    n_1-2-6 = -7
    n_1-2-7 = -32
    n_1-2-8 = -1
    n_1-2-9 = -1
    n_1-3-0 = -1
    n_1-3-1 = -2
    n_1-3-2 = -3
    n_1-3-3 = -4
    n_1-3-4 = -5
    n_1-3-5 = -6
    n_1-3-6 = -7
    n_1-3-7 = -32
    n_1-3-8 = -1
    n_1-3-9 = -1
    n_1-4-0 = -1
    n_1-4-1 = -2
    n_1-4-2 = -3
    n_1-4-3 = -4
    n_1-4-4 = -5
    n_1-4-5 = -6
    n_1-4-6 = -7
    n_1-4-7 = -32
    n_1-4-8 = -1
    n_1-4-9 = -1
    n_1-5-0 = -1
    n_1-5-1 = -2
    n_1-5-2 = -3
    n_1-5-3 = -4
    n_1-5-4 = -5
    n_1-5-5 = -6
    n_1-5-6 = -7
    n_1-5-7 = -32
    n_1-5-8 = -1
    n_1-5-9 = -1
    n_1-6-0 = -1
    n_1-6-1 = -2
    n_1-6-2 = -3
    n_1-6-3 = -4
    n_1-6-4 = -5
    n_1-6-5 = -6
    n_1-6-6 = -7
    n_1-6-7 = -32
    n_1-6-8 = -1
    n_1-6-9 = -1
    n_1-7-0 = 0
    n_1-7-1 = -1
    n_1-7-2 = -2
    n_1-7-3 = -3
    n_1-7-4 = -4
    n_1-7-5 = -5
    n_1-7-6 = -6
    n_1-7-7 = -31
    n_1-7-8 = 0
    n_1-7-9 = 0
    n_1-8-0 = -1
    n_1-8-1 = -2
    n_1-8-2 = -3
    n_1-8-3 = -4
    n_1-8-4 = -5
    n_1-8-5 = -6
    n_1-8-6 = -7
    n_1-8-7 = -32
    n_1-8-8 = -1
    n_1-8-9 = -1
    n_1-9-0 = -1
    n_1-9-1 = -2
    n_1-9-2 = -3
    n_1-9-3 = -4
    n_1-9-4 = -5
    n_1-9-5 = -6
    n_1-9-6 = -7
    n_1-9-7 = -32
    n_1-9-8 = -1
    n_1-9-9 = -1
    n_2-2-0 = -1
    n_2-2-1 = -2
    n_2-2-2 = -3
    n_2-2-3 = -4
    n_2-2-4 = -5
    n_2-2-5 = -6
    n_2-2-6 = -7
    n_2-2-7 = -32
    n_2-2-8 = -1
    n_2-2-9 = -1
    n_2-3-0 = -1
    n_2-3-1 = -2
    n_2-3-2 = -3
    n_2-3-3 = -4
    n_2-3-4 = -5
    n_2-3-5 = -6
    n_2-3-6 = -7
    n_2-3-7 = -32
    n_2-3-8 = -1
    n_2-3-9 = -1
    n_2-4-0 = -1
    n_2-4-1 = -2
    n_2-4-2 = -3
    n_2-4-3 = -4
    n_2-4-4 = -5
    n_2-4-5 = -6
    n_2-4-6 = -7
    n_2-4-7 = -32
    n_2-4-8 = -1
    n_2-4-9 = -1
    n_2-5-0 = -1
    n_2-5-1 = -2
    n_2-5-2 = -3
    n_2-5-3 = -4
    n_2-5-4 = -5
    n_2-5-5 = -6
    n_2-5-6 = -7
    n_2-5-7 = -32
    n_2-5-8 = -1
    n_2-5-9 = -1
    n_2-6-0 = -1
    n_2-6-1 = -2
    n_2-6-2 = -3
    n_2-6-3 = -4
    n_2-6-4 = -5
    n_2-6-5 = -6
    n_2-6-6 = -7
    n_2-6-7 = -32
    n_2-6-8 = -1
    n_2-6-9 = -1
    n_2-7-0 = 0
    n_2-7-1 = -1
    n_2-7-2 = -2
    n_2-7-3 = -3
    n_2-7-4 = -4
    n_2-7-5 = -5
    n_2-7-6 = -6
    n_2-7-7 = -31
    n_2-7-8 = 0
    n_2-7-9 = 0
    n_2-8-0 = -1
    n_2-8-1 = -2
    n_2-8-2 = -3
    n_2-8-3 = -4
    n_2-8-4 = -5
    n_2-8-5 = -6
    n_2-8-6 = -7
    n_2-8-7 = -32
    n_2-8-8 = -1
    n_2-8-9 = -1
    n_2-9-0 = -1
    n_2-9-1 = -2
    n_2-9-2 = -3
    n_2-9-3 = -4
    n_2-9-4 = -5
    n_2-9-5 = -6
    n_2-9-6 = -7
    n_2-9-7 = -32
    n_2-9-8 = -1
    n_2-9-9 = -1
    n_3-3-0 = -1
    n_3-3-1 = -2
    n_3-3-2 = -3
    n_3-3-3 = -4
    n_3-3-4 = -5
    n_3-3-5 = -6
    n_3-3-6 = -7
    n_3-3-7 = -32
    n_3-3-8 = -1
    n_3-3-9 = -1
    n_3-4-0 = -1
    n_3-4-1 = -2
    n_3-4-2 = -3
    n_3-4-3 = -4
    n_3-4-4 = -5
    n_3-4-5 = -6
    n_3-4-6 = -7
    n_3-4-7 = -32
    n_3-4-8 = -1
    n_3-4-9 = -1
    n_3-5-0 = -1
    n_3-5-1 = -2
    n_3-5-2 = -3
    n_3-5-3 = -4
    n_3-5-4 = -5
    n_3-5-5 = -6
    n_3-5-6 = -7
    n_3-5-7 = -32
    n_3-5-8 = -1
    n_3-5-9 = -1
    n_3-6-0 = -1
    n_3-6-1 = -2
    n_3-6-2 = -3
    n_3-6-3 = -4
    n_3-6-4 = -5
    n_3-6-5 = -6
    n_3-6-6 = -7
    n_3-6-7 = -32
    n_3-6-8 = -1
    n_3-6-9 = -1
    n_3-7-0 = 0
    n_3-7-1 = -1
    n_3-7-2 = -2
    n_3-7-3 = -3
    n_3-7-4 = -4
    n_3-7-5 = -5
    n_3-7-6 = -6
    n_3-7-7 = -31
    n_3-7-8 = 0
    n_3-7-9 = 0
    n_3-8-0 = -1
    n_3-8-1 = -2
    n_3-8-2 = -3
    n_3-8-3 = -4
    n_3-8-4 = -5
    n_3-8-5 = -6
    n_3-8-6 = -7
    n_3-8-7 = -32
    n_3-8-8 = -1
    n_3-8-9 = -1
    n_3-9-0 = -1
    n_3-9-1 = -2
    n_3-9-2 = -3
    n_3-9-3 = -4
    n_3-9-4 = -5
    n_3-9-5 = -6
    n_3-9-6 = -7
    n_3-9-7 = -32
    n_3-9-8 = -1
    n_3-9-9 = -1
    n_4-4-0 = -1
    n_4-4-1 = -2
    n_4-4-2 = -3
    n_4-4-3 = -4
    n_4-4-4 = -5
    n_4-4-5 = -6
    n_4-4-6 = -7
    n_4-4-7 = -32
    n_4-4-8 = -1
    n_4-4-9 = -1
    n_4-5-0 = -1
    n_4-5-1 = -2
    n_4-5-2 = -3
    n_4-5-3 = -4
    n_4-5-4 = -5
    n_4-5-5 = -6
    n_4-5-6 = -7
    n_4-5-7 = -32
    n_4-5-8 = -1
    n_4-5-9 = -1
    n_4-6-0 = -1
    n_4-6-1 = -2
    n_4-6-2 = -3
    n_4-6-3 = -4
    n_4-6-4 = -5
    n_4-6-5 = -6
    n_4-6-6 = -7
    n_4-6-7 = -32
    n_4-6-8 = -1
    n_4-6-9 = -1
    n_4-7-0 = 0
    n_4-7-1 = -1
    n_4-7-2 = -2
    n_4-7-3 = -3
    n_4-7-4 = -4
    n_4-7-5 = -5
    n_4-7-6 = -6
    n_4-7-7 = -31
    n_4-7-8 = 0
    n_4-7-9 = 0
    n_4-8-0 = -1
    n_4-8-1 = -2
    n_4-8-2 = -3
    n_4-8-3 = -4
    n_4-8-4 = -5
    n_4-8-5 = -6
    n_4-8-6 = -7
    n_4-8-7 = -32
    n_4-8-8 = -1
    n_4-8-9 = -1
    n_4-9-0 = -1
    n_4-9-1 = -2
    n_4-9-2 = -3
    n_4-9-3 = -4
    n_4-9-4 = -5
    n_4-9-5 = -6
    n_4-9-6 = -7
    n_4-9-7 = -32
    n_4-9-8 = -1
    n_4-9-9 = -1
    n_5-5-0 = -1
    n_5-5-1 = -2
    n_5-5-2 = -3
    n_5-5-3 = -4
    n_5-5-4 = -5
    n_5-5-5 = -6
    n_5-5-6 = -7
    n_5-5-7 = -32
    n_5-5-8 = -1
    n_5-5-9 = -1
    n_5-6-0 = -1
    n_5-6-1 = -2
    n_5-6-2 = -3
    n_5-6-3 = -4
    n_5-6-4 = -5
    n_5-6-5 = -6
    n_5-6-6 = -7
    n_5-6-7 = -32
    n_5-6-8 = -1
    n_5-6-9 = -1
    n_5-7-0 = 0
    n_5-7-1 = -1
    n_5-7-2 = -2
    n_5-7-3 = -3
    n_5-7-4 = -4
    n_5-7-5 = -5
    n_5-7-6 = -6
    n_5-7-7 = -31
    n_5-7-8 = 0
    n_5-7-9 = 0
    n_5-8-0 = -1
    n_5-8-1 = -2
    n_5-8-2 = -3
    n_5-8-3 = -4
    n_5-8-4 = -5
    n_5-8-5 = -6
    n_5-8-6 = -7
    n_5-8-7 = -32
    n_5-8-8 = -1
    n_5-8-9 = -1
    n_5-9-0 = -1
    n_5-9-1 = -2
    n_5-9-2 = -3
    n_5-9-3 = -4
    n_5-9-4 = -5
    n_5-9-5 = -6
    n_5-9-6 = -7
    n_5-9-7 = -32
    n_5-9-8 = -1
    n_5-9-9 = -1
    n_6-6-0 = -1
    n_6-6-1 = -2
    n_6-6-2 = -3
    n_6-6-3 = -4
    n_6-6-4 = -5
    n_6-6-5 = -6
    n_6-6-6 = -7
    n_6-6-7 = -32
    n_6-6-8 = -1
    n_6-6-9 = -1
    n_6-7-0 = 0
    n_6-7-1 = -1
    n_6-7-2 = -2
    n_6-7-3 = -3
    n_6-7-4 = -4
    n_6-7-5 = -5
    n_6-7-6 = -6
    n_6-7-7 = -31
    n_6-7-8 = 0
    n_6-7-9 = 0
    n_6-8-0 = -1
    n_6-8-1 = -2
    n_6-8-2 = -3
    n_6-8-3 = -4
    n_6-8-4 = -5
    n_6-8-5 = -6
    n_6-8-6 = -7
    n_6-8-7 = -32
    n_6-8-8 = -1
    n_6-8-9 = -1
    n_6-9-0 = -1
    n_6-9-1 = -2
    n_6-9-2 = -3
    n_6-9-3 = -4
    n_6-9-4 = -5
    n_6-9-5 = -6
    n_6-9-6 = -7
    n_6-9-7 = -32
    n_6-9-8 = -1
    n_6-9-9 = -1
    n_7-7-0 = 1
    n_7-7-1 = 0
    n_7-7-2 = -1
    n_7-7-3 = -2
    n_7-7-4 = -3
    n_7-7-5 = -4
    n_7-7-6 = -5
    n_7-7-7 = -30
    n_7-7-8 = 1
    n_7-7-9 = 1
    n_7-8-0 = 0
    n_7-8-1 = -1
    n_7-8-2 = -2
    n_7-8-3 = -3
    n_7-8-4 = -4
    n_7-8-5 = -5
    n_7-8-6 = -6
    n_7-8-7 = -31
    n_7-8-8 = 0
    n_7-8-9 = 0
    n_7-9-0 = 0
    n_7-9-1 = -1
    n_7-9-2 = -2
    n_7-9-3 = -3
    n_7-9-4 = -4
    n_7-9-5 = -5
    n_7-9-6 = -6
    n_7-9-7 = -31
    n_7-9-8 = 0
    n_7-9-9 = 0
    n_8-8-0 = -1
    n_8-8-1 = -2
    n_8-8-2 = -3
    n_8-8-3 = -4
    n_8-8-4 = -5
    n_8-8-5 = -6
    n_8-8-6 = -7
    n_8-8-7 = -32
    n_8-8-8 = -1
    n_8-8-9 = -1
    n_8-9-0 = -1
    n_8-9-1 = -2
    n_8-9-2 = -3
    n_8-9-3 = -4
    n_8-9-4 = -5
    n_8-9-5 = -6
    n_8-9-6 = -7
    n_8-9-7 = -32
    n_8-9-8 = -1
    n_8-9-9 = -1
    n_9-9-0 = -1
    n_9-9-1 = -2
    n_9-9-2 = -3
    n_9-9-3 = -4
    n_9-9-4 = -5
    n_9-9-5 = -6
    n_9-9-6 = -7
    n_9-9-7 = -32
    n_9-9-8 = -1
    n_9-9-9 = -1
    x_0 = 0.0136029
    x_1 = 0.0448529
    x_2 = 0.0761029
    x_3 = 0.107353
    x_4 = 0.138603
    x_5 = 0.169853
    x_6 = 0.201103
    x_7 = 0.982353
    x_8 = 0.0136029
    x_9 = 0.0136029
  parameters:
    anchor = 0
    base_density = 0.1323529411764706
    delta = 0.016544117647058824
    epsilon = 0.0
    extra_alpha_upper_bound = 0.0
    extra_count = 2
    extra_length_bound = 0.0
    formulation = standard_variable_extra_milp
    free_base_start = False
    integer_lift_lower_bound = -33
    integer_lift_upper_bound = 2
    intervals = [{'index': 0, 'label': 'base_1', 'seed_start': 0.013602941176470651, 'seed_length': 0.016544117647058824, 'fixed_base': True}, {'index': 1, 'label': 'base_2', 'seed_start': 0.04485294117647065, 'seed_length': 0.016544117647058824, 'fixed_base': True}, {'index': 2, 'label': 'base_3', 'seed_start': 0.07610294117647065, 'seed_length': 0.016544117647058824, 'fixed_base': True}, {'index': 3, 'label': 'base_4', 'seed_start': 0.10735294117647065, 'seed_length': 0.016544117647058824, 'fixed_base': True}, {'index': 4, 'label': 'base_5', 'seed_start': 0.13860294117647065, 'seed_length': 0.016544117647058824, 'fixed_base': True}, {'index': 5, 'label': 'base_6', 'seed_start': 0.16985294117647065, 'seed_length': 0.016544117647058824, 'fixed_base': True}, {'index': 6, 'label': 'base_7', 'seed_start': 0.20110294117647065, 'seed_length': 0.016544117647058824, 'fixed_base': True}, {'index': 7, 'label': 'base_0', 'seed_start': 0.9823529411764705, 'seed_length': 0.016544117647058824, 'fixed_base': True}, {'index': 8, 'label': 'extra_0', 'seed_start': None, 'seed_length': None, 'fixed_base': False}, {'index': 9, 'label': 'extra_1', 'seed_start': None, 'seed_length': None, 'fixed_base': False}]
    m = 32
    q = 8
    solver_options = {'mip_rel_gap': 0.0}
    tolerance = 1e-09
    translated_missing_point = False
  solver details:
    mip_dual_bound = 0.132353
    mip_gap = 0
    mip_node_count = 1

base density: 0.132352941176
MILP density: 0.132352941176
gain:         0
improved:     False (tolerance=1e-09)

Intervals:
  0: base_1   (0.0136029411765, 0.0301470588235) length=0.0165441176471
  1: base_2   (0.0448529411765, 0.0613970588235) length=0.0165441176471
  2: base_3   (0.0761029411765, 0.0926470588235) length=0.0165441176471
  3: base_4   (0.107352941176, 0.123897058824) length=0.0165441176471
  4: base_5   (0.138602941176, 0.155147058824) length=0.0165441176471
  5: base_6   (0.169852941176, 0.186397058824) length=0.0165441176471
  6: base_7   (0.201102941176, 0.217647058824) length=0.0165441176471
  7: base_0   (0.982352941176, 0.998897058824) length=0.0165441176471
  8: extra_0  (0.0136029411765, 0.0136029411765) length=0
  9: extra_1  (0.0136029411765, 0.0136029411765) length=0

Saved problem JSON: /home/ferran/interval_proofs/json_results/verification_20260716/tiny_intervals_two_extra/variable_extra_milp_m32_q8_anchor0_freebase0_extra2_problem.json
Saved solution JSON: /home/ferran/interval_proofs/json_results/verification_20260716/tiny_intervals_two_extra/variable_extra_milp_m32_q8_anchor0_freebase0_extra2_solution.json
	Command being timed: ".venv/bin/python equally_spaced_tiny_interval_lp.py --m 32 --tie-choice smaller --anchor 0 --extra-count 2 --extra-length-bound 0 --mip-rel-gap 0 --require-success --output-dir /home/ferran/interval_proofs/json_results/verification_20260716/tiny_intervals_two_extra"
	User time (seconds): 2.67
	System time (seconds): 0.07
	Percent of CPU this job got: 316%
	Elapsed (wall clock) time (h:mm:ss or m:ss): 0:00.86
	Average shared text size (kbytes): 0
	Average unshared data size (kbytes): 0
	Average stack size (kbytes): 0
	Average total size (kbytes): 0
	Maximum resident set size (kbytes): 83276
	Average resident set size (kbytes): 0
	Major (requiring I/O) page faults: 0
	Minor (reclaiming a frame) page faults: 14111
	Voluntary context switches: 87
	Involuntary context switches: 725
	Swaps: 0
	File system inputs: 0
	File system outputs: 704
	Socket messages sent: 0
	Socket messages received: 0
	Signals delivered: 0
	Page size (bytes): 4096
	Exit status: 0
