direct MILP around optimized 64-sum-free equally spaced construction: 3683 variables (3645 integer), 7343 constraints
base: m=64, q=17, delta=0.00757575757576, density=0.128787878788, anchor=0, extra_count=2, free_base_start=False

MILPSolution('direct MILP around optimized 64-sum-free equally spaced construction')
  status: optimal (Optimization terminated successfully. (HiGHS Status 7: Optimal))
  objective: maximize, optimum = 0.128803
  values:
    alpha_0 = 0.00757576
    alpha_1 = 0.00757576
    alpha_10 = 0.00757576
    alpha_11 = 0.00757576
    alpha_12 = 0.00757576
    alpha_13 = 0.00757576
    alpha_14 = 0.00757576
    alpha_15 = 0.00757576
    alpha_16 = 0.00757576
    alpha_17 = 7.3982e-06
    alpha_18 = 7.3982e-06
    alpha_2 = 0.00757576
    alpha_3 = 0.00757576
    alpha_4 = 0.00757576
    alpha_5 = 0.00757576
    alpha_6 = 0.00757576
    alpha_7 = 0.00757576
    alpha_8 = 0.00757576
    alpha_9 = 0.00757576
    before_0-17 = 0
    before_0-18 = 0
    before_1-17 = 0
    before_1-18 = 0
    before_10-17 = 0
    before_10-18 = 0
    before_11-17 = 0
    before_11-18 = 0
    before_12-17 = 0
    before_12-18 = 0
    before_13-17 = 0
    before_13-18 = 0
    before_14-17 = 0
    before_14-18 = 0
    before_15-17 = 0
    before_15-18 = 0
    before_16-17 = 0
    before_16-18 = 0
    before_17-18 = 0
    before_2-17 = 0
    before_2-18 = 0
    before_3-17 = 0
    before_3-18 = 0
    before_4-17 = 0
    before_4-18 = 0
    before_5-17 = 0
    before_5-18 = 0
    before_6-17 = 0
    before_6-18 = 0
    before_7-17 = 0
    before_7-18 = 0
    before_8-17 = 0
    before_8-18 = 0
    before_9-17 = 0
    before_9-18 = 0
    n_0-0-0 = -1
    n_0-0-1 = -2
    n_0-0-10 = -11
    n_0-0-11 = -12
    n_0-0-12 = -13
    n_0-0-13 = -14
    n_0-0-14 = -15
    n_0-0-15 = -16
    n_0-0-16 = -64
    n_0-0-17 = -1
    n_0-0-18 = -1
    n_0-0-2 = -3
    n_0-0-3 = -4
    n_0-0-4 = -5
    n_0-0-5 = -6
    n_0-0-6 = -7
    n_0-0-7 = -8
    n_0-0-8 = -9
    n_0-0-9 = -10
    n_0-1-0 = -1
    n_0-1-1 = -2
    n_0-1-10 = -11
    n_0-1-11 = -12
    n_0-1-12 = -13
    n_0-1-13 = -14
    n_0-1-14 = -15
    n_0-1-15 = -16
    n_0-1-16 = -64
    n_0-1-17 = -1
    n_0-1-18 = -1
    n_0-1-2 = -3
    n_0-1-3 = -4
    n_0-1-4 = -5
    n_0-1-5 = -6
    n_0-1-6 = -7
    n_0-1-7 = -8
    n_0-1-8 = -9
    n_0-1-9 = -10
    n_0-10-0 = -1
    n_0-10-1 = -2
    n_0-10-10 = -11
    n_0-10-11 = -12
    n_0-10-12 = -13
    n_0-10-13 = -14
    n_0-10-14 = -15
    n_0-10-15 = -16
    n_0-10-16 = -64
    n_0-10-17 = -1
    n_0-10-18 = -1
    n_0-10-2 = -3
    n_0-10-3 = -4
    n_0-10-4 = -5
    n_0-10-5 = -6
    n_0-10-6 = -7
    n_0-10-7 = -8
    n_0-10-8 = -9
    n_0-10-9 = -10
    n_0-11-0 = -1
    n_0-11-1 = -2
    n_0-11-10 = -11
    n_0-11-11 = -12
    n_0-11-12 = -13
    n_0-11-13 = -14
    n_0-11-14 = -15
    n_0-11-15 = -16
    n_0-11-16 = -64
    n_0-11-17 = -1
    n_0-11-18 = -1
    n_0-11-2 = -3
    n_0-11-3 = -4
    n_0-11-4 = -5
    n_0-11-5 = -6
    n_0-11-6 = -7
    n_0-11-7 = -8
    n_0-11-8 = -9
    n_0-11-9 = -10
    n_0-12-0 = -1
    n_0-12-1 = -2
    n_0-12-10 = -11
    n_0-12-11 = -12
    n_0-12-12 = -13
    n_0-12-13 = -14
    n_0-12-14 = -15
    n_0-12-15 = -16
    n_0-12-16 = -64
    n_0-12-17 = -1
    n_0-12-18 = -1
    n_0-12-2 = -3
    n_0-12-3 = -4
    n_0-12-4 = -5
    n_0-12-5 = -6
    n_0-12-6 = -7
    n_0-12-7 = -8
    n_0-12-8 = -9
    n_0-12-9 = -10
    n_0-13-0 = -1
    n_0-13-1 = -2
    n_0-13-10 = -11
    n_0-13-11 = -12
    n_0-13-12 = -13
    n_0-13-13 = -14
    n_0-13-14 = -15
    n_0-13-15 = -16
    n_0-13-16 = -64
    n_0-13-17 = -1
    n_0-13-18 = -1
    n_0-13-2 = -3
    n_0-13-3 = -4
    n_0-13-4 = -5
    n_0-13-5 = -6
    n_0-13-6 = -7
    n_0-13-7 = -8
    n_0-13-8 = -9
    n_0-13-9 = -10
    n_0-14-0 = -1
    n_0-14-1 = -2
    n_0-14-10 = -11
    n_0-14-11 = -12
    n_0-14-12 = -13
    n_0-14-13 = -14
    n_0-14-14 = -15
    n_0-14-15 = -16
    n_0-14-16 = -64
    n_0-14-17 = -1
    n_0-14-18 = -1
    n_0-14-2 = -3
    n_0-14-3 = -4
    n_0-14-4 = -5
    n_0-14-5 = -6
    n_0-14-6 = -7
    n_0-14-7 = -8
    n_0-14-8 = -9
    n_0-14-9 = -10
    n_0-15-0 = -1
    n_0-15-1 = -2
    n_0-15-10 = -11
    n_0-15-11 = -12
    n_0-15-12 = -13
    n_0-15-13 = -14
    n_0-15-14 = -15
    n_0-15-15 = -16
    n_0-15-16 = -64
    n_0-15-17 = -1
    n_0-15-18 = -1
    n_0-15-2 = -3
    n_0-15-3 = -4
    n_0-15-4 = -5
    n_0-15-5 = -6
    n_0-15-6 = -7
    n_0-15-7 = -8
    n_0-15-8 = -9
    n_0-15-9 = -10
    n_0-16-0 = 0
    n_0-16-1 = -1
    n_0-16-10 = -10
    n_0-16-11 = -11
    n_0-16-12 = -12
    n_0-16-13 = -13
    n_0-16-14 = -14
    n_0-16-15 = -15
    n_0-16-16 = -63
    n_0-16-17 = 0
    n_0-16-18 = 0
    n_0-16-2 = -2
    n_0-16-3 = -3
    n_0-16-4 = -4
    n_0-16-5 = -5
    n_0-16-6 = -6
    n_0-16-7 = -7
    n_0-16-8 = -8
    n_0-16-9 = -9
    n_0-17-0 = -1
    n_0-17-1 = -2
    n_0-17-10 = -11
    n_0-17-11 = -12
    n_0-17-12 = -13
    n_0-17-13 = -14
    n_0-17-14 = -15
    n_0-17-15 = -16
    n_0-17-16 = -64
    n_0-17-17 = -1
    n_0-17-18 = -1
    n_0-17-2 = -3
    n_0-17-3 = -4
    n_0-17-4 = -5
    n_0-17-5 = -6
    n_0-17-6 = -7
    n_0-17-7 = -8
    n_0-17-8 = -9
    n_0-17-9 = -10
    n_0-18-0 = -1
    n_0-18-1 = -2
    n_0-18-10 = -11
    n_0-18-11 = -12
    n_0-18-12 = -13
    n_0-18-13 = -14
    n_0-18-14 = -15
    n_0-18-15 = -16
    n_0-18-16 = -64
    n_0-18-17 = -1
    n_0-18-18 = -1
    n_0-18-2 = -3
    n_0-18-3 = -4
    n_0-18-4 = -5
    n_0-18-5 = -6
    n_0-18-6 = -7
    n_0-18-7 = -8
    n_0-18-8 = -9
    n_0-18-9 = -10
    n_0-2-0 = -1
    n_0-2-1 = -2
    n_0-2-10 = -11
    n_0-2-11 = -12
    n_0-2-12 = -13
    n_0-2-13 = -14
    n_0-2-14 = -15
    n_0-2-15 = -16
    n_0-2-16 = -64
    n_0-2-17 = -1
    n_0-2-18 = -1
    n_0-2-2 = -3
    n_0-2-3 = -4
    n_0-2-4 = -5
    n_0-2-5 = -6
    n_0-2-6 = -7
    n_0-2-7 = -8
    n_0-2-8 = -9
    n_0-2-9 = -10
    n_0-3-0 = -1
    n_0-3-1 = -2
    n_0-3-10 = -11
    n_0-3-11 = -12
    n_0-3-12 = -13
    n_0-3-13 = -14
    n_0-3-14 = -15
    n_0-3-15 = -16
    n_0-3-16 = -64
    n_0-3-17 = -1
    n_0-3-18 = -1
    n_0-3-2 = -3
    n_0-3-3 = -4
    n_0-3-4 = -5
    n_0-3-5 = -6
    n_0-3-6 = -7
    n_0-3-7 = -8
    n_0-3-8 = -9
    n_0-3-9 = -10
    n_0-4-0 = -1
    n_0-4-1 = -2
    n_0-4-10 = -11
    n_0-4-11 = -12
    n_0-4-12 = -13
    n_0-4-13 = -14
    n_0-4-14 = -15
    n_0-4-15 = -16
    n_0-4-16 = -64
    n_0-4-17 = -1
    n_0-4-18 = -1
    n_0-4-2 = -3
    n_0-4-3 = -4
    n_0-4-4 = -5
    n_0-4-5 = -6
    n_0-4-6 = -7
    n_0-4-7 = -8
    n_0-4-8 = -9
    n_0-4-9 = -10
    n_0-5-0 = -1
    n_0-5-1 = -2
    n_0-5-10 = -11
    n_0-5-11 = -12
    n_0-5-12 = -13
    n_0-5-13 = -14
    n_0-5-14 = -15
    n_0-5-15 = -16
    n_0-5-16 = -64
    n_0-5-17 = -1
    n_0-5-18 = -1
    n_0-5-2 = -3
    n_0-5-3 = -4
    n_0-5-4 = -5
    n_0-5-5 = -6
    n_0-5-6 = -7
    n_0-5-7 = -8
    n_0-5-8 = -9
    n_0-5-9 = -10
    n_0-6-0 = -1
    n_0-6-1 = -2
    n_0-6-10 = -11
    n_0-6-11 = -12
    n_0-6-12 = -13
    n_0-6-13 = -14
    n_0-6-14 = -15
    n_0-6-15 = -16
    n_0-6-16 = -64
    n_0-6-17 = -1
    n_0-6-18 = -1
    n_0-6-2 = -3
    n_0-6-3 = -4
    n_0-6-4 = -5
    n_0-6-5 = -6
    n_0-6-6 = -7
    n_0-6-7 = -8
    n_0-6-8 = -9
    n_0-6-9 = -10
    n_0-7-0 = -1
    n_0-7-1 = -2
    n_0-7-10 = -11
    n_0-7-11 = -12
    n_0-7-12 = -13
    n_0-7-13 = -14
    n_0-7-14 = -15
    n_0-7-15 = -16
    n_0-7-16 = -64
    n_0-7-17 = -1
    n_0-7-18 = -1
    n_0-7-2 = -3
    n_0-7-3 = -4
    n_0-7-4 = -5
    n_0-7-5 = -6
    n_0-7-6 = -7
    n_0-7-7 = -8
    n_0-7-8 = -9
    n_0-7-9 = -10
    n_0-8-0 = -1
    n_0-8-1 = -2
    n_0-8-10 = -11
    n_0-8-11 = -12
    n_0-8-12 = -13
    n_0-8-13 = -14
    n_0-8-14 = -15
    n_0-8-15 = -16
    n_0-8-16 = -64
    n_0-8-17 = -1
    n_0-8-18 = -1
    n_0-8-2 = -3
    n_0-8-3 = -4
    n_0-8-4 = -5
    n_0-8-5 = -6
    n_0-8-6 = -7
    n_0-8-7 = -8
    n_0-8-8 = -9
    n_0-8-9 = -10
    n_0-9-0 = -1
    n_0-9-1 = -2
    n_0-9-10 = -11
    n_0-9-11 = -12
    n_0-9-12 = -13
    n_0-9-13 = -14
    n_0-9-14 = -15
    n_0-9-15 = -16
    n_0-9-16 = -64
    n_0-9-17 = -1
    n_0-9-18 = -1
    n_0-9-2 = -3
    n_0-9-3 = -4
    n_0-9-4 = -5
    n_0-9-5 = -6
    n_0-9-6 = -7
    n_0-9-7 = -8
    n_0-9-8 = -9
    n_0-9-9 = -10
    n_1-1-0 = -1
    n_1-1-1 = -2
    n_1-1-10 = -11
    n_1-1-11 = -12
    n_1-1-12 = -13
    n_1-1-13 = -14
    n_1-1-14 = -15
    n_1-1-15 = -16
    n_1-1-16 = -64
    n_1-1-17 = -1
    n_1-1-18 = -1
    n_1-1-2 = -3
    n_1-1-3 = -4
    n_1-1-4 = -5
    n_1-1-5 = -6
    n_1-1-6 = -7
    n_1-1-7 = -8
    n_1-1-8 = -9
    n_1-1-9 = -10
    n_1-10-0 = -1
    n_1-10-1 = -2
    n_1-10-10 = -11
    n_1-10-11 = -12
    n_1-10-12 = -13
    n_1-10-13 = -14
    n_1-10-14 = -15
    n_1-10-15 = -16
    n_1-10-16 = -64
    n_1-10-17 = -1
    n_1-10-18 = -1
    n_1-10-2 = -3
    n_1-10-3 = -4
    n_1-10-4 = -5
    n_1-10-5 = -6
    n_1-10-6 = -7
    n_1-10-7 = -8
    n_1-10-8 = -9
    n_1-10-9 = -10
    n_1-11-0 = -1
    n_1-11-1 = -2
    n_1-11-10 = -11
    n_1-11-11 = -12
    n_1-11-12 = -13
    n_1-11-13 = -14
    n_1-11-14 = -15
    n_1-11-15 = -16
    n_1-11-16 = -64
    n_1-11-17 = -1
    n_1-11-18 = -1
    n_1-11-2 = -3
    n_1-11-3 = -4
    n_1-11-4 = -5
    n_1-11-5 = -6
    n_1-11-6 = -7
    n_1-11-7 = -8
    n_1-11-8 = -9
    n_1-11-9 = -10
    n_1-12-0 = -1
    n_1-12-1 = -2
    n_1-12-10 = -11
    n_1-12-11 = -12
    n_1-12-12 = -13
    n_1-12-13 = -14
    n_1-12-14 = -15
    n_1-12-15 = -16
    n_1-12-16 = -64
    n_1-12-17 = -1
    n_1-12-18 = -1
    n_1-12-2 = -3
    n_1-12-3 = -4
    n_1-12-4 = -5
    n_1-12-5 = -6
    n_1-12-6 = -7
    n_1-12-7 = -8
    n_1-12-8 = -9
    n_1-12-9 = -10
    n_1-13-0 = -1
    n_1-13-1 = -2
    n_1-13-10 = -11
    n_1-13-11 = -12
    n_1-13-12 = -13
    n_1-13-13 = -14
    n_1-13-14 = -15
    n_1-13-15 = -16
    n_1-13-16 = -64
    n_1-13-17 = -1
    n_1-13-18 = -1
    n_1-13-2 = -3
    n_1-13-3 = -4
    n_1-13-4 = -5
    n_1-13-5 = -6
    n_1-13-6 = -7
    n_1-13-7 = -8
    n_1-13-8 = -9
    n_1-13-9 = -10
    n_1-14-0 = -1
    n_1-14-1 = -2
    n_1-14-10 = -11
    n_1-14-11 = -12
    n_1-14-12 = -13
    n_1-14-13 = -14
    n_1-14-14 = -15
    n_1-14-15 = -16
    n_1-14-16 = -64
    n_1-14-17 = -1
    n_1-14-18 = -1
    n_1-14-2 = -3
    n_1-14-3 = -4
    n_1-14-4 = -5
    n_1-14-5 = -6
    n_1-14-6 = -7
    n_1-14-7 = -8
    n_1-14-8 = -9
    n_1-14-9 = -10
    n_1-15-0 = -1
    n_1-15-1 = -2
    n_1-15-10 = -11
    n_1-15-11 = -12
    n_1-15-12 = -13
    n_1-15-13 = -14
    n_1-15-14 = -15
    n_1-15-15 = -16
    n_1-15-16 = -64
    n_1-15-17 = -1
    n_1-15-18 = 0
    n_1-15-2 = -3
    n_1-15-3 = -4
    n_1-15-4 = -5
    n_1-15-5 = -6
    n_1-15-6 = -7
    n_1-15-7 = -8
    n_1-15-8 = -9
    n_1-15-9 = -10
    n_1-16-0 = 0
    n_1-16-1 = -1
    n_1-16-10 = -10
    n_1-16-11 = -11
    n_1-16-12 = -12
    n_1-16-13 = -13
    n_1-16-14 = -14
    n_1-16-15 = -15
    n_1-16-16 = -63
    n_1-16-17 = 0
    n_1-16-18 = 0
    n_1-16-2 = -2
    n_1-16-3 = -3
    n_1-16-4 = -4
    n_1-16-5 = -5
    n_1-16-6 = -6
    n_1-16-7 = -7
    n_1-16-8 = -8
    n_1-16-9 = -9
    n_1-17-0 = -1
    n_1-17-1 = -2
    n_1-17-10 = -11
    n_1-17-11 = -12
    n_1-17-12 = -13
    n_1-17-13 = -14
    n_1-17-14 = -15
    n_1-17-15 = -16
    n_1-17-16 = -64
    n_1-17-17 = -1
    n_1-17-18 = -1
    n_1-17-2 = -3
    n_1-17-3 = -4
    n_1-17-4 = -5
    n_1-17-5 = -6
    n_1-17-6 = -7
    n_1-17-7 = -8
    n_1-17-8 = -9
    n_1-17-9 = -10
    n_1-18-0 = -1
    n_1-18-1 = -2
    n_1-18-10 = -11
    n_1-18-11 = -12
    n_1-18-12 = -13
    n_1-18-13 = -14
    n_1-18-14 = -15
    n_1-18-15 = -16
    n_1-18-16 = -64
    n_1-18-17 = -1
    n_1-18-18 = -1
    n_1-18-2 = -3
    n_1-18-3 = -4
    n_1-18-4 = -5
    n_1-18-5 = -6
    n_1-18-6 = -7
    n_1-18-7 = -8
    n_1-18-8 = -9
    n_1-18-9 = -10
    n_1-2-0 = -1
    n_1-2-1 = -2
    n_1-2-10 = -11
    n_1-2-11 = -12
    n_1-2-12 = -13
    n_1-2-13 = -14
    n_1-2-14 = -15
    n_1-2-15 = -16
    n_1-2-16 = -64
    n_1-2-17 = -1
    n_1-2-18 = -1
    n_1-2-2 = -3
    n_1-2-3 = -4
    n_1-2-4 = -5
    n_1-2-5 = -6
    n_1-2-6 = -7
    n_1-2-7 = -8
    n_1-2-8 = -9
    n_1-2-9 = -10
    n_1-3-0 = -1
    n_1-3-1 = -2
    n_1-3-10 = -11
    n_1-3-11 = -12
    n_1-3-12 = -13
    n_1-3-13 = -14
    n_1-3-14 = -15
    n_1-3-15 = -16
    n_1-3-16 = -64
    n_1-3-17 = -1
    n_1-3-18 = -1
    n_1-3-2 = -3
    n_1-3-3 = -4
    n_1-3-4 = -5
    n_1-3-5 = -6
    n_1-3-6 = -7
    n_1-3-7 = -8
    n_1-3-8 = -9
    n_1-3-9 = -10
    n_1-4-0 = -1
    n_1-4-1 = -2
    n_1-4-10 = -11
    n_1-4-11 = -12
    n_1-4-12 = -13
    n_1-4-13 = -14
    n_1-4-14 = -15
    n_1-4-15 = -16
    n_1-4-16 = -64
    n_1-4-17 = -1
    n_1-4-18 = -1
    n_1-4-2 = -3
    n_1-4-3 = -4
    n_1-4-4 = -5
    n_1-4-5 = -6
    n_1-4-6 = -7
    n_1-4-7 = -8
    n_1-4-8 = -9
    n_1-4-9 = -10
    n_1-5-0 = -1
    n_1-5-1 = -2
    n_1-5-10 = -11
    n_1-5-11 = -12
    n_1-5-12 = -13
    n_1-5-13 = -14
    n_1-5-14 = -15
    n_1-5-15 = -16
    n_1-5-16 = -64
    n_1-5-17 = -1
    n_1-5-18 = -1
    n_1-5-2 = -3
    n_1-5-3 = -4
    n_1-5-4 = -5
    n_1-5-5 = -6
    n_1-5-6 = -7
    n_1-5-7 = -8
    n_1-5-8 = -9
    n_1-5-9 = -10
    n_1-6-0 = -1
    n_1-6-1 = -2
    n_1-6-10 = -11
    n_1-6-11 = -12
    n_1-6-12 = -13
    n_1-6-13 = -14
    n_1-6-14 = -15
    n_1-6-15 = -16
    n_1-6-16 = -64
    n_1-6-17 = -1
    n_1-6-18 = -1
    n_1-6-2 = -3
    n_1-6-3 = -4
    n_1-6-4 = -5
    n_1-6-5 = -6
    n_1-6-6 = -7
    n_1-6-7 = -8
    n_1-6-8 = -9
    n_1-6-9 = -10
    n_1-7-0 = -1
    n_1-7-1 = -2
    n_1-7-10 = -11
    n_1-7-11 = -12
    n_1-7-12 = -13
    n_1-7-13 = -14
    n_1-7-14 = -15
    n_1-7-15 = -16
    n_1-7-16 = -64
    n_1-7-17 = -1
    n_1-7-18 = -1
    n_1-7-2 = -3
    n_1-7-3 = -4
    n_1-7-4 = -5
    n_1-7-5 = -6
    n_1-7-6 = -7
    n_1-7-7 = -8
    n_1-7-8 = -9
    n_1-7-9 = -10
    n_1-8-0 = -1
    n_1-8-1 = -2
    n_1-8-10 = -11
    n_1-8-11 = -12
    n_1-8-12 = -13
    n_1-8-13 = -14
    n_1-8-14 = -15
    n_1-8-15 = -16
    n_1-8-16 = -64
    n_1-8-17 = -1
    n_1-8-18 = -1
    n_1-8-2 = -3
    n_1-8-3 = -4
    n_1-8-4 = -5
    n_1-8-5 = -6
    n_1-8-6 = -7
    n_1-8-7 = -8
    n_1-8-8 = -9
    n_1-8-9 = -10
    n_1-9-0 = -1
    n_1-9-1 = -2
    n_1-9-10 = -11
    n_1-9-11 = -12
    n_1-9-12 = -13
    n_1-9-13 = -14
    n_1-9-14 = -15
    n_1-9-15 = -16
    n_1-9-16 = -64
    n_1-9-17 = -1
    n_1-9-18 = -1
    n_1-9-2 = -3
    n_1-9-3 = -4
    n_1-9-4 = -5
    n_1-9-5 = -6
    n_1-9-6 = -7
    n_1-9-7 = -8
    n_1-9-8 = -9
    n_1-9-9 = -10
    n_10-10-0 = -1
    n_10-10-1 = -2
    n_10-10-10 = -11
    n_10-10-11 = -12
    n_10-10-12 = -13
    n_10-10-13 = -14
    n_10-10-14 = -15
    n_10-10-15 = -16
    n_10-10-16 = -64
    n_10-10-17 = 0
    n_10-10-18 = 0
    n_10-10-2 = -3
    n_10-10-3 = -4
    n_10-10-4 = -5
    n_10-10-5 = -6
    n_10-10-6 = -7
    n_10-10-7 = -8
    n_10-10-8 = -9
    n_10-10-9 = -10
    n_10-11-0 = -1
    n_10-11-1 = -2
    n_10-11-10 = -11
    n_10-11-11 = -12
    n_10-11-12 = -13
    n_10-11-13 = -14
    n_10-11-14 = -15
    n_10-11-15 = -16
    n_10-11-16 = -64
    n_10-11-17 = 0
    n_10-11-18 = 0
    n_10-11-2 = -3
    n_10-11-3 = -4
    n_10-11-4 = -5
    n_10-11-5 = -6
    n_10-11-6 = -7
    n_10-11-7 = -8
    n_10-11-8 = -9
    n_10-11-9 = -10
    n_10-12-0 = -1
    n_10-12-1 = -2
    n_10-12-10 = -11
    n_10-12-11 = -12
    n_10-12-12 = -13
    n_10-12-13 = -14
    n_10-12-14 = -15
    n_10-12-15 = -16
    n_10-12-16 = -64
    n_10-12-17 = 0
    n_10-12-18 = 0
    n_10-12-2 = -3
    n_10-12-3 = -4
    n_10-12-4 = -5
    n_10-12-5 = -6
    n_10-12-6 = -7
    n_10-12-7 = -8
    n_10-12-8 = -9
    n_10-12-9 = -10
    n_10-13-0 = -1
    n_10-13-1 = -2
    n_10-13-10 = -11
    n_10-13-11 = -12
    n_10-13-12 = -13
    n_10-13-13 = -14
    n_10-13-14 = -15
    n_10-13-15 = -16
    n_10-13-16 = -64
    n_10-13-17 = 0
    n_10-13-18 = 0
    n_10-13-2 = -3
    n_10-13-3 = -4
    n_10-13-4 = -5
    n_10-13-5 = -6
    n_10-13-6 = -7
    n_10-13-7 = -8
    n_10-13-8 = -9
    n_10-13-9 = -10
    n_10-14-0 = -1
    n_10-14-1 = -2
    n_10-14-10 = -11
    n_10-14-11 = -12
    n_10-14-12 = -13
    n_10-14-13 = -14
    n_10-14-14 = -15
    n_10-14-15 = -16
    n_10-14-16 = -64
    n_10-14-17 = 0
    n_10-14-18 = 0
    n_10-14-2 = -3
    n_10-14-3 = -4
    n_10-14-4 = -5
    n_10-14-5 = -6
    n_10-14-6 = -7
    n_10-14-7 = -8
    n_10-14-8 = -9
    n_10-14-9 = -10
    n_10-15-0 = -1
    n_10-15-1 = -2
    n_10-15-10 = -11
    n_10-15-11 = -12
    n_10-15-12 = -13
    n_10-15-13 = -14
    n_10-15-14 = -15
    n_10-15-15 = -16
    n_10-15-16 = -64
    n_10-15-17 = 0
    n_10-15-18 = 0
    n_10-15-2 = -3
    n_10-15-3 = -4
    n_10-15-4 = -5
    n_10-15-5 = -6
    n_10-15-6 = -7
    n_10-15-7 = -8
    n_10-15-8 = -9
    n_10-15-9 = -10
    n_10-16-0 = 0
    n_10-16-1 = -1
    n_10-16-10 = -10
    n_10-16-11 = -11
    n_10-16-12 = -12
    n_10-16-13 = -13
    n_10-16-14 = -14
    n_10-16-15 = -15
    n_10-16-16 = -63
    n_10-16-17 = 0
    n_10-16-18 = 0
    n_10-16-2 = -2
    n_10-16-3 = -3
    n_10-16-4 = -4
    n_10-16-5 = -5
    n_10-16-6 = -6
    n_10-16-7 = -7
    n_10-16-8 = -8
    n_10-16-9 = -9
    n_10-17-0 = -1
    n_10-17-1 = -2
    n_10-17-10 = -11
    n_10-17-11 = -12
    n_10-17-12 = -13
    n_10-17-13 = -14
    n_10-17-14 = -15
    n_10-17-15 = -16
    n_10-17-16 = -64
    n_10-17-17 = -1
    n_10-17-18 = -1
    n_10-17-2 = -3
    n_10-17-3 = -4
    n_10-17-4 = -5
    n_10-17-5 = -6
    n_10-17-6 = -7
    n_10-17-7 = -8
    n_10-17-8 = -9
    n_10-17-9 = -10
    n_10-18-0 = -1
    n_10-18-1 = -2
    n_10-18-10 = -11
    n_10-18-11 = -12
    n_10-18-12 = -13
    n_10-18-13 = -14
    n_10-18-14 = -15
    n_10-18-15 = -16
    n_10-18-16 = -64
    n_10-18-17 = -1
    n_10-18-18 = -1
    n_10-18-2 = -3
    n_10-18-3 = -4
    n_10-18-4 = -5
    n_10-18-5 = -6
    n_10-18-6 = -7
    n_10-18-7 = -8
    n_10-18-8 = -9
    n_10-18-9 = -10
    n_11-11-0 = -1
    n_11-11-1 = -2
    n_11-11-10 = -11
    n_11-11-11 = -12
    n_11-11-12 = -13
    n_11-11-13 = -14
    n_11-11-14 = -15
    n_11-11-15 = -16
    n_11-11-16 = -64
    n_11-11-17 = 0
    n_11-11-18 = 0
    n_11-11-2 = -3
    n_11-11-3 = -4
    n_11-11-4 = -5
    n_11-11-5 = -6
    n_11-11-6 = -7
    n_11-11-7 = -8
    n_11-11-8 = -9
    n_11-11-9 = -10
    n_11-12-0 = -1
    n_11-12-1 = -2
    n_11-12-10 = -11
    n_11-12-11 = -12
    n_11-12-12 = -13
    n_11-12-13 = -14
    n_11-12-14 = -15
    n_11-12-15 = -16
    n_11-12-16 = -64
    n_11-12-17 = 0
    n_11-12-18 = 0
    n_11-12-2 = -3
    n_11-12-3 = -4
    n_11-12-4 = -5
    n_11-12-5 = -6
    n_11-12-6 = -7
    n_11-12-7 = -8
    n_11-12-8 = -9
    n_11-12-9 = -10
    n_11-13-0 = -1
    n_11-13-1 = -2
    n_11-13-10 = -11
    n_11-13-11 = -12
    n_11-13-12 = -13
    n_11-13-13 = -14
    n_11-13-14 = -15
    n_11-13-15 = -16
    n_11-13-16 = -64
    n_11-13-17 = 0
    n_11-13-18 = 0
    n_11-13-2 = -3
    n_11-13-3 = -4
    n_11-13-4 = -5
    n_11-13-5 = -6
    n_11-13-6 = -7
    n_11-13-7 = -8
    n_11-13-8 = -9
    n_11-13-9 = -10
    n_11-14-0 = -1
    n_11-14-1 = -2
    n_11-14-10 = -11
    n_11-14-11 = -12
    n_11-14-12 = -13
    n_11-14-13 = -14
    n_11-14-14 = -15
    n_11-14-15 = -16
    n_11-14-16 = -64
    n_11-14-17 = 0
    n_11-14-18 = 0
    n_11-14-2 = -3
    n_11-14-3 = -4
    n_11-14-4 = -5
    n_11-14-5 = -6
    n_11-14-6 = -7
    n_11-14-7 = -8
    n_11-14-8 = -9
    n_11-14-9 = -10
    n_11-15-0 = -1
    n_11-15-1 = -2
    n_11-15-10 = -11
    n_11-15-11 = -12
    n_11-15-12 = -13
    n_11-15-13 = -14
    n_11-15-14 = -15
    n_11-15-15 = -16
    n_11-15-16 = -64
    n_11-15-17 = 0
    n_11-15-18 = 0
    n_11-15-2 = -3
    n_11-15-3 = -4
    n_11-15-4 = -5
    n_11-15-5 = -6
    n_11-15-6 = -7
    n_11-15-7 = -8
    n_11-15-8 = -9
    n_11-15-9 = -10
    n_11-16-0 = 0
    n_11-16-1 = -1
    n_11-16-10 = -10
    n_11-16-11 = -11
    n_11-16-12 = -12
    n_11-16-13 = -13
    n_11-16-14 = -14
    n_11-16-15 = -15
    n_11-16-16 = -63
    n_11-16-17 = 0
    n_11-16-18 = 0
    n_11-16-2 = -2
    n_11-16-3 = -3
    n_11-16-4 = -4
    n_11-16-5 = -5
    n_11-16-6 = -6
    n_11-16-7 = -7
    n_11-16-8 = -8
    n_11-16-9 = -9
    n_11-17-0 = -1
    n_11-17-1 = -2
    n_11-17-10 = -11
    n_11-17-11 = -12
    n_11-17-12 = -13
    n_11-17-13 = -14
    n_11-17-14 = -15
    n_11-17-15 = -16
    n_11-17-16 = -64
    n_11-17-17 = -1
    n_11-17-18 = -1
    n_11-17-2 = -3
    n_11-17-3 = -4
    n_11-17-4 = -5
    n_11-17-5 = -6
    n_11-17-6 = -7
    n_11-17-7 = -8
    n_11-17-8 = -9
    n_11-17-9 = -10
    n_11-18-0 = -1
    n_11-18-1 = -2
    n_11-18-10 = -11
    n_11-18-11 = -12
    n_11-18-12 = -13
    n_11-18-13 = -14
    n_11-18-14 = -15
    n_11-18-15 = -16
    n_11-18-16 = -64
    n_11-18-17 = -1
    n_11-18-18 = -1
    n_11-18-2 = -3
    n_11-18-3 = -4
    n_11-18-4 = -5
    n_11-18-5 = -6
    n_11-18-6 = -7
    n_11-18-7 = -8
    n_11-18-8 = -9
    n_11-18-9 = -10
    n_12-12-0 = -1
    n_12-12-1 = -2
    n_12-12-10 = -11
    n_12-12-11 = -12
    n_12-12-12 = -13
    n_12-12-13 = -14
    n_12-12-14 = -15
    n_12-12-15 = -16
    n_12-12-16 = -64
    n_12-12-17 = 0
    n_12-12-18 = 0
    n_12-12-2 = -3
    n_12-12-3 = -4
    n_12-12-4 = -5
    n_12-12-5 = -6
    n_12-12-6 = -7
    n_12-12-7 = -8
    n_12-12-8 = -9
    n_12-12-9 = -10
    n_12-13-0 = -1
    n_12-13-1 = -2
    n_12-13-10 = -11
    n_12-13-11 = -12
    n_12-13-12 = -13
    n_12-13-13 = -14
    n_12-13-14 = -15
    n_12-13-15 = -16
    n_12-13-16 = -64
    n_12-13-17 = 0
    n_12-13-18 = 0
    n_12-13-2 = -3
    n_12-13-3 = -4
    n_12-13-4 = -5
    n_12-13-5 = -6
    n_12-13-6 = -7
    n_12-13-7 = -8
    n_12-13-8 = -9
    n_12-13-9 = -10
    n_12-14-0 = -1
    n_12-14-1 = -2
    n_12-14-10 = -11
    n_12-14-11 = -12
    n_12-14-12 = -13
    n_12-14-13 = -14
    n_12-14-14 = -15
    n_12-14-15 = -16
    n_12-14-16 = -64
    n_12-14-17 = 0
    n_12-14-18 = 0
    n_12-14-2 = -3
    n_12-14-3 = -4
    n_12-14-4 = -5
    n_12-14-5 = -6
    n_12-14-6 = -7
    n_12-14-7 = -8
    n_12-14-8 = -9
    n_12-14-9 = -10
    n_12-15-0 = -1
    n_12-15-1 = -2
    n_12-15-10 = -11
    n_12-15-11 = -12
    n_12-15-12 = -13
    n_12-15-13 = -14
    n_12-15-14 = -15
    n_12-15-15 = -16
    n_12-15-16 = -64
    n_12-15-17 = 0
    n_12-15-18 = 0
    n_12-15-2 = -3
    n_12-15-3 = -4
    n_12-15-4 = -5
    n_12-15-5 = -6
    n_12-15-6 = -7
    n_12-15-7 = -8
    n_12-15-8 = -9
    n_12-15-9 = -10
    n_12-16-0 = 0
    n_12-16-1 = -1
    n_12-16-10 = -10
    n_12-16-11 = -11
    n_12-16-12 = -12
    n_12-16-13 = -13
    n_12-16-14 = -14
    n_12-16-15 = -15
    n_12-16-16 = -63
    n_12-16-17 = 0
    n_12-16-18 = 0
    n_12-16-2 = -2
    n_12-16-3 = -3
    n_12-16-4 = -4
    n_12-16-5 = -5
    n_12-16-6 = -6
    n_12-16-7 = -7
    n_12-16-8 = -8
    n_12-16-9 = -9
    n_12-17-0 = -1
    n_12-17-1 = -2
    n_12-17-10 = -11
    n_12-17-11 = -12
    n_12-17-12 = -13
    n_12-17-13 = -14
    n_12-17-14 = -15
    n_12-17-15 = -16
    n_12-17-16 = -64
    n_12-17-17 = -1
    n_12-17-18 = -1
    n_12-17-2 = -3
    n_12-17-3 = -4
    n_12-17-4 = -5
    n_12-17-5 = -6
    n_12-17-6 = -7
    n_12-17-7 = -8
    n_12-17-8 = -9
    n_12-17-9 = -10
    n_12-18-0 = -1
    n_12-18-1 = -2
    n_12-18-10 = -11
    n_12-18-11 = -12
    n_12-18-12 = -13
    n_12-18-13 = -14
    n_12-18-14 = -15
    n_12-18-15 = -16
    n_12-18-16 = -64
    n_12-18-17 = -1
    n_12-18-18 = -1
    n_12-18-2 = -3
    n_12-18-3 = -4
    n_12-18-4 = -5
    n_12-18-5 = -6
    n_12-18-6 = -7
    n_12-18-7 = -8
    n_12-18-8 = -9
    n_12-18-9 = -10
    n_13-13-0 = -1
    n_13-13-1 = -2
    n_13-13-10 = -11
    n_13-13-11 = -12
    n_13-13-12 = -13
    n_13-13-13 = -14
    n_13-13-14 = -15
    n_13-13-15 = -16
    n_13-13-16 = -64
    n_13-13-17 = 0
    n_13-13-18 = 0
    n_13-13-2 = -3
    n_13-13-3 = -4
    n_13-13-4 = -5
    n_13-13-5 = -6
    n_13-13-6 = -7
    n_13-13-7 = -8
    n_13-13-8 = -9
    n_13-13-9 = -10
    n_13-14-0 = -1
    n_13-14-1 = -2
    n_13-14-10 = -11
    n_13-14-11 = -12
    n_13-14-12 = -13
    n_13-14-13 = -14
    n_13-14-14 = -15
    n_13-14-15 = -16
    n_13-14-16 = -64
    n_13-14-17 = 0
    n_13-14-18 = 0
    n_13-14-2 = -3
    n_13-14-3 = -4
    n_13-14-4 = -5
    n_13-14-5 = -6
    n_13-14-6 = -7
    n_13-14-7 = -8
    n_13-14-8 = -9
    n_13-14-9 = -10
    n_13-15-0 = -1
    n_13-15-1 = -2
    n_13-15-10 = -11
    n_13-15-11 = -12
    n_13-15-12 = -13
    n_13-15-13 = -14
    n_13-15-14 = -15
    n_13-15-15 = -16
    n_13-15-16 = -64
    n_13-15-17 = 0
    n_13-15-18 = 0
    n_13-15-2 = -3
    n_13-15-3 = -4
    n_13-15-4 = -5
    n_13-15-5 = -6
    n_13-15-6 = -7
    n_13-15-7 = -8
    n_13-15-8 = -9
    n_13-15-9 = -10
    n_13-16-0 = 0
    n_13-16-1 = -1
    n_13-16-10 = -10
    n_13-16-11 = -11
    n_13-16-12 = -12
    n_13-16-13 = -13
    n_13-16-14 = -14
    n_13-16-15 = -15
    n_13-16-16 = -63
    n_13-16-17 = 0
    n_13-16-18 = 0
    n_13-16-2 = -2
    n_13-16-3 = -3
    n_13-16-4 = -4
    n_13-16-5 = -5
    n_13-16-6 = -6
    n_13-16-7 = -7
    n_13-16-8 = -8
    n_13-16-9 = -9
    n_13-17-0 = -1
    n_13-17-1 = -2
    n_13-17-10 = -11
    n_13-17-11 = -12
    n_13-17-12 = -13
    n_13-17-13 = -14
    n_13-17-14 = -15
    n_13-17-15 = -16
    n_13-17-16 = -64
    n_13-17-17 = -1
    n_13-17-18 = -1
    n_13-17-2 = -3
    n_13-17-3 = -4
    n_13-17-4 = -5
    n_13-17-5 = -6
    n_13-17-6 = -7
    n_13-17-7 = -8
    n_13-17-8 = -9
    n_13-17-9 = -10
    n_13-18-0 = -1
    n_13-18-1 = -2
    n_13-18-10 = -11
    n_13-18-11 = -12
    n_13-18-12 = -13
    n_13-18-13 = -14
    n_13-18-14 = -15
    n_13-18-15 = -16
    n_13-18-16 = -64
    n_13-18-17 = -1
    n_13-18-18 = -1
    n_13-18-2 = -3
    n_13-18-3 = -4
    n_13-18-4 = -5
    n_13-18-5 = -6
    n_13-18-6 = -7
    n_13-18-7 = -8
    n_13-18-8 = -9
    n_13-18-9 = -10
    n_14-14-0 = -1
    n_14-14-1 = -2
    n_14-14-10 = -11
    n_14-14-11 = -12
    n_14-14-12 = -13
    n_14-14-13 = -14
    n_14-14-14 = -15
    n_14-14-15 = -16
    n_14-14-16 = -64
    n_14-14-17 = 0
    n_14-14-18 = 0
    n_14-14-2 = -3
    n_14-14-3 = -4
    n_14-14-4 = -5
    n_14-14-5 = -6
    n_14-14-6 = -7
    n_14-14-7 = -8
    n_14-14-8 = -9
    n_14-14-9 = -10
    n_14-15-0 = -1
    n_14-15-1 = -2
    n_14-15-10 = -11
    n_14-15-11 = -12
    n_14-15-12 = -13
    n_14-15-13 = -14
    n_14-15-14 = -15
    n_14-15-15 = -16
    n_14-15-16 = -64
    n_14-15-17 = 0
    n_14-15-18 = 0
    n_14-15-2 = -3
    n_14-15-3 = -4
    n_14-15-4 = -5
    n_14-15-5 = -6
    n_14-15-6 = -7
    n_14-15-7 = -8
    n_14-15-8 = -9
    n_14-15-9 = -10
    n_14-16-0 = 0
    n_14-16-1 = -1
    n_14-16-10 = -10
    n_14-16-11 = -11
    n_14-16-12 = -12
    n_14-16-13 = -13
    n_14-16-14 = -14
    n_14-16-15 = -15
    n_14-16-16 = -63
    n_14-16-17 = 0
    n_14-16-18 = 0
    n_14-16-2 = -2
    n_14-16-3 = -3
    n_14-16-4 = -4
    n_14-16-5 = -5
    n_14-16-6 = -6
    n_14-16-7 = -7
    n_14-16-8 = -8
    n_14-16-9 = -9
    n_14-17-0 = -1
    n_14-17-1 = -2
    n_14-17-10 = -11
    n_14-17-11 = -12
    n_14-17-12 = -13
    n_14-17-13 = -14
    n_14-17-14 = -15
    n_14-17-15 = -16
    n_14-17-16 = -64
    n_14-17-17 = -1
    n_14-17-18 = -1
    n_14-17-2 = -3
    n_14-17-3 = -4
    n_14-17-4 = -5
    n_14-17-5 = -6
    n_14-17-6 = -7
    n_14-17-7 = -8
    n_14-17-8 = -9
    n_14-17-9 = -10
    n_14-18-0 = -1
    n_14-18-1 = -2
    n_14-18-10 = -11
    n_14-18-11 = -12
    n_14-18-12 = -13
    n_14-18-13 = -14
    n_14-18-14 = -15
    n_14-18-15 = -16
    n_14-18-16 = -64
    n_14-18-17 = -1
    n_14-18-18 = -1
    n_14-18-2 = -3
    n_14-18-3 = -4
    n_14-18-4 = -5
    n_14-18-5 = -6
    n_14-18-6 = -7
    n_14-18-7 = -8
    n_14-18-8 = -9
    n_14-18-9 = -10
    n_15-15-0 = -1
    n_15-15-1 = -2
    n_15-15-10 = -11
    n_15-15-11 = -12
    n_15-15-12 = -13
    n_15-15-13 = -14
    n_15-15-14 = -15
    n_15-15-15 = -16
    n_15-15-16 = -64
    n_15-15-17 = 0
    n_15-15-18 = 0
    n_15-15-2 = -3
    n_15-15-3 = -4
    n_15-15-4 = -5
    n_15-15-5 = -6
    n_15-15-6 = -7
    n_15-15-7 = -8
    n_15-15-8 = -9
    n_15-15-9 = -10
    n_15-16-0 = 0
    n_15-16-1 = -1
    n_15-16-10 = -10
    n_15-16-11 = -11
    n_15-16-12 = -12
    n_15-16-13 = -13
    n_15-16-14 = -14
    n_15-16-15 = -15
    n_15-16-16 = -63
    n_15-16-17 = 0
    n_15-16-18 = 0
    n_15-16-2 = -2
    n_15-16-3 = -3
    n_15-16-4 = -4
    n_15-16-5 = -5
    n_15-16-6 = -6
    n_15-16-7 = -7
    n_15-16-8 = -8
    n_15-16-9 = -9
    n_15-17-0 = -1
    n_15-17-1 = -2
    n_15-17-10 = -11
    n_15-17-11 = -12
    n_15-17-12 = -13
    n_15-17-13 = -14
    n_15-17-14 = -15
    n_15-17-15 = -16
    n_15-17-16 = -64
    n_15-17-17 = -1
    n_15-17-18 = -1
    n_15-17-2 = -3
    n_15-17-3 = -4
    n_15-17-4 = -5
    n_15-17-5 = -6
    n_15-17-6 = -7
    n_15-17-7 = -8
    n_15-17-8 = -9
    n_15-17-9 = -10
    n_15-18-0 = -1
    n_15-18-1 = -2
    n_15-18-10 = -11
    n_15-18-11 = -12
    n_15-18-12 = -13
    n_15-18-13 = -14
    n_15-18-14 = -15
    n_15-18-15 = -16
    n_15-18-16 = -64
    n_15-18-17 = -1
    n_15-18-18 = -1
    n_15-18-2 = -3
    n_15-18-3 = -4
    n_15-18-4 = -5
    n_15-18-5 = -6
    n_15-18-6 = -7
    n_15-18-7 = -8
    n_15-18-8 = -9
    n_15-18-9 = -10
    n_16-16-0 = 1
    n_16-16-1 = 0
    n_16-16-10 = -9
    n_16-16-11 = -10
    n_16-16-12 = -11
    n_16-16-13 = -12
    n_16-16-14 = -13
    n_16-16-15 = -14
    n_16-16-16 = -62
    n_16-16-17 = 1
    n_16-16-18 = 1
    n_16-16-2 = -1
    n_16-16-3 = -2
    n_16-16-4 = -3
    n_16-16-5 = -4
    n_16-16-6 = -5
    n_16-16-7 = -6
    n_16-16-8 = -7
    n_16-16-9 = -8
    n_16-17-0 = 0
    n_16-17-1 = -1
    n_16-17-10 = -10
    n_16-17-11 = -11
    n_16-17-12 = -12
    n_16-17-13 = -13
    n_16-17-14 = -14
    n_16-17-15 = -15
    n_16-17-16 = -63
    n_16-17-17 = 0
    n_16-17-18 = 0
    n_16-17-2 = -2
    n_16-17-3 = -3
    n_16-17-4 = -4
    n_16-17-5 = -5
    n_16-17-6 = -6
    n_16-17-7 = -7
    n_16-17-8 = -8
    n_16-17-9 = -9
    n_16-18-0 = 0
    n_16-18-1 = -1
    n_16-18-10 = -10
    n_16-18-11 = -11
    n_16-18-12 = -12
    n_16-18-13 = -13
    n_16-18-14 = -14
    n_16-18-15 = -15
    n_16-18-16 = -63
    n_16-18-17 = 0
    n_16-18-18 = 0
    n_16-18-2 = -2
    n_16-18-3 = -3
    n_16-18-4 = -4
    n_16-18-5 = -5
    n_16-18-6 = -6
    n_16-18-7 = -7
    n_16-18-8 = -8
    n_16-18-9 = -9
    n_17-17-0 = -1
    n_17-17-1 = -2
    n_17-17-10 = -11
    n_17-17-11 = -12
    n_17-17-12 = -13
    n_17-17-13 = -14
    n_17-17-14 = -15
    n_17-17-15 = -16
    n_17-17-16 = -64
    n_17-17-17 = -1
    n_17-17-18 = -1
    n_17-17-2 = -3
    n_17-17-3 = -4
    n_17-17-4 = -5
    n_17-17-5 = -6
    n_17-17-6 = -7
    n_17-17-7 = -8
    n_17-17-8 = -9
    n_17-17-9 = -10
    n_17-18-0 = -1
    n_17-18-1 = -2
    n_17-18-10 = -11
    n_17-18-11 = -12
    n_17-18-12 = -13
    n_17-18-13 = -14
    n_17-18-14 = -15
    n_17-18-15 = -16
    n_17-18-16 = -64
    n_17-18-17 = -1
    n_17-18-18 = -1
    n_17-18-2 = -3
    n_17-18-3 = -4
    n_17-18-4 = -5
    n_17-18-5 = -6
    n_17-18-6 = -7
    n_17-18-7 = -8
    n_17-18-8 = -9
    n_17-18-9 = -10
    n_18-18-0 = -1
    n_18-18-1 = -2
    n_18-18-10 = -11
    n_18-18-11 = -12
    n_18-18-12 = -13
    n_18-18-13 = -14
    n_18-18-14 = -15
    n_18-18-15 = -16
    n_18-18-16 = -64
    n_18-18-17 = -1
    n_18-18-18 = -1
    n_18-18-2 = -3
    n_18-18-3 = -4
    n_18-18-4 = -5
    n_18-18-5 = -6
    n_18-18-6 = -7
    n_18-18-7 = -8
    n_18-18-8 = -9
    n_18-18-9 = -10
    n_2-10-0 = -1
    n_2-10-1 = -2
    n_2-10-10 = -11
    n_2-10-11 = -12
    n_2-10-12 = -13
    n_2-10-13 = -14
    n_2-10-14 = -15
    n_2-10-15 = -16
    n_2-10-16 = -64
    n_2-10-17 = -1
    n_2-10-18 = -1
    n_2-10-2 = -3
    n_2-10-3 = -4
    n_2-10-4 = -5
    n_2-10-5 = -6
    n_2-10-6 = -7
    n_2-10-7 = -8
    n_2-10-8 = -9
    n_2-10-9 = -10
    n_2-11-0 = -1
    n_2-11-1 = -2
    n_2-11-10 = -11
    n_2-11-11 = -12
    n_2-11-12 = -13
    n_2-11-13 = -14
    n_2-11-14 = -15
    n_2-11-15 = -16
    n_2-11-16 = -64
    n_2-11-17 = -1
    n_2-11-18 = -1
    n_2-11-2 = -3
    n_2-11-3 = -4
    n_2-11-4 = -5
    n_2-11-5 = -6
    n_2-11-6 = -7
    n_2-11-7 = -8
    n_2-11-8 = -9
    n_2-11-9 = -10
    n_2-12-0 = -1
    n_2-12-1 = -2
    n_2-12-10 = -11
    n_2-12-11 = -12
    n_2-12-12 = -13
    n_2-12-13 = -14
    n_2-12-14 = -15
    n_2-12-15 = -16
    n_2-12-16 = -64
    n_2-12-17 = -1
    n_2-12-18 = -1
    n_2-12-2 = -3
    n_2-12-3 = -4
    n_2-12-4 = -5
    n_2-12-5 = -6
    n_2-12-6 = -7
    n_2-12-7 = -8
    n_2-12-8 = -9
    n_2-12-9 = -10
    n_2-13-0 = -1
    n_2-13-1 = -2
    n_2-13-10 = -11
    n_2-13-11 = -12
    n_2-13-12 = -13
    n_2-13-13 = -14
    n_2-13-14 = -15
    n_2-13-15 = -16
    n_2-13-16 = -64
    n_2-13-17 = -1
    n_2-13-18 = -1
    n_2-13-2 = -3
    n_2-13-3 = -4
    n_2-13-4 = -5
    n_2-13-5 = -6
    n_2-13-6 = -7
    n_2-13-7 = -8
    n_2-13-8 = -9
    n_2-13-9 = -10
    n_2-14-0 = -1
    n_2-14-1 = -2
    n_2-14-10 = -11
    n_2-14-11 = -12
    n_2-14-12 = -13
    n_2-14-13 = -14
    n_2-14-14 = -15
    n_2-14-15 = -16
    n_2-14-16 = -64
    n_2-14-17 = -1
    n_2-14-18 = 0
    n_2-14-2 = -3
    n_2-14-3 = -4
    n_2-14-4 = -5
    n_2-14-5 = -6
    n_2-14-6 = -7
    n_2-14-7 = -8
    n_2-14-8 = -9
    n_2-14-9 = -10
    n_2-15-0 = -1
    n_2-15-1 = -2
    n_2-15-10 = -11
    n_2-15-11 = -12
    n_2-15-12 = -13
    n_2-15-13 = -14
    n_2-15-14 = -15
    n_2-15-15 = -16
    n_2-15-16 = -64
    n_2-15-17 = 0
    n_2-15-18 = 0
    n_2-15-2 = -3
    n_2-15-3 = -4
    n_2-15-4 = -5
    n_2-15-5 = -6
    n_2-15-6 = -7
    n_2-15-7 = -8
    n_2-15-8 = -9
    n_2-15-9 = -10
    n_2-16-0 = 0
    n_2-16-1 = -1
    n_2-16-10 = -10
    n_2-16-11 = -11
    n_2-16-12 = -12
    n_2-16-13 = -13
    n_2-16-14 = -14
    n_2-16-15 = -15
    n_2-16-16 = -63
    n_2-16-17 = 0
    n_2-16-18 = 0
    n_2-16-2 = -2
    n_2-16-3 = -3
    n_2-16-4 = -4
    n_2-16-5 = -5
    n_2-16-6 = -6
    n_2-16-7 = -7
    n_2-16-8 = -8
    n_2-16-9 = -9
    n_2-17-0 = -1
    n_2-17-1 = -2
    n_2-17-10 = -11
    n_2-17-11 = -12
    n_2-17-12 = -13
    n_2-17-13 = -14
    n_2-17-14 = -15
    n_2-17-15 = -16
    n_2-17-16 = -64
    n_2-17-17 = -1
    n_2-17-18 = -1
    n_2-17-2 = -3
    n_2-17-3 = -4
    n_2-17-4 = -5
    n_2-17-5 = -6
    n_2-17-6 = -7
    n_2-17-7 = -8
    n_2-17-8 = -9
    n_2-17-9 = -10
    n_2-18-0 = -1
    n_2-18-1 = -2
    n_2-18-10 = -11
    n_2-18-11 = -12
    n_2-18-12 = -13
    n_2-18-13 = -14
    n_2-18-14 = -15
    n_2-18-15 = -16
    n_2-18-16 = -64
    n_2-18-17 = -1
    n_2-18-18 = -1
    n_2-18-2 = -3
    n_2-18-3 = -4
    n_2-18-4 = -5
    n_2-18-5 = -6
    n_2-18-6 = -7
    n_2-18-7 = -8
    n_2-18-8 = -9
    n_2-18-9 = -10
    n_2-2-0 = -1
    n_2-2-1 = -2
    n_2-2-10 = -11
    n_2-2-11 = -12
    n_2-2-12 = -13
    n_2-2-13 = -14
    n_2-2-14 = -15
    n_2-2-15 = -16
    n_2-2-16 = -64
    n_2-2-17 = -1
    n_2-2-18 = -1
    n_2-2-2 = -3
    n_2-2-3 = -4
    n_2-2-4 = -5
    n_2-2-5 = -6
    n_2-2-6 = -7
    n_2-2-7 = -8
    n_2-2-8 = -9
    n_2-2-9 = -10
    n_2-3-0 = -1
    n_2-3-1 = -2
    n_2-3-10 = -11
    n_2-3-11 = -12
    n_2-3-12 = -13
    n_2-3-13 = -14
    n_2-3-14 = -15
    n_2-3-15 = -16
    n_2-3-16 = -64
    n_2-3-17 = -1
    n_2-3-18 = -1
    n_2-3-2 = -3
    n_2-3-3 = -4
    n_2-3-4 = -5
    n_2-3-5 = -6
    n_2-3-6 = -7
    n_2-3-7 = -8
    n_2-3-8 = -9
    n_2-3-9 = -10
    n_2-4-0 = -1
    n_2-4-1 = -2
    n_2-4-10 = -11
    n_2-4-11 = -12
    n_2-4-12 = -13
    n_2-4-13 = -14
    n_2-4-14 = -15
    n_2-4-15 = -16
    n_2-4-16 = -64
    n_2-4-17 = -1
    n_2-4-18 = -1
    n_2-4-2 = -3
    n_2-4-3 = -4
    n_2-4-4 = -5
    n_2-4-5 = -6
    n_2-4-6 = -7
    n_2-4-7 = -8
    n_2-4-8 = -9
    n_2-4-9 = -10
    n_2-5-0 = -1
    n_2-5-1 = -2
    n_2-5-10 = -11
    n_2-5-11 = -12
    n_2-5-12 = -13
    n_2-5-13 = -14
    n_2-5-14 = -15
    n_2-5-15 = -16
    n_2-5-16 = -64
    n_2-5-17 = -1
    n_2-5-18 = -1
    n_2-5-2 = -3
    n_2-5-3 = -4
    n_2-5-4 = -5
    n_2-5-5 = -6
    n_2-5-6 = -7
    n_2-5-7 = -8
    n_2-5-8 = -9
    n_2-5-9 = -10
    n_2-6-0 = -1
    n_2-6-1 = -2
    n_2-6-10 = -11
    n_2-6-11 = -12
    n_2-6-12 = -13
    n_2-6-13 = -14
    n_2-6-14 = -15
    n_2-6-15 = -16
    n_2-6-16 = -64
    n_2-6-17 = -1
    n_2-6-18 = -1
    n_2-6-2 = -3
    n_2-6-3 = -4
    n_2-6-4 = -5
    n_2-6-5 = -6
    n_2-6-6 = -7
    n_2-6-7 = -8
    n_2-6-8 = -9
    n_2-6-9 = -10
    n_2-7-0 = -1
    n_2-7-1 = -2
    n_2-7-10 = -11
    n_2-7-11 = -12
    n_2-7-12 = -13
    n_2-7-13 = -14
    n_2-7-14 = -15
    n_2-7-15 = -16
    n_2-7-16 = -64
    n_2-7-17 = -1
    n_2-7-18 = -1
    n_2-7-2 = -3
    n_2-7-3 = -4
    n_2-7-4 = -5
    n_2-7-5 = -6
    n_2-7-6 = -7
    n_2-7-7 = -8
    n_2-7-8 = -9
    n_2-7-9 = -10
    n_2-8-0 = -1
    n_2-8-1 = -2
    n_2-8-10 = -11
    n_2-8-11 = -12
    n_2-8-12 = -13
    n_2-8-13 = -14
    n_2-8-14 = -15
    n_2-8-15 = -16
    n_2-8-16 = -64
    n_2-8-17 = -1
    n_2-8-18 = -1
    n_2-8-2 = -3
    n_2-8-3 = -4
    n_2-8-4 = -5
    n_2-8-5 = -6
    n_2-8-6 = -7
    n_2-8-7 = -8
    n_2-8-8 = -9
    n_2-8-9 = -10
    n_2-9-0 = -1
    n_2-9-1 = -2
    n_2-9-10 = -11
    n_2-9-11 = -12
    n_2-9-12 = -13
    n_2-9-13 = -14
    n_2-9-14 = -15
    n_2-9-15 = -16
    n_2-9-16 = -64
    n_2-9-17 = -1
    n_2-9-18 = -1
    n_2-9-2 = -3
    n_2-9-3 = -4
    n_2-9-4 = -5
    n_2-9-5 = -6
    n_2-9-6 = -7
    n_2-9-7 = -8
    n_2-9-8 = -9
    n_2-9-9 = -10
    n_3-10-0 = -1
    n_3-10-1 = -2
    n_3-10-10 = -11
    n_3-10-11 = -12
    n_3-10-12 = -13
    n_3-10-13 = -14
    n_3-10-14 = -15
    n_3-10-15 = -16
    n_3-10-16 = -64
    n_3-10-17 = -1
    n_3-10-18 = -1
    n_3-10-2 = -3
    n_3-10-3 = -4
    n_3-10-4 = -5
    n_3-10-5 = -6
    n_3-10-6 = -7
    n_3-10-7 = -8
    n_3-10-8 = -9
    n_3-10-9 = -10
    n_3-11-0 = -1
    n_3-11-1 = -2
    n_3-11-10 = -11
    n_3-11-11 = -12
    n_3-11-12 = -13
    n_3-11-13 = -14
    n_3-11-14 = -15
    n_3-11-15 = -16
    n_3-11-16 = -64
    n_3-11-17 = -1
    n_3-11-18 = -1
    n_3-11-2 = -3
    n_3-11-3 = -4
    n_3-11-4 = -5
    n_3-11-5 = -6
    n_3-11-6 = -7
    n_3-11-7 = -8
    n_3-11-8 = -9
    n_3-11-9 = -10
    n_3-12-0 = -1
    n_3-12-1 = -2
    n_3-12-10 = -11
    n_3-12-11 = -12
    n_3-12-12 = -13
    n_3-12-13 = -14
    n_3-12-14 = -15
    n_3-12-15 = -16
    n_3-12-16 = -64
    n_3-12-17 = -1
    n_3-12-18 = -1
    n_3-12-2 = -3
    n_3-12-3 = -4
    n_3-12-4 = -5
    n_3-12-5 = -6
    n_3-12-6 = -7
    n_3-12-7 = -8
    n_3-12-8 = -9
    n_3-12-9 = -10
    n_3-13-0 = -1
    n_3-13-1 = -2
    n_3-13-10 = -11
    n_3-13-11 = -12
    n_3-13-12 = -13
    n_3-13-13 = -14
    n_3-13-14 = -15
    n_3-13-15 = -16
    n_3-13-16 = -64
    n_3-13-17 = -1
    n_3-13-18 = 0
    n_3-13-2 = -3
    n_3-13-3 = -4
    n_3-13-4 = -5
    n_3-13-5 = -6
    n_3-13-6 = -7
    n_3-13-7 = -8
    n_3-13-8 = -9
    n_3-13-9 = -10
    n_3-14-0 = -1
    n_3-14-1 = -2
    n_3-14-10 = -11
    n_3-14-11 = -12
    n_3-14-12 = -13
    n_3-14-13 = -14
    n_3-14-14 = -15
    n_3-14-15 = -16
    n_3-14-16 = -64
    n_3-14-17 = 0
    n_3-14-18 = 0
    n_3-14-2 = -3
    n_3-14-3 = -4
    n_3-14-4 = -5
    n_3-14-5 = -6
    n_3-14-6 = -7
    n_3-14-7 = -8
    n_3-14-8 = -9
    n_3-14-9 = -10
    n_3-15-0 = -1
    n_3-15-1 = -2
    n_3-15-10 = -11
    n_3-15-11 = -12
    n_3-15-12 = -13
    n_3-15-13 = -14
    n_3-15-14 = -15
    n_3-15-15 = -16
    n_3-15-16 = -64
    n_3-15-17 = 0
    n_3-15-18 = 0
    n_3-15-2 = -3
    n_3-15-3 = -4
    n_3-15-4 = -5
    n_3-15-5 = -6
    n_3-15-6 = -7
    n_3-15-7 = -8
    n_3-15-8 = -9
    n_3-15-9 = -10
    n_3-16-0 = 0
    n_3-16-1 = -1
    n_3-16-10 = -10
    n_3-16-11 = -11
    n_3-16-12 = -12
    n_3-16-13 = -13
    n_3-16-14 = -14
    n_3-16-15 = -15
    n_3-16-16 = -63
    n_3-16-17 = 0
    n_3-16-18 = 0
    n_3-16-2 = -2
    n_3-16-3 = -3
    n_3-16-4 = -4
    n_3-16-5 = -5
    n_3-16-6 = -6
    n_3-16-7 = -7
    n_3-16-8 = -8
    n_3-16-9 = -9
    n_3-17-0 = -1
    n_3-17-1 = -2
    n_3-17-10 = -11
    n_3-17-11 = -12
    n_3-17-12 = -13
    n_3-17-13 = -14
    n_3-17-14 = -15
    n_3-17-15 = -16
    n_3-17-16 = -64
    n_3-17-17 = -1
    n_3-17-18 = -1
    n_3-17-2 = -3
    n_3-17-3 = -4
    n_3-17-4 = -5
    n_3-17-5 = -6
    n_3-17-6 = -7
    n_3-17-7 = -8
    n_3-17-8 = -9
    n_3-17-9 = -10
    n_3-18-0 = -1
    n_3-18-1 = -2
    n_3-18-10 = -11
    n_3-18-11 = -12
    n_3-18-12 = -13
    n_3-18-13 = -14
    n_3-18-14 = -15
    n_3-18-15 = -16
    n_3-18-16 = -64
    n_3-18-17 = -1
    n_3-18-18 = -1
    n_3-18-2 = -3
    n_3-18-3 = -4
    n_3-18-4 = -5
    n_3-18-5 = -6
    n_3-18-6 = -7
    n_3-18-7 = -8
    n_3-18-8 = -9
    n_3-18-9 = -10
    n_3-3-0 = -1
    n_3-3-1 = -2
    n_3-3-10 = -11
    n_3-3-11 = -12
    n_3-3-12 = -13
    n_3-3-13 = -14
    n_3-3-14 = -15
    n_3-3-15 = -16
    n_3-3-16 = -64
    n_3-3-17 = -1
    n_3-3-18 = -1
    n_3-3-2 = -3
    n_3-3-3 = -4
    n_3-3-4 = -5
    n_3-3-5 = -6
    n_3-3-6 = -7
    n_3-3-7 = -8
    n_3-3-8 = -9
    n_3-3-9 = -10
    n_3-4-0 = -1
    n_3-4-1 = -2
    n_3-4-10 = -11
    n_3-4-11 = -12
    n_3-4-12 = -13
    n_3-4-13 = -14
    n_3-4-14 = -15
    n_3-4-15 = -16
    n_3-4-16 = -64
    n_3-4-17 = -1
    n_3-4-18 = -1
    n_3-4-2 = -3
    n_3-4-3 = -4
    n_3-4-4 = -5
    n_3-4-5 = -6
    n_3-4-6 = -7
    n_3-4-7 = -8
    n_3-4-8 = -9
    n_3-4-9 = -10
    n_3-5-0 = -1
    n_3-5-1 = -2
    n_3-5-10 = -11
    n_3-5-11 = -12
    n_3-5-12 = -13
    n_3-5-13 = -14
    n_3-5-14 = -15
    n_3-5-15 = -16
    n_3-5-16 = -64
    n_3-5-17 = -1
    n_3-5-18 = -1
    n_3-5-2 = -3
    n_3-5-3 = -4
    n_3-5-4 = -5
    n_3-5-5 = -6
    n_3-5-6 = -7
    n_3-5-7 = -8
    n_3-5-8 = -9
    n_3-5-9 = -10
    n_3-6-0 = -1
    n_3-6-1 = -2
    n_3-6-10 = -11
    n_3-6-11 = -12
    n_3-6-12 = -13
    n_3-6-13 = -14
    n_3-6-14 = -15
    n_3-6-15 = -16
    n_3-6-16 = -64
    n_3-6-17 = -1
    n_3-6-18 = -1
    n_3-6-2 = -3
    n_3-6-3 = -4
    n_3-6-4 = -5
    n_3-6-5 = -6
    n_3-6-6 = -7
    n_3-6-7 = -8
    n_3-6-8 = -9
    n_3-6-9 = -10
    n_3-7-0 = -1
    n_3-7-1 = -2
    n_3-7-10 = -11
    n_3-7-11 = -12
    n_3-7-12 = -13
    n_3-7-13 = -14
    n_3-7-14 = -15
    n_3-7-15 = -16
    n_3-7-16 = -64
    n_3-7-17 = -1
    n_3-7-18 = -1
    n_3-7-2 = -3
    n_3-7-3 = -4
    n_3-7-4 = -5
    n_3-7-5 = -6
    n_3-7-6 = -7
    n_3-7-7 = -8
    n_3-7-8 = -9
    n_3-7-9 = -10
    n_3-8-0 = -1
    n_3-8-1 = -2
    n_3-8-10 = -11
    n_3-8-11 = -12
    n_3-8-12 = -13
    n_3-8-13 = -14
    n_3-8-14 = -15
    n_3-8-15 = -16
    n_3-8-16 = -64
    n_3-8-17 = -1
    n_3-8-18 = -1
    n_3-8-2 = -3
    n_3-8-3 = -4
    n_3-8-4 = -5
    n_3-8-5 = -6
    n_3-8-6 = -7
    n_3-8-7 = -8
    n_3-8-8 = -9
    n_3-8-9 = -10
    n_3-9-0 = -1
    n_3-9-1 = -2
    n_3-9-10 = -11
    n_3-9-11 = -12
    n_3-9-12 = -13
    n_3-9-13 = -14
    n_3-9-14 = -15
    n_3-9-15 = -16
    n_3-9-16 = -64
    n_3-9-17 = -1
    n_3-9-18 = -1
    n_3-9-2 = -3
    n_3-9-3 = -4
    n_3-9-4 = -5
    n_3-9-5 = -6
    n_3-9-6 = -7
    n_3-9-7 = -8
    n_3-9-8 = -9
    n_3-9-9 = -10
    n_4-10-0 = -1
    n_4-10-1 = -2
    n_4-10-10 = -11
    n_4-10-11 = -12
    n_4-10-12 = -13
    n_4-10-13 = -14
    n_4-10-14 = -15
    n_4-10-15 = -16
    n_4-10-16 = -64
    n_4-10-17 = -1
    n_4-10-18 = -1
    n_4-10-2 = -3
    n_4-10-3 = -4
    n_4-10-4 = -5
    n_4-10-5 = -6
    n_4-10-6 = -7
    n_4-10-7 = -8
    n_4-10-8 = -9
    n_4-10-9 = -10
    n_4-11-0 = -1
    n_4-11-1 = -2
    n_4-11-10 = -11
    n_4-11-11 = -12
    n_4-11-12 = -13
    n_4-11-13 = -14
    n_4-11-14 = -15
    n_4-11-15 = -16
    n_4-11-16 = -64
    n_4-11-17 = -1
    n_4-11-18 = -1
    n_4-11-2 = -3
    n_4-11-3 = -4
    n_4-11-4 = -5
    n_4-11-5 = -6
    n_4-11-6 = -7
    n_4-11-7 = -8
    n_4-11-8 = -9
    n_4-11-9 = -10
    n_4-12-0 = -1
    n_4-12-1 = -2
    n_4-12-10 = -11
    n_4-12-11 = -12
    n_4-12-12 = -13
    n_4-12-13 = -14
    n_4-12-14 = -15
    n_4-12-15 = -16
    n_4-12-16 = -64
    n_4-12-17 = -1
    n_4-12-18 = 0
    n_4-12-2 = -3
    n_4-12-3 = -4
    n_4-12-4 = -5
    n_4-12-5 = -6
    n_4-12-6 = -7
    n_4-12-7 = -8
    n_4-12-8 = -9
    n_4-12-9 = -10
    n_4-13-0 = -1
    n_4-13-1 = -2
    n_4-13-10 = -11
    n_4-13-11 = -12
    n_4-13-12 = -13
    n_4-13-13 = -14
    n_4-13-14 = -15
    n_4-13-15 = -16
    n_4-13-16 = -64
    n_4-13-17 = 0
    n_4-13-18 = 0
    n_4-13-2 = -3
    n_4-13-3 = -4
    n_4-13-4 = -5
    n_4-13-5 = -6
    n_4-13-6 = -7
    n_4-13-7 = -8
    n_4-13-8 = -9
    n_4-13-9 = -10
    n_4-14-0 = -1
    n_4-14-1 = -2
    n_4-14-10 = -11
    n_4-14-11 = -12
    n_4-14-12 = -13
    n_4-14-13 = -14
    n_4-14-14 = -15
    n_4-14-15 = -16
    n_4-14-16 = -64
    n_4-14-17 = 0
    n_4-14-18 = 0
    n_4-14-2 = -3
    n_4-14-3 = -4
    n_4-14-4 = -5
    n_4-14-5 = -6
    n_4-14-6 = -7
    n_4-14-7 = -8
    n_4-14-8 = -9
    n_4-14-9 = -10
    n_4-15-0 = -1
    n_4-15-1 = -2
    n_4-15-10 = -11
    n_4-15-11 = -12
    n_4-15-12 = -13
    n_4-15-13 = -14
    n_4-15-14 = -15
    n_4-15-15 = -16
    n_4-15-16 = -64
    n_4-15-17 = 0
    n_4-15-18 = 0
    n_4-15-2 = -3
    n_4-15-3 = -4
    n_4-15-4 = -5
    n_4-15-5 = -6
    n_4-15-6 = -7
    n_4-15-7 = -8
    n_4-15-8 = -9
    n_4-15-9 = -10
    n_4-16-0 = 0
    n_4-16-1 = -1
    n_4-16-10 = -10
    n_4-16-11 = -11
    n_4-16-12 = -12
    n_4-16-13 = -13
    n_4-16-14 = -14
    n_4-16-15 = -15
    n_4-16-16 = -63
    n_4-16-17 = 0
    n_4-16-18 = 0
    n_4-16-2 = -2
    n_4-16-3 = -3
    n_4-16-4 = -4
    n_4-16-5 = -5
    n_4-16-6 = -6
    n_4-16-7 = -7
    n_4-16-8 = -8
    n_4-16-9 = -9
    n_4-17-0 = -1
    n_4-17-1 = -2
    n_4-17-10 = -11
    n_4-17-11 = -12
    n_4-17-12 = -13
    n_4-17-13 = -14
    n_4-17-14 = -15
    n_4-17-15 = -16
    n_4-17-16 = -64
    n_4-17-17 = -1
    n_4-17-18 = -1
    n_4-17-2 = -3
    n_4-17-3 = -4
    n_4-17-4 = -5
    n_4-17-5 = -6
    n_4-17-6 = -7
    n_4-17-7 = -8
    n_4-17-8 = -9
    n_4-17-9 = -10
    n_4-18-0 = -1
    n_4-18-1 = -2
    n_4-18-10 = -11
    n_4-18-11 = -12
    n_4-18-12 = -13
    n_4-18-13 = -14
    n_4-18-14 = -15
    n_4-18-15 = -16
    n_4-18-16 = -64
    n_4-18-17 = -1
    n_4-18-18 = -1
    n_4-18-2 = -3
    n_4-18-3 = -4
    n_4-18-4 = -5
    n_4-18-5 = -6
    n_4-18-6 = -7
    n_4-18-7 = -8
    n_4-18-8 = -9
    n_4-18-9 = -10
    n_4-4-0 = -1
    n_4-4-1 = -2
    n_4-4-10 = -11
    n_4-4-11 = -12
    n_4-4-12 = -13
    n_4-4-13 = -14
    n_4-4-14 = -15
    n_4-4-15 = -16
    n_4-4-16 = -64
    n_4-4-17 = -1
    n_4-4-18 = -1
    n_4-4-2 = -3
    n_4-4-3 = -4
    n_4-4-4 = -5
    n_4-4-5 = -6
    n_4-4-6 = -7
    n_4-4-7 = -8
    n_4-4-8 = -9
    n_4-4-9 = -10
    n_4-5-0 = -1
    n_4-5-1 = -2
    n_4-5-10 = -11
    n_4-5-11 = -12
    n_4-5-12 = -13
    n_4-5-13 = -14
    n_4-5-14 = -15
    n_4-5-15 = -16
    n_4-5-16 = -64
    n_4-5-17 = -1
    n_4-5-18 = -1
    n_4-5-2 = -3
    n_4-5-3 = -4
    n_4-5-4 = -5
    n_4-5-5 = -6
    n_4-5-6 = -7
    n_4-5-7 = -8
    n_4-5-8 = -9
    n_4-5-9 = -10
    n_4-6-0 = -1
    n_4-6-1 = -2
    n_4-6-10 = -11
    n_4-6-11 = -12
    n_4-6-12 = -13
    n_4-6-13 = -14
    n_4-6-14 = -15
    n_4-6-15 = -16
    n_4-6-16 = -64
    n_4-6-17 = -1
    n_4-6-18 = -1
    n_4-6-2 = -3
    n_4-6-3 = -4
    n_4-6-4 = -5
    n_4-6-5 = -6
    n_4-6-6 = -7
    n_4-6-7 = -8
    n_4-6-8 = -9
    n_4-6-9 = -10
    n_4-7-0 = -1
    n_4-7-1 = -2
    n_4-7-10 = -11
    n_4-7-11 = -12
    n_4-7-12 = -13
    n_4-7-13 = -14
    n_4-7-14 = -15
    n_4-7-15 = -16
    n_4-7-16 = -64
    n_4-7-17 = -1
    n_4-7-18 = -1
    n_4-7-2 = -3
    n_4-7-3 = -4
    n_4-7-4 = -5
    n_4-7-5 = -6
    n_4-7-6 = -7
    n_4-7-7 = -8
    n_4-7-8 = -9
    n_4-7-9 = -10
    n_4-8-0 = -1
    n_4-8-1 = -2
    n_4-8-10 = -11
    n_4-8-11 = -12
    n_4-8-12 = -13
    n_4-8-13 = -14
    n_4-8-14 = -15
    n_4-8-15 = -16
    n_4-8-16 = -64
    n_4-8-17 = -1
    n_4-8-18 = -1
    n_4-8-2 = -3
    n_4-8-3 = -4
    n_4-8-4 = -5
    n_4-8-5 = -6
    n_4-8-6 = -7
    n_4-8-7 = -8
    n_4-8-8 = -9
    n_4-8-9 = -10
    n_4-9-0 = -1
    n_4-9-1 = -2
    n_4-9-10 = -11
    n_4-9-11 = -12
    n_4-9-12 = -13
    n_4-9-13 = -14
    n_4-9-14 = -15
    n_4-9-15 = -16
    n_4-9-16 = -64
    n_4-9-17 = -1
    n_4-9-18 = -1
    n_4-9-2 = -3
    n_4-9-3 = -4
    n_4-9-4 = -5
    n_4-9-5 = -6
    n_4-9-6 = -7
    n_4-9-7 = -8
    n_4-9-8 = -9
    n_4-9-9 = -10
    n_5-10-0 = -1
    n_5-10-1 = -2
    n_5-10-10 = -11
    n_5-10-11 = -12
    n_5-10-12 = -13
    n_5-10-13 = -14
    n_5-10-14 = -15
    n_5-10-15 = -16
    n_5-10-16 = -64
    n_5-10-17 = -1
    n_5-10-18 = -1
    n_5-10-2 = -3
    n_5-10-3 = -4
    n_5-10-4 = -5
    n_5-10-5 = -6
    n_5-10-6 = -7
    n_5-10-7 = -8
    n_5-10-8 = -9
    n_5-10-9 = -10
    n_5-11-0 = -1
    n_5-11-1 = -2
    n_5-11-10 = -11
    n_5-11-11 = -12
    n_5-11-12 = -13
    n_5-11-13 = -14
    n_5-11-14 = -15
    n_5-11-15 = -16
    n_5-11-16 = -64
    n_5-11-17 = -1
    n_5-11-18 = 0
    n_5-11-2 = -3
    n_5-11-3 = -4
    n_5-11-4 = -5
    n_5-11-5 = -6
    n_5-11-6 = -7
    n_5-11-7 = -8
    n_5-11-8 = -9
    n_5-11-9 = -10
    n_5-12-0 = -1
    n_5-12-1 = -2
    n_5-12-10 = -11
    n_5-12-11 = -12
    n_5-12-12 = -13
    n_5-12-13 = -14
    n_5-12-14 = -15
    n_5-12-15 = -16
    n_5-12-16 = -64
    n_5-12-17 = 0
    n_5-12-18 = 0
    n_5-12-2 = -3
    n_5-12-3 = -4
    n_5-12-4 = -5
    n_5-12-5 = -6
    n_5-12-6 = -7
    n_5-12-7 = -8
    n_5-12-8 = -9
    n_5-12-9 = -10
    n_5-13-0 = -1
    n_5-13-1 = -2
    n_5-13-10 = -11
    n_5-13-11 = -12
    n_5-13-12 = -13
    n_5-13-13 = -14
    n_5-13-14 = -15
    n_5-13-15 = -16
    n_5-13-16 = -64
    n_5-13-17 = 0
    n_5-13-18 = 0
    n_5-13-2 = -3
    n_5-13-3 = -4
    n_5-13-4 = -5
    n_5-13-5 = -6
    n_5-13-6 = -7
    n_5-13-7 = -8
    n_5-13-8 = -9
    n_5-13-9 = -10
    n_5-14-0 = -1
    n_5-14-1 = -2
    n_5-14-10 = -11
    n_5-14-11 = -12
    n_5-14-12 = -13
    n_5-14-13 = -14
    n_5-14-14 = -15
    n_5-14-15 = -16
    n_5-14-16 = -64
    n_5-14-17 = 0
    n_5-14-18 = 0
    n_5-14-2 = -3
    n_5-14-3 = -4
    n_5-14-4 = -5
    n_5-14-5 = -6
    n_5-14-6 = -7
    n_5-14-7 = -8
    n_5-14-8 = -9
    n_5-14-9 = -10
    n_5-15-0 = -1
    n_5-15-1 = -2
    n_5-15-10 = -11
    n_5-15-11 = -12
    n_5-15-12 = -13
    n_5-15-13 = -14
    n_5-15-14 = -15
    n_5-15-15 = -16
    n_5-15-16 = -64
    n_5-15-17 = 0
    n_5-15-18 = 0
    n_5-15-2 = -3
    n_5-15-3 = -4
    n_5-15-4 = -5
    n_5-15-5 = -6
    n_5-15-6 = -7
    n_5-15-7 = -8
    n_5-15-8 = -9
    n_5-15-9 = -10
    n_5-16-0 = 0
    n_5-16-1 = -1
    n_5-16-10 = -10
    n_5-16-11 = -11
    n_5-16-12 = -12
    n_5-16-13 = -13
    n_5-16-14 = -14
    n_5-16-15 = -15
    n_5-16-16 = -63
    n_5-16-17 = 0
    n_5-16-18 = 0
    n_5-16-2 = -2
    n_5-16-3 = -3
    n_5-16-4 = -4
    n_5-16-5 = -5
    n_5-16-6 = -6
    n_5-16-7 = -7
    n_5-16-8 = -8
    n_5-16-9 = -9
    n_5-17-0 = -1
    n_5-17-1 = -2
    n_5-17-10 = -11
    n_5-17-11 = -12
    n_5-17-12 = -13
    n_5-17-13 = -14
    n_5-17-14 = -15
    n_5-17-15 = -16
    n_5-17-16 = -64
    n_5-17-17 = -1
    n_5-17-18 = -1
    n_5-17-2 = -3
    n_5-17-3 = -4
    n_5-17-4 = -5
    n_5-17-5 = -6
    n_5-17-6 = -7
    n_5-17-7 = -8
    n_5-17-8 = -9
    n_5-17-9 = -10
    n_5-18-0 = -1
    n_5-18-1 = -2
    n_5-18-10 = -11
    n_5-18-11 = -12
    n_5-18-12 = -13
    n_5-18-13 = -14
    n_5-18-14 = -15
    n_5-18-15 = -16
    n_5-18-16 = -64
    n_5-18-17 = -1
    n_5-18-18 = -1
    n_5-18-2 = -3
    n_5-18-3 = -4
    n_5-18-4 = -5
    n_5-18-5 = -6
    n_5-18-6 = -7
    n_5-18-7 = -8
    n_5-18-8 = -9
    n_5-18-9 = -10
    n_5-5-0 = -1
    n_5-5-1 = -2
    n_5-5-10 = -11
    n_5-5-11 = -12
    n_5-5-12 = -13
    n_5-5-13 = -14
    n_5-5-14 = -15
    n_5-5-15 = -16
    n_5-5-16 = -64
    n_5-5-17 = -1
    n_5-5-18 = -1
    n_5-5-2 = -3
    n_5-5-3 = -4
    n_5-5-4 = -5
    n_5-5-5 = -6
    n_5-5-6 = -7
    n_5-5-7 = -8
    n_5-5-8 = -9
    n_5-5-9 = -10
    n_5-6-0 = -1
    n_5-6-1 = -2
    n_5-6-10 = -11
    n_5-6-11 = -12
    n_5-6-12 = -13
    n_5-6-13 = -14
    n_5-6-14 = -15
    n_5-6-15 = -16
    n_5-6-16 = -64
    n_5-6-17 = -1
    n_5-6-18 = -1
    n_5-6-2 = -3
    n_5-6-3 = -4
    n_5-6-4 = -5
    n_5-6-5 = -6
    n_5-6-6 = -7
    n_5-6-7 = -8
    n_5-6-8 = -9
    n_5-6-9 = -10
    n_5-7-0 = -1
    n_5-7-1 = -2
    n_5-7-10 = -11
    n_5-7-11 = -12
    n_5-7-12 = -13
    n_5-7-13 = -14
    n_5-7-14 = -15
    n_5-7-15 = -16
    n_5-7-16 = -64
    n_5-7-17 = -1
    n_5-7-18 = -1
    n_5-7-2 = -3
    n_5-7-3 = -4
    n_5-7-4 = -5
    n_5-7-5 = -6
    n_5-7-6 = -7
    n_5-7-7 = -8
    n_5-7-8 = -9
    n_5-7-9 = -10
    n_5-8-0 = -1
    n_5-8-1 = -2
    n_5-8-10 = -11
    n_5-8-11 = -12
    n_5-8-12 = -13
    n_5-8-13 = -14
    n_5-8-14 = -15
    n_5-8-15 = -16
    n_5-8-16 = -64
    n_5-8-17 = -1
    n_5-8-18 = -1
    n_5-8-2 = -3
    n_5-8-3 = -4
    n_5-8-4 = -5
    n_5-8-5 = -6
    n_5-8-6 = -7
    n_5-8-7 = -8
    n_5-8-8 = -9
    n_5-8-9 = -10
    n_5-9-0 = -1
    n_5-9-1 = -2
    n_5-9-10 = -11
    n_5-9-11 = -12
    n_5-9-12 = -13
    n_5-9-13 = -14
    n_5-9-14 = -15
    n_5-9-15 = -16
    n_5-9-16 = -64
    n_5-9-17 = -1
    n_5-9-18 = -1
    n_5-9-2 = -3
    n_5-9-3 = -4
    n_5-9-4 = -5
    n_5-9-5 = -6
    n_5-9-6 = -7
    n_5-9-7 = -8
    n_5-9-8 = -9
    n_5-9-9 = -10
    n_6-10-0 = -1
    n_6-10-1 = -2
    n_6-10-10 = -11
    n_6-10-11 = -12
    n_6-10-12 = -13
    n_6-10-13 = -14
    n_6-10-14 = -15
    n_6-10-15 = -16
    n_6-10-16 = -64
    n_6-10-17 = -1
    n_6-10-18 = 0
    n_6-10-2 = -3
    n_6-10-3 = -4
    n_6-10-4 = -5
    n_6-10-5 = -6
    n_6-10-6 = -7
    n_6-10-7 = -8
    n_6-10-8 = -9
    n_6-10-9 = -10
    n_6-11-0 = -1
    n_6-11-1 = -2
    n_6-11-10 = -11
    n_6-11-11 = -12
    n_6-11-12 = -13
    n_6-11-13 = -14
    n_6-11-14 = -15
    n_6-11-15 = -16
    n_6-11-16 = -64
    n_6-11-17 = 0
    n_6-11-18 = 0
    n_6-11-2 = -3
    n_6-11-3 = -4
    n_6-11-4 = -5
    n_6-11-5 = -6
    n_6-11-6 = -7
    n_6-11-7 = -8
    n_6-11-8 = -9
    n_6-11-9 = -10
    n_6-12-0 = -1
    n_6-12-1 = -2
    n_6-12-10 = -11
    n_6-12-11 = -12
    n_6-12-12 = -13
    n_6-12-13 = -14
    n_6-12-14 = -15
    n_6-12-15 = -16
    n_6-12-16 = -64
    n_6-12-17 = 0
    n_6-12-18 = 0
    n_6-12-2 = -3
    n_6-12-3 = -4
    n_6-12-4 = -5
    n_6-12-5 = -6
    n_6-12-6 = -7
    n_6-12-7 = -8
    n_6-12-8 = -9
    n_6-12-9 = -10
    n_6-13-0 = -1
    n_6-13-1 = -2
    n_6-13-10 = -11
    n_6-13-11 = -12
    n_6-13-12 = -13
    n_6-13-13 = -14
    n_6-13-14 = -15
    n_6-13-15 = -16
    n_6-13-16 = -64
    n_6-13-17 = 0
    n_6-13-18 = 0
    n_6-13-2 = -3
    n_6-13-3 = -4
    n_6-13-4 = -5
    n_6-13-5 = -6
    n_6-13-6 = -7
    n_6-13-7 = -8
    n_6-13-8 = -9
    n_6-13-9 = -10
    n_6-14-0 = -1
    n_6-14-1 = -2
    n_6-14-10 = -11
    n_6-14-11 = -12
    n_6-14-12 = -13
    n_6-14-13 = -14
    n_6-14-14 = -15
    n_6-14-15 = -16
    n_6-14-16 = -64
    n_6-14-17 = 0
    n_6-14-18 = 0
    n_6-14-2 = -3
    n_6-14-3 = -4
    n_6-14-4 = -5
    n_6-14-5 = -6
    n_6-14-6 = -7
    n_6-14-7 = -8
    n_6-14-8 = -9
    n_6-14-9 = -10
    n_6-15-0 = -1
    n_6-15-1 = -2
    n_6-15-10 = -11
    n_6-15-11 = -12
    n_6-15-12 = -13
    n_6-15-13 = -14
    n_6-15-14 = -15
    n_6-15-15 = -16
    n_6-15-16 = -64
    n_6-15-17 = 0
    n_6-15-18 = 0
    n_6-15-2 = -3
    n_6-15-3 = -4
    n_6-15-4 = -5
    n_6-15-5 = -6
    n_6-15-6 = -7
    n_6-15-7 = -8
    n_6-15-8 = -9
    n_6-15-9 = -10
    n_6-16-0 = 0
    n_6-16-1 = -1
    n_6-16-10 = -10
    n_6-16-11 = -11
    n_6-16-12 = -12
    n_6-16-13 = -13
    n_6-16-14 = -14
    n_6-16-15 = -15
    n_6-16-16 = -63
    n_6-16-17 = 0
    n_6-16-18 = 0
    n_6-16-2 = -2
    n_6-16-3 = -3
    n_6-16-4 = -4
    n_6-16-5 = -5
    n_6-16-6 = -6
    n_6-16-7 = -7
    n_6-16-8 = -8
    n_6-16-9 = -9
    n_6-17-0 = -1
    n_6-17-1 = -2
    n_6-17-10 = -11
    n_6-17-11 = -12
    n_6-17-12 = -13
    n_6-17-13 = -14
    n_6-17-14 = -15
    n_6-17-15 = -16
    n_6-17-16 = -64
    n_6-17-17 = -1
    n_6-17-18 = -1
    n_6-17-2 = -3
    n_6-17-3 = -4
    n_6-17-4 = -5
    n_6-17-5 = -6
    n_6-17-6 = -7
    n_6-17-7 = -8
    n_6-17-8 = -9
    n_6-17-9 = -10
    n_6-18-0 = -1
    n_6-18-1 = -2
    n_6-18-10 = -11
    n_6-18-11 = -12
    n_6-18-12 = -13
    n_6-18-13 = -14
    n_6-18-14 = -15
    n_6-18-15 = -16
    n_6-18-16 = -64
    n_6-18-17 = -1
    n_6-18-18 = -1
    n_6-18-2 = -3
    n_6-18-3 = -4
    n_6-18-4 = -5
    n_6-18-5 = -6
    n_6-18-6 = -7
    n_6-18-7 = -8
    n_6-18-8 = -9
    n_6-18-9 = -10
    n_6-6-0 = -1
    n_6-6-1 = -2
    n_6-6-10 = -11
    n_6-6-11 = -12
    n_6-6-12 = -13
    n_6-6-13 = -14
    n_6-6-14 = -15
    n_6-6-15 = -16
    n_6-6-16 = -64
    n_6-6-17 = -1
    n_6-6-18 = -1
    n_6-6-2 = -3
    n_6-6-3 = -4
    n_6-6-4 = -5
    n_6-6-5 = -6
    n_6-6-6 = -7
    n_6-6-7 = -8
    n_6-6-8 = -9
    n_6-6-9 = -10
    n_6-7-0 = -1
    n_6-7-1 = -2
    n_6-7-10 = -11
    n_6-7-11 = -12
    n_6-7-12 = -13
    n_6-7-13 = -14
    n_6-7-14 = -15
    n_6-7-15 = -16
    n_6-7-16 = -64
    n_6-7-17 = -1
    n_6-7-18 = -1
    n_6-7-2 = -3
    n_6-7-3 = -4
    n_6-7-4 = -5
    n_6-7-5 = -6
    n_6-7-6 = -7
    n_6-7-7 = -8
    n_6-7-8 = -9
    n_6-7-9 = -10
    n_6-8-0 = -1
    n_6-8-1 = -2
    n_6-8-10 = -11
    n_6-8-11 = -12
    n_6-8-12 = -13
    n_6-8-13 = -14
    n_6-8-14 = -15
    n_6-8-15 = -16
    n_6-8-16 = -64
    n_6-8-17 = -1
    n_6-8-18 = -1
    n_6-8-2 = -3
    n_6-8-3 = -4
    n_6-8-4 = -5
    n_6-8-5 = -6
    n_6-8-6 = -7
    n_6-8-7 = -8
    n_6-8-8 = -9
    n_6-8-9 = -10
    n_6-9-0 = -1
    n_6-9-1 = -2
    n_6-9-10 = -11
    n_6-9-11 = -12
    n_6-9-12 = -13
    n_6-9-13 = -14
    n_6-9-14 = -15
    n_6-9-15 = -16
    n_6-9-16 = -64
    n_6-9-17 = -1
    n_6-9-18 = -1
    n_6-9-2 = -3
    n_6-9-3 = -4
    n_6-9-4 = -5
    n_6-9-5 = -6
    n_6-9-6 = -7
    n_6-9-7 = -8
    n_6-9-8 = -9
    n_6-9-9 = -10
    n_7-10-0 = -1
    n_7-10-1 = -2
    n_7-10-10 = -11
    n_7-10-11 = -12
    n_7-10-12 = -13
    n_7-10-13 = -14
    n_7-10-14 = -15
    n_7-10-15 = -16
    n_7-10-16 = -64
    n_7-10-17 = 0
    n_7-10-18 = 0
    n_7-10-2 = -3
    n_7-10-3 = -4
    n_7-10-4 = -5
    n_7-10-5 = -6
    n_7-10-6 = -7
    n_7-10-7 = -8
    n_7-10-8 = -9
    n_7-10-9 = -10
    n_7-11-0 = -1
    n_7-11-1 = -2
    n_7-11-10 = -11
    n_7-11-11 = -12
    n_7-11-12 = -13
    n_7-11-13 = -14
    n_7-11-14 = -15
    n_7-11-15 = -16
    n_7-11-16 = -64
    n_7-11-17 = 0
    n_7-11-18 = 0
    n_7-11-2 = -3
    n_7-11-3 = -4
    n_7-11-4 = -5
    n_7-11-5 = -6
    n_7-11-6 = -7
    n_7-11-7 = -8
    n_7-11-8 = -9
    n_7-11-9 = -10
    n_7-12-0 = -1
    n_7-12-1 = -2
    n_7-12-10 = -11
    n_7-12-11 = -12
    n_7-12-12 = -13
    n_7-12-13 = -14
    n_7-12-14 = -15
    n_7-12-15 = -16
    n_7-12-16 = -64
    n_7-12-17 = 0
    n_7-12-18 = 0
    n_7-12-2 = -3
    n_7-12-3 = -4
    n_7-12-4 = -5
    n_7-12-5 = -6
    n_7-12-6 = -7
    n_7-12-7 = -8
    n_7-12-8 = -9
    n_7-12-9 = -10
    n_7-13-0 = -1
    n_7-13-1 = -2
    n_7-13-10 = -11
    n_7-13-11 = -12
    n_7-13-12 = -13
    n_7-13-13 = -14
    n_7-13-14 = -15
    n_7-13-15 = -16
    n_7-13-16 = -64
    n_7-13-17 = 0
    n_7-13-18 = 0
    n_7-13-2 = -3
    n_7-13-3 = -4
    n_7-13-4 = -5
    n_7-13-5 = -6
    n_7-13-6 = -7
    n_7-13-7 = -8
    n_7-13-8 = -9
    n_7-13-9 = -10
    n_7-14-0 = -1
    n_7-14-1 = -2
    n_7-14-10 = -11
    n_7-14-11 = -12
    n_7-14-12 = -13
    n_7-14-13 = -14
    n_7-14-14 = -15
    n_7-14-15 = -16
    n_7-14-16 = -64
    n_7-14-17 = 0
    n_7-14-18 = 0
    n_7-14-2 = -3
    n_7-14-3 = -4
    n_7-14-4 = -5
    n_7-14-5 = -6
    n_7-14-6 = -7
    n_7-14-7 = -8
    n_7-14-8 = -9
    n_7-14-9 = -10
    n_7-15-0 = -1
    n_7-15-1 = -2
    n_7-15-10 = -11
    n_7-15-11 = -12
    n_7-15-12 = -13
    n_7-15-13 = -14
    n_7-15-14 = -15
    n_7-15-15 = -16
    n_7-15-16 = -64
    n_7-15-17 = 0
    n_7-15-18 = 0
    n_7-15-2 = -3
    n_7-15-3 = -4
    n_7-15-4 = -5
    n_7-15-5 = -6
    n_7-15-6 = -7
    n_7-15-7 = -8
    n_7-15-8 = -9
    n_7-15-9 = -10
    n_7-16-0 = 0
    n_7-16-1 = -1
    n_7-16-10 = -10
    n_7-16-11 = -11
    n_7-16-12 = -12
    n_7-16-13 = -13
    n_7-16-14 = -14
    n_7-16-15 = -15
    n_7-16-16 = -63
    n_7-16-17 = 0
    n_7-16-18 = 0
    n_7-16-2 = -2
    n_7-16-3 = -3
    n_7-16-4 = -4
    n_7-16-5 = -5
    n_7-16-6 = -6
    n_7-16-7 = -7
    n_7-16-8 = -8
    n_7-16-9 = -9
    n_7-17-0 = -1
    n_7-17-1 = -2
    n_7-17-10 = -11
    n_7-17-11 = -12
    n_7-17-12 = -13
    n_7-17-13 = -14
    n_7-17-14 = -15
    n_7-17-15 = -16
    n_7-17-16 = -64
    n_7-17-17 = -1
    n_7-17-18 = -1
    n_7-17-2 = -3
    n_7-17-3 = -4
    n_7-17-4 = -5
    n_7-17-5 = -6
    n_7-17-6 = -7
    n_7-17-7 = -8
    n_7-17-8 = -9
    n_7-17-9 = -10
    n_7-18-0 = -1
    n_7-18-1 = -2
    n_7-18-10 = -11
    n_7-18-11 = -12
    n_7-18-12 = -13
    n_7-18-13 = -14
    n_7-18-14 = -15
    n_7-18-15 = -16
    n_7-18-16 = -64
    n_7-18-17 = -1
    n_7-18-18 = -1
    n_7-18-2 = -3
    n_7-18-3 = -4
    n_7-18-4 = -5
    n_7-18-5 = -6
    n_7-18-6 = -7
    n_7-18-7 = -8
    n_7-18-8 = -9
    n_7-18-9 = -10
    n_7-7-0 = -1
    n_7-7-1 = -2
    n_7-7-10 = -11
    n_7-7-11 = -12
    n_7-7-12 = -13
    n_7-7-13 = -14
    n_7-7-14 = -15
    n_7-7-15 = -16
    n_7-7-16 = -64
    n_7-7-17 = -1
    n_7-7-18 = -1
    n_7-7-2 = -3
    n_7-7-3 = -4
    n_7-7-4 = -5
    n_7-7-5 = -6
    n_7-7-6 = -7
    n_7-7-7 = -8
    n_7-7-8 = -9
    n_7-7-9 = -10
    n_7-8-0 = -1
    n_7-8-1 = -2
    n_7-8-10 = -11
    n_7-8-11 = -12
    n_7-8-12 = -13
    n_7-8-13 = -14
    n_7-8-14 = -15
    n_7-8-15 = -16
    n_7-8-16 = -64
    n_7-8-17 = -1
    n_7-8-18 = -1
    n_7-8-2 = -3
    n_7-8-3 = -4
    n_7-8-4 = -5
    n_7-8-5 = -6
    n_7-8-6 = -7
    n_7-8-7 = -8
    n_7-8-8 = -9
    n_7-8-9 = -10
    n_7-9-0 = -1
    n_7-9-1 = -2
    n_7-9-10 = -11
    n_7-9-11 = -12
    n_7-9-12 = -13
    n_7-9-13 = -14
    n_7-9-14 = -15
    n_7-9-15 = -16
    n_7-9-16 = -64
    n_7-9-17 = -1
    n_7-9-18 = 0
    n_7-9-2 = -3
    n_7-9-3 = -4
    n_7-9-4 = -5
    n_7-9-5 = -6
    n_7-9-6 = -7
    n_7-9-7 = -8
    n_7-9-8 = -9
    n_7-9-9 = -10
    n_8-10-0 = -1
    n_8-10-1 = -2
    n_8-10-10 = -11
    n_8-10-11 = -12
    n_8-10-12 = -13
    n_8-10-13 = -14
    n_8-10-14 = -15
    n_8-10-15 = -16
    n_8-10-16 = -64
    n_8-10-17 = 0
    n_8-10-18 = 0
    n_8-10-2 = -3
    n_8-10-3 = -4
    n_8-10-4 = -5
    n_8-10-5 = -6
    n_8-10-6 = -7
    n_8-10-7 = -8
    n_8-10-8 = -9
    n_8-10-9 = -10
    n_8-11-0 = -1
    n_8-11-1 = -2
    n_8-11-10 = -11
    n_8-11-11 = -12
    n_8-11-12 = -13
    n_8-11-13 = -14
    n_8-11-14 = -15
    n_8-11-15 = -16
    n_8-11-16 = -64
    n_8-11-17 = 0
    n_8-11-18 = 0
    n_8-11-2 = -3
    n_8-11-3 = -4
    n_8-11-4 = -5
    n_8-11-5 = -6
    n_8-11-6 = -7
    n_8-11-7 = -8
    n_8-11-8 = -9
    n_8-11-9 = -10
    n_8-12-0 = -1
    n_8-12-1 = -2
    n_8-12-10 = -11
    n_8-12-11 = -12
    n_8-12-12 = -13
    n_8-12-13 = -14
    n_8-12-14 = -15
    n_8-12-15 = -16
    n_8-12-16 = -64
    n_8-12-17 = 0
    n_8-12-18 = 0
    n_8-12-2 = -3
    n_8-12-3 = -4
    n_8-12-4 = -5
    n_8-12-5 = -6
    n_8-12-6 = -7
    n_8-12-7 = -8
    n_8-12-8 = -9
    n_8-12-9 = -10
    n_8-13-0 = -1
    n_8-13-1 = -2
    n_8-13-10 = -11
    n_8-13-11 = -12
    n_8-13-12 = -13
    n_8-13-13 = -14
    n_8-13-14 = -15
    n_8-13-15 = -16
    n_8-13-16 = -64
    n_8-13-17 = 0
    n_8-13-18 = 0
    n_8-13-2 = -3
    n_8-13-3 = -4
    n_8-13-4 = -5
    n_8-13-5 = -6
    n_8-13-6 = -7
    n_8-13-7 = -8
    n_8-13-8 = -9
    n_8-13-9 = -10
    n_8-14-0 = -1
    n_8-14-1 = -2
    n_8-14-10 = -11
    n_8-14-11 = -12
    n_8-14-12 = -13
    n_8-14-13 = -14
    n_8-14-14 = -15
    n_8-14-15 = -16
    n_8-14-16 = -64
    n_8-14-17 = 0
    n_8-14-18 = 0
    n_8-14-2 = -3
    n_8-14-3 = -4
    n_8-14-4 = -5
    n_8-14-5 = -6
    n_8-14-6 = -7
    n_8-14-7 = -8
    n_8-14-8 = -9
    n_8-14-9 = -10
    n_8-15-0 = -1
    n_8-15-1 = -2
    n_8-15-10 = -11
    n_8-15-11 = -12
    n_8-15-12 = -13
    n_8-15-13 = -14
    n_8-15-14 = -15
    n_8-15-15 = -16
    n_8-15-16 = -64
    n_8-15-17 = 0
    n_8-15-18 = 0
    n_8-15-2 = -3
    n_8-15-3 = -4
    n_8-15-4 = -5
    n_8-15-5 = -6
    n_8-15-6 = -7
    n_8-15-7 = -8
    n_8-15-8 = -9
    n_8-15-9 = -10
    n_8-16-0 = 0
    n_8-16-1 = -1
    n_8-16-10 = -10
    n_8-16-11 = -11
    n_8-16-12 = -12
    n_8-16-13 = -13
    n_8-16-14 = -14
    n_8-16-15 = -15
    n_8-16-16 = -63
    n_8-16-17 = 0
    n_8-16-18 = 0
    n_8-16-2 = -2
    n_8-16-3 = -3
    n_8-16-4 = -4
    n_8-16-5 = -5
    n_8-16-6 = -6
    n_8-16-7 = -7
    n_8-16-8 = -8
    n_8-16-9 = -9
    n_8-17-0 = -1
    n_8-17-1 = -2
    n_8-17-10 = -11
    n_8-17-11 = -12
    n_8-17-12 = -13
    n_8-17-13 = -14
    n_8-17-14 = -15
    n_8-17-15 = -16
    n_8-17-16 = -64
    n_8-17-17 = -1
    n_8-17-18 = -1
    n_8-17-2 = -3
    n_8-17-3 = -4
    n_8-17-4 = -5
    n_8-17-5 = -6
    n_8-17-6 = -7
    n_8-17-7 = -8
    n_8-17-8 = -9
    n_8-17-9 = -10
    n_8-18-0 = -1
    n_8-18-1 = -2
    n_8-18-10 = -11
    n_8-18-11 = -12
    n_8-18-12 = -13
    n_8-18-13 = -14
    n_8-18-14 = -15
    n_8-18-15 = -16
    n_8-18-16 = -64
    n_8-18-17 = -1
    n_8-18-18 = -1
    n_8-18-2 = -3
    n_8-18-3 = -4
    n_8-18-4 = -5
    n_8-18-5 = -6
    n_8-18-6 = -7
    n_8-18-7 = -8
    n_8-18-8 = -9
    n_8-18-9 = -10
    n_8-8-0 = -1
    n_8-8-1 = -2
    n_8-8-10 = -11
    n_8-8-11 = -12
    n_8-8-12 = -13
    n_8-8-13 = -14
    n_8-8-14 = -15
    n_8-8-15 = -16
    n_8-8-16 = -64
    n_8-8-17 = -1
    n_8-8-18 = 0
    n_8-8-2 = -3
    n_8-8-3 = -4
    n_8-8-4 = -5
    n_8-8-5 = -6
    n_8-8-6 = -7
    n_8-8-7 = -8
    n_8-8-8 = -9
    n_8-8-9 = -10
    n_8-9-0 = -1
    n_8-9-1 = -2
    n_8-9-10 = -11
    n_8-9-11 = -12
    n_8-9-12 = -13
    n_8-9-13 = -14
    n_8-9-14 = -15
    n_8-9-15 = -16
    n_8-9-16 = -64
    n_8-9-17 = 0
    n_8-9-18 = 0
    n_8-9-2 = -3
    n_8-9-3 = -4
    n_8-9-4 = -5
    n_8-9-5 = -6
    n_8-9-6 = -7
    n_8-9-7 = -8
    n_8-9-8 = -9
    n_8-9-9 = -10
    n_9-10-0 = -1
    n_9-10-1 = -2
    n_9-10-10 = -11
    n_9-10-11 = -12
    n_9-10-12 = -13
    n_9-10-13 = -14
    n_9-10-14 = -15
    n_9-10-15 = -16
    n_9-10-16 = -64
    n_9-10-17 = 0
    n_9-10-18 = 0
    n_9-10-2 = -3
    n_9-10-3 = -4
    n_9-10-4 = -5
    n_9-10-5 = -6
    n_9-10-6 = -7
    n_9-10-7 = -8
    n_9-10-8 = -9
    n_9-10-9 = -10
    n_9-11-0 = -1
    n_9-11-1 = -2
    n_9-11-10 = -11
    n_9-11-11 = -12
    n_9-11-12 = -13
    n_9-11-13 = -14
    n_9-11-14 = -15
    n_9-11-15 = -16
    n_9-11-16 = -64
    n_9-11-17 = 0
    n_9-11-18 = 0
    n_9-11-2 = -3
    n_9-11-3 = -4
    n_9-11-4 = -5
    n_9-11-5 = -6
    n_9-11-6 = -7
    n_9-11-7 = -8
    n_9-11-8 = -9
    n_9-11-9 = -10
    n_9-12-0 = -1
    n_9-12-1 = -2
    n_9-12-10 = -11
    n_9-12-11 = -12
    n_9-12-12 = -13
    n_9-12-13 = -14
    n_9-12-14 = -15
    n_9-12-15 = -16
    n_9-12-16 = -64
    n_9-12-17 = 0
    n_9-12-18 = 0
    n_9-12-2 = -3
    n_9-12-3 = -4
    n_9-12-4 = -5
    n_9-12-5 = -6
    n_9-12-6 = -7
    n_9-12-7 = -8
    n_9-12-8 = -9
    n_9-12-9 = -10
    n_9-13-0 = -1
    n_9-13-1 = -2
    n_9-13-10 = -11
    n_9-13-11 = -12
    n_9-13-12 = -13
    n_9-13-13 = -14
    n_9-13-14 = -15
    n_9-13-15 = -16
    n_9-13-16 = -64
    n_9-13-17 = 0
    n_9-13-18 = 0
    n_9-13-2 = -3
    n_9-13-3 = -4
    n_9-13-4 = -5
    n_9-13-5 = -6
    n_9-13-6 = -7
    n_9-13-7 = -8
    n_9-13-8 = -9
    n_9-13-9 = -10
    n_9-14-0 = -1
    n_9-14-1 = -2
    n_9-14-10 = -11
    n_9-14-11 = -12
    n_9-14-12 = -13
    n_9-14-13 = -14
    n_9-14-14 = -15
    n_9-14-15 = -16
    n_9-14-16 = -64
    n_9-14-17 = 0
    n_9-14-18 = 0
    n_9-14-2 = -3
    n_9-14-3 = -4
    n_9-14-4 = -5
    n_9-14-5 = -6
    n_9-14-6 = -7
    n_9-14-7 = -8
    n_9-14-8 = -9
    n_9-14-9 = -10
    n_9-15-0 = -1
    n_9-15-1 = -2
    n_9-15-10 = -11
    n_9-15-11 = -12
    n_9-15-12 = -13
    n_9-15-13 = -14
    n_9-15-14 = -15
    n_9-15-15 = -16
    n_9-15-16 = -64
    n_9-15-17 = 0
    n_9-15-18 = 0
    n_9-15-2 = -3
    n_9-15-3 = -4
    n_9-15-4 = -5
    n_9-15-5 = -6
    n_9-15-6 = -7
    n_9-15-7 = -8
    n_9-15-8 = -9
    n_9-15-9 = -10
    n_9-16-0 = 0
    n_9-16-1 = -1
    n_9-16-10 = -10
    n_9-16-11 = -11
    n_9-16-12 = -12
    n_9-16-13 = -13
    n_9-16-14 = -14
    n_9-16-15 = -15
    n_9-16-16 = -63
    n_9-16-17 = 0
    n_9-16-18 = 0
    n_9-16-2 = -2
    n_9-16-3 = -3
    n_9-16-4 = -4
    n_9-16-5 = -5
    n_9-16-6 = -6
    n_9-16-7 = -7
    n_9-16-8 = -8
    n_9-16-9 = -9
    n_9-17-0 = -1
    n_9-17-1 = -2
    n_9-17-10 = -11
    n_9-17-11 = -12
    n_9-17-12 = -13
    n_9-17-13 = -14
    n_9-17-14 = -15
    n_9-17-15 = -16
    n_9-17-16 = -64
    n_9-17-17 = -1
    n_9-17-18 = -1
    n_9-17-2 = -3
    n_9-17-3 = -4
    n_9-17-4 = -5
    n_9-17-5 = -6
    n_9-17-6 = -7
    n_9-17-7 = -8
    n_9-17-8 = -9
    n_9-17-9 = -10
    n_9-18-0 = -1
    n_9-18-1 = -2
    n_9-18-10 = -11
    n_9-18-11 = -12
    n_9-18-12 = -13
    n_9-18-13 = -14
    n_9-18-14 = -15
    n_9-18-15 = -16
    n_9-18-16 = -64
    n_9-18-17 = -1
    n_9-18-18 = -1
    n_9-18-2 = -3
    n_9-18-3 = -4
    n_9-18-4 = -5
    n_9-18-5 = -6
    n_9-18-6 = -7
    n_9-18-7 = -8
    n_9-18-8 = -9
    n_9-18-9 = -10
    n_9-9-0 = -1
    n_9-9-1 = -2
    n_9-9-10 = -11
    n_9-9-11 = -12
    n_9-9-12 = -13
    n_9-9-13 = -14
    n_9-9-14 = -15
    n_9-9-15 = -16
    n_9-9-16 = -64
    n_9-9-17 = 0
    n_9-9-18 = 0
    n_9-9-2 = -3
    n_9-9-3 = -4
    n_9-9-4 = -5
    n_9-9-5 = -6
    n_9-9-6 = -7
    n_9-9-7 = -8
    n_9-9-8 = -9
    n_9-9-9 = -10
    x_0 = 0.00780486
    x_1 = 0.0234299
    x_10 = 0.164055
    x_11 = 0.17968
    x_12 = 0.195305
    x_13 = 0.21093
    x_14 = 0.226555
    x_15 = 0.24218
    x_16 = 0.99218
    x_17 = 0.00438689
    x_18 = 0.00414275
    x_2 = 0.0390549
    x_3 = 0.0546799
    x_4 = 0.0703049
    x_5 = 0.0859299
    x_6 = 0.101555
    x_7 = 0.11718
    x_8 = 0.132805
    x_9 = 0.14843
  parameters:
    anchor = 0
    base_density = 0.12878787878787878
    delta = 0.007575757575757576
    epsilon = 0.0
    extra_alpha_upper_bound = 7.398200757575758e-06
    extra_count = 2
    extra_length_bound = 7.398200757575758e-06
    formulation = standard_variable_extra_milp
    free_base_start = False
    integer_lift_lower_bound = -65
    integer_lift_upper_bound = 2
    intervals = [{'index': 0, 'label': 'base_1', 'seed_start': 0.00780486314760509, 'seed_length': 0.007575757575757576, 'fixed_base': True}, {'index': 1, 'label': 'base_2', 'seed_start': 0.02342986314760509, 'seed_length': 0.007575757575757576, 'fixed_base': True}, {'index': 2, 'label': 'base_3', 'seed_start': 0.03905486314760509, 'seed_length': 0.007575757575757576, 'fixed_base': True}, {'index': 3, 'label': 'base_4', 'seed_start': 0.05467986314760509, 'seed_length': 0.007575757575757576, 'fixed_base': True}, {'index': 4, 'label': 'base_5', 'seed_start': 0.07030486314760509, 'seed_length': 0.007575757575757576, 'fixed_base': True}, {'index': 5, 'label': 'base_6', 'seed_start': 0.08592986314760509, 'seed_length': 0.007575757575757576, 'fixed_base': True}, {'index': 6, 'label': 'base_7', 'seed_start': 0.10155486314760509, 'seed_length': 0.007575757575757576, 'fixed_base': True}, {'index': 7, 'label': 'base_8', 'seed_start': 0.11717986314760509, 'seed_length': 0.007575757575757576, 'fixed_base': True}, {'index': 8, 'label': 'base_9', 'seed_start': 0.1328048631476051, 'seed_length': 0.007575757575757576, 'fixed_base': True}, {'index': 9, 'label': 'base_10', 'seed_start': 0.1484298631476051, 'seed_length': 0.007575757575757576, 'fixed_base': True}, {'index': 10, 'label': 'base_11', 'seed_start': 0.1640548631476051, 'seed_length': 0.007575757575757576, 'fixed_base': True}, {'index': 11, 'label': 'base_12', 'seed_start': 0.1796798631476051, 'seed_length': 0.007575757575757576, 'fixed_base': True}, {'index': 12, 'label': 'base_13', 'seed_start': 0.1953048631476051, 'seed_length': 0.007575757575757576, 'fixed_base': True}, {'index': 13, 'label': 'base_14', 'seed_start': 0.2109298631476051, 'seed_length': 0.007575757575757576, 'fixed_base': True}, {'index': 14, 'label': 'base_15', 'seed_start': 0.2265548631476051, 'seed_length': 0.007575757575757576, 'fixed_base': True}, {'index': 15, 'label': 'base_16', 'seed_start': 0.2421798631476051, 'seed_length': 0.007575757575757576, 'fixed_base': True}, {'index': 16, 'label': 'base_0', 'seed_start': 0.9921798631476051, 'seed_length': 0.007575757575757576, 'fixed_base': True}, {'index': 17, 'label': 'extra_0', 'seed_start': None, 'seed_length': None, 'fixed_base': False}, {'index': 18, 'label': 'extra_1', 'seed_start': None, 'seed_length': None, 'fixed_base': False}]
    m = 64
    q = 17
    solver_options = {'mip_rel_gap': 0.0}
    tolerance = 1e-09
    translated_missing_point = False
  solver details:
    mip_dual_bound = 0.128803
    mip_gap = 0
    mip_node_count = 198

base density: 0.128787878788
MILP density: 0.128802675189
gain:         1.47964015152e-05
improved:     True (tolerance=1e-09)

Intervals:
  0: base_1   (0.00780486314761, 0.0153806207234) length=0.00757575757576
  1: base_2   (0.0234298631476, 0.0310056207234) length=0.00757575757576
  2: base_3   (0.0390548631476, 0.0466306207234) length=0.00757575757576
  3: base_4   (0.0546798631476, 0.0622556207234) length=0.00757575757576
  4: base_5   (0.0703048631476, 0.0778806207234) length=0.00757575757576
  5: base_6   (0.0859298631476, 0.0935056207234) length=0.00757575757576
  6: base_7   (0.101554863148, 0.109130620723) length=0.00757575757576
  7: base_8   (0.117179863148, 0.124755620723) length=0.00757575757576
  8: base_9   (0.132804863148, 0.140380620723) length=0.00757575757576
  9: base_10  (0.148429863148, 0.156005620723) length=0.00757575757576
  10: base_11  (0.164054863148, 0.171630620723) length=0.00757575757576
  11: base_12  (0.179679863148, 0.187255620723) length=0.00757575757576
  12: base_13  (0.195304863148, 0.202880620723) length=0.00757575757576
  13: base_14  (0.210929863148, 0.218505620723) length=0.00757575757576
  14: base_15  (0.226554863148, 0.234130620723) length=0.00757575757576
  15: base_16  (0.242179863148, 0.249755620723) length=0.00757575757576
  16: base_0   (0.992179863148, 0.999755620723) length=0.00757575757576
  17: extra_0  (0.00438689439761, 0.00439429259836) length=7.39820075758e-06
  18: extra_1  (0.00414275377261, 0.00415015197336) length=7.39820075758e-06

Saved problem JSON: /home/ferran/interval_proofs/json_results/verification_20260716/tiny_intervals_two_extra/variable_extra_milp_m64_q17_anchor0_freebase0_extra2_problem.json
Saved solution JSON: /home/ferran/interval_proofs/json_results/verification_20260716/tiny_intervals_two_extra/variable_extra_milp_m64_q17_anchor0_freebase0_extra2_solution.json
	Command being timed: ".venv/bin/python equally_spaced_tiny_interval_lp.py --m 64 --tie-choice larger --anchor 0 --extra-count 2 --extra-length-bound 7.398200757575758e-06 --mip-rel-gap 0 --require-success --output-dir /home/ferran/interval_proofs/json_results/verification_20260716/tiny_intervals_two_extra"
	User time (seconds): 7.81
	System time (seconds): 0.12
	Percent of CPU this job got: 133%
	Elapsed (wall clock) time (h:mm:ss or m:ss): 0:05.93
	Average shared text size (kbytes): 0
	Average unshared data size (kbytes): 0
	Average stack size (kbytes): 0
	Average total size (kbytes): 0
	Maximum resident set size (kbytes): 118492
	Average resident set size (kbytes): 0
	Major (requiring I/O) page faults: 0
	Minor (reclaiming a frame) page faults: 23750
	Voluntary context switches: 68
	Involuntary context switches: 929
	Swaps: 0
	File system inputs: 0
	File system outputs: 4504
	Socket messages sent: 0
	Socket messages received: 0
	Signals delivered: 0
	Page size (bytes): 4096
	Exit status: 0
