direct MILP around optimized 44-sum-free equally spaced construction: 1232 variables (1206 integer), 2447 constraints
base: m=44, q=11, delta=0.0118577075099, density=0.130434782609, anchor=0, extra_count=2, free_base_start=False

MILPSolution('direct MILP around optimized 44-sum-free equally spaced construction')
  status: optimal (Optimization terminated successfully. (HiGHS Status 7: Optimal))
  objective: maximize, optimum = 0.130435
  values:
    alpha_0 = 0.0118577
    alpha_1 = 0.0118577
    alpha_10 = 0.0118577
    alpha_11 = 0
    alpha_12 = 0
    alpha_2 = 0.0118577
    alpha_3 = 0.0118577
    alpha_4 = 0.0118577
    alpha_5 = 0.0118577
    alpha_6 = 0.0118577
    alpha_7 = 0.0118577
    alpha_8 = 0.0118577
    alpha_9 = 0.0118577
    before_0-11 = 0
    before_0-12 = 0
    before_1-11 = 0
    before_1-12 = 0
    before_10-11 = 0
    before_10-12 = 0
    before_11-12 = 0
    before_2-11 = 0
    before_2-12 = 0
    before_3-11 = 0
    before_3-12 = 0
    before_4-11 = 0
    before_4-12 = 0
    before_5-11 = 0
    before_5-12 = 0
    before_6-11 = 0
    before_6-12 = 0
    before_7-11 = 0
    before_7-12 = 0
    before_8-11 = 0
    before_8-12 = 0
    before_9-11 = 0
    before_9-12 = 0
    n_0-0-0 = -1
    n_0-0-1 = -2
    n_0-0-10 = -44
    n_0-0-11 = -1
    n_0-0-12 = -1
    n_0-0-2 = -3
    n_0-0-3 = -4
    n_0-0-4 = -5
    n_0-0-5 = -6
    n_0-0-6 = -7
    n_0-0-7 = -8
    n_0-0-8 = -9
    n_0-0-9 = -10
    n_0-1-0 = -1
    n_0-1-1 = -2
    n_0-1-10 = -44
    n_0-1-11 = -1
    n_0-1-12 = -1
    n_0-1-2 = -3
    n_0-1-3 = -4
    n_0-1-4 = -5
    n_0-1-5 = -6
    n_0-1-6 = -7
    n_0-1-7 = -8
    n_0-1-8 = -9
    n_0-1-9 = -10
    n_0-10-0 = 0
    n_0-10-1 = -1
    n_0-10-10 = -43
    n_0-10-11 = 0
    n_0-10-12 = 0
    n_0-10-2 = -2
    n_0-10-3 = -3
    n_0-10-4 = -4
    n_0-10-5 = -5
    n_0-10-6 = -6
    n_0-10-7 = -7
    n_0-10-8 = -8
    n_0-10-9 = -9
    n_0-11-0 = -1
    n_0-11-1 = -2
    n_0-11-10 = -44
    n_0-11-11 = -1
    n_0-11-12 = -1
    n_0-11-2 = -3
    n_0-11-3 = -4
    n_0-11-4 = -5
    n_0-11-5 = -6
    n_0-11-6 = -7
    n_0-11-7 = -8
    n_0-11-8 = -9
    n_0-11-9 = -10
    n_0-12-0 = -1
    n_0-12-1 = -2
    n_0-12-10 = -44
    n_0-12-11 = -1
    n_0-12-12 = -1
    n_0-12-2 = -3
    n_0-12-3 = -4
    n_0-12-4 = -5
    n_0-12-5 = -6
    n_0-12-6 = -7
    n_0-12-7 = -8
    n_0-12-8 = -9
    n_0-12-9 = -10
    n_0-2-0 = -1
    n_0-2-1 = -2
    n_0-2-10 = -44
    n_0-2-11 = -1
    n_0-2-12 = -1
    n_0-2-2 = -3
    n_0-2-3 = -4
    n_0-2-4 = -5
    n_0-2-5 = -6
    n_0-2-6 = -7
    n_0-2-7 = -8
    n_0-2-8 = -9
    n_0-2-9 = -10
    n_0-3-0 = -1
    n_0-3-1 = -2
    n_0-3-10 = -44
    n_0-3-11 = -1
    n_0-3-12 = -1
    n_0-3-2 = -3
    n_0-3-3 = -4
    n_0-3-4 = -5
    n_0-3-5 = -6
    n_0-3-6 = -7
    n_0-3-7 = -8
    n_0-3-8 = -9
    n_0-3-9 = -10
    n_0-4-0 = -1
    n_0-4-1 = -2
    n_0-4-10 = -44
    n_0-4-11 = -1
    n_0-4-12 = -1
    n_0-4-2 = -3
    n_0-4-3 = -4
    n_0-4-4 = -5
    n_0-4-5 = -6
    n_0-4-6 = -7
    n_0-4-7 = -8
    n_0-4-8 = -9
    n_0-4-9 = -10
    n_0-5-0 = -1
    n_0-5-1 = -2
    n_0-5-10 = -44
    n_0-5-11 = -1
    n_0-5-12 = -1
    n_0-5-2 = -3
    n_0-5-3 = -4
    n_0-5-4 = -5
    n_0-5-5 = -6
    n_0-5-6 = -7
    n_0-5-7 = -8
    n_0-5-8 = -9
    n_0-5-9 = -10
    n_0-6-0 = -1
    n_0-6-1 = -2
    n_0-6-10 = -44
    n_0-6-11 = -1
    n_0-6-12 = -1
    n_0-6-2 = -3
    n_0-6-3 = -4
    n_0-6-4 = -5
    n_0-6-5 = -6
    n_0-6-6 = -7
    n_0-6-7 = -8
    n_0-6-8 = -9
    n_0-6-9 = -10
    n_0-7-0 = -1
    n_0-7-1 = -2
    n_0-7-10 = -44
    n_0-7-11 = -1
    n_0-7-12 = -1
    n_0-7-2 = -3
    n_0-7-3 = -4
    n_0-7-4 = -5
    n_0-7-5 = -6
    n_0-7-6 = -7
    n_0-7-7 = -8
    n_0-7-8 = -9
    n_0-7-9 = -10
    n_0-8-0 = -1
    n_0-8-1 = -2
    n_0-8-10 = -44
    n_0-8-11 = -1
    n_0-8-12 = -1
    n_0-8-2 = -3
    n_0-8-3 = -4
    n_0-8-4 = -5
    n_0-8-5 = -6
    n_0-8-6 = -7
    n_0-8-7 = -8
    n_0-8-8 = -9
    n_0-8-9 = -10
    n_0-9-0 = -1
    n_0-9-1 = -2
    n_0-9-10 = -44
    n_0-9-11 = -1
    n_0-9-12 = -1
    n_0-9-2 = -3
    n_0-9-3 = -4
    n_0-9-4 = -5
    n_0-9-5 = -6
    n_0-9-6 = -7
    n_0-9-7 = -8
    n_0-9-8 = -9
    n_0-9-9 = -10
    n_1-1-0 = -1
    n_1-1-1 = -2
    n_1-1-10 = -44
    n_1-1-11 = -1
    n_1-1-12 = -1
    n_1-1-2 = -3
    n_1-1-3 = -4
    n_1-1-4 = -5
    n_1-1-5 = -6
    n_1-1-6 = -7
    n_1-1-7 = -8
    n_1-1-8 = -9
    n_1-1-9 = -10
    n_1-10-0 = 0
    n_1-10-1 = -1
    n_1-10-10 = -43
    n_1-10-11 = 0
    n_1-10-12 = 0
    n_1-10-2 = -2
    n_1-10-3 = -3
    n_1-10-4 = -4
    n_1-10-5 = -5
    n_1-10-6 = -6
    n_1-10-7 = -7
    n_1-10-8 = -8
    n_1-10-9 = -9
    n_1-11-0 = -1
    n_1-11-1 = -2
    n_1-11-10 = -44
    n_1-11-11 = -1
    n_1-11-12 = -1
    n_1-11-2 = -3
    n_1-11-3 = -4
    n_1-11-4 = -5
    n_1-11-5 = -6
    n_1-11-6 = -7
    n_1-11-7 = -8
    n_1-11-8 = -9
    n_1-11-9 = -10
    n_1-12-0 = -1
    n_1-12-1 = -2
    n_1-12-10 = -44
    n_1-12-11 = -1
    n_1-12-12 = -1
    n_1-12-2 = -3
    n_1-12-3 = -4
    n_1-12-4 = -5
    n_1-12-5 = -6
    n_1-12-6 = -7
    n_1-12-7 = -8
    n_1-12-8 = -9
    n_1-12-9 = -10
    n_1-2-0 = -1
    n_1-2-1 = -2
    n_1-2-10 = -44
    n_1-2-11 = -1
    n_1-2-12 = -1
    n_1-2-2 = -3
    n_1-2-3 = -4
    n_1-2-4 = -5
    n_1-2-5 = -6
    n_1-2-6 = -7
    n_1-2-7 = -8
    n_1-2-8 = -9
    n_1-2-9 = -10
    n_1-3-0 = -1
    n_1-3-1 = -2
    n_1-3-10 = -44
    n_1-3-11 = -1
    n_1-3-12 = -1
    n_1-3-2 = -3
    n_1-3-3 = -4
    n_1-3-4 = -5
    n_1-3-5 = -6
    n_1-3-6 = -7
    n_1-3-7 = -8
    n_1-3-8 = -9
    n_1-3-9 = -10
    n_1-4-0 = -1
    n_1-4-1 = -2
    n_1-4-10 = -44
    n_1-4-11 = -1
    n_1-4-12 = -1
    n_1-4-2 = -3
    n_1-4-3 = -4
    n_1-4-4 = -5
    n_1-4-5 = -6
    n_1-4-6 = -7
    n_1-4-7 = -8
    n_1-4-8 = -9
    n_1-4-9 = -10
    n_1-5-0 = -1
    n_1-5-1 = -2
    n_1-5-10 = -44
    n_1-5-11 = -1
    n_1-5-12 = -1
    n_1-5-2 = -3
    n_1-5-3 = -4
    n_1-5-4 = -5
    n_1-5-5 = -6
    n_1-5-6 = -7
    n_1-5-7 = -8
    n_1-5-8 = -9
    n_1-5-9 = -10
    n_1-6-0 = -1
    n_1-6-1 = -2
    n_1-6-10 = -44
    n_1-6-11 = -1
    n_1-6-12 = -1
    n_1-6-2 = -3
    n_1-6-3 = -4
    n_1-6-4 = -5
    n_1-6-5 = -6
    n_1-6-6 = -7
    n_1-6-7 = -8
    n_1-6-8 = -9
    n_1-6-9 = -10
    n_1-7-0 = -1
    n_1-7-1 = -2
    n_1-7-10 = -44
    n_1-7-11 = -1
    n_1-7-12 = -1
    n_1-7-2 = -3
    n_1-7-3 = -4
    n_1-7-4 = -5
    n_1-7-5 = -6
    n_1-7-6 = -7
    n_1-7-7 = -8
    n_1-7-8 = -9
    n_1-7-9 = -10
    n_1-8-0 = -1
    n_1-8-1 = -2
    n_1-8-10 = -44
    n_1-8-11 = -1
    n_1-8-12 = -1
    n_1-8-2 = -3
    n_1-8-3 = -4
    n_1-8-4 = -5
    n_1-8-5 = -6
    n_1-8-6 = -7
    n_1-8-7 = -8
    n_1-8-8 = -9
    n_1-8-9 = -10
    n_1-9-0 = -1
    n_1-9-1 = -2
    n_1-9-10 = -44
    n_1-9-11 = -1
    n_1-9-12 = -1
    n_1-9-2 = -3
    n_1-9-3 = -4
    n_1-9-4 = -5
    n_1-9-5 = -6
    n_1-9-6 = -7
    n_1-9-7 = -8
    n_1-9-8 = -9
    n_1-9-9 = -10
    n_10-10-0 = 1
    n_10-10-1 = 0
    n_10-10-10 = -42
    n_10-10-11 = 1
    n_10-10-12 = 1
    n_10-10-2 = -1
    n_10-10-3 = -2
    n_10-10-4 = -3
    n_10-10-5 = -4
    n_10-10-6 = -5
    n_10-10-7 = -6
    n_10-10-8 = -7
    n_10-10-9 = -8
    n_10-11-0 = 0
    n_10-11-1 = -1
    n_10-11-10 = -43
    n_10-11-11 = 0
    n_10-11-12 = 0
    n_10-11-2 = -2
    n_10-11-3 = -3
    n_10-11-4 = -4
    n_10-11-5 = -5
    n_10-11-6 = -6
    n_10-11-7 = -7
    n_10-11-8 = -8
    n_10-11-9 = -9
    n_10-12-0 = 0
    n_10-12-1 = -1
    n_10-12-10 = -43
    n_10-12-11 = 0
    n_10-12-12 = 0
    n_10-12-2 = -2
    n_10-12-3 = -3
    n_10-12-4 = -4
    n_10-12-5 = -5
    n_10-12-6 = -6
    n_10-12-7 = -7
    n_10-12-8 = -8
    n_10-12-9 = -9
    n_11-11-0 = -1
    n_11-11-1 = -2
    n_11-11-10 = -44
    n_11-11-11 = -1
    n_11-11-12 = -1
    n_11-11-2 = -3
    n_11-11-3 = -4
    n_11-11-4 = -5
    n_11-11-5 = -6
    n_11-11-6 = -7
    n_11-11-7 = -8
    n_11-11-8 = -9
    n_11-11-9 = -10
    n_11-12-0 = -1
    n_11-12-1 = -2
    n_11-12-10 = -44
    n_11-12-11 = -1
    n_11-12-12 = -1
    n_11-12-2 = -3
    n_11-12-3 = -4
    n_11-12-4 = -5
    n_11-12-5 = -6
    n_11-12-6 = -7
    n_11-12-7 = -8
    n_11-12-8 = -9
    n_11-12-9 = -10
    n_12-12-0 = -1
    n_12-12-1 = -2
    n_12-12-10 = -44
    n_12-12-11 = -1
    n_12-12-12 = -1
    n_12-12-2 = -3
    n_12-12-3 = -4
    n_12-12-4 = -5
    n_12-12-5 = -6
    n_12-12-6 = -7
    n_12-12-7 = -8
    n_12-12-8 = -9
    n_12-12-9 = -10
    n_2-10-0 = 0
    n_2-10-1 = -1
    n_2-10-10 = -43
    n_2-10-11 = 0
    n_2-10-12 = 0
    n_2-10-2 = -2
    n_2-10-3 = -3
    n_2-10-4 = -4
    n_2-10-5 = -5
    n_2-10-6 = -6
    n_2-10-7 = -7
    n_2-10-8 = -8
    n_2-10-9 = -9
    n_2-11-0 = -1
    n_2-11-1 = -2
    n_2-11-10 = -44
    n_2-11-11 = -1
    n_2-11-12 = -1
    n_2-11-2 = -3
    n_2-11-3 = -4
    n_2-11-4 = -5
    n_2-11-5 = -6
    n_2-11-6 = -7
    n_2-11-7 = -8
    n_2-11-8 = -9
    n_2-11-9 = -10
    n_2-12-0 = -1
    n_2-12-1 = -2
    n_2-12-10 = -44
    n_2-12-11 = -1
    n_2-12-12 = -1
    n_2-12-2 = -3
    n_2-12-3 = -4
    n_2-12-4 = -5
    n_2-12-5 = -6
    n_2-12-6 = -7
    n_2-12-7 = -8
    n_2-12-8 = -9
    n_2-12-9 = -10
    n_2-2-0 = -1
    n_2-2-1 = -2
    n_2-2-10 = -44
    n_2-2-11 = -1
    n_2-2-12 = -1
    n_2-2-2 = -3
    n_2-2-3 = -4
    n_2-2-4 = -5
    n_2-2-5 = -6
    n_2-2-6 = -7
    n_2-2-7 = -8
    n_2-2-8 = -9
    n_2-2-9 = -10
    n_2-3-0 = -1
    n_2-3-1 = -2
    n_2-3-10 = -44
    n_2-3-11 = -1
    n_2-3-12 = -1
    n_2-3-2 = -3
    n_2-3-3 = -4
    n_2-3-4 = -5
    n_2-3-5 = -6
    n_2-3-6 = -7
    n_2-3-7 = -8
    n_2-3-8 = -9
    n_2-3-9 = -10
    n_2-4-0 = -1
    n_2-4-1 = -2
    n_2-4-10 = -44
    n_2-4-11 = -1
    n_2-4-12 = -1
    n_2-4-2 = -3
    n_2-4-3 = -4
    n_2-4-4 = -5
    n_2-4-5 = -6
    n_2-4-6 = -7
    n_2-4-7 = -8
    n_2-4-8 = -9
    n_2-4-9 = -10
    n_2-5-0 = -1
    n_2-5-1 = -2
    n_2-5-10 = -44
    n_2-5-11 = -1
    n_2-5-12 = -1
    n_2-5-2 = -3
    n_2-5-3 = -4
    n_2-5-4 = -5
    n_2-5-5 = -6
    n_2-5-6 = -7
    n_2-5-7 = -8
    n_2-5-8 = -9
    n_2-5-9 = -10
    n_2-6-0 = -1
    n_2-6-1 = -2
    n_2-6-10 = -44
    n_2-6-11 = -1
    n_2-6-12 = -1
    n_2-6-2 = -3
    n_2-6-3 = -4
    n_2-6-4 = -5
    n_2-6-5 = -6
    n_2-6-6 = -7
    n_2-6-7 = -8
    n_2-6-8 = -9
    n_2-6-9 = -10
    n_2-7-0 = -1
    n_2-7-1 = -2
    n_2-7-10 = -44
    n_2-7-11 = -1
    n_2-7-12 = -1
    n_2-7-2 = -3
    n_2-7-3 = -4
    n_2-7-4 = -5
    n_2-7-5 = -6
    n_2-7-6 = -7
    n_2-7-7 = -8
    n_2-7-8 = -9
    n_2-7-9 = -10
    n_2-8-0 = -1
    n_2-8-1 = -2
    n_2-8-10 = -44
    n_2-8-11 = -1
    n_2-8-12 = -1
    n_2-8-2 = -3
    n_2-8-3 = -4
    n_2-8-4 = -5
    n_2-8-5 = -6
    n_2-8-6 = -7
    n_2-8-7 = -8
    n_2-8-8 = -9
    n_2-8-9 = -10
    n_2-9-0 = -1
    n_2-9-1 = -2
    n_2-9-10 = -44
    n_2-9-11 = -1
    n_2-9-12 = -1
    n_2-9-2 = -3
    n_2-9-3 = -4
    n_2-9-4 = -5
    n_2-9-5 = -6
    n_2-9-6 = -7
    n_2-9-7 = -8
    n_2-9-8 = -9
    n_2-9-9 = -10
    n_3-10-0 = 0
    n_3-10-1 = -1
    n_3-10-10 = -43
    n_3-10-11 = 0
    n_3-10-12 = 0
    n_3-10-2 = -2
    n_3-10-3 = -3
    n_3-10-4 = -4
    n_3-10-5 = -5
    n_3-10-6 = -6
    n_3-10-7 = -7
    n_3-10-8 = -8
    n_3-10-9 = -9
    n_3-11-0 = -1
    n_3-11-1 = -2
    n_3-11-10 = -44
    n_3-11-11 = -1
    n_3-11-12 = -1
    n_3-11-2 = -3
    n_3-11-3 = -4
    n_3-11-4 = -5
    n_3-11-5 = -6
    n_3-11-6 = -7
    n_3-11-7 = -8
    n_3-11-8 = -9
    n_3-11-9 = -10
    n_3-12-0 = -1
    n_3-12-1 = -2
    n_3-12-10 = -44
    n_3-12-11 = -1
    n_3-12-12 = -1
    n_3-12-2 = -3
    n_3-12-3 = -4
    n_3-12-4 = -5
    n_3-12-5 = -6
    n_3-12-6 = -7
    n_3-12-7 = -8
    n_3-12-8 = -9
    n_3-12-9 = -10
    n_3-3-0 = -1
    n_3-3-1 = -2
    n_3-3-10 = -44
    n_3-3-11 = -1
    n_3-3-12 = -1
    n_3-3-2 = -3
    n_3-3-3 = -4
    n_3-3-4 = -5
    n_3-3-5 = -6
    n_3-3-6 = -7
    n_3-3-7 = -8
    n_3-3-8 = -9
    n_3-3-9 = -10
    n_3-4-0 = -1
    n_3-4-1 = -2
    n_3-4-10 = -44
    n_3-4-11 = -1
    n_3-4-12 = -1
    n_3-4-2 = -3
    n_3-4-3 = -4
    n_3-4-4 = -5
    n_3-4-5 = -6
    n_3-4-6 = -7
    n_3-4-7 = -8
    n_3-4-8 = -9
    n_3-4-9 = -10
    n_3-5-0 = -1
    n_3-5-1 = -2
    n_3-5-10 = -44
    n_3-5-11 = -1
    n_3-5-12 = -1
    n_3-5-2 = -3
    n_3-5-3 = -4
    n_3-5-4 = -5
    n_3-5-5 = -6
    n_3-5-6 = -7
    n_3-5-7 = -8
    n_3-5-8 = -9
    n_3-5-9 = -10
    n_3-6-0 = -1
    n_3-6-1 = -2
    n_3-6-10 = -44
    n_3-6-11 = -1
    n_3-6-12 = -1
    n_3-6-2 = -3
    n_3-6-3 = -4
    n_3-6-4 = -5
    n_3-6-5 = -6
    n_3-6-6 = -7
    n_3-6-7 = -8
    n_3-6-8 = -9
    n_3-6-9 = -10
    n_3-7-0 = -1
    n_3-7-1 = -2
    n_3-7-10 = -44
    n_3-7-11 = -1
    n_3-7-12 = -1
    n_3-7-2 = -3
    n_3-7-3 = -4
    n_3-7-4 = -5
    n_3-7-5 = -6
    n_3-7-6 = -7
    n_3-7-7 = -8
    n_3-7-8 = -9
    n_3-7-9 = -10
    n_3-8-0 = -1
    n_3-8-1 = -2
    n_3-8-10 = -44
    n_3-8-11 = -1
    n_3-8-12 = -1
    n_3-8-2 = -3
    n_3-8-3 = -4
    n_3-8-4 = -5
    n_3-8-5 = -6
    n_3-8-6 = -7
    n_3-8-7 = -8
    n_3-8-8 = -9
    n_3-8-9 = -10
    n_3-9-0 = -1
    n_3-9-1 = -2
    n_3-9-10 = -44
    n_3-9-11 = -1
    n_3-9-12 = -1
    n_3-9-2 = -3
    n_3-9-3 = -4
    n_3-9-4 = -5
    n_3-9-5 = -6
    n_3-9-6 = -7
    n_3-9-7 = -8
    n_3-9-8 = -9
    n_3-9-9 = -10
    n_4-10-0 = 0
    n_4-10-1 = -1
    n_4-10-10 = -43
    n_4-10-11 = 0
    n_4-10-12 = 0
    n_4-10-2 = -2
    n_4-10-3 = -3
    n_4-10-4 = -4
    n_4-10-5 = -5
    n_4-10-6 = -6
    n_4-10-7 = -7
    n_4-10-8 = -8
    n_4-10-9 = -9
    n_4-11-0 = -1
    n_4-11-1 = -2
    n_4-11-10 = -44
    n_4-11-11 = -1
    n_4-11-12 = -1
    n_4-11-2 = -3
    n_4-11-3 = -4
    n_4-11-4 = -5
    n_4-11-5 = -6
    n_4-11-6 = -7
    n_4-11-7 = -8
    n_4-11-8 = -9
    n_4-11-9 = -10
    n_4-12-0 = -1
    n_4-12-1 = -2
    n_4-12-10 = -44
    n_4-12-11 = -1
    n_4-12-12 = -1
    n_4-12-2 = -3
    n_4-12-3 = -4
    n_4-12-4 = -5
    n_4-12-5 = -6
    n_4-12-6 = -7
    n_4-12-7 = -8
    n_4-12-8 = -9
    n_4-12-9 = -10
    n_4-4-0 = -1
    n_4-4-1 = -2
    n_4-4-10 = -44
    n_4-4-11 = -1
    n_4-4-12 = -1
    n_4-4-2 = -3
    n_4-4-3 = -4
    n_4-4-4 = -5
    n_4-4-5 = -6
    n_4-4-6 = -7
    n_4-4-7 = -8
    n_4-4-8 = -9
    n_4-4-9 = -10
    n_4-5-0 = -1
    n_4-5-1 = -2
    n_4-5-10 = -44
    n_4-5-11 = -1
    n_4-5-12 = -1
    n_4-5-2 = -3
    n_4-5-3 = -4
    n_4-5-4 = -5
    n_4-5-5 = -6
    n_4-5-6 = -7
    n_4-5-7 = -8
    n_4-5-8 = -9
    n_4-5-9 = -10
    n_4-6-0 = -1
    n_4-6-1 = -2
    n_4-6-10 = -44
    n_4-6-11 = -1
    n_4-6-12 = -1
    n_4-6-2 = -3
    n_4-6-3 = -4
    n_4-6-4 = -5
    n_4-6-5 = -6
    n_4-6-6 = -7
    n_4-6-7 = -8
    n_4-6-8 = -9
    n_4-6-9 = -10
    n_4-7-0 = -1
    n_4-7-1 = -2
    n_4-7-10 = -44
    n_4-7-11 = -1
    n_4-7-12 = -1
    n_4-7-2 = -3
    n_4-7-3 = -4
    n_4-7-4 = -5
    n_4-7-5 = -6
    n_4-7-6 = -7
    n_4-7-7 = -8
    n_4-7-8 = -9
    n_4-7-9 = -10
    n_4-8-0 = -1
    n_4-8-1 = -2
    n_4-8-10 = -44
    n_4-8-11 = -1
    n_4-8-12 = -1
    n_4-8-2 = -3
    n_4-8-3 = -4
    n_4-8-4 = -5
    n_4-8-5 = -6
    n_4-8-6 = -7
    n_4-8-7 = -8
    n_4-8-8 = -9
    n_4-8-9 = -10
    n_4-9-0 = -1
    n_4-9-1 = -2
    n_4-9-10 = -44
    n_4-9-11 = -1
    n_4-9-12 = -1
    n_4-9-2 = -3
    n_4-9-3 = -4
    n_4-9-4 = -5
    n_4-9-5 = -6
    n_4-9-6 = -7
    n_4-9-7 = -8
    n_4-9-8 = -9
    n_4-9-9 = -10
    n_5-10-0 = 0
    n_5-10-1 = -1
    n_5-10-10 = -43
    n_5-10-11 = 0
    n_5-10-12 = 0
    n_5-10-2 = -2
    n_5-10-3 = -3
    n_5-10-4 = -4
    n_5-10-5 = -5
    n_5-10-6 = -6
    n_5-10-7 = -7
    n_5-10-8 = -8
    n_5-10-9 = -9
    n_5-11-0 = -1
    n_5-11-1 = -2
    n_5-11-10 = -44
    n_5-11-11 = -1
    n_5-11-12 = -1
    n_5-11-2 = -3
    n_5-11-3 = -4
    n_5-11-4 = -5
    n_5-11-5 = -6
    n_5-11-6 = -7
    n_5-11-7 = -8
    n_5-11-8 = -9
    n_5-11-9 = -10
    n_5-12-0 = -1
    n_5-12-1 = -2
    n_5-12-10 = -44
    n_5-12-11 = -1
    n_5-12-12 = -1
    n_5-12-2 = -3
    n_5-12-3 = -4
    n_5-12-4 = -5
    n_5-12-5 = -6
    n_5-12-6 = -7
    n_5-12-7 = -8
    n_5-12-8 = -9
    n_5-12-9 = -10
    n_5-5-0 = -1
    n_5-5-1 = -2
    n_5-5-10 = -44
    n_5-5-11 = -1
    n_5-5-12 = -1
    n_5-5-2 = -3
    n_5-5-3 = -4
    n_5-5-4 = -5
    n_5-5-5 = -6
    n_5-5-6 = -7
    n_5-5-7 = -8
    n_5-5-8 = -9
    n_5-5-9 = -10
    n_5-6-0 = -1
    n_5-6-1 = -2
    n_5-6-10 = -44
    n_5-6-11 = -1
    n_5-6-12 = -1
    n_5-6-2 = -3
    n_5-6-3 = -4
    n_5-6-4 = -5
    n_5-6-5 = -6
    n_5-6-6 = -7
    n_5-6-7 = -8
    n_5-6-8 = -9
    n_5-6-9 = -10
    n_5-7-0 = -1
    n_5-7-1 = -2
    n_5-7-10 = -44
    n_5-7-11 = -1
    n_5-7-12 = -1
    n_5-7-2 = -3
    n_5-7-3 = -4
    n_5-7-4 = -5
    n_5-7-5 = -6
    n_5-7-6 = -7
    n_5-7-7 = -8
    n_5-7-8 = -9
    n_5-7-9 = -10
    n_5-8-0 = -1
    n_5-8-1 = -2
    n_5-8-10 = -44
    n_5-8-11 = -1
    n_5-8-12 = -1
    n_5-8-2 = -3
    n_5-8-3 = -4
    n_5-8-4 = -5
    n_5-8-5 = -6
    n_5-8-6 = -7
    n_5-8-7 = -8
    n_5-8-8 = -9
    n_5-8-9 = -10
    n_5-9-0 = -1
    n_5-9-1 = -2
    n_5-9-10 = -44
    n_5-9-11 = -1
    n_5-9-12 = -1
    n_5-9-2 = -3
    n_5-9-3 = -4
    n_5-9-4 = -5
    n_5-9-5 = -6
    n_5-9-6 = -7
    n_5-9-7 = -8
    n_5-9-8 = -9
    n_5-9-9 = -10
    n_6-10-0 = 0
    n_6-10-1 = -1
    n_6-10-10 = -43
    n_6-10-11 = 0
    n_6-10-12 = 0
    n_6-10-2 = -2
    n_6-10-3 = -3
    n_6-10-4 = -4
    n_6-10-5 = -5
    n_6-10-6 = -6
    n_6-10-7 = -7
    n_6-10-8 = -8
    n_6-10-9 = -9
    n_6-11-0 = -1
    n_6-11-1 = -2
    n_6-11-10 = -44
    n_6-11-11 = -1
    n_6-11-12 = -1
    n_6-11-2 = -3
    n_6-11-3 = -4
    n_6-11-4 = -5
    n_6-11-5 = -6
    n_6-11-6 = -7
    n_6-11-7 = -8
    n_6-11-8 = -9
    n_6-11-9 = -10
    n_6-12-0 = -1
    n_6-12-1 = -2
    n_6-12-10 = -44
    n_6-12-11 = -1
    n_6-12-12 = -1
    n_6-12-2 = -3
    n_6-12-3 = -4
    n_6-12-4 = -5
    n_6-12-5 = -6
    n_6-12-6 = -7
    n_6-12-7 = -8
    n_6-12-8 = -9
    n_6-12-9 = -10
    n_6-6-0 = -1
    n_6-6-1 = -2
    n_6-6-10 = -44
    n_6-6-11 = -1
    n_6-6-12 = -1
    n_6-6-2 = -3
    n_6-6-3 = -4
    n_6-6-4 = -5
    n_6-6-5 = -6
    n_6-6-6 = -7
    n_6-6-7 = -8
    n_6-6-8 = -9
    n_6-6-9 = -10
    n_6-7-0 = -1
    n_6-7-1 = -2
    n_6-7-10 = -44
    n_6-7-11 = -1
    n_6-7-12 = -1
    n_6-7-2 = -3
    n_6-7-3 = -4
    n_6-7-4 = -5
    n_6-7-5 = -6
    n_6-7-6 = -7
    n_6-7-7 = -8
    n_6-7-8 = -9
    n_6-7-9 = -10
    n_6-8-0 = -1
    n_6-8-1 = -2
    n_6-8-10 = -44
    n_6-8-11 = -1
    n_6-8-12 = -1
    n_6-8-2 = -3
    n_6-8-3 = -4
    n_6-8-4 = -5
    n_6-8-5 = -6
    n_6-8-6 = -7
    n_6-8-7 = -8
    n_6-8-8 = -9
    n_6-8-9 = -10
    n_6-9-0 = -1
    n_6-9-1 = -2
    n_6-9-10 = -44
    n_6-9-11 = -1
    n_6-9-12 = -1
    n_6-9-2 = -3
    n_6-9-3 = -4
    n_6-9-4 = -5
    n_6-9-5 = -6
    n_6-9-6 = -7
    n_6-9-7 = -8
    n_6-9-8 = -9
    n_6-9-9 = -10
    n_7-10-0 = 0
    n_7-10-1 = -1
    n_7-10-10 = -43
    n_7-10-11 = 0
    n_7-10-12 = 0
    n_7-10-2 = -2
    n_7-10-3 = -3
    n_7-10-4 = -4
    n_7-10-5 = -5
    n_7-10-6 = -6
    n_7-10-7 = -7
    n_7-10-8 = -8
    n_7-10-9 = -9
    n_7-11-0 = -1
    n_7-11-1 = -2
    n_7-11-10 = -44
    n_7-11-11 = -1
    n_7-11-12 = -1
    n_7-11-2 = -3
    n_7-11-3 = -4
    n_7-11-4 = -5
    n_7-11-5 = -6
    n_7-11-6 = -7
    n_7-11-7 = -8
    n_7-11-8 = -9
    n_7-11-9 = -10
    n_7-12-0 = -1
    n_7-12-1 = -2
    n_7-12-10 = -44
    n_7-12-11 = -1
    n_7-12-12 = -1
    n_7-12-2 = -3
    n_7-12-3 = -4
    n_7-12-4 = -5
    n_7-12-5 = -6
    n_7-12-6 = -7
    n_7-12-7 = -8
    n_7-12-8 = -9
    n_7-12-9 = -10
    n_7-7-0 = -1
    n_7-7-1 = -2
    n_7-7-10 = -44
    n_7-7-11 = -1
    n_7-7-12 = -1
    n_7-7-2 = -3
    n_7-7-3 = -4
    n_7-7-4 = -5
    n_7-7-5 = -6
    n_7-7-6 = -7
    n_7-7-7 = -8
    n_7-7-8 = -9
    n_7-7-9 = -10
    n_7-8-0 = -1
    n_7-8-1 = -2
    n_7-8-10 = -44
    n_7-8-11 = -1
    n_7-8-12 = -1
    n_7-8-2 = -3
    n_7-8-3 = -4
    n_7-8-4 = -5
    n_7-8-5 = -6
    n_7-8-6 = -7
    n_7-8-7 = -8
    n_7-8-8 = -9
    n_7-8-9 = -10
    n_7-9-0 = -1
    n_7-9-1 = -2
    n_7-9-10 = -44
    n_7-9-11 = -1
    n_7-9-12 = -1
    n_7-9-2 = -3
    n_7-9-3 = -4
    n_7-9-4 = -5
    n_7-9-5 = -6
    n_7-9-6 = -7
    n_7-9-7 = -8
    n_7-9-8 = -9
    n_7-9-9 = -10
    n_8-10-0 = 0
    n_8-10-1 = -1
    n_8-10-10 = -43
    n_8-10-11 = 0
    n_8-10-12 = 0
    n_8-10-2 = -2
    n_8-10-3 = -3
    n_8-10-4 = -4
    n_8-10-5 = -5
    n_8-10-6 = -6
    n_8-10-7 = -7
    n_8-10-8 = -8
    n_8-10-9 = -9
    n_8-11-0 = -1
    n_8-11-1 = -2
    n_8-11-10 = -44
    n_8-11-11 = -1
    n_8-11-12 = -1
    n_8-11-2 = -3
    n_8-11-3 = -4
    n_8-11-4 = -5
    n_8-11-5 = -6
    n_8-11-6 = -7
    n_8-11-7 = -8
    n_8-11-8 = -9
    n_8-11-9 = -10
    n_8-12-0 = -1
    n_8-12-1 = -2
    n_8-12-10 = -44
    n_8-12-11 = -1
    n_8-12-12 = -1
    n_8-12-2 = -3
    n_8-12-3 = -4
    n_8-12-4 = -5
    n_8-12-5 = -6
    n_8-12-6 = -7
    n_8-12-7 = -8
    n_8-12-8 = -9
    n_8-12-9 = -10
    n_8-8-0 = -1
    n_8-8-1 = -2
    n_8-8-10 = -44
    n_8-8-11 = -1
    n_8-8-12 = -1
    n_8-8-2 = -3
    n_8-8-3 = -4
    n_8-8-4 = -5
    n_8-8-5 = -6
    n_8-8-6 = -7
    n_8-8-7 = -8
    n_8-8-8 = -9
    n_8-8-9 = -10
    n_8-9-0 = -1
    n_8-9-1 = -2
    n_8-9-10 = -44
    n_8-9-11 = -1
    n_8-9-12 = -1
    n_8-9-2 = -3
    n_8-9-3 = -4
    n_8-9-4 = -5
    n_8-9-5 = -6
    n_8-9-6 = -7
    n_8-9-7 = -8
    n_8-9-8 = -9
    n_8-9-9 = -10
    n_9-10-0 = 0
    n_9-10-1 = -1
    n_9-10-10 = -43
    n_9-10-11 = 0
    n_9-10-12 = 0
    n_9-10-2 = -2
    n_9-10-3 = -3
    n_9-10-4 = -4
    n_9-10-5 = -5
    n_9-10-6 = -6
    n_9-10-7 = -7
    n_9-10-8 = -8
    n_9-10-9 = -9
    n_9-11-0 = -1
    n_9-11-1 = -2
    n_9-11-10 = -44
    n_9-11-11 = -1
    n_9-11-12 = -1
    n_9-11-2 = -3
    n_9-11-3 = -4
    n_9-11-4 = -5
    n_9-11-5 = -6
    n_9-11-6 = -7
    n_9-11-7 = -8
    n_9-11-8 = -9
    n_9-11-9 = -10
    n_9-12-0 = -1
    n_9-12-1 = -2
    n_9-12-10 = -44
    n_9-12-11 = -1
    n_9-12-12 = -1
    n_9-12-2 = -3
    n_9-12-3 = -4
    n_9-12-4 = -5
    n_9-12-5 = -6
    n_9-12-6 = -7
    n_9-12-7 = -8
    n_9-12-8 = -9
    n_9-12-9 = -10
    n_9-9-0 = -1
    n_9-9-1 = -2
    n_9-9-10 = -44
    n_9-9-11 = -1
    n_9-9-12 = -1
    n_9-9-2 = -3
    n_9-9-3 = -4
    n_9-9-4 = -5
    n_9-9-5 = -6
    n_9-9-6 = -7
    n_9-9-7 = -8
    n_9-9-8 = -9
    n_9-9-9 = -10
    x_0 = 0.0103049
    x_1 = 0.0330322
    x_10 = 0.987578
    x_11 = 0.0103049
    x_12 = 0.0103049
    x_2 = 0.0557595
    x_3 = 0.0784867
    x_4 = 0.101214
    x_5 = 0.123941
    x_6 = 0.146669
    x_7 = 0.169396
    x_8 = 0.192123
    x_9 = 0.21485
  parameters:
    anchor = 0
    base_density = 0.13043478260869565
    delta = 0.011857707509881422
    epsilon = 0.0
    extra_alpha_upper_bound = 0.0
    extra_count = 2
    extra_length_bound = 0.0
    formulation = standard_variable_extra_milp
    free_base_start = False
    integer_lift_lower_bound = -45
    integer_lift_upper_bound = 2
    intervals = [{'index': 0, 'label': 'base_1', 'seed_start': 0.010304912478825479, 'seed_length': 0.011857707509881422, 'fixed_base': True}, {'index': 1, 'label': 'base_2', 'seed_start': 0.033032185206098186, 'seed_length': 0.011857707509881422, 'fixed_base': True}, {'index': 2, 'label': 'base_3', 'seed_start': 0.05575945793337089, 'seed_length': 0.011857707509881422, 'fixed_base': True}, {'index': 3, 'label': 'base_4', 'seed_start': 0.0784867306606436, 'seed_length': 0.011857707509881422, 'fixed_base': True}, {'index': 4, 'label': 'base_5', 'seed_start': 0.10121400338791631, 'seed_length': 0.011857707509881422, 'fixed_base': True}, {'index': 5, 'label': 'base_6', 'seed_start': 0.12394127611518924, 'seed_length': 0.011857707509881422, 'fixed_base': True}, {'index': 6, 'label': 'base_7', 'seed_start': 0.14666854884246194, 'seed_length': 0.011857707509881422, 'fixed_base': True}, {'index': 7, 'label': 'base_8', 'seed_start': 0.16939582156973465, 'seed_length': 0.011857707509881422, 'fixed_base': True}, {'index': 8, 'label': 'base_9', 'seed_start': 0.19212309429700736, 'seed_length': 0.011857707509881422, 'fixed_base': True}, {'index': 9, 'label': 'base_10', 'seed_start': 0.21485036702428006, 'seed_length': 0.011857707509881422, 'fixed_base': True}, {'index': 10, 'label': 'base_0', 'seed_start': 0.9875776397515528, 'seed_length': 0.011857707509881422, 'fixed_base': True}, {'index': 11, 'label': 'extra_0', 'seed_start': None, 'seed_length': None, 'fixed_base': False}, {'index': 12, 'label': 'extra_1', 'seed_start': None, 'seed_length': None, 'fixed_base': False}]
    m = 44
    q = 11
    solver_options = {'mip_rel_gap': 0.0}
    tolerance = 1e-09
    translated_missing_point = False
  solver details:
    mip_dual_bound = 0.130435
    mip_gap = 0
    mip_node_count = 1

base density: 0.130434782609
MILP density: 0.130434782609
gain:         0
improved:     False (tolerance=1e-09)

Intervals:
  0: base_1   (0.0103049124788, 0.0221626199887) length=0.0118577075099
  1: base_2   (0.0330321852061, 0.044889892716) length=0.0118577075099
  2: base_3   (0.0557594579334, 0.0676171654433) length=0.0118577075099
  3: base_4   (0.0784867306606, 0.0903444381705) length=0.0118577075099
  4: base_5   (0.101214003388, 0.113071710898) length=0.0118577075099
  5: base_6   (0.123941276115, 0.135798983625) length=0.0118577075099
  6: base_7   (0.146668548842, 0.158526256352) length=0.0118577075099
  7: base_8   (0.16939582157, 0.18125352908) length=0.0118577075099
  8: base_9   (0.192123094297, 0.203980801807) length=0.0118577075099
  9: base_10  (0.214850367024, 0.226708074534) length=0.0118577075099
  10: base_0   (0.987577639752, 0.999435347261) length=0.0118577075099
  11: extra_0  (0.0103049124788, 0.0103049124788) length=0
  12: extra_1  (0.0103049124788, 0.0103049124788) length=0

Saved problem JSON: /home/ferran/interval_proofs/json_results/verification_20260716/tiny_intervals_two_extra/variable_extra_milp_m44_q11_anchor0_freebase0_extra2_problem.json
Saved solution JSON: /home/ferran/interval_proofs/json_results/verification_20260716/tiny_intervals_two_extra/variable_extra_milp_m44_q11_anchor0_freebase0_extra2_solution.json
	Command being timed: ".venv/bin/python equally_spaced_tiny_interval_lp.py --m 44 --tie-choice smaller --anchor 0 --extra-count 2 --extra-length-bound 0 --mip-rel-gap 0 --require-success --output-dir /home/ferran/interval_proofs/json_results/verification_20260716/tiny_intervals_two_extra"
	User time (seconds): 3.51
	System time (seconds): 0.11
	Percent of CPU this job got: 220%
	Elapsed (wall clock) time (h:mm:ss or m:ss): 0:01.64
	Average shared text size (kbytes): 0
	Average unshared data size (kbytes): 0
	Average stack size (kbytes): 0
	Average total size (kbytes): 0
	Maximum resident set size (kbytes): 90196
	Average resident set size (kbytes): 0
	Major (requiring I/O) page faults: 0
	Minor (reclaiming a frame) page faults: 15774
	Voluntary context switches: 78
	Involuntary context switches: 930
	Swaps: 0
	File system inputs: 0
	File system outputs: 1480
	Socket messages sent: 0
	Socket messages received: 0
	Signals delivered: 0
	Page size (bytes): 4096
	Exit status: 0
