direct MILP around optimized 16-sum-free equally spaced construction: 221 variables (207 integer), 431 constraints
base: m=16, q=5, delta=0.0277777777778, density=0.138888888889, anchor=0, extra_count=2, free_base_start=False

MILPSolution('direct MILP around optimized 16-sum-free equally spaced construction')
  status: optimal (Optimization terminated successfully. (HiGHS Status 7: Optimal))
  objective: maximize, optimum = 0.139757
  values:
    alpha_0 = 0.0277778
    alpha_1 = 0.0277778
    alpha_2 = 0.0277778
    alpha_3 = 0.0277778
    alpha_4 = 0.0277778
    alpha_5 = 0.000434028
    alpha_6 = 0.000434028
    before_0-5 = 1
    before_0-6 = 1
    before_1-5 = 1
    before_1-6 = 1
    before_2-5 = 0
    before_2-6 = 1
    before_3-5 = 0
    before_3-6 = 0
    before_4-5 = 0
    before_4-6 = 0
    before_5-6 = 1
    n_0-0-0 = -1
    n_0-0-1 = -2
    n_0-0-2 = -3
    n_0-0-3 = -4
    n_0-0-4 = -16
    n_0-0-5 = -2
    n_0-0-6 = -3
    n_0-1-0 = -1
    n_0-1-1 = -2
    n_0-1-2 = -3
    n_0-1-3 = -4
    n_0-1-4 = -16
    n_0-1-5 = -2
    n_0-1-6 = -3
    n_0-2-0 = -1
    n_0-2-1 = -2
    n_0-2-2 = -3
    n_0-2-3 = -4
    n_0-2-4 = -16
    n_0-2-5 = -2
    n_0-2-6 = -3
    n_0-3-0 = -1
    n_0-3-1 = -2
    n_0-3-2 = -3
    n_0-3-3 = -4
    n_0-3-4 = -16
    n_0-3-5 = -2
    n_0-3-6 = -3
    n_0-4-0 = 0
    n_0-4-1 = -1
    n_0-4-2 = -2
    n_0-4-3 = -3
    n_0-4-4 = -15
    n_0-4-5 = -1
    n_0-4-6 = -3
    n_0-5-0 = -1
    n_0-5-1 = -2
    n_0-5-2 = -3
    n_0-5-3 = -4
    n_0-5-4 = -16
    n_0-5-5 = -2
    n_0-5-6 = -3
    n_0-6-0 = -1
    n_0-6-1 = -2
    n_0-6-2 = -3
    n_0-6-3 = -4
    n_0-6-4 = -16
    n_0-6-5 = -2
    n_0-6-6 = -3
    n_1-1-0 = -1
    n_1-1-1 = -2
    n_1-1-2 = -3
    n_1-1-3 = -4
    n_1-1-4 = -16
    n_1-1-5 = -2
    n_1-1-6 = -3
    n_1-2-0 = -1
    n_1-2-1 = -2
    n_1-2-2 = -3
    n_1-2-3 = -4
    n_1-2-4 = -16
    n_1-2-5 = -2
    n_1-2-6 = -3
    n_1-3-0 = -1
    n_1-3-1 = -2
    n_1-3-2 = -3
    n_1-3-3 = -4
    n_1-3-4 = -16
    n_1-3-5 = -2
    n_1-3-6 = -3
    n_1-4-0 = 0
    n_1-4-1 = -1
    n_1-4-2 = -2
    n_1-4-3 = -3
    n_1-4-4 = -15
    n_1-4-5 = -1
    n_1-4-6 = -2
    n_1-5-0 = -1
    n_1-5-1 = -2
    n_1-5-2 = -3
    n_1-5-3 = -4
    n_1-5-4 = -16
    n_1-5-5 = -2
    n_1-5-6 = -3
    n_1-6-0 = -1
    n_1-6-1 = -2
    n_1-6-2 = -3
    n_1-6-3 = -4
    n_1-6-4 = -16
    n_1-6-5 = -2
    n_1-6-6 = -3
    n_2-2-0 = -1
    n_2-2-1 = -2
    n_2-2-2 = -3
    n_2-2-3 = -4
    n_2-2-4 = -16
    n_2-2-5 = -2
    n_2-2-6 = -3
    n_2-3-0 = -1
    n_2-3-1 = -2
    n_2-3-2 = -3
    n_2-3-3 = -4
    n_2-3-4 = -16
    n_2-3-5 = -2
    n_2-3-6 = -3
    n_2-4-0 = 0
    n_2-4-1 = -1
    n_2-4-2 = -2
    n_2-4-3 = -3
    n_2-4-4 = -15
    n_2-4-5 = -1
    n_2-4-6 = -2
    n_2-5-0 = -1
    n_2-5-1 = -2
    n_2-5-2 = -3
    n_2-5-3 = -4
    n_2-5-4 = -16
    n_2-5-5 = -2
    n_2-5-6 = -3
    n_2-6-0 = -1
    n_2-6-1 = -2
    n_2-6-2 = -3
    n_2-6-3 = -4
    n_2-6-4 = -16
    n_2-6-5 = -2
    n_2-6-6 = -3
    n_3-3-0 = -1
    n_3-3-1 = -2
    n_3-3-2 = -3
    n_3-3-3 = -4
    n_3-3-4 = -16
    n_3-3-5 = -2
    n_3-3-6 = -3
    n_3-4-0 = 0
    n_3-4-1 = -1
    n_3-4-2 = -2
    n_3-4-3 = -3
    n_3-4-4 = -15
    n_3-4-5 = -1
    n_3-4-6 = -2
    n_3-5-0 = -1
    n_3-5-1 = -2
    n_3-5-2 = -3
    n_3-5-3 = -4
    n_3-5-4 = -16
    n_3-5-5 = -2
    n_3-5-6 = -3
    n_3-6-0 = -1
    n_3-6-1 = -2
    n_3-6-2 = -3
    n_3-6-3 = -4
    n_3-6-4 = -16
    n_3-6-5 = -2
    n_3-6-6 = -3
    n_4-4-0 = 1
    n_4-4-1 = 0
    n_4-4-2 = -1
    n_4-4-3 = -2
    n_4-4-4 = -14
    n_4-4-5 = -1
    n_4-4-6 = -2
    n_4-5-0 = 0
    n_4-5-1 = -1
    n_4-5-2 = -2
    n_4-5-3 = -3
    n_4-5-4 = -15
    n_4-5-5 = -1
    n_4-5-6 = -2
    n_4-6-0 = 0
    n_4-6-1 = -1
    n_4-6-2 = -2
    n_4-6-3 = -3
    n_4-6-4 = -15
    n_4-6-5 = -1
    n_4-6-6 = -2
    n_5-5-0 = -1
    n_5-5-1 = -2
    n_5-5-2 = -3
    n_5-5-3 = -4
    n_5-5-4 = -16
    n_5-5-5 = -2
    n_5-5-6 = -3
    n_5-6-0 = -1
    n_5-6-1 = -2
    n_5-6-2 = -3
    n_5-6-3 = -4
    n_5-6-4 = -16
    n_5-6-5 = -2
    n_5-6-6 = -3
    n_6-6-0 = -1
    n_6-6-1 = -2
    n_6-6-2 = -3
    n_6-6-3 = -4
    n_6-6-4 = -16
    n_6-6-5 = -2
    n_6-6-6 = -3
    x_0 = 0.030754
    x_1 = 0.093254
    x_2 = 0.155754
    x_3 = 0.218254
    x_4 = 0.968254
    x_5 = 0.124504
    x_6 = 0.19091
  parameters:
    anchor = 0
    base_density = 0.1388888888888889
    delta = 0.027777777777777776
    epsilon = 0.0
    extra_alpha_upper_bound = 0.05555555555555555
    extra_count = 2
    extra_length_bound = None
    formulation = standard_variable_extra_milp
    free_base_start = False
    integer_lift_lower_bound = -17
    integer_lift_upper_bound = 2
    intervals = [{'index': 0, 'label': 'base_1', 'seed_start': 0.030753968253968367, 'seed_length': 0.027777777777777776, 'fixed_base': True}, {'index': 1, 'label': 'base_2', 'seed_start': 0.09325396825396837, 'seed_length': 0.027777777777777776, 'fixed_base': True}, {'index': 2, 'label': 'base_3', 'seed_start': 0.15575396825396837, 'seed_length': 0.027777777777777776, 'fixed_base': True}, {'index': 3, 'label': 'base_4', 'seed_start': 0.21825396825396837, 'seed_length': 0.027777777777777776, 'fixed_base': True}, {'index': 4, 'label': 'base_0', 'seed_start': 0.9682539682539683, 'seed_length': 0.027777777777777776, 'fixed_base': True}, {'index': 5, 'label': 'extra_0', 'seed_start': None, 'seed_length': None, 'fixed_base': False}, {'index': 6, 'label': 'extra_1', 'seed_start': None, 'seed_length': None, 'fixed_base': False}]
    m = 16
    q = 5
    solver_options = {'mip_rel_gap': 0.0}
    tolerance = 1e-09
    translated_missing_point = False
  solver details:
    mip_dual_bound = 0.139757
    mip_gap = 0
    mip_node_count = 867

base density: 0.138888888889
MILP density: 0.139756944444
gain:         0.000868055555556
improved:     True (tolerance=1e-09)

Intervals:
  0: base_1   (0.030753968254, 0.0585317460317) length=0.0277777777778
  1: base_2   (0.093253968254, 0.121031746032) length=0.0277777777778
  2: base_3   (0.155753968254, 0.183531746032) length=0.0277777777778
  3: base_4   (0.218253968254, 0.246031746032) length=0.0277777777778
  4: base_0   (0.968253968254, 0.996031746032) length=0.0277777777778
  5: extra_0  (0.124503968254, 0.124937996032) length=0.000434027777778
  6: extra_1  (0.190910218254, 0.191344246032) length=0.000434027777778

Saved problem JSON: /home/ferran/interval_proofs/json_results/verification_20260716/tiny_intervals_two_extra/variable_extra_milp_m16_q5_anchor0_freebase0_extra2_problem.json
Saved solution JSON: /home/ferran/interval_proofs/json_results/verification_20260716/tiny_intervals_two_extra/variable_extra_milp_m16_q5_anchor0_freebase0_extra2_solution.json
	Command being timed: ".venv/bin/python equally_spaced_tiny_interval_lp.py --m 16 --tie-choice larger --anchor 0 --extra-count 2 --mip-rel-gap 0 --require-success --output-dir /home/ferran/interval_proofs/json_results/verification_20260716/tiny_intervals_two_extra"
	User time (seconds): 3.82
	System time (seconds): 0.07
	Percent of CPU this job got: 205%
	Elapsed (wall clock) time (h:mm:ss or m:ss): 0:01.89
	Average shared text size (kbytes): 0
	Average unshared data size (kbytes): 0
	Average stack size (kbytes): 0
	Average total size (kbytes): 0
	Maximum resident set size (kbytes): 84172
	Average resident set size (kbytes): 0
	Major (requiring I/O) page faults: 0
	Minor (reclaiming a frame) page faults: 14250
	Voluntary context switches: 98
	Involuntary context switches: 924
	Swaps: 0
	File system inputs: 0
	File system outputs: 264
	Socket messages sent: 0
	Socket messages received: 0
	Signals delivered: 0
	Page size (bytes): 4096
	Exit status: 0
