direct MILP around optimized 29-sum-free equally spaced construction: 587 variables (567 integer), 1160 constraints
base: m=29, q=8, delta=0.0166852057842, density=0.133481646274, anchor=0, extra_count=2, free_base_start=False

MILPSolution('direct MILP around optimized 29-sum-free equally spaced construction')
  status: optimal (Optimization terminated successfully. (HiGHS Status 7: Optimal))
  objective: maximize, optimum = 0.133558
  values:
    alpha_0 = 0.0166852
    alpha_1 = 0.0166852
    alpha_2 = 0.0166852
    alpha_3 = 0.0166852
    alpha_4 = 0.0166852
    alpha_5 = 0.0166852
    alpha_6 = 0.0166852
    alpha_7 = 0.0166852
    alpha_8 = 3.83568e-05
    alpha_9 = 3.83568e-05
    before_0-8 = 1
    before_0-9 = 1
    before_1-8 = 1
    before_1-9 = 1
    before_2-8 = 1
    before_2-9 = 0
    before_3-8 = 0
    before_3-9 = 0
    before_4-8 = 0
    before_4-9 = 0
    before_5-8 = 0
    before_5-9 = 0
    before_6-8 = 0
    before_6-9 = 0
    before_7-8 = 0
    before_7-9 = 0
    before_8-9 = 0
    n_0-0-0 = -1
    n_0-0-1 = -2
    n_0-0-2 = -3
    n_0-0-3 = -4
    n_0-0-4 = -5
    n_0-0-5 = -6
    n_0-0-6 = -7
    n_0-0-7 = -29
    n_0-0-8 = -4
    n_0-0-9 = -3
    n_0-1-0 = -1
    n_0-1-1 = -2
    n_0-1-2 = -3
    n_0-1-3 = -4
    n_0-1-4 = -5
    n_0-1-5 = -6
    n_0-1-6 = -7
    n_0-1-7 = -29
    n_0-1-8 = -4
    n_0-1-9 = -3
    n_0-2-0 = -1
    n_0-2-1 = -2
    n_0-2-2 = -3
    n_0-2-3 = -4
    n_0-2-4 = -5
    n_0-2-5 = -6
    n_0-2-6 = -7
    n_0-2-7 = -29
    n_0-2-8 = -4
    n_0-2-9 = -3
    n_0-3-0 = -1
    n_0-3-1 = -2
    n_0-3-2 = -3
    n_0-3-3 = -4
    n_0-3-4 = -5
    n_0-3-5 = -6
    n_0-3-6 = -7
    n_0-3-7 = -29
    n_0-3-8 = -4
    n_0-3-9 = -3
    n_0-4-0 = -1
    n_0-4-1 = -2
    n_0-4-2 = -3
    n_0-4-3 = -4
    n_0-4-4 = -5
    n_0-4-5 = -6
    n_0-4-6 = -7
    n_0-4-7 = -29
    n_0-4-8 = -4
    n_0-4-9 = -3
    n_0-5-0 = -1
    n_0-5-1 = -2
    n_0-5-2 = -3
    n_0-5-3 = -4
    n_0-5-4 = -5
    n_0-5-5 = -6
    n_0-5-6 = -7
    n_0-5-7 = -29
    n_0-5-8 = -4
    n_0-5-9 = -3
    n_0-6-0 = -1
    n_0-6-1 = -2
    n_0-6-2 = -3
    n_0-6-3 = -4
    n_0-6-4 = -5
    n_0-6-5 = -6
    n_0-6-6 = -7
    n_0-6-7 = -29
    n_0-6-8 = -4
    n_0-6-9 = -3
    n_0-7-0 = 0
    n_0-7-1 = -1
    n_0-7-2 = -2
    n_0-7-3 = -3
    n_0-7-4 = -4
    n_0-7-5 = -5
    n_0-7-6 = -6
    n_0-7-7 = -28
    n_0-7-8 = -3
    n_0-7-9 = -2
    n_0-8-0 = -1
    n_0-8-1 = -2
    n_0-8-2 = -3
    n_0-8-3 = -4
    n_0-8-4 = -5
    n_0-8-5 = -6
    n_0-8-6 = -7
    n_0-8-7 = -29
    n_0-8-8 = -4
    n_0-8-9 = -3
    n_0-9-0 = -1
    n_0-9-1 = -2
    n_0-9-2 = -3
    n_0-9-3 = -4
    n_0-9-4 = -5
    n_0-9-5 = -6
    n_0-9-6 = -7
    n_0-9-7 = -29
    n_0-9-8 = -4
    n_0-9-9 = -3
    n_1-1-0 = -1
    n_1-1-1 = -2
    n_1-1-2 = -3
    n_1-1-3 = -4
    n_1-1-4 = -5
    n_1-1-5 = -6
    n_1-1-6 = -7
    n_1-1-7 = -29
    n_1-1-8 = -4
    n_1-1-9 = -3
    n_1-2-0 = -1
    n_1-2-1 = -2
    n_1-2-2 = -3
    n_1-2-3 = -4
    n_1-2-4 = -5
    n_1-2-5 = -6
    n_1-2-6 = -7
    n_1-2-7 = -29
    n_1-2-8 = -4
    n_1-2-9 = -3
    n_1-3-0 = -1
    n_1-3-1 = -2
    n_1-3-2 = -3
    n_1-3-3 = -4
    n_1-3-4 = -5
    n_1-3-5 = -6
    n_1-3-6 = -7
    n_1-3-7 = -29
    n_1-3-8 = -4
    n_1-3-9 = -3
    n_1-4-0 = -1
    n_1-4-1 = -2
    n_1-4-2 = -3
    n_1-4-3 = -4
    n_1-4-4 = -5
    n_1-4-5 = -6
    n_1-4-6 = -7
    n_1-4-7 = -29
    n_1-4-8 = -4
    n_1-4-9 = -3
    n_1-5-0 = -1
    n_1-5-1 = -2
    n_1-5-2 = -3
    n_1-5-3 = -4
    n_1-5-4 = -5
    n_1-5-5 = -6
    n_1-5-6 = -7
    n_1-5-7 = -29
    n_1-5-8 = -4
    n_1-5-9 = -3
    n_1-6-0 = -1
    n_1-6-1 = -2
    n_1-6-2 = -3
    n_1-6-3 = -4
    n_1-6-4 = -5
    n_1-6-5 = -6
    n_1-6-6 = -7
    n_1-6-7 = -29
    n_1-6-8 = -4
    n_1-6-9 = -3
    n_1-7-0 = 0
    n_1-7-1 = -1
    n_1-7-2 = -2
    n_1-7-3 = -3
    n_1-7-4 = -4
    n_1-7-5 = -5
    n_1-7-6 = -6
    n_1-7-7 = -28
    n_1-7-8 = -3
    n_1-7-9 = -2
    n_1-8-0 = -1
    n_1-8-1 = -2
    n_1-8-2 = -3
    n_1-8-3 = -4
    n_1-8-4 = -5
    n_1-8-5 = -6
    n_1-8-6 = -7
    n_1-8-7 = -29
    n_1-8-8 = -4
    n_1-8-9 = -3
    n_1-9-0 = -1
    n_1-9-1 = -2
    n_1-9-2 = -3
    n_1-9-3 = -4
    n_1-9-4 = -5
    n_1-9-5 = -6
    n_1-9-6 = -7
    n_1-9-7 = -29
    n_1-9-8 = -4
    n_1-9-9 = -3
    n_2-2-0 = -1
    n_2-2-1 = -2
    n_2-2-2 = -3
    n_2-2-3 = -4
    n_2-2-4 = -5
    n_2-2-5 = -6
    n_2-2-6 = -7
    n_2-2-7 = -29
    n_2-2-8 = -4
    n_2-2-9 = -3
    n_2-3-0 = -1
    n_2-3-1 = -2
    n_2-3-2 = -3
    n_2-3-3 = -4
    n_2-3-4 = -5
    n_2-3-5 = -6
    n_2-3-6 = -7
    n_2-3-7 = -29
    n_2-3-8 = -4
    n_2-3-9 = -3
    n_2-4-0 = -1
    n_2-4-1 = -2
    n_2-4-2 = -3
    n_2-4-3 = -4
    n_2-4-4 = -5
    n_2-4-5 = -6
    n_2-4-6 = -7
    n_2-4-7 = -29
    n_2-4-8 = -4
    n_2-4-9 = -3
    n_2-5-0 = -1
    n_2-5-1 = -2
    n_2-5-2 = -3
    n_2-5-3 = -4
    n_2-5-4 = -5
    n_2-5-5 = -6
    n_2-5-6 = -7
    n_2-5-7 = -29
    n_2-5-8 = -4
    n_2-5-9 = -3
    n_2-6-0 = -1
    n_2-6-1 = -2
    n_2-6-2 = -3
    n_2-6-3 = -4
    n_2-6-4 = -5
    n_2-6-5 = -6
    n_2-6-6 = -7
    n_2-6-7 = -29
    n_2-6-8 = -4
    n_2-6-9 = -3
    n_2-7-0 = 0
    n_2-7-1 = -1
    n_2-7-2 = -2
    n_2-7-3 = -3
    n_2-7-4 = -4
    n_2-7-5 = -5
    n_2-7-6 = -6
    n_2-7-7 = -28
    n_2-7-8 = -3
    n_2-7-9 = -2
    n_2-8-0 = -1
    n_2-8-1 = -2
    n_2-8-2 = -3
    n_2-8-3 = -4
    n_2-8-4 = -5
    n_2-8-5 = -6
    n_2-8-6 = -7
    n_2-8-7 = -29
    n_2-8-8 = -4
    n_2-8-9 = -3
    n_2-9-0 = -1
    n_2-9-1 = -2
    n_2-9-2 = -3
    n_2-9-3 = -4
    n_2-9-4 = -5
    n_2-9-5 = -6
    n_2-9-6 = -7
    n_2-9-7 = -29
    n_2-9-8 = -4
    n_2-9-9 = -3
    n_3-3-0 = -1
    n_3-3-1 = -2
    n_3-3-2 = -3
    n_3-3-3 = -4
    n_3-3-4 = -5
    n_3-3-5 = -6
    n_3-3-6 = -7
    n_3-3-7 = -29
    n_3-3-8 = -4
    n_3-3-9 = -3
    n_3-4-0 = -1
    n_3-4-1 = -2
    n_3-4-2 = -3
    n_3-4-3 = -4
    n_3-4-4 = -5
    n_3-4-5 = -6
    n_3-4-6 = -7
    n_3-4-7 = -29
    n_3-4-8 = -4
    n_3-4-9 = -3
    n_3-5-0 = -1
    n_3-5-1 = -2
    n_3-5-2 = -3
    n_3-5-3 = -4
    n_3-5-4 = -5
    n_3-5-5 = -6
    n_3-5-6 = -7
    n_3-5-7 = -29
    n_3-5-8 = -4
    n_3-5-9 = -3
    n_3-6-0 = -1
    n_3-6-1 = -2
    n_3-6-2 = -3
    n_3-6-3 = -4
    n_3-6-4 = -5
    n_3-6-5 = -6
    n_3-6-6 = -7
    n_3-6-7 = -29
    n_3-6-8 = -4
    n_3-6-9 = -3
    n_3-7-0 = 0
    n_3-7-1 = -1
    n_3-7-2 = -2
    n_3-7-3 = -3
    n_3-7-4 = -4
    n_3-7-5 = -5
    n_3-7-6 = -6
    n_3-7-7 = -28
    n_3-7-8 = -3
    n_3-7-9 = -2
    n_3-8-0 = -1
    n_3-8-1 = -2
    n_3-8-2 = -3
    n_3-8-3 = -4
    n_3-8-4 = -5
    n_3-8-5 = -6
    n_3-8-6 = -7
    n_3-8-7 = -29
    n_3-8-8 = -4
    n_3-8-9 = -3
    n_3-9-0 = -1
    n_3-9-1 = -2
    n_3-9-2 = -3
    n_3-9-3 = -4
    n_3-9-4 = -5
    n_3-9-5 = -6
    n_3-9-6 = -7
    n_3-9-7 = -29
    n_3-9-8 = -4
    n_3-9-9 = -3
    n_4-4-0 = -1
    n_4-4-1 = -2
    n_4-4-2 = -3
    n_4-4-3 = -4
    n_4-4-4 = -5
    n_4-4-5 = -6
    n_4-4-6 = -7
    n_4-4-7 = -29
    n_4-4-8 = -4
    n_4-4-9 = -3
    n_4-5-0 = -1
    n_4-5-1 = -2
    n_4-5-2 = -3
    n_4-5-3 = -4
    n_4-5-4 = -5
    n_4-5-5 = -6
    n_4-5-6 = -7
    n_4-5-7 = -29
    n_4-5-8 = -4
    n_4-5-9 = -3
    n_4-6-0 = -1
    n_4-6-1 = -2
    n_4-6-2 = -3
    n_4-6-3 = -4
    n_4-6-4 = -5
    n_4-6-5 = -6
    n_4-6-6 = -7
    n_4-6-7 = -29
    n_4-6-8 = -3
    n_4-6-9 = -3
    n_4-7-0 = 0
    n_4-7-1 = -1
    n_4-7-2 = -2
    n_4-7-3 = -3
    n_4-7-4 = -4
    n_4-7-5 = -5
    n_4-7-6 = -6
    n_4-7-7 = -28
    n_4-7-8 = -3
    n_4-7-9 = -2
    n_4-8-0 = -1
    n_4-8-1 = -2
    n_4-8-2 = -3
    n_4-8-3 = -4
    n_4-8-4 = -5
    n_4-8-5 = -6
    n_4-8-6 = -7
    n_4-8-7 = -29
    n_4-8-8 = -4
    n_4-8-9 = -3
    n_4-9-0 = -1
    n_4-9-1 = -2
    n_4-9-2 = -3
    n_4-9-3 = -4
    n_4-9-4 = -5
    n_4-9-5 = -6
    n_4-9-6 = -7
    n_4-9-7 = -29
    n_4-9-8 = -4
    n_4-9-9 = -3
    n_5-5-0 = -1
    n_5-5-1 = -2
    n_5-5-2 = -3
    n_5-5-3 = -4
    n_5-5-4 = -5
    n_5-5-5 = -6
    n_5-5-6 = -7
    n_5-5-7 = -29
    n_5-5-8 = -3
    n_5-5-9 = -3
    n_5-6-0 = -1
    n_5-6-1 = -2
    n_5-6-2 = -3
    n_5-6-3 = -4
    n_5-6-4 = -5
    n_5-6-5 = -6
    n_5-6-6 = -7
    n_5-6-7 = -29
    n_5-6-8 = -3
    n_5-6-9 = -2
    n_5-7-0 = 0
    n_5-7-1 = -1
    n_5-7-2 = -2
    n_5-7-3 = -3
    n_5-7-4 = -4
    n_5-7-5 = -5
    n_5-7-6 = -6
    n_5-7-7 = -28
    n_5-7-8 = -3
    n_5-7-9 = -2
    n_5-8-0 = -1
    n_5-8-1 = -2
    n_5-8-2 = -3
    n_5-8-3 = -4
    n_5-8-4 = -5
    n_5-8-5 = -6
    n_5-8-6 = -7
    n_5-8-7 = -29
    n_5-8-8 = -4
    n_5-8-9 = -3
    n_5-9-0 = -1
    n_5-9-1 = -2
    n_5-9-2 = -3
    n_5-9-3 = -4
    n_5-9-4 = -5
    n_5-9-5 = -6
    n_5-9-6 = -7
    n_5-9-7 = -29
    n_5-9-8 = -4
    n_5-9-9 = -3
    n_6-6-0 = -1
    n_6-6-1 = -2
    n_6-6-2 = -3
    n_6-6-3 = -4
    n_6-6-4 = -5
    n_6-6-5 = -6
    n_6-6-6 = -7
    n_6-6-7 = -29
    n_6-6-8 = -3
    n_6-6-9 = -2
    n_6-7-0 = 0
    n_6-7-1 = -1
    n_6-7-2 = -2
    n_6-7-3 = -3
    n_6-7-4 = -4
    n_6-7-5 = -5
    n_6-7-6 = -6
    n_6-7-7 = -28
    n_6-7-8 = -3
    n_6-7-9 = -2
    n_6-8-0 = -1
    n_6-8-1 = -2
    n_6-8-2 = -3
    n_6-8-3 = -4
    n_6-8-4 = -5
    n_6-8-5 = -6
    n_6-8-6 = -7
    n_6-8-7 = -29
    n_6-8-8 = -4
    n_6-8-9 = -3
    n_6-9-0 = -1
    n_6-9-1 = -2
    n_6-9-2 = -3
    n_6-9-3 = -4
    n_6-9-4 = -5
    n_6-9-5 = -6
    n_6-9-6 = -7
    n_6-9-7 = -29
    n_6-9-8 = -4
    n_6-9-9 = -3
    n_7-7-0 = 1
    n_7-7-1 = 0
    n_7-7-2 = -1
    n_7-7-3 = -2
    n_7-7-4 = -3
    n_7-7-5 = -4
    n_7-7-6 = -5
    n_7-7-7 = -27
    n_7-7-8 = -2
    n_7-7-9 = -1
    n_7-8-0 = 0
    n_7-8-1 = -1
    n_7-8-2 = -2
    n_7-8-3 = -3
    n_7-8-4 = -4
    n_7-8-5 = -5
    n_7-8-6 = -6
    n_7-8-7 = -28
    n_7-8-8 = -3
    n_7-8-9 = -2
    n_7-9-0 = 0
    n_7-9-1 = -1
    n_7-9-2 = -2
    n_7-9-3 = -3
    n_7-9-4 = -4
    n_7-9-5 = -5
    n_7-9-6 = -6
    n_7-9-7 = -28
    n_7-9-8 = -3
    n_7-9-9 = -2
    n_8-8-0 = -1
    n_8-8-1 = -2
    n_8-8-2 = -3
    n_8-8-3 = -4
    n_8-8-4 = -5
    n_8-8-5 = -6
    n_8-8-6 = -7
    n_8-8-7 = -29
    n_8-8-8 = -4
    n_8-8-9 = -3
    n_8-9-0 = -1
    n_8-9-1 = -2
    n_8-9-2 = -3
    n_8-9-3 = -4
    n_8-9-4 = -5
    n_8-9-5 = -6
    n_8-9-6 = -7
    n_8-9-7 = -29
    n_8-9-8 = -4
    n_8-9-9 = -3
    n_9-9-0 = -1
    n_9-9-1 = -2
    n_9-9-2 = -3
    n_9-9-3 = -4
    n_9-9-4 = -5
    n_9-9-5 = -6
    n_9-9-6 = -7
    n_9-9-7 = -29
    n_9-9-8 = -4
    n_9-9-9 = -3
    x_0 = 0.0165616
    x_1 = 0.0510444
    x_2 = 0.0855271
    x_3 = 0.12001
    x_4 = 0.154493
    x_5 = 0.188975
    x_6 = 0.223458
    x_7 = 0.982079
    x_8 = 0.116443
    x_9 = 0.083149
  parameters:
    anchor = 0
    base_density = 0.13348164627363737
    delta = 0.01668520578420467
    epsilon = 0.0
    extra_alpha_upper_bound = 0.03225806451612903
    extra_count = 2
    extra_length_bound = None
    formulation = standard_variable_extra_milp
    free_base_start = False
    integer_lift_lower_bound = -30
    integer_lift_upper_bound = 2
    intervals = [{'index': 0, 'label': 'base_1', 'seed_start': 0.016561611667284648, 'seed_length': 0.01668520578420467, 'fixed_base': True}, {'index': 1, 'label': 'base_2', 'seed_start': 0.05104437028797437, 'seed_length': 0.01668520578420467, 'fixed_base': True}, {'index': 2, 'label': 'base_3', 'seed_start': 0.0855271289086641, 'seed_length': 0.01668520578420467, 'fixed_base': True}, {'index': 3, 'label': 'base_4', 'seed_start': 0.1200098875293536, 'seed_length': 0.01668520578420467, 'fixed_base': True}, {'index': 4, 'label': 'base_5', 'seed_start': 0.15449264615004332, 'seed_length': 0.01668520578420467, 'fixed_base': True}, {'index': 5, 'label': 'base_6', 'seed_start': 0.18897540477073305, 'seed_length': 0.01668520578420467, 'fixed_base': True}, {'index': 6, 'label': 'base_7', 'seed_start': 0.22345816339142255, 'seed_length': 0.01668520578420467, 'fixed_base': True}, {'index': 7, 'label': 'base_0', 'seed_start': 0.982078853046595, 'seed_length': 0.01668520578420467, 'fixed_base': True}, {'index': 8, 'label': 'extra_0', 'seed_start': None, 'seed_length': None, 'fixed_base': False}, {'index': 9, 'label': 'extra_1', 'seed_start': None, 'seed_length': None, 'fixed_base': False}]
    m = 29
    q = 8
    solver_options = {'mip_rel_gap': 0.0}
    tolerance = 1e-09
    translated_missing_point = False
  solver details:
    mip_dual_bound = 0.133558
    mip_gap = 0
    mip_node_count = 6557

base density: 0.133481646274
MILP density: 0.133558359863
gain:         7.67135898146e-05
improved:     True (tolerance=1e-09)

Intervals:
  0: base_1   (0.0165616116673, 0.0332468174515) length=0.0166852057842
  1: base_2   (0.051044370288, 0.0677295760722) length=0.0166852057842
  2: base_3   (0.0855271289087, 0.102212334693) length=0.0166852057842
  3: base_4   (0.120009887529, 0.136695093314) length=0.0166852057842
  4: base_5   (0.15449264615, 0.171177851934) length=0.0166852057842
  5: base_6   (0.188975404771, 0.205660610555) length=0.0166852057842
  6: base_7   (0.223458163391, 0.240143369176) length=0.0166852057842
  7: base_0   (0.982078853047, 0.998764058831) length=0.0166852057842
  8: extra_0  (0.116442705603, 0.116481062398) length=3.83567949085e-05
  9: extra_1  (0.0831490076245, 0.0831873644194) length=3.83567949062e-05

Saved problem JSON: /home/ferran/interval_proofs/json_results/verification_20260716/tiny_intervals_two_extra/variable_extra_milp_m29_q8_anchor0_freebase0_extra2_problem.json
Saved solution JSON: /home/ferran/interval_proofs/json_results/verification_20260716/tiny_intervals_two_extra/variable_extra_milp_m29_q8_anchor0_freebase0_extra2_solution.json
	Command being timed: ".venv/bin/python equally_spaced_tiny_interval_lp.py --m 29 --tie-choice larger --anchor 0 --extra-count 2 --mip-rel-gap 0 --require-success --output-dir /home/ferran/interval_proofs/json_results/verification_20260716/tiny_intervals_two_extra"
	User time (seconds): 10.83
	System time (seconds): 0.19
	Percent of CPU this job got: 126%
	Elapsed (wall clock) time (h:mm:ss or m:ss): 0:08.73
	Average shared text size (kbytes): 0
	Average unshared data size (kbytes): 0
	Average stack size (kbytes): 0
	Average total size (kbytes): 0
	Maximum resident set size (kbytes): 90936
	Average resident set size (kbytes): 0
	Major (requiring I/O) page faults: 0
	Minor (reclaiming a frame) page faults: 16243
	Voluntary context switches: 132
	Involuntary context switches: 939
	Swaps: 0
	File system inputs: 0
	File system outputs: 704
	Socket messages sent: 0
	Socket messages received: 0
	Signals delivered: 0
	Page size (bytes): 4096
	Exit status: 0
