direct MILP around optimized 32-sum-free equally spaced construction: 767 variables (745 integer), 1519 constraints
base: m=32, q=9, delta=0.0147058823529, density=0.132352941176, anchor=0, extra_count=2, free_base_start=False

MILPSolution('direct MILP around optimized 32-sum-free equally spaced construction')
  status: optimal (Optimization terminated successfully. (HiGHS Status 7: Optimal))
  objective: maximize, optimum = 0.132468
  values:
    alpha_0 = 0.0147059
    alpha_1 = 0.0147059
    alpha_10 = 5.74449e-05
    alpha_2 = 0.0147059
    alpha_3 = 0.0147059
    alpha_4 = 0.0147059
    alpha_5 = 0.0147059
    alpha_6 = 0.0147059
    alpha_7 = 0.0147059
    alpha_8 = 0.0147059
    alpha_9 = 5.74449e-05
    before_0-10 = 1
    before_0-9 = 1
    before_1-10 = 1
    before_1-9 = 1
    before_2-10 = 0
    before_2-9 = 1
    before_3-10 = 0
    before_3-9 = 0
    before_4-10 = 0
    before_4-9 = 0
    before_5-10 = 0
    before_5-9 = 0
    before_6-10 = 0
    before_6-9 = 0
    before_7-10 = 0
    before_7-9 = 0
    before_8-10 = 0
    before_8-9 = 0
    before_9-10 = 0
    n_0-0-0 = -1
    n_0-0-1 = -2
    n_0-0-10 = -3
    n_0-0-2 = -3
    n_0-0-3 = -4
    n_0-0-4 = -5
    n_0-0-5 = -6
    n_0-0-6 = -7
    n_0-0-7 = -8
    n_0-0-8 = -32
    n_0-0-9 = -4
    n_0-1-0 = -1
    n_0-1-1 = -2
    n_0-1-10 = -3
    n_0-1-2 = -3
    n_0-1-3 = -4
    n_0-1-4 = -5
    n_0-1-5 = -6
    n_0-1-6 = -7
    n_0-1-7 = -8
    n_0-1-8 = -32
    n_0-1-9 = -4
    n_0-10-0 = -1
    n_0-10-1 = -2
    n_0-10-10 = -3
    n_0-10-2 = -3
    n_0-10-3 = -4
    n_0-10-4 = -5
    n_0-10-5 = -6
    n_0-10-6 = -7
    n_0-10-7 = -8
    n_0-10-8 = -32
    n_0-10-9 = -4
    n_0-2-0 = -1
    n_0-2-1 = -2
    n_0-2-10 = -3
    n_0-2-2 = -3
    n_0-2-3 = -4
    n_0-2-4 = -5
    n_0-2-5 = -6
    n_0-2-6 = -7
    n_0-2-7 = -8
    n_0-2-8 = -32
    n_0-2-9 = -4
    n_0-3-0 = -1
    n_0-3-1 = -2
    n_0-3-10 = -3
    n_0-3-2 = -3
    n_0-3-3 = -4
    n_0-3-4 = -5
    n_0-3-5 = -6
    n_0-3-6 = -7
    n_0-3-7 = -8
    n_0-3-8 = -32
    n_0-3-9 = -4
    n_0-4-0 = -1
    n_0-4-1 = -2
    n_0-4-10 = -3
    n_0-4-2 = -3
    n_0-4-3 = -4
    n_0-4-4 = -5
    n_0-4-5 = -6
    n_0-4-6 = -7
    n_0-4-7 = -8
    n_0-4-8 = -32
    n_0-4-9 = -4
    n_0-5-0 = -1
    n_0-5-1 = -2
    n_0-5-10 = -3
    n_0-5-2 = -3
    n_0-5-3 = -4
    n_0-5-4 = -5
    n_0-5-5 = -6
    n_0-5-6 = -7
    n_0-5-7 = -8
    n_0-5-8 = -32
    n_0-5-9 = -4
    n_0-6-0 = -1
    n_0-6-1 = -2
    n_0-6-10 = -3
    n_0-6-2 = -3
    n_0-6-3 = -4
    n_0-6-4 = -5
    n_0-6-5 = -6
    n_0-6-6 = -7
    n_0-6-7 = -8
    n_0-6-8 = -32
    n_0-6-9 = -4
    n_0-7-0 = -1
    n_0-7-1 = -2
    n_0-7-10 = -3
    n_0-7-2 = -3
    n_0-7-3 = -4
    n_0-7-4 = -5
    n_0-7-5 = -6
    n_0-7-6 = -7
    n_0-7-7 = -8
    n_0-7-8 = -32
    n_0-7-9 = -4
    n_0-8-0 = 0
    n_0-8-1 = -1
    n_0-8-10 = -2
    n_0-8-2 = -2
    n_0-8-3 = -3
    n_0-8-4 = -4
    n_0-8-5 = -5
    n_0-8-6 = -6
    n_0-8-7 = -7
    n_0-8-8 = -31
    n_0-8-9 = -3
    n_0-9-0 = -1
    n_0-9-1 = -2
    n_0-9-10 = -3
    n_0-9-2 = -3
    n_0-9-3 = -4
    n_0-9-4 = -5
    n_0-9-5 = -6
    n_0-9-6 = -7
    n_0-9-7 = -8
    n_0-9-8 = -32
    n_0-9-9 = -4
    n_1-1-0 = -1
    n_1-1-1 = -2
    n_1-1-10 = -3
    n_1-1-2 = -3
    n_1-1-3 = -4
    n_1-1-4 = -5
    n_1-1-5 = -6
    n_1-1-6 = -7
    n_1-1-7 = -8
    n_1-1-8 = -32
    n_1-1-9 = -4
    n_1-10-0 = -1
    n_1-10-1 = -2
    n_1-10-10 = -3
    n_1-10-2 = -3
    n_1-10-3 = -4
    n_1-10-4 = -5
    n_1-10-5 = -6
    n_1-10-6 = -7
    n_1-10-7 = -8
    n_1-10-8 = -32
    n_1-10-9 = -4
    n_1-2-0 = -1
    n_1-2-1 = -2
    n_1-2-10 = -3
    n_1-2-2 = -3
    n_1-2-3 = -4
    n_1-2-4 = -5
    n_1-2-5 = -6
    n_1-2-6 = -7
    n_1-2-7 = -8
    n_1-2-8 = -32
    n_1-2-9 = -4
    n_1-3-0 = -1
    n_1-3-1 = -2
    n_1-3-10 = -3
    n_1-3-2 = -3
    n_1-3-3 = -4
    n_1-3-4 = -5
    n_1-3-5 = -6
    n_1-3-6 = -7
    n_1-3-7 = -8
    n_1-3-8 = -32
    n_1-3-9 = -4
    n_1-4-0 = -1
    n_1-4-1 = -2
    n_1-4-10 = -3
    n_1-4-2 = -3
    n_1-4-3 = -4
    n_1-4-4 = -5
    n_1-4-5 = -6
    n_1-4-6 = -7
    n_1-4-7 = -8
    n_1-4-8 = -32
    n_1-4-9 = -4
    n_1-5-0 = -1
    n_1-5-1 = -2
    n_1-5-10 = -3
    n_1-5-2 = -3
    n_1-5-3 = -4
    n_1-5-4 = -5
    n_1-5-5 = -6
    n_1-5-6 = -7
    n_1-5-7 = -8
    n_1-5-8 = -32
    n_1-5-9 = -4
    n_1-6-0 = -1
    n_1-6-1 = -2
    n_1-6-10 = -3
    n_1-6-2 = -3
    n_1-6-3 = -4
    n_1-6-4 = -5
    n_1-6-5 = -6
    n_1-6-6 = -7
    n_1-6-7 = -8
    n_1-6-8 = -32
    n_1-6-9 = -4
    n_1-7-0 = -1
    n_1-7-1 = -2
    n_1-7-10 = -3
    n_1-7-2 = -3
    n_1-7-3 = -4
    n_1-7-4 = -5
    n_1-7-5 = -6
    n_1-7-6 = -7
    n_1-7-7 = -8
    n_1-7-8 = -32
    n_1-7-9 = -4
    n_1-8-0 = 0
    n_1-8-1 = -1
    n_1-8-10 = -2
    n_1-8-2 = -2
    n_1-8-3 = -3
    n_1-8-4 = -4
    n_1-8-5 = -5
    n_1-8-6 = -6
    n_1-8-7 = -7
    n_1-8-8 = -31
    n_1-8-9 = -3
    n_1-9-0 = -1
    n_1-9-1 = -2
    n_1-9-10 = -3
    n_1-9-2 = -3
    n_1-9-3 = -4
    n_1-9-4 = -5
    n_1-9-5 = -6
    n_1-9-6 = -7
    n_1-9-7 = -8
    n_1-9-8 = -32
    n_1-9-9 = -4
    n_10-10-0 = -1
    n_10-10-1 = -2
    n_10-10-10 = -3
    n_10-10-2 = -3
    n_10-10-3 = -4
    n_10-10-4 = -5
    n_10-10-5 = -6
    n_10-10-6 = -7
    n_10-10-7 = -8
    n_10-10-8 = -32
    n_10-10-9 = -4
    n_2-10-0 = -1
    n_2-10-1 = -2
    n_2-10-10 = -3
    n_2-10-2 = -3
    n_2-10-3 = -4
    n_2-10-4 = -5
    n_2-10-5 = -6
    n_2-10-6 = -7
    n_2-10-7 = -8
    n_2-10-8 = -32
    n_2-10-9 = -4
    n_2-2-0 = -1
    n_2-2-1 = -2
    n_2-2-10 = -3
    n_2-2-2 = -3
    n_2-2-3 = -4
    n_2-2-4 = -5
    n_2-2-5 = -6
    n_2-2-6 = -7
    n_2-2-7 = -8
    n_2-2-8 = -32
    n_2-2-9 = -4
    n_2-3-0 = -1
    n_2-3-1 = -2
    n_2-3-10 = -3
    n_2-3-2 = -3
    n_2-3-3 = -4
    n_2-3-4 = -5
    n_2-3-5 = -6
    n_2-3-6 = -7
    n_2-3-7 = -8
    n_2-3-8 = -32
    n_2-3-9 = -4
    n_2-4-0 = -1
    n_2-4-1 = -2
    n_2-4-10 = -3
    n_2-4-2 = -3
    n_2-4-3 = -4
    n_2-4-4 = -5
    n_2-4-5 = -6
    n_2-4-6 = -7
    n_2-4-7 = -8
    n_2-4-8 = -32
    n_2-4-9 = -4
    n_2-5-0 = -1
    n_2-5-1 = -2
    n_2-5-10 = -3
    n_2-5-2 = -3
    n_2-5-3 = -4
    n_2-5-4 = -5
    n_2-5-5 = -6
    n_2-5-6 = -7
    n_2-5-7 = -8
    n_2-5-8 = -32
    n_2-5-9 = -4
    n_2-6-0 = -1
    n_2-6-1 = -2
    n_2-6-10 = -3
    n_2-6-2 = -3
    n_2-6-3 = -4
    n_2-6-4 = -5
    n_2-6-5 = -6
    n_2-6-6 = -7
    n_2-6-7 = -8
    n_2-6-8 = -32
    n_2-6-9 = -4
    n_2-7-0 = -1
    n_2-7-1 = -2
    n_2-7-10 = -3
    n_2-7-2 = -3
    n_2-7-3 = -4
    n_2-7-4 = -5
    n_2-7-5 = -6
    n_2-7-6 = -7
    n_2-7-7 = -8
    n_2-7-8 = -32
    n_2-7-9 = -4
    n_2-8-0 = 0
    n_2-8-1 = -1
    n_2-8-10 = -2
    n_2-8-2 = -2
    n_2-8-3 = -3
    n_2-8-4 = -4
    n_2-8-5 = -5
    n_2-8-6 = -6
    n_2-8-7 = -7
    n_2-8-8 = -31
    n_2-8-9 = -3
    n_2-9-0 = -1
    n_2-9-1 = -2
    n_2-9-10 = -3
    n_2-9-2 = -3
    n_2-9-3 = -4
    n_2-9-4 = -5
    n_2-9-5 = -6
    n_2-9-6 = -7
    n_2-9-7 = -8
    n_2-9-8 = -32
    n_2-9-9 = -4
    n_3-10-0 = -1
    n_3-10-1 = -2
    n_3-10-10 = -3
    n_3-10-2 = -3
    n_3-10-3 = -4
    n_3-10-4 = -5
    n_3-10-5 = -6
    n_3-10-6 = -7
    n_3-10-7 = -8
    n_3-10-8 = -32
    n_3-10-9 = -4
    n_3-3-0 = -1
    n_3-3-1 = -2
    n_3-3-10 = -3
    n_3-3-2 = -3
    n_3-3-3 = -4
    n_3-3-4 = -5
    n_3-3-5 = -6
    n_3-3-6 = -7
    n_3-3-7 = -8
    n_3-3-8 = -32
    n_3-3-9 = -4
    n_3-4-0 = -1
    n_3-4-1 = -2
    n_3-4-10 = -3
    n_3-4-2 = -3
    n_3-4-3 = -4
    n_3-4-4 = -5
    n_3-4-5 = -6
    n_3-4-6 = -7
    n_3-4-7 = -8
    n_3-4-8 = -32
    n_3-4-9 = -4
    n_3-5-0 = -1
    n_3-5-1 = -2
    n_3-5-10 = -3
    n_3-5-2 = -3
    n_3-5-3 = -4
    n_3-5-4 = -5
    n_3-5-5 = -6
    n_3-5-6 = -7
    n_3-5-7 = -8
    n_3-5-8 = -32
    n_3-5-9 = -4
    n_3-6-0 = -1
    n_3-6-1 = -2
    n_3-6-10 = -3
    n_3-6-2 = -3
    n_3-6-3 = -4
    n_3-6-4 = -5
    n_3-6-5 = -6
    n_3-6-6 = -7
    n_3-6-7 = -8
    n_3-6-8 = -32
    n_3-6-9 = -4
    n_3-7-0 = -1
    n_3-7-1 = -2
    n_3-7-10 = -3
    n_3-7-2 = -3
    n_3-7-3 = -4
    n_3-7-4 = -5
    n_3-7-5 = -6
    n_3-7-6 = -7
    n_3-7-7 = -8
    n_3-7-8 = -32
    n_3-7-9 = -4
    n_3-8-0 = 0
    n_3-8-1 = -1
    n_3-8-10 = -2
    n_3-8-2 = -2
    n_3-8-3 = -3
    n_3-8-4 = -4
    n_3-8-5 = -5
    n_3-8-6 = -6
    n_3-8-7 = -7
    n_3-8-8 = -31
    n_3-8-9 = -3
    n_3-9-0 = -1
    n_3-9-1 = -2
    n_3-9-10 = -3
    n_3-9-2 = -3
    n_3-9-3 = -4
    n_3-9-4 = -5
    n_3-9-5 = -6
    n_3-9-6 = -7
    n_3-9-7 = -8
    n_3-9-8 = -32
    n_3-9-9 = -4
    n_4-10-0 = -1
    n_4-10-1 = -2
    n_4-10-10 = -3
    n_4-10-2 = -3
    n_4-10-3 = -4
    n_4-10-4 = -5
    n_4-10-5 = -6
    n_4-10-6 = -7
    n_4-10-7 = -8
    n_4-10-8 = -32
    n_4-10-9 = -4
    n_4-4-0 = -1
    n_4-4-1 = -2
    n_4-4-10 = -3
    n_4-4-2 = -3
    n_4-4-3 = -4
    n_4-4-4 = -5
    n_4-4-5 = -6
    n_4-4-6 = -7
    n_4-4-7 = -8
    n_4-4-8 = -32
    n_4-4-9 = -4
    n_4-5-0 = -1
    n_4-5-1 = -2
    n_4-5-10 = -3
    n_4-5-2 = -3
    n_4-5-3 = -4
    n_4-5-4 = -5
    n_4-5-5 = -6
    n_4-5-6 = -7
    n_4-5-7 = -8
    n_4-5-8 = -32
    n_4-5-9 = -4
    n_4-6-0 = -1
    n_4-6-1 = -2
    n_4-6-10 = -3
    n_4-6-2 = -3
    n_4-6-3 = -4
    n_4-6-4 = -5
    n_4-6-5 = -6
    n_4-6-6 = -7
    n_4-6-7 = -8
    n_4-6-8 = -32
    n_4-6-9 = -4
    n_4-7-0 = -1
    n_4-7-1 = -2
    n_4-7-10 = -3
    n_4-7-2 = -3
    n_4-7-3 = -4
    n_4-7-4 = -5
    n_4-7-5 = -6
    n_4-7-6 = -7
    n_4-7-7 = -8
    n_4-7-8 = -32
    n_4-7-9 = -4
    n_4-8-0 = 0
    n_4-8-1 = -1
    n_4-8-10 = -2
    n_4-8-2 = -2
    n_4-8-3 = -3
    n_4-8-4 = -4
    n_4-8-5 = -5
    n_4-8-6 = -6
    n_4-8-7 = -7
    n_4-8-8 = -31
    n_4-8-9 = -3
    n_4-9-0 = -1
    n_4-9-1 = -2
    n_4-9-10 = -3
    n_4-9-2 = -3
    n_4-9-3 = -4
    n_4-9-4 = -5
    n_4-9-5 = -6
    n_4-9-6 = -7
    n_4-9-7 = -8
    n_4-9-8 = -32
    n_4-9-9 = -4
    n_5-10-0 = -1
    n_5-10-1 = -2
    n_5-10-10 = -3
    n_5-10-2 = -3
    n_5-10-3 = -4
    n_5-10-4 = -5
    n_5-10-5 = -6
    n_5-10-6 = -7
    n_5-10-7 = -8
    n_5-10-8 = -32
    n_5-10-9 = -4
    n_5-5-0 = -1
    n_5-5-1 = -2
    n_5-5-10 = -3
    n_5-5-2 = -3
    n_5-5-3 = -4
    n_5-5-4 = -5
    n_5-5-5 = -6
    n_5-5-6 = -7
    n_5-5-7 = -8
    n_5-5-8 = -32
    n_5-5-9 = -4
    n_5-6-0 = -1
    n_5-6-1 = -2
    n_5-6-10 = -3
    n_5-6-2 = -3
    n_5-6-3 = -4
    n_5-6-4 = -5
    n_5-6-5 = -6
    n_5-6-6 = -7
    n_5-6-7 = -8
    n_5-6-8 = -32
    n_5-6-9 = -4
    n_5-7-0 = -1
    n_5-7-1 = -2
    n_5-7-10 = -3
    n_5-7-2 = -3
    n_5-7-3 = -4
    n_5-7-4 = -5
    n_5-7-5 = -6
    n_5-7-6 = -7
    n_5-7-7 = -8
    n_5-7-8 = -32
    n_5-7-9 = -4
    n_5-8-0 = 0
    n_5-8-1 = -1
    n_5-8-10 = -2
    n_5-8-2 = -2
    n_5-8-3 = -3
    n_5-8-4 = -4
    n_5-8-5 = -5
    n_5-8-6 = -6
    n_5-8-7 = -7
    n_5-8-8 = -31
    n_5-8-9 = -3
    n_5-9-0 = -1
    n_5-9-1 = -2
    n_5-9-10 = -3
    n_5-9-2 = -3
    n_5-9-3 = -4
    n_5-9-4 = -5
    n_5-9-5 = -6
    n_5-9-6 = -7
    n_5-9-7 = -8
    n_5-9-8 = -32
    n_5-9-9 = -4
    n_6-10-0 = -1
    n_6-10-1 = -2
    n_6-10-10 = -3
    n_6-10-2 = -3
    n_6-10-3 = -4
    n_6-10-4 = -5
    n_6-10-5 = -6
    n_6-10-6 = -7
    n_6-10-7 = -8
    n_6-10-8 = -32
    n_6-10-9 = -4
    n_6-6-0 = -1
    n_6-6-1 = -2
    n_6-6-10 = -3
    n_6-6-2 = -3
    n_6-6-3 = -4
    n_6-6-4 = -5
    n_6-6-5 = -6
    n_6-6-6 = -7
    n_6-6-7 = -8
    n_6-6-8 = -32
    n_6-6-9 = -4
    n_6-7-0 = -1
    n_6-7-1 = -2
    n_6-7-10 = -3
    n_6-7-2 = -3
    n_6-7-3 = -4
    n_6-7-4 = -5
    n_6-7-5 = -6
    n_6-7-6 = -7
    n_6-7-7 = -8
    n_6-7-8 = -32
    n_6-7-9 = -3
    n_6-8-0 = 0
    n_6-8-1 = -1
    n_6-8-10 = -2
    n_6-8-2 = -2
    n_6-8-3 = -3
    n_6-8-4 = -4
    n_6-8-5 = -5
    n_6-8-6 = -6
    n_6-8-7 = -7
    n_6-8-8 = -31
    n_6-8-9 = -3
    n_6-9-0 = -1
    n_6-9-1 = -2
    n_6-9-10 = -3
    n_6-9-2 = -3
    n_6-9-3 = -4
    n_6-9-4 = -5
    n_6-9-5 = -6
    n_6-9-6 = -7
    n_6-9-7 = -8
    n_6-9-8 = -32
    n_6-9-9 = -4
    n_7-10-0 = -1
    n_7-10-1 = -2
    n_7-10-10 = -3
    n_7-10-2 = -3
    n_7-10-3 = -4
    n_7-10-4 = -5
    n_7-10-5 = -6
    n_7-10-6 = -7
    n_7-10-7 = -8
    n_7-10-8 = -32
    n_7-10-9 = -4
    n_7-7-0 = -1
    n_7-7-1 = -2
    n_7-7-10 = -2
    n_7-7-2 = -3
    n_7-7-3 = -4
    n_7-7-4 = -5
    n_7-7-5 = -6
    n_7-7-6 = -7
    n_7-7-7 = -8
    n_7-7-8 = -32
    n_7-7-9 = -3
    n_7-8-0 = 0
    n_7-8-1 = -1
    n_7-8-10 = -2
    n_7-8-2 = -2
    n_7-8-3 = -3
    n_7-8-4 = -4
    n_7-8-5 = -5
    n_7-8-6 = -6
    n_7-8-7 = -7
    n_7-8-8 = -31
    n_7-8-9 = -3
    n_7-9-0 = -1
    n_7-9-1 = -2
    n_7-9-10 = -3
    n_7-9-2 = -3
    n_7-9-3 = -4
    n_7-9-4 = -5
    n_7-9-5 = -6
    n_7-9-6 = -7
    n_7-9-7 = -8
    n_7-9-8 = -32
    n_7-9-9 = -4
    n_8-10-0 = 0
    n_8-10-1 = -1
    n_8-10-10 = -2
    n_8-10-2 = -2
    n_8-10-3 = -3
    n_8-10-4 = -4
    n_8-10-5 = -5
    n_8-10-6 = -6
    n_8-10-7 = -7
    n_8-10-8 = -31
    n_8-10-9 = -3
    n_8-8-0 = 1
    n_8-8-1 = 0
    n_8-8-10 = -1
    n_8-8-2 = -1
    n_8-8-3 = -2
    n_8-8-4 = -3
    n_8-8-5 = -4
    n_8-8-6 = -5
    n_8-8-7 = -6
    n_8-8-8 = -30
    n_8-8-9 = -2
    n_8-9-0 = 0
    n_8-9-1 = -1
    n_8-9-10 = -2
    n_8-9-2 = -2
    n_8-9-3 = -3
    n_8-9-4 = -4
    n_8-9-5 = -5
    n_8-9-6 = -6
    n_8-9-7 = -7
    n_8-9-8 = -31
    n_8-9-9 = -3
    n_9-10-0 = -1
    n_9-10-1 = -2
    n_9-10-10 = -3
    n_9-10-2 = -3
    n_9-10-3 = -4
    n_9-10-4 = -5
    n_9-10-5 = -6
    n_9-10-6 = -7
    n_9-10-7 = -8
    n_9-10-8 = -32
    n_9-10-9 = -4
    n_9-9-0 = -1
    n_9-9-1 = -2
    n_9-9-10 = -3
    n_9-9-2 = -3
    n_9-9-3 = -4
    n_9-9-4 = -5
    n_9-9-5 = -6
    n_9-9-6 = -7
    n_9-9-7 = -8
    n_9-9-8 = -32
    n_9-9-9 = -4
    x_0 = 0.0155637
    x_1 = 0.0468137
    x_10 = 0.0770872
    x_2 = 0.0780637
    x_3 = 0.109314
    x_4 = 0.140564
    x_5 = 0.171814
    x_6 = 0.203064
    x_7 = 0.234314
    x_8 = 0.984314
    x_9 = 0.107361
  parameters:
    anchor = 0
    base_density = 0.1323529411764706
    delta = 0.014705882352941176
    epsilon = 0.0
    extra_alpha_upper_bound = 0.029411764705882353
    extra_count = 2
    extra_length_bound = None
    formulation = standard_variable_extra_milp
    free_base_start = False
    integer_lift_lower_bound = -33
    integer_lift_upper_bound = 2
    intervals = [{'index': 0, 'label': 'base_1', 'seed_start': 0.015563725490196134, 'seed_length': 0.014705882352941176, 'fixed_base': True}, {'index': 1, 'label': 'base_2', 'seed_start': 0.046813725490196134, 'seed_length': 0.014705882352941176, 'fixed_base': True}, {'index': 2, 'label': 'base_3', 'seed_start': 0.07806372549019613, 'seed_length': 0.014705882352941176, 'fixed_base': True}, {'index': 3, 'label': 'base_4', 'seed_start': 0.10931372549019613, 'seed_length': 0.014705882352941176, 'fixed_base': True}, {'index': 4, 'label': 'base_5', 'seed_start': 0.14056372549019613, 'seed_length': 0.014705882352941176, 'fixed_base': True}, {'index': 5, 'label': 'base_6', 'seed_start': 0.17181372549019613, 'seed_length': 0.014705882352941176, 'fixed_base': True}, {'index': 6, 'label': 'base_7', 'seed_start': 0.20306372549019613, 'seed_length': 0.014705882352941176, 'fixed_base': True}, {'index': 7, 'label': 'base_8', 'seed_start': 0.23431372549019613, 'seed_length': 0.014705882352941176, 'fixed_base': True}, {'index': 8, 'label': 'base_0', 'seed_start': 0.9843137254901961, 'seed_length': 0.014705882352941176, 'fixed_base': True}, {'index': 9, 'label': 'extra_0', 'seed_start': None, 'seed_length': None, 'fixed_base': False}, {'index': 10, 'label': 'extra_1', 'seed_start': None, 'seed_length': None, 'fixed_base': False}]
    m = 32
    q = 9
    solver_options = {'mip_rel_gap': 0.0}
    tolerance = 1e-09
    translated_missing_point = False
  solver details:
    mip_dual_bound = 0.132468
    mip_gap = 0
    mip_node_count = 15933

base density: 0.132352941176
MILP density: 0.132467830889
gain:         0.000114889712388
improved:     True (tolerance=1e-09)

Intervals:
  0: base_1   (0.0155637254902, 0.0302696078431) length=0.0147058823529
  1: base_2   (0.0468137254902, 0.0615196078431) length=0.0147058823529
  2: base_3   (0.0780637254902, 0.0927696078431) length=0.0147058823529
  3: base_4   (0.10931372549, 0.124019607843) length=0.0147058823529
  4: base_5   (0.14056372549, 0.155269607843) length=0.0147058823529
  5: base_6   (0.17181372549, 0.186519607843) length=0.0147058823529
  6: base_7   (0.20306372549, 0.217769607843) length=0.0147058823529
  7: base_8   (0.23431372549, 0.249019607843) length=0.0147058823529
  8: base_0   (0.98431372549, 0.999019607843) length=0.0147058823529
  9: extra_0  (0.10736060049, 0.10741804535) length=5.74448594464e-05
  10: extra_1  (0.0770871629902, 0.0771446078431) length=5.74448529412e-05

Saved problem JSON: /home/ferran/interval_proofs/json_results/verification_20260716/tiny_intervals_two_extra/variable_extra_milp_m32_q9_anchor0_freebase0_extra2_problem.json
Saved solution JSON: /home/ferran/interval_proofs/json_results/verification_20260716/tiny_intervals_two_extra/variable_extra_milp_m32_q9_anchor0_freebase0_extra2_solution.json
	Command being timed: ".venv/bin/python equally_spaced_tiny_interval_lp.py --m 32 --tie-choice larger --anchor 0 --extra-count 2 --mip-rel-gap 0 --require-success --output-dir /home/ferran/interval_proofs/json_results/verification_20260716/tiny_intervals_two_extra"
	User time (seconds): 37.08
	System time (seconds): 0.83
	Percent of CPU this job got: 106%
	Elapsed (wall clock) time (h:mm:ss or m:ss): 0:35.55
	Average shared text size (kbytes): 0
	Average unshared data size (kbytes): 0
	Average stack size (kbytes): 0
	Average total size (kbytes): 0
	Maximum resident set size (kbytes): 97980
	Average resident set size (kbytes): 0
	Major (requiring I/O) page faults: 0
	Minor (reclaiming a frame) page faults: 17960
	Voluntary context switches: 418
	Involuntary context switches: 11188
	Swaps: 0
	File system inputs: 0
	File system outputs: 920
	Socket messages sent: 0
	Socket messages received: 0
	Signals delivered: 0
	Page size (bytes): 4096
	Exit status: 0
