/home/ferran/interval_proofs/milp_problem.py:567: RuntimeWarning: Unrecognized options detected: {'mip_feasibility_tolerance', 'mip_abs_gap'}. These will be passed to HiGHS verbatim.
  result: OptimizeResult = milp(**kwargs)
MILPSolution('direct MILP around optimized 34-sum-free equally spaced construction')
  status: optimal (Optimization terminated successfully. (HiGHS Status 7: Optimal))
  objective: maximize, optimum = 0.132353
  values:
    alpha_0 = 0.0147059
    alpha_1 = 0.0147059
    alpha_10 = 0
    alpha_2 = 0.0147059
    alpha_3 = 0.0147059
    alpha_4 = 0.0147059
    alpha_5 = 0.0147059
    alpha_6 = 0.0147059
    alpha_7 = 0.0147059
    alpha_8 = 0.0147059
    alpha_9 = 0
    before_0-10 = 1
    before_0-9 = 1
    before_1-10 = 1
    before_1-9 = 1
    before_2-10 = 0
    before_2-9 = 1
    before_3-10 = 0
    before_3-9 = 1
    before_4-10 = 0
    before_4-9 = 1
    before_5-10 = 0
    before_5-9 = 0
    before_6-10 = 0
    before_6-9 = 0
    before_7-10 = 0
    before_7-9 = 0
    before_8-10 = 0
    before_8-9 = 0
    before_9-10 = 0
    n_0-0-0 = -1
    n_0-0-1 = -2
    n_0-0-10 = -2
    n_0-0-2 = -3
    n_0-0-3 = -4
    n_0-0-4 = -5
    n_0-0-5 = -6
    n_0-0-6 = -7
    n_0-0-7 = -8
    n_0-0-8 = -34
    n_0-0-9 = -6
    n_0-1-0 = -1
    n_0-1-1 = -2
    n_0-1-10 = -2
    n_0-1-2 = -3
    n_0-1-3 = -4
    n_0-1-4 = -5
    n_0-1-5 = -6
    n_0-1-6 = -7
    n_0-1-7 = -8
    n_0-1-8 = -34
    n_0-1-9 = -6
    n_0-10-0 = -1
    n_0-10-1 = -2
    n_0-10-10 = -2
    n_0-10-2 = -3
    n_0-10-3 = -4
    n_0-10-4 = -5
    n_0-10-5 = -6
    n_0-10-6 = -7
    n_0-10-7 = -8
    n_0-10-8 = -34
    n_0-10-9 = -6
    n_0-2-0 = -1
    n_0-2-1 = -2
    n_0-2-10 = -2
    n_0-2-2 = -3
    n_0-2-3 = -4
    n_0-2-4 = -5
    n_0-2-5 = -6
    n_0-2-6 = -7
    n_0-2-7 = -8
    n_0-2-8 = -34
    n_0-2-9 = -6
    n_0-3-0 = -1
    n_0-3-1 = -2
    n_0-3-10 = -2
    n_0-3-2 = -3
    n_0-3-3 = -4
    n_0-3-4 = -5
    n_0-3-5 = -6
    n_0-3-6 = -7
    n_0-3-7 = -8
    n_0-3-8 = -34
    n_0-3-9 = -6
    n_0-4-0 = -1
    n_0-4-1 = -2
    n_0-4-10 = -2
    n_0-4-2 = -3
    n_0-4-3 = -4
    n_0-4-4 = -5
    n_0-4-5 = -6
    n_0-4-6 = -7
    n_0-4-7 = -8
    n_0-4-8 = -34
    n_0-4-9 = -6
    n_0-5-0 = -1
    n_0-5-1 = -2
    n_0-5-10 = -2
    n_0-5-2 = -3
    n_0-5-3 = -4
    n_0-5-4 = -5
    n_0-5-5 = -6
    n_0-5-6 = -7
    n_0-5-7 = -8
    n_0-5-8 = -34
    n_0-5-9 = -6
    n_0-6-0 = -1
    n_0-6-1 = -2
    n_0-6-10 = -2
    n_0-6-2 = -3
    n_0-6-3 = -4
    n_0-6-4 = -5
    n_0-6-5 = -6
    n_0-6-6 = -7
    n_0-6-7 = -8
    n_0-6-8 = -34
    n_0-6-9 = -6
    n_0-7-0 = -1
    n_0-7-1 = -2
    n_0-7-10 = -2
    n_0-7-2 = -3
    n_0-7-3 = -4
    n_0-7-4 = -5
    n_0-7-5 = -6
    n_0-7-6 = -7
    n_0-7-7 = -8
    n_0-7-8 = -34
    n_0-7-9 = -6
    n_0-8-0 = 0
    n_0-8-1 = -1
    n_0-8-10 = -1
    n_0-8-2 = -2
    n_0-8-3 = -3
    n_0-8-4 = -4
    n_0-8-5 = -5
    n_0-8-6 = -6
    n_0-8-7 = -7
    n_0-8-8 = -33
    n_0-8-9 = -5
    n_0-9-0 = -1
    n_0-9-1 = -2
    n_0-9-10 = -2
    n_0-9-2 = -3
    n_0-9-3 = -4
    n_0-9-4 = -5
    n_0-9-5 = -6
    n_0-9-6 = -7
    n_0-9-7 = -8
    n_0-9-8 = -34
    n_0-9-9 = -6
    n_1-1-0 = -1
    n_1-1-1 = -2
    n_1-1-10 = -2
    n_1-1-2 = -3
    n_1-1-3 = -4
    n_1-1-4 = -5
    n_1-1-5 = -6
    n_1-1-6 = -7
    n_1-1-7 = -8
    n_1-1-8 = -34
    n_1-1-9 = -6
    n_1-10-0 = -1
    n_1-10-1 = -2
    n_1-10-10 = -2
    n_1-10-2 = -3
    n_1-10-3 = -4
    n_1-10-4 = -5
    n_1-10-5 = -6
    n_1-10-6 = -7
    n_1-10-7 = -8
    n_1-10-8 = -34
    n_1-10-9 = -6
    n_1-2-0 = -1
    n_1-2-1 = -2
    n_1-2-10 = -2
    n_1-2-2 = -3
    n_1-2-3 = -4
    n_1-2-4 = -5
    n_1-2-5 = -6
    n_1-2-6 = -7
    n_1-2-7 = -8
    n_1-2-8 = -34
    n_1-2-9 = -6
    n_1-3-0 = -1
    n_1-3-1 = -2
    n_1-3-10 = -2
    n_1-3-2 = -3
    n_1-3-3 = -4
    n_1-3-4 = -5
    n_1-3-5 = -6
    n_1-3-6 = -7
    n_1-3-7 = -8
    n_1-3-8 = -34
    n_1-3-9 = -6
    n_1-4-0 = -1
    n_1-4-1 = -2
    n_1-4-10 = -2
    n_1-4-2 = -3
    n_1-4-3 = -4
    n_1-4-4 = -5
    n_1-4-5 = -6
    n_1-4-6 = -7
    n_1-4-7 = -8
    n_1-4-8 = -34
    n_1-4-9 = -6
    n_1-5-0 = -1
    n_1-5-1 = -2
    n_1-5-10 = -2
    n_1-5-2 = -3
    n_1-5-3 = -4
    n_1-5-4 = -5
    n_1-5-5 = -6
    n_1-5-6 = -7
    n_1-5-7 = -8
    n_1-5-8 = -34
    n_1-5-9 = -6
    n_1-6-0 = -1
    n_1-6-1 = -2
    n_1-6-10 = -2
    n_1-6-2 = -3
    n_1-6-3 = -4
    n_1-6-4 = -5
    n_1-6-5 = -6
    n_1-6-6 = -7
    n_1-6-7 = -8
    n_1-6-8 = -34
    n_1-6-9 = -6
    n_1-7-0 = -1
    n_1-7-1 = -2
    n_1-7-10 = -2
    n_1-7-2 = -3
    n_1-7-3 = -4
    n_1-7-4 = -5
    n_1-7-5 = -6
    n_1-7-6 = -7
    n_1-7-7 = -8
    n_1-7-8 = -34
    n_1-7-9 = -6
    n_1-8-0 = 0
    n_1-8-1 = -1
    n_1-8-10 = -1
    n_1-8-2 = -2
    n_1-8-3 = -3
    n_1-8-4 = -4
    n_1-8-5 = -5
    n_1-8-6 = -6
    n_1-8-7 = -7
    n_1-8-8 = -33
    n_1-8-9 = -5
    n_1-9-0 = -1
    n_1-9-1 = -2
    n_1-9-10 = -2
    n_1-9-2 = -3
    n_1-9-3 = -4
    n_1-9-4 = -5
    n_1-9-5 = -6
    n_1-9-6 = -7
    n_1-9-7 = -8
    n_1-9-8 = -34
    n_1-9-9 = -6
    n_10-10-0 = -1
    n_10-10-1 = -2
    n_10-10-10 = -2
    n_10-10-2 = -3
    n_10-10-3 = -4
    n_10-10-4 = -5
    n_10-10-5 = -6
    n_10-10-6 = -7
    n_10-10-7 = -8
    n_10-10-8 = -34
    n_10-10-9 = -6
    n_2-10-0 = -1
    n_2-10-1 = -2
    n_2-10-10 = -2
    n_2-10-2 = -3
    n_2-10-3 = -4
    n_2-10-4 = -5
    n_2-10-5 = -6
    n_2-10-6 = -7
    n_2-10-7 = -8
    n_2-10-8 = -34
    n_2-10-9 = -6
    n_2-2-0 = -1
    n_2-2-1 = -2
    n_2-2-10 = -2
    n_2-2-2 = -3
    n_2-2-3 = -4
    n_2-2-4 = -5
    n_2-2-5 = -6
    n_2-2-6 = -7
    n_2-2-7 = -8
    n_2-2-8 = -34
    n_2-2-9 = -6
    n_2-3-0 = -1
    n_2-3-1 = -2
    n_2-3-10 = -2
    n_2-3-2 = -3
    n_2-3-3 = -4
    n_2-3-4 = -5
    n_2-3-5 = -6
    n_2-3-6 = -7
    n_2-3-7 = -8
    n_2-3-8 = -34
    n_2-3-9 = -6
    n_2-4-0 = -1
    n_2-4-1 = -2
    n_2-4-10 = -2
    n_2-4-2 = -3
    n_2-4-3 = -4
    n_2-4-4 = -5
    n_2-4-5 = -6
    n_2-4-6 = -7
    n_2-4-7 = -8
    n_2-4-8 = -34
    n_2-4-9 = -6
    n_2-5-0 = -1
    n_2-5-1 = -2
    n_2-5-10 = -2
    n_2-5-2 = -3
    n_2-5-3 = -4
    n_2-5-4 = -5
    n_2-5-5 = -6
    n_2-5-6 = -7
    n_2-5-7 = -8
    n_2-5-8 = -34
    n_2-5-9 = -6
    n_2-6-0 = -1
    n_2-6-1 = -2
    n_2-6-10 = -2
    n_2-6-2 = -3
    n_2-6-3 = -4
    n_2-6-4 = -5
    n_2-6-5 = -6
    n_2-6-6 = -7
    n_2-6-7 = -8
    n_2-6-8 = -34
    n_2-6-9 = -6
    n_2-7-0 = -1
    n_2-7-1 = -2
    n_2-7-10 = -2
    n_2-7-2 = -3
    n_2-7-3 = -4
    n_2-7-4 = -5
    n_2-7-5 = -6
    n_2-7-6 = -7
    n_2-7-7 = -8
    n_2-7-8 = -34
    n_2-7-9 = -6
    n_2-8-0 = 0
    n_2-8-1 = -1
    n_2-8-10 = -1
    n_2-8-2 = -2
    n_2-8-3 = -3
    n_2-8-4 = -4
    n_2-8-5 = -5
    n_2-8-6 = -6
    n_2-8-7 = -7
    n_2-8-8 = -33
    n_2-8-9 = -5
    n_2-9-0 = -1
    n_2-9-1 = -2
    n_2-9-10 = -2
    n_2-9-2 = -3
    n_2-9-3 = -4
    n_2-9-4 = -5
    n_2-9-5 = -6
    n_2-9-6 = -7
    n_2-9-7 = -8
    n_2-9-8 = -34
    n_2-9-9 = -6
    n_3-10-0 = -1
    n_3-10-1 = -2
    n_3-10-10 = -2
    n_3-10-2 = -3
    n_3-10-3 = -4
    n_3-10-4 = -5
    n_3-10-5 = -6
    n_3-10-6 = -7
    n_3-10-7 = -8
    n_3-10-8 = -34
    n_3-10-9 = -6
    n_3-3-0 = -1
    n_3-3-1 = -2
    n_3-3-10 = -2
    n_3-3-2 = -3
    n_3-3-3 = -4
    n_3-3-4 = -5
    n_3-3-5 = -6
    n_3-3-6 = -7
    n_3-3-7 = -8
    n_3-3-8 = -34
    n_3-3-9 = -6
    n_3-4-0 = -1
    n_3-4-1 = -2
    n_3-4-10 = -2
    n_3-4-2 = -3
    n_3-4-3 = -4
    n_3-4-4 = -5
    n_3-4-5 = -6
    n_3-4-6 = -7
    n_3-4-7 = -8
    n_3-4-8 = -34
    n_3-4-9 = -6
    n_3-5-0 = -1
    n_3-5-1 = -2
    n_3-5-10 = -2
    n_3-5-2 = -3
    n_3-5-3 = -4
    n_3-5-4 = -5
    n_3-5-5 = -6
    n_3-5-6 = -7
    n_3-5-7 = -8
    n_3-5-8 = -34
    n_3-5-9 = -6
    n_3-6-0 = -1
    n_3-6-1 = -2
    n_3-6-10 = -2
    n_3-6-2 = -3
    n_3-6-3 = -4
    n_3-6-4 = -5
    n_3-6-5 = -6
    n_3-6-6 = -7
    n_3-6-7 = -8
    n_3-6-8 = -34
    n_3-6-9 = -6
    n_3-7-0 = -1
    n_3-7-1 = -2
    n_3-7-10 = -2
    n_3-7-2 = -3
    n_3-7-3 = -4
    n_3-7-4 = -5
    n_3-7-5 = -6
    n_3-7-6 = -7
    n_3-7-7 = -8
    n_3-7-8 = -34
    n_3-7-9 = -6
    n_3-8-0 = 0
    n_3-8-1 = -1
    n_3-8-10 = -1
    n_3-8-2 = -2
    n_3-8-3 = -3
    n_3-8-4 = -4
    n_3-8-5 = -5
    n_3-8-6 = -6
    n_3-8-7 = -7
    n_3-8-8 = -33
    n_3-8-9 = -5
    n_3-9-0 = -1
    n_3-9-1 = -2
    n_3-9-10 = -2
    n_3-9-2 = -3
    n_3-9-3 = -4
    n_3-9-4 = -5
    n_3-9-5 = -6
    n_3-9-6 = -7
    n_3-9-7 = -8
    n_3-9-8 = -34
    n_3-9-9 = -6
    n_4-10-0 = -1
    n_4-10-1 = -2
    n_4-10-10 = -2
    n_4-10-2 = -3
    n_4-10-3 = -4
    n_4-10-4 = -5
    n_4-10-5 = -6
    n_4-10-6 = -7
    n_4-10-7 = -8
    n_4-10-8 = -34
    n_4-10-9 = -6
    n_4-4-0 = -1
    n_4-4-1 = -2
    n_4-4-10 = -2
    n_4-4-2 = -3
    n_4-4-3 = -4
    n_4-4-4 = -5
    n_4-4-5 = -6
    n_4-4-6 = -7
    n_4-4-7 = -8
    n_4-4-8 = -34
    n_4-4-9 = -6
    n_4-5-0 = -1
    n_4-5-1 = -2
    n_4-5-10 = -2
    n_4-5-2 = -3
    n_4-5-3 = -4
    n_4-5-4 = -5
    n_4-5-5 = -6
    n_4-5-6 = -7
    n_4-5-7 = -8
    n_4-5-8 = -34
    n_4-5-9 = -6
    n_4-6-0 = -1
    n_4-6-1 = -2
    n_4-6-10 = -2
    n_4-6-2 = -3
    n_4-6-3 = -4
    n_4-6-4 = -5
    n_4-6-5 = -6
    n_4-6-6 = -7
    n_4-6-7 = -8
    n_4-6-8 = -34
    n_4-6-9 = -6
    n_4-7-0 = -1
    n_4-7-1 = -2
    n_4-7-10 = -2
    n_4-7-2 = -3
    n_4-7-3 = -4
    n_4-7-4 = -5
    n_4-7-5 = -6
    n_4-7-6 = -7
    n_4-7-7 = -8
    n_4-7-8 = -34
    n_4-7-9 = -6
    n_4-8-0 = 0
    n_4-8-1 = -1
    n_4-8-10 = -1
    n_4-8-2 = -2
    n_4-8-3 = -3
    n_4-8-4 = -4
    n_4-8-5 = -5
    n_4-8-6 = -6
    n_4-8-7 = -7
    n_4-8-8 = -33
    n_4-8-9 = -5
    n_4-9-0 = -1
    n_4-9-1 = -2
    n_4-9-10 = -2
    n_4-9-2 = -3
    n_4-9-3 = -4
    n_4-9-4 = -5
    n_4-9-5 = -6
    n_4-9-6 = -7
    n_4-9-7 = -8
    n_4-9-8 = -34
    n_4-9-9 = -6
    n_5-10-0 = -1
    n_5-10-1 = -2
    n_5-10-10 = -2
    n_5-10-2 = -3
    n_5-10-3 = -4
    n_5-10-4 = -5
    n_5-10-5 = -6
    n_5-10-6 = -7
    n_5-10-7 = -8
    n_5-10-8 = -34
    n_5-10-9 = -6
    n_5-5-0 = -1
    n_5-5-1 = -2
    n_5-5-10 = -2
    n_5-5-2 = -3
    n_5-5-3 = -4
    n_5-5-4 = -5
    n_5-5-5 = -6
    n_5-5-6 = -7
    n_5-5-7 = -8
    n_5-5-8 = -34
    n_5-5-9 = -6
    n_5-6-0 = -1
    n_5-6-1 = -2
    n_5-6-10 = -2
    n_5-6-2 = -3
    n_5-6-3 = -4
    n_5-6-4 = -5
    n_5-6-5 = -6
    n_5-6-6 = -7
    n_5-6-7 = -8
    n_5-6-8 = -34
    n_5-6-9 = -6
    n_5-7-0 = -1
    n_5-7-1 = -2
    n_5-7-10 = -2
    n_5-7-2 = -3
    n_5-7-3 = -4
    n_5-7-4 = -5
    n_5-7-5 = -6
    n_5-7-6 = -7
    n_5-7-7 = -8
    n_5-7-8 = -34
    n_5-7-9 = -6
    n_5-8-0 = 0
    n_5-8-1 = -1
    n_5-8-10 = -1
    n_5-8-2 = -2
    n_5-8-3 = -3
    n_5-8-4 = -4
    n_5-8-5 = -5
    n_5-8-6 = -6
    n_5-8-7 = -7
    n_5-8-8 = -33
    n_5-8-9 = -5
    n_5-9-0 = -1
    n_5-9-1 = -2
    n_5-9-10 = -2
    n_5-9-2 = -3
    n_5-9-3 = -4
    n_5-9-4 = -5
    n_5-9-5 = -6
    n_5-9-6 = -7
    n_5-9-7 = -8
    n_5-9-8 = -34
    n_5-9-9 = -6
    n_6-10-0 = -1
    n_6-10-1 = -2
    n_6-10-10 = -2
    n_6-10-2 = -3
    n_6-10-3 = -4
    n_6-10-4 = -5
    n_6-10-5 = -6
    n_6-10-6 = -7
    n_6-10-7 = -8
    n_6-10-8 = -34
    n_6-10-9 = -6
    n_6-6-0 = -1
    n_6-6-1 = -2
    n_6-6-10 = -2
    n_6-6-2 = -3
    n_6-6-3 = -4
    n_6-6-4 = -5
    n_6-6-5 = -6
    n_6-6-6 = -7
    n_6-6-7 = -8
    n_6-6-8 = -34
    n_6-6-9 = -6
    n_6-7-0 = -1
    n_6-7-1 = -2
    n_6-7-10 = -2
    n_6-7-2 = -3
    n_6-7-3 = -4
    n_6-7-4 = -5
    n_6-7-5 = -6
    n_6-7-6 = -7
    n_6-7-7 = -8
    n_6-7-8 = -34
    n_6-7-9 = -6
    n_6-8-0 = 0
    n_6-8-1 = -1
    n_6-8-10 = -1
    n_6-8-2 = -2
    n_6-8-3 = -3
    n_6-8-4 = -4
    n_6-8-5 = -5
    n_6-8-6 = -6
    n_6-8-7 = -7
    n_6-8-8 = -33
    n_6-8-9 = -5
    n_6-9-0 = -1
    n_6-9-1 = -2
    n_6-9-10 = -2
    n_6-9-2 = -3
    n_6-9-3 = -4
    n_6-9-4 = -5
    n_6-9-5 = -6
    n_6-9-6 = -7
    n_6-9-7 = -8
    n_6-9-8 = -34
    n_6-9-9 = -6
    n_7-10-0 = -1
    n_7-10-1 = -2
    n_7-10-10 = -2
    n_7-10-2 = -3
    n_7-10-3 = -4
    n_7-10-4 = -5
    n_7-10-5 = -6
    n_7-10-6 = -7
    n_7-10-7 = -8
    n_7-10-8 = -34
    n_7-10-9 = -6
    n_7-7-0 = -1
    n_7-7-1 = -2
    n_7-7-10 = -2
    n_7-7-2 = -3
    n_7-7-3 = -4
    n_7-7-4 = -5
    n_7-7-5 = -6
    n_7-7-6 = -7
    n_7-7-7 = -8
    n_7-7-8 = -34
    n_7-7-9 = -5
    n_7-8-0 = 0
    n_7-8-1 = -1
    n_7-8-10 = -1
    n_7-8-2 = -2
    n_7-8-3 = -3
    n_7-8-4 = -4
    n_7-8-5 = -5
    n_7-8-6 = -6
    n_7-8-7 = -7
    n_7-8-8 = -33
    n_7-8-9 = -5
    n_7-9-0 = -1
    n_7-9-1 = -2
    n_7-9-10 = -2
    n_7-9-2 = -3
    n_7-9-3 = -4
    n_7-9-4 = -5
    n_7-9-5 = -6
    n_7-9-6 = -7
    n_7-9-7 = -8
    n_7-9-8 = -34
    n_7-9-9 = -6
    n_8-10-0 = 0
    n_8-10-1 = -1
    n_8-10-10 = -1
    n_8-10-2 = -2
    n_8-10-3 = -3
    n_8-10-4 = -4
    n_8-10-5 = -5
    n_8-10-6 = -6
    n_8-10-7 = -7
    n_8-10-8 = -33
    n_8-10-9 = -5
    n_8-8-0 = 1
    n_8-8-1 = 0
    n_8-8-10 = 0
    n_8-8-2 = -1
    n_8-8-3 = -2
    n_8-8-4 = -3
    n_8-8-5 = -4
    n_8-8-6 = -5
    n_8-8-7 = -6
    n_8-8-8 = -32
    n_8-8-9 = -4
    n_8-9-0 = 0
    n_8-9-1 = -1
    n_8-9-10 = -1
    n_8-9-2 = -2
    n_8-9-3 = -3
    n_8-9-4 = -4
    n_8-9-5 = -5
    n_8-9-6 = -6
    n_8-9-7 = -7
    n_8-9-8 = -33
    n_8-9-9 = -5
    n_9-10-0 = -1
    n_9-10-1 = -2
    n_9-10-10 = -2
    n_9-10-2 = -3
    n_9-10-3 = -4
    n_9-10-4 = -5
    n_9-10-5 = -6
    n_9-10-6 = -7
    n_9-10-7 = -8
    n_9-10-8 = -34
    n_9-10-9 = -6
    n_9-9-0 = -1
    n_9-9-1 = -2
    n_9-9-10 = -2
    n_9-9-2 = -3
    n_9-9-3 = -4
    n_9-9-4 = -5
    n_9-9-5 = -6
    n_9-9-6 = -7
    n_9-9-7 = -8
    n_9-9-8 = -34
    n_9-9-9 = -6
    x_0 = 0.0137868
    x_1 = 0.0431985
    x_10 = 0.0579044
    x_2 = 0.0726103
    x_3 = 0.102022
    x_4 = 0.131434
    x_5 = 0.160846
    x_6 = 0.190257
    x_7 = 0.219669
    x_8 = 0.984375
    x_9 = 0.159981
  parameters:
    anchor = 0
    base_density = 0.1323529411764706
    delta = 0.014705882352941176
    epsilon = 0.0
    extra_alpha_upper_bound = 0.027777777777777776
    extra_count = 2
    extra_length_bound = None
    formulation = standard_variable_extra_milp
    free_base_start = False
    integer_lift_lower_bound = -35
    integer_lift_upper_bound = 2
    intervals = [{'index': 0, 'label': 'base_1', 'seed_start': 0.013786764705882248, 'seed_length': 0.014705882352941176, 'fixed_base': True}, {'index': 1, 'label': 'base_2', 'seed_start': 0.04319852941176472, 'seed_length': 0.014705882352941176, 'fixed_base': True}, {'index': 2, 'label': 'base_3', 'seed_start': 0.07261029411764697, 'seed_length': 0.014705882352941176, 'fixed_base': True}, {'index': 3, 'label': 'base_4', 'seed_start': 0.10202205882352944, 'seed_length': 0.014705882352941176, 'fixed_base': True}, {'index': 4, 'label': 'base_5', 'seed_start': 0.1314338235294117, 'seed_length': 0.014705882352941176, 'fixed_base': True}, {'index': 5, 'label': 'base_6', 'seed_start': 0.16084558823529416, 'seed_length': 0.014705882352941176, 'fixed_base': True}, {'index': 6, 'label': 'base_7', 'seed_start': 0.1902573529411764, 'seed_length': 0.014705882352941176, 'fixed_base': True}, {'index': 7, 'label': 'base_8', 'seed_start': 0.21966911764705888, 'seed_length': 0.014705882352941176, 'fixed_base': True}, {'index': 8, 'label': 'base_0', 'seed_start': 0.984375, 'seed_length': 0.014705882352941176, 'fixed_base': True}, {'index': 9, 'label': 'extra_0', 'seed_start': None, 'seed_length': None, 'fixed_base': False}, {'index': 10, 'label': 'extra_1', 'seed_start': None, 'seed_length': None, 'fixed_base': False}]
    m = 34
    q = 9
    solver_options = {'mip_rel_gap': 0.0, 'mip_abs_gap': 0.0, 'presolve': False, 'mip_feasibility_tolerance': 1e-10}
    tolerance = 1e-09
    translated_missing_point = False
  solver details:
    mip_dual_bound = 0.132353
    mip_gap = 0
    mip_node_count = 18030
Saved problem JSON: /home/ferran/interval_proofs/json_results/verification_20260716/tiny_intervals_two_extra_unbounded_crosschecks/m34_extra2_unbounded_nopresolve_mipabsgap0_mipfeastol1e-10_problem.json
Saved solution JSON: /home/ferran/interval_proofs/json_results/verification_20260716/tiny_intervals_two_extra_unbounded_crosschecks/m34_extra2_unbounded_nopresolve_mipabsgap0_mipfeastol1e-10_solution.json
	Command being timed: ".venv/bin/python /home/ferran/interval_proofs/json_results/verification_20260716/tiny_intervals_two_extra_unbounded_crosschecks/solve_with_strict_mip_tolerance.py --m 34 --run-name m34_extra2_unbounded_nopresolve_mipabsgap0_mipfeastol1e-10 --output-dir /home/ferran/interval_proofs/json_results/verification_20260716/tiny_intervals_two_extra_unbounded_crosschecks"
	User time (seconds): 60.05
	System time (seconds): 0.55
	Percent of CPU this job got: 105%
	Elapsed (wall clock) time (h:mm:ss or m:ss): 0:57.61
	Average shared text size (kbytes): 0
	Average unshared data size (kbytes): 0
	Average stack size (kbytes): 0
	Average total size (kbytes): 0
	Maximum resident set size (kbytes): 105740
	Average resident set size (kbytes): 0
	Major (requiring I/O) page faults: 0
	Minor (reclaiming a frame) page faults: 22401
	Voluntary context switches: 332
	Involuntary context switches: 1367
	Swaps: 0
	File system inputs: 48
	File system outputs: 920
	Socket messages sent: 0
	Socket messages received: 0
	Signals delivered: 0
	Page size (bytes): 4096
	Exit status: 0
