direct MILP around optimized 8-sum-free equally spaced construction: 53 variables (45 integer), 98 constraints
base: m=8, q=2, delta=0.075, density=0.15, anchor=0, extra_count=2, free_base_start=False

MILPSolution('direct MILP around optimized 8-sum-free equally spaced construction')
  status: optimal (Optimization terminated successfully. (HiGHS Status 7: Optimal))
  objective: maximize, optimum = 0.15
  values:
    alpha_0 = 0.075
    alpha_1 = 0.075
    alpha_2 = 0
    alpha_3 = 0
    before_0-2 = 0
    before_0-3 = 0
    before_1-2 = 0
    before_1-3 = 0
    before_2-3 = 0
    n_0-0-0 = -1
    n_0-0-1 = -8
    n_0-0-2 = -1
    n_0-0-3 = -1
    n_0-1-0 = 0
    n_0-1-1 = -7
    n_0-1-2 = 0
    n_0-1-3 = 0
    n_0-2-0 = -1
    n_0-2-1 = -8
    n_0-2-2 = -1
    n_0-2-3 = -1
    n_0-3-0 = -1
    n_0-3-1 = -8
    n_0-3-2 = -1
    n_0-3-3 = -1
    n_1-1-0 = 1
    n_1-1-1 = -6
    n_1-1-2 = 1
    n_1-1-3 = 1
    n_1-2-0 = 0
    n_1-2-1 = -7
    n_1-2-2 = 0
    n_1-2-3 = 0
    n_1-3-0 = 0
    n_1-3-1 = -7
    n_1-3-2 = 0
    n_1-3-3 = 0
    n_2-2-0 = -1
    n_2-2-1 = -8
    n_2-2-2 = -1
    n_2-2-3 = -1
    n_2-3-0 = -1
    n_2-3-1 = -8
    n_2-3-2 = -1
    n_2-3-3 = -1
    n_3-3-0 = -1
    n_3-3-1 = -8
    n_3-3-2 = -1
    n_3-3-3 = -1
    x_0 = 0.025
    x_1 = 0.9
    x_2 = 0.025
    x_3 = 0.025
  parameters:
    anchor = 0
    base_density = 0.15
    delta = 0.075
    epsilon = 0.0
    extra_alpha_upper_bound = 0.1
    extra_count = 2
    extra_length_bound = None
    formulation = standard_variable_extra_milp
    free_base_start = False
    integer_lift_lower_bound = -9
    integer_lift_upper_bound = 2
    intervals = [{'index': 0, 'label': 'base_1', 'seed_start': 0.02499999999999991, 'seed_length': 0.075, 'fixed_base': True}, {'index': 1, 'label': 'base_0', 'seed_start': 0.9, 'seed_length': 0.075, 'fixed_base': True}, {'index': 2, 'label': 'extra_0', 'seed_start': None, 'seed_length': None, 'fixed_base': False}, {'index': 3, 'label': 'extra_1', 'seed_start': None, 'seed_length': None, 'fixed_base': False}]
    m = 8
    q = 2
    solver_options = {'mip_rel_gap': 0.0}
    tolerance = 1e-09
    translated_missing_point = False
  solver details:
    mip_dual_bound = 0.15
    mip_gap = 0
    mip_node_count = 1

base density: 0.15
MILP density: 0.15
gain:         0
improved:     False (tolerance=1e-09)

Intervals:
  0: base_1   (0.025, 0.1) length=0.075
  1: base_0   (0.9, 0.975) length=0.075
  2: extra_0  (0.025, 0.025) length=0
  3: extra_1  (0.025, 0.025) length=0

Saved problem JSON: json_results/verification_20260716/tiny_intervals_two_extra/variable_extra_milp_m8_q2_anchor0_freebase0_extra2_problem.json
Saved solution JSON: json_results/verification_20260716/tiny_intervals_two_extra/variable_extra_milp_m8_q2_anchor0_freebase0_extra2_solution.json
