direct MILP around optimized 27-sum-free equally spaced construction: 438 variables (420 integer), 863 constraints
base: m=27, q=7, delta=0.0191570881226, density=0.134099616858, anchor=0, extra_count=2, free_base_start=False

MILPSolution('direct MILP around optimized 27-sum-free equally spaced construction')
  status: optimal (Optimization terminated successfully. (HiGHS Status 7: Optimal))
  objective: maximize, optimum = 0.1341
  values:
    alpha_0 = 0.0191571
    alpha_1 = 0.0191571
    alpha_2 = 0.0191571
    alpha_3 = 0.0191571
    alpha_4 = 0.0191571
    alpha_5 = 0.0191571
    alpha_6 = 0.0191571
    alpha_7 = 0
    alpha_8 = 0
    before_0-7 = 0
    before_0-8 = 0
    before_1-7 = 0
    before_1-8 = 0
    before_2-7 = 0
    before_2-8 = 0
    before_3-7 = 0
    before_3-8 = 0
    before_4-7 = 0
    before_4-8 = 0
    before_5-7 = 0
    before_5-8 = 0
    before_6-7 = 0
    before_6-8 = 0
    before_7-8 = 0
    n_0-0-0 = -1
    n_0-0-1 = -2
    n_0-0-2 = -3
    n_0-0-3 = -4
    n_0-0-4 = -5
    n_0-0-5 = -6
    n_0-0-6 = -27
    n_0-0-7 = -1
    n_0-0-8 = -1
    n_0-1-0 = -1
    n_0-1-1 = -2
    n_0-1-2 = -3
    n_0-1-3 = -4
    n_0-1-4 = -5
    n_0-1-5 = -6
    n_0-1-6 = -27
    n_0-1-7 = -1
    n_0-1-8 = -1
    n_0-2-0 = -1
    n_0-2-1 = -2
    n_0-2-2 = -3
    n_0-2-3 = -4
    n_0-2-4 = -5
    n_0-2-5 = -6
    n_0-2-6 = -27
    n_0-2-7 = -1
    n_0-2-8 = -1
    n_0-3-0 = -1
    n_0-3-1 = -2
    n_0-3-2 = -3
    n_0-3-3 = -4
    n_0-3-4 = -5
    n_0-3-5 = -6
    n_0-3-6 = -27
    n_0-3-7 = -1
    n_0-3-8 = -1
    n_0-4-0 = -1
    n_0-4-1 = -2
    n_0-4-2 = -3
    n_0-4-3 = -4
    n_0-4-4 = -5
    n_0-4-5 = -6
    n_0-4-6 = -27
    n_0-4-7 = -1
    n_0-4-8 = -1
    n_0-5-0 = -1
    n_0-5-1 = -2
    n_0-5-2 = -3
    n_0-5-3 = -4
    n_0-5-4 = -5
    n_0-5-5 = -6
    n_0-5-6 = -27
    n_0-5-7 = -1
    n_0-5-8 = -1
    n_0-6-0 = 0
    n_0-6-1 = -1
    n_0-6-2 = -2
    n_0-6-3 = -3
    n_0-6-4 = -4
    n_0-6-5 = -5
    n_0-6-6 = -26
    n_0-6-7 = 0
    n_0-6-8 = 0
    n_0-7-0 = -1
    n_0-7-1 = -2
    n_0-7-2 = -3
    n_0-7-3 = -4
    n_0-7-4 = -5
    n_0-7-5 = -6
    n_0-7-6 = -27
    n_0-7-7 = -1
    n_0-7-8 = -1
    n_0-8-0 = -1
    n_0-8-1 = -2
    n_0-8-2 = -3
    n_0-8-3 = -4
    n_0-8-4 = -5
    n_0-8-5 = -6
    n_0-8-6 = -27
    n_0-8-7 = -1
    n_0-8-8 = -1
    n_1-1-0 = -1
    n_1-1-1 = -2
    n_1-1-2 = -3
    n_1-1-3 = -4
    n_1-1-4 = -5
    n_1-1-5 = -6
    n_1-1-6 = -27
    n_1-1-7 = -1
    n_1-1-8 = -1
    n_1-2-0 = -1
    n_1-2-1 = -2
    n_1-2-2 = -3
    n_1-2-3 = -4
    n_1-2-4 = -5
    n_1-2-5 = -6
    n_1-2-6 = -27
    n_1-2-7 = -1
    n_1-2-8 = -1
    n_1-3-0 = -1
    n_1-3-1 = -2
    n_1-3-2 = -3
    n_1-3-3 = -4
    n_1-3-4 = -5
    n_1-3-5 = -6
    n_1-3-6 = -27
    n_1-3-7 = -1
    n_1-3-8 = -1
    n_1-4-0 = -1
    n_1-4-1 = -2
    n_1-4-2 = -3
    n_1-4-3 = -4
    n_1-4-4 = -5
    n_1-4-5 = -6
    n_1-4-6 = -27
    n_1-4-7 = -1
    n_1-4-8 = -1
    n_1-5-0 = -1
    n_1-5-1 = -2
    n_1-5-2 = -3
    n_1-5-3 = -4
    n_1-5-4 = -5
    n_1-5-5 = -6
    n_1-5-6 = -27
    n_1-5-7 = -1
    n_1-5-8 = -1
    n_1-6-0 = 0
    n_1-6-1 = -1
    n_1-6-2 = -2
    n_1-6-3 = -3
    n_1-6-4 = -4
    n_1-6-5 = -5
    n_1-6-6 = -26
    n_1-6-7 = 0
    n_1-6-8 = 0
    n_1-7-0 = -1
    n_1-7-1 = -2
    n_1-7-2 = -3
    n_1-7-3 = -4
    n_1-7-4 = -5
    n_1-7-5 = -6
    n_1-7-6 = -27
    n_1-7-7 = -1
    n_1-7-8 = -1
    n_1-8-0 = -1
    n_1-8-1 = -2
    n_1-8-2 = -3
    n_1-8-3 = -4
    n_1-8-4 = -5
    n_1-8-5 = -6
    n_1-8-6 = -27
    n_1-8-7 = -1
    n_1-8-8 = -1
    n_2-2-0 = -1
    n_2-2-1 = -2
    n_2-2-2 = -3
    n_2-2-3 = -4
    n_2-2-4 = -5
    n_2-2-5 = -6
    n_2-2-6 = -27
    n_2-2-7 = -1
    n_2-2-8 = -1
    n_2-3-0 = -1
    n_2-3-1 = -2
    n_2-3-2 = -3
    n_2-3-3 = -4
    n_2-3-4 = -5
    n_2-3-5 = -6
    n_2-3-6 = -27
    n_2-3-7 = -1
    n_2-3-8 = -1
    n_2-4-0 = -1
    n_2-4-1 = -2
    n_2-4-2 = -3
    n_2-4-3 = -4
    n_2-4-4 = -5
    n_2-4-5 = -6
    n_2-4-6 = -27
    n_2-4-7 = -1
    n_2-4-8 = -1
    n_2-5-0 = -1
    n_2-5-1 = -2
    n_2-5-2 = -3
    n_2-5-3 = -4
    n_2-5-4 = -5
    n_2-5-5 = -6
    n_2-5-6 = -27
    n_2-5-7 = -1
    n_2-5-8 = -1
    n_2-6-0 = 0
    n_2-6-1 = -1
    n_2-6-2 = -2
    n_2-6-3 = -3
    n_2-6-4 = -4
    n_2-6-5 = -5
    n_2-6-6 = -26
    n_2-6-7 = 0
    n_2-6-8 = 0
    n_2-7-0 = -1
    n_2-7-1 = -2
    n_2-7-2 = -3
    n_2-7-3 = -4
    n_2-7-4 = -5
    n_2-7-5 = -6
    n_2-7-6 = -27
    n_2-7-7 = -1
    n_2-7-8 = -1
    n_2-8-0 = -1
    n_2-8-1 = -2
    n_2-8-2 = -3
    n_2-8-3 = -4
    n_2-8-4 = -5
    n_2-8-5 = -6
    n_2-8-6 = -27
    n_2-8-7 = -1
    n_2-8-8 = -1
    n_3-3-0 = -1
    n_3-3-1 = -2
    n_3-3-2 = -3
    n_3-3-3 = -4
    n_3-3-4 = -5
    n_3-3-5 = -6
    n_3-3-6 = -27
    n_3-3-7 = -1
    n_3-3-8 = -1
    n_3-4-0 = -1
    n_3-4-1 = -2
    n_3-4-2 = -3
    n_3-4-3 = -4
    n_3-4-4 = -5
    n_3-4-5 = -6
    n_3-4-6 = -27
    n_3-4-7 = -1
    n_3-4-8 = -1
    n_3-5-0 = -1
    n_3-5-1 = -2
    n_3-5-2 = -3
    n_3-5-3 = -4
    n_3-5-4 = -5
    n_3-5-5 = -6
    n_3-5-6 = -27
    n_3-5-7 = -1
    n_3-5-8 = -1
    n_3-6-0 = 0
    n_3-6-1 = -1
    n_3-6-2 = -2
    n_3-6-3 = -3
    n_3-6-4 = -4
    n_3-6-5 = -5
    n_3-6-6 = -26
    n_3-6-7 = 0
    n_3-6-8 = 0
    n_3-7-0 = -1
    n_3-7-1 = -2
    n_3-7-2 = -3
    n_3-7-3 = -4
    n_3-7-4 = -5
    n_3-7-5 = -6
    n_3-7-6 = -27
    n_3-7-7 = -1
    n_3-7-8 = -1
    n_3-8-0 = -1
    n_3-8-1 = -2
    n_3-8-2 = -3
    n_3-8-3 = -4
    n_3-8-4 = -5
    n_3-8-5 = -6
    n_3-8-6 = -27
    n_3-8-7 = -1
    n_3-8-8 = -1
    n_4-4-0 = -1
    n_4-4-1 = -2
    n_4-4-2 = -3
    n_4-4-3 = -4
    n_4-4-4 = -5
    n_4-4-5 = -6
    n_4-4-6 = -27
    n_4-4-7 = -1
    n_4-4-8 = -1
    n_4-5-0 = -1
    n_4-5-1 = -2
    n_4-5-2 = -3
    n_4-5-3 = -4
    n_4-5-4 = -5
    n_4-5-5 = -6
    n_4-5-6 = -27
    n_4-5-7 = -1
    n_4-5-8 = -1
    n_4-6-0 = 0
    n_4-6-1 = -1
    n_4-6-2 = -2
    n_4-6-3 = -3
    n_4-6-4 = -4
    n_4-6-5 = -5
    n_4-6-6 = -26
    n_4-6-7 = 0
    n_4-6-8 = 0
    n_4-7-0 = -1
    n_4-7-1 = -2
    n_4-7-2 = -3
    n_4-7-3 = -4
    n_4-7-4 = -5
    n_4-7-5 = -6
    n_4-7-6 = -27
    n_4-7-7 = -1
    n_4-7-8 = -1
    n_4-8-0 = -1
    n_4-8-1 = -2
    n_4-8-2 = -3
    n_4-8-3 = -4
    n_4-8-4 = -5
    n_4-8-5 = -6
    n_4-8-6 = -27
    n_4-8-7 = -1
    n_4-8-8 = -1
    n_5-5-0 = -1
    n_5-5-1 = -2
    n_5-5-2 = -3
    n_5-5-3 = -4
    n_5-5-4 = -5
    n_5-5-5 = -6
    n_5-5-6 = -27
    n_5-5-7 = -1
    n_5-5-8 = -1
    n_5-6-0 = 0
    n_5-6-1 = -1
    n_5-6-2 = -2
    n_5-6-3 = -3
    n_5-6-4 = -4
    n_5-6-5 = -5
    n_5-6-6 = -26
    n_5-6-7 = 0
    n_5-6-8 = 0
    n_5-7-0 = -1
    n_5-7-1 = -2
    n_5-7-2 = -3
    n_5-7-3 = -4
    n_5-7-4 = -5
    n_5-7-5 = -6
    n_5-7-6 = -27
    n_5-7-7 = -1
    n_5-7-8 = -1
    n_5-8-0 = -1
    n_5-8-1 = -2
    n_5-8-2 = -3
    n_5-8-3 = -4
    n_5-8-4 = -5
    n_5-8-5 = -6
    n_5-8-6 = -27
    n_5-8-7 = -1
    n_5-8-8 = -1
    n_6-6-0 = 1
    n_6-6-1 = 0
    n_6-6-2 = -1
    n_6-6-3 = -2
    n_6-6-4 = -3
    n_6-6-5 = -4
    n_6-6-6 = -25
    n_6-6-7 = 1
    n_6-6-8 = 1
    n_6-7-0 = 0
    n_6-7-1 = -1
    n_6-7-2 = -2
    n_6-7-3 = -3
    n_6-7-4 = -4
    n_6-7-5 = -5
    n_6-7-6 = -26
    n_6-7-7 = 0
    n_6-7-8 = 0
    n_6-8-0 = 0
    n_6-8-1 = -1
    n_6-8-2 = -2
    n_6-8-3 = -3
    n_6-8-4 = -4
    n_6-8-5 = -5
    n_6-8-6 = -26
    n_6-8-7 = 0
    n_6-8-8 = 0
    n_7-7-0 = -1
    n_7-7-1 = -2
    n_7-7-2 = -3
    n_7-7-3 = -4
    n_7-7-4 = -5
    n_7-7-5 = -6
    n_7-7-6 = -27
    n_7-7-7 = -1
    n_7-7-8 = -1
    n_7-8-0 = -1
    n_7-8-1 = -2
    n_7-8-2 = -3
    n_7-8-3 = -4
    n_7-8-4 = -5
    n_7-8-5 = -6
    n_7-8-6 = -27
    n_7-8-7 = -1
    n_7-8-8 = -1
    n_8-8-0 = -1
    n_8-8-1 = -2
    n_8-8-2 = -3
    n_8-8-3 = -4
    n_8-8-4 = -5
    n_8-8-5 = -6
    n_8-8-6 = -27
    n_8-8-7 = -1
    n_8-8-8 = -1
    x_0 = 0.0163474
    x_1 = 0.0533844
    x_2 = 0.0904215
    x_3 = 0.127458
    x_4 = 0.164496
    x_5 = 0.201533
    x_6 = 0.97931
    x_7 = 0.0163474
    x_8 = 0.0163474
  parameters:
    anchor = 0
    base_density = 0.13409961685823754
    delta = 0.019157088122605363
    epsilon = 0.0
    extra_alpha_upper_bound = 0.034482758620689655
    extra_count = 2
    extra_length_bound = None
    formulation = standard_variable_extra_milp
    free_base_start = False
    integer_lift_lower_bound = -28
    integer_lift_upper_bound = 2
    intervals = [{'index': 0, 'label': 'base_1', 'seed_start': 0.016347381864623145, 'seed_length': 0.019157088122605363, 'fixed_base': True}, {'index': 1, 'label': 'base_2', 'seed_start': 0.05338441890166035, 'seed_length': 0.019157088122605363, 'fixed_base': True}, {'index': 2, 'label': 'base_3', 'seed_start': 0.09042145593869733, 'seed_length': 0.019157088122605363, 'fixed_base': True}, {'index': 3, 'label': 'base_4', 'seed_start': 0.1274584929757343, 'seed_length': 0.019157088122605363, 'fixed_base': True}, {'index': 4, 'label': 'base_5', 'seed_start': 0.16449553001277128, 'seed_length': 0.019157088122605363, 'fixed_base': True}, {'index': 5, 'label': 'base_6', 'seed_start': 0.20153256704980826, 'seed_length': 0.019157088122605363, 'fixed_base': True}, {'index': 6, 'label': 'base_0', 'seed_start': 0.9793103448275862, 'seed_length': 0.019157088122605363, 'fixed_base': True}, {'index': 7, 'label': 'extra_0', 'seed_start': None, 'seed_length': None, 'fixed_base': False}, {'index': 8, 'label': 'extra_1', 'seed_start': None, 'seed_length': None, 'fixed_base': False}]
    m = 27
    q = 7
    solver_options = {'mip_rel_gap': 0.0}
    tolerance = 1e-09
    translated_missing_point = False
  solver details:
    mip_dual_bound = 0.1341
    mip_gap = 0
    mip_node_count = 498

base density: 0.134099616858
MILP density: 0.134099616858
gain:         0
improved:     False (tolerance=1e-09)

Intervals:
  0: base_1   (0.0163473818646, 0.0355044699872) length=0.0191570881226
  1: base_2   (0.0533844189017, 0.0725415070243) length=0.0191570881226
  2: base_3   (0.0904214559387, 0.109578544061) length=0.0191570881226
  3: base_4   (0.127458492976, 0.146615581098) length=0.0191570881226
  4: base_5   (0.164495530013, 0.183652618135) length=0.0191570881226
  5: base_6   (0.20153256705, 0.220689655172) length=0.0191570881226
  6: base_0   (0.979310344828, 0.99846743295) length=0.0191570881226
  7: extra_0  (0.0163473818646, 0.0163473818646) length=0
  8: extra_1  (0.0163473818646, 0.0163473818646) length=0

Saved problem JSON: /home/ferran/interval_proofs/json_results/verification_20260716/tiny_intervals_two_extra/variable_extra_milp_m27_q7_anchor0_freebase0_extra2_problem.json
Saved solution JSON: /home/ferran/interval_proofs/json_results/verification_20260716/tiny_intervals_two_extra/variable_extra_milp_m27_q7_anchor0_freebase0_extra2_solution.json
	Command being timed: ".venv/bin/python equally_spaced_tiny_interval_lp.py --m 27 --tie-choice larger --anchor 0 --extra-count 2 --mip-rel-gap 0 --require-success --output-dir /home/ferran/interval_proofs/json_results/verification_20260716/tiny_intervals_two_extra"
	User time (seconds): 3.65
	System time (seconds): 0.06
	Percent of CPU this job got: 224%
	Elapsed (wall clock) time (h:mm:ss or m:ss): 0:01.65
	Average shared text size (kbytes): 0
	Average unshared data size (kbytes): 0
	Average stack size (kbytes): 0
	Average total size (kbytes): 0
	Maximum resident set size (kbytes): 86324
	Average resident set size (kbytes): 0
	Major (requiring I/O) page faults: 0
	Minor (reclaiming a frame) page faults: 14838
	Voluntary context switches: 85
	Involuntary context switches: 977
	Swaps: 0
	File system inputs: 0
	File system outputs: 520
	Socket messages sent: 0
	Socket messages received: 0
	Signals delivered: 0
	Page size (bytes): 4096
	Exit status: 0
