direct MILP around optimized 7-sum-free equally spaced construction: 53 variables (45 integer), 98 constraints
base: m=7, q=2, delta=0.0793650793651, density=0.15873015873, anchor=0, extra_count=2, free_base_start=False

MILPSolution('direct MILP around optimized 7-sum-free equally spaced construction')
  status: optimal (Optimization terminated successfully. (HiGHS Status 7: Optimal))
  objective: maximize, optimum = 0.15873
  values:
    alpha_0 = 0.0793651
    alpha_1 = 0.0793651
    alpha_2 = 0
    alpha_3 = 0
    before_0-2 = 0
    before_0-3 = 0
    before_1-2 = 0
    before_1-3 = 0
    before_2-3 = 1
    n_0-0-0 = -1
    n_0-0-1 = -7
    n_0-0-2 = -1
    n_0-0-3 = -1
    n_0-1-0 = 0
    n_0-1-1 = -6
    n_0-1-2 = 0
    n_0-1-3 = 0
    n_0-2-0 = -1
    n_0-2-1 = -7
    n_0-2-2 = -1
    n_0-2-3 = -1
    n_0-3-0 = -1
    n_0-3-1 = -7
    n_0-3-2 = -1
    n_0-3-3 = -1
    n_1-1-0 = 1
    n_1-1-1 = -5
    n_1-1-2 = 1
    n_1-1-3 = 1
    n_1-2-0 = 0
    n_1-2-1 = -6
    n_1-2-2 = 0
    n_1-2-3 = 0
    n_1-3-0 = 0
    n_1-3-1 = -6
    n_1-3-2 = 0
    n_1-3-3 = 0
    n_2-2-0 = -1
    n_2-2-1 = -7
    n_2-2-2 = -1
    n_2-2-3 = -1
    n_2-3-0 = -1
    n_2-3-1 = -7
    n_2-3-2 = -1
    n_2-3-3 = -1
    n_3-3-0 = -1
    n_3-3-1 = -7
    n_3-3-2 = -1
    n_3-3-3 = -1
    x_0 = 0.031746
    x_1 = 0.888889
    x_2 = 0.031746
    x_3 = 0.031746
  parameters:
    anchor = 0
    base_density = 0.15873015873015872
    delta = 0.07936507936507936
    epsilon = 0.0
    extra_alpha_upper_bound = 0.1111111111111111
    extra_count = 2
    extra_length_bound = None
    formulation = standard_variable_extra_milp
    free_base_start = False
    integer_lift_lower_bound = -8
    integer_lift_upper_bound = 2
    intervals = [{'index': 0, 'label': 'base_1', 'seed_start': 0.03174603174603163, 'seed_length': 0.07936507936507936, 'fixed_base': True}, {'index': 1, 'label': 'base_0', 'seed_start': 0.8888888888888888, 'seed_length': 0.07936507936507936, 'fixed_base': True}, {'index': 2, 'label': 'extra_0', 'seed_start': None, 'seed_length': None, 'fixed_base': False}, {'index': 3, 'label': 'extra_1', 'seed_start': None, 'seed_length': None, 'fixed_base': False}]
    m = 7
    q = 2
    solver_options = {'mip_rel_gap': 0.0}
    tolerance = 1e-09
    translated_missing_point = False
  solver details:
    mip_dual_bound = 0.15873
    mip_gap = 0
    mip_node_count = 5

base density: 0.15873015873
MILP density: 0.15873015873
gain:         0
improved:     False (tolerance=1e-09)

Intervals:
  0: base_1   (0.031746031746, 0.111111111111) length=0.0793650793651
  1: base_0   (0.888888888889, 0.968253968254) length=0.0793650793651
  2: extra_0  (0.031746031746, 0.031746031746) length=0
  3: extra_1  (0.031746031746, 0.031746031746) length=0

Saved problem JSON: json_results/verification_20260716/tiny_intervals_two_extra/variable_extra_milp_m7_q2_anchor0_freebase0_extra2_problem.json
Saved solution JSON: json_results/verification_20260716/tiny_intervals_two_extra/variable_extra_milp_m7_q2_anchor0_freebase0_extra2_solution.json
