direct MILP around optimized 17-sum-free equally spaced construction: 221 variables (207 integer), 431 constraints
base: m=17, q=5, delta=0.0278637770898, density=0.139318885449, anchor=0, extra_count=2, free_base_start=False

MILPSolution('direct MILP around optimized 17-sum-free equally spaced construction')
  status: optimal (Optimization terminated successfully. (HiGHS Status 7: Optimal))
  objective: maximize, optimum = 0.139683
  values:
    alpha_0 = 0.0278638
    alpha_1 = 0.0278638
    alpha_2 = 0.0278638
    alpha_3 = 0.0278638
    alpha_4 = 0.0278638
    alpha_5 = 0.000182116
    alpha_6 = 0.000182116
    before_0-5 = 0
    before_0-6 = 1
    before_1-5 = 0
    before_1-6 = 0
    before_2-5 = 0
    before_2-6 = 0
    before_3-5 = 0
    before_3-6 = 0
    before_4-5 = 0
    before_4-6 = 0
    before_5-6 = 1
    n_0-0-0 = -1
    n_0-0-1 = -2
    n_0-0-2 = -3
    n_0-0-3 = -4
    n_0-0-4 = -17
    n_0-0-5 = -1
    n_0-0-6 = -2
    n_0-1-0 = -1
    n_0-1-1 = -2
    n_0-1-2 = -3
    n_0-1-3 = -4
    n_0-1-4 = -17
    n_0-1-5 = -1
    n_0-1-6 = -2
    n_0-2-0 = -1
    n_0-2-1 = -2
    n_0-2-2 = -3
    n_0-2-3 = -4
    n_0-2-4 = -17
    n_0-2-5 = -1
    n_0-2-6 = -2
    n_0-3-0 = -1
    n_0-3-1 = -2
    n_0-3-2 = -3
    n_0-3-3 = -4
    n_0-3-4 = -17
    n_0-3-5 = -1
    n_0-3-6 = -2
    n_0-4-0 = 0
    n_0-4-1 = -1
    n_0-4-2 = -2
    n_0-4-3 = -3
    n_0-4-4 = -16
    n_0-4-5 = 0
    n_0-4-6 = -1
    n_0-5-0 = -1
    n_0-5-1 = -2
    n_0-5-2 = -3
    n_0-5-3 = -4
    n_0-5-4 = -17
    n_0-5-5 = -1
    n_0-5-6 = -2
    n_0-6-0 = -1
    n_0-6-1 = -2
    n_0-6-2 = -3
    n_0-6-3 = -4
    n_0-6-4 = -17
    n_0-6-5 = -1
    n_0-6-6 = -2
    n_1-1-0 = -1
    n_1-1-1 = -2
    n_1-1-2 = -3
    n_1-1-3 = -4
    n_1-1-4 = -17
    n_1-1-5 = -1
    n_1-1-6 = -2
    n_1-2-0 = -1
    n_1-2-1 = -2
    n_1-2-2 = -3
    n_1-2-3 = -4
    n_1-2-4 = -17
    n_1-2-5 = -1
    n_1-2-6 = -2
    n_1-3-0 = -1
    n_1-3-1 = -2
    n_1-3-2 = -3
    n_1-3-3 = -4
    n_1-3-4 = -17
    n_1-3-5 = -1
    n_1-3-6 = -2
    n_1-4-0 = 0
    n_1-4-1 = -1
    n_1-4-2 = -2
    n_1-4-3 = -3
    n_1-4-4 = -16
    n_1-4-5 = 0
    n_1-4-6 = -1
    n_1-5-0 = -1
    n_1-5-1 = -2
    n_1-5-2 = -3
    n_1-5-3 = -4
    n_1-5-4 = -17
    n_1-5-5 = -1
    n_1-5-6 = -2
    n_1-6-0 = -1
    n_1-6-1 = -2
    n_1-6-2 = -3
    n_1-6-3 = -4
    n_1-6-4 = -17
    n_1-6-5 = -1
    n_1-6-6 = -2
    n_2-2-0 = -1
    n_2-2-1 = -2
    n_2-2-2 = -3
    n_2-2-3 = -4
    n_2-2-4 = -17
    n_2-2-5 = -1
    n_2-2-6 = -2
    n_2-3-0 = -1
    n_2-3-1 = -2
    n_2-3-2 = -3
    n_2-3-3 = -4
    n_2-3-4 = -17
    n_2-3-5 = 0
    n_2-3-6 = -2
    n_2-4-0 = 0
    n_2-4-1 = -1
    n_2-4-2 = -2
    n_2-4-3 = -3
    n_2-4-4 = -16
    n_2-4-5 = 0
    n_2-4-6 = -1
    n_2-5-0 = -1
    n_2-5-1 = -2
    n_2-5-2 = -3
    n_2-5-3 = -4
    n_2-5-4 = -17
    n_2-5-5 = -1
    n_2-5-6 = -2
    n_2-6-0 = -1
    n_2-6-1 = -2
    n_2-6-2 = -3
    n_2-6-3 = -4
    n_2-6-4 = -17
    n_2-6-5 = -1
    n_2-6-6 = -2
    n_3-3-0 = -1
    n_3-3-1 = -2
    n_3-3-2 = -3
    n_3-3-3 = -4
    n_3-3-4 = -17
    n_3-3-5 = 0
    n_3-3-6 = -1
    n_3-4-0 = 0
    n_3-4-1 = -1
    n_3-4-2 = -2
    n_3-4-3 = -3
    n_3-4-4 = -16
    n_3-4-5 = 0
    n_3-4-6 = -1
    n_3-5-0 = -1
    n_3-5-1 = -2
    n_3-5-2 = -3
    n_3-5-3 = -4
    n_3-5-4 = -17
    n_3-5-5 = -1
    n_3-5-6 = -2
    n_3-6-0 = -1
    n_3-6-1 = -2
    n_3-6-2 = -3
    n_3-6-3 = -4
    n_3-6-4 = -17
    n_3-6-5 = -1
    n_3-6-6 = -2
    n_4-4-0 = 1
    n_4-4-1 = 0
    n_4-4-2 = -1
    n_4-4-3 = -2
    n_4-4-4 = -15
    n_4-4-5 = 1
    n_4-4-6 = 0
    n_4-5-0 = 0
    n_4-5-1 = -1
    n_4-5-2 = -2
    n_4-5-3 = -3
    n_4-5-4 = -16
    n_4-5-5 = 0
    n_4-5-6 = -1
    n_4-6-0 = 0
    n_4-6-1 = -1
    n_4-6-2 = -2
    n_4-6-3 = -3
    n_4-6-4 = -16
    n_4-6-5 = 0
    n_4-6-6 = -1
    n_5-5-0 = -1
    n_5-5-1 = -2
    n_5-5-2 = -3
    n_5-5-3 = -4
    n_5-5-4 = -17
    n_5-5-5 = -1
    n_5-5-6 = -2
    n_5-6-0 = -1
    n_5-6-1 = -2
    n_5-6-2 = -3
    n_5-6-3 = -4
    n_5-6-4 = -17
    n_5-6-5 = -1
    n_5-6-6 = -2
    n_6-6-0 = -1
    n_6-6-1 = -2
    n_6-6-2 = -3
    n_6-6-3 = -4
    n_6-6-4 = -17
    n_6-6-5 = -1
    n_6-6-6 = -2
    x_0 = 0.0272446
    x_1 = 0.0860681
    x_2 = 0.144892
    x_3 = 0.203715
    x_4 = 0.968421
    x_5 = 0.0203242
    x_6 = 0.0826079
  parameters:
    anchor = 0
    base_density = 0.1393188854489164
    delta = 0.02786377708978328
    epsilon = 0.0
    extra_alpha_upper_bound = 0.05263157894736842
    extra_count = 2
    extra_length_bound = None
    formulation = standard_variable_extra_milp
    free_base_start = False
    integer_lift_lower_bound = -18
    integer_lift_upper_bound = 2
    intervals = [{'index': 0, 'label': 'base_1', 'seed_start': 0.027244582043343568, 'seed_length': 0.02786377708978328, 'fixed_base': True}, {'index': 1, 'label': 'base_2', 'seed_start': 0.08606811145510829, 'seed_length': 0.02786377708978328, 'fixed_base': True}, {'index': 2, 'label': 'base_3', 'seed_start': 0.144891640866873, 'seed_length': 0.02786377708978328, 'fixed_base': True}, {'index': 3, 'label': 'base_4', 'seed_start': 0.20371517027863772, 'seed_length': 0.02786377708978328, 'fixed_base': True}, {'index': 4, 'label': 'base_0', 'seed_start': 0.968421052631579, 'seed_length': 0.02786377708978328, 'fixed_base': True}, {'index': 5, 'label': 'extra_0', 'seed_start': None, 'seed_length': None, 'fixed_base': False}, {'index': 6, 'label': 'extra_1', 'seed_start': None, 'seed_length': None, 'fixed_base': False}]
    m = 17
    q = 5
    solver_options = {'mip_rel_gap': 0.0}
    tolerance = 1e-09
    translated_missing_point = False
  solver details:
    mip_dual_bound = 0.139683
    mip_gap = 0
    mip_node_count = 625

base density: 0.139318885449
MILP density: 0.139683117829
gain:         0.000364232380259
improved:     True (tolerance=1e-09)

Intervals:
  0: base_1   (0.0272445820433, 0.0551083591331) length=0.0278637770898
  1: base_2   (0.0860681114551, 0.113931888545) length=0.0278637770898
  2: base_3   (0.144891640867, 0.172755417957) length=0.0278637770898
  3: base_4   (0.203715170279, 0.231578947368) length=0.0278637770898
  4: base_0   (0.968421052632, 0.996284829721) length=0.0278637770898
  5: extra_0  (0.0203241668184, 0.0205062830086) length=0.000182116190129
  6: extra_1  (0.0826079038427, 0.0827900200328) length=0.000182116190129

Saved problem JSON: /home/ferran/interval_proofs/json_results/verification_20260716/tiny_intervals_two_extra/variable_extra_milp_m17_q5_anchor0_freebase0_extra2_problem.json
Saved solution JSON: /home/ferran/interval_proofs/json_results/verification_20260716/tiny_intervals_two_extra/variable_extra_milp_m17_q5_anchor0_freebase0_extra2_solution.json
	Command being timed: ".venv/bin/python equally_spaced_tiny_interval_lp.py --m 17 --tie-choice larger --anchor 0 --extra-count 2 --mip-rel-gap 0 --require-success --output-dir /home/ferran/interval_proofs/json_results/verification_20260716/tiny_intervals_two_extra"
	User time (seconds): 4.25
	System time (seconds): 0.14
	Percent of CPU this job got: 190%
	Elapsed (wall clock) time (h:mm:ss or m:ss): 0:02.31
	Average shared text size (kbytes): 0
	Average unshared data size (kbytes): 0
	Average stack size (kbytes): 0
	Average total size (kbytes): 0
	Maximum resident set size (kbytes): 83952
	Average resident set size (kbytes): 0
	Major (requiring I/O) page faults: 0
	Minor (reclaiming a frame) page faults: 14124
	Voluntary context switches: 107
	Involuntary context switches: 902
	Swaps: 0
	File system inputs: 0
	File system outputs: 264
	Socket messages sent: 0
	Socket messages received: 0
	Signals delivered: 0
	Page size (bytes): 4096
	Exit status: 0
