direct MILP around optimized 4-sum-free equally spaced construction: 27 variables (21 integer), 47 constraints
base: m=4, q=1, delta=0.166666666667, density=0.166666666667, anchor=0, extra_count=2, free_base_start=False

MILPSolution('direct MILP around optimized 4-sum-free equally spaced construction')
  status: optimal (Optimization terminated successfully. (HiGHS Status 7: Optimal))
  objective: maximize, optimum = 0.166667
  values:
    alpha_0 = 0.166667
    alpha_1 = 0
    alpha_2 = 0
    before_0-1 = 0
    before_0-2 = 1
    before_1-2 = 1
    n_0-0-0 = -2
    n_0-0-1 = -2
    n_0-0-2 = -2
    n_0-1-0 = -2
    n_0-1-1 = -2
    n_0-1-2 = -2
    n_0-2-0 = -2
    n_0-2-1 = -2
    n_0-2-2 = -2
    n_1-1-0 = -2
    n_1-1-1 = -2
    n_1-1-2 = -2
    n_1-2-0 = -2
    n_1-2-1 = -2
    n_1-2-2 = -2
    n_2-2-0 = -2
    n_2-2-1 = -2
    n_2-2-2 = -2
    x_0 = 0.666667
    x_1 = 0.666667
    x_2 = 0.833333
  parameters:
    anchor = 0
    base_density = 0.16666666666666666
    delta = 0.16666666666666666
    epsilon = 0.0
    extra_alpha_upper_bound = 0.16666666666666666
    extra_count = 2
    extra_length_bound = None
    formulation = standard_variable_extra_milp
    free_base_start = False
    integer_lift_lower_bound = -5
    integer_lift_upper_bound = 2
    intervals = [{'index': 0, 'label': 'base_0', 'seed_start': 0.6666666666666667, 'seed_length': 0.16666666666666666, 'fixed_base': True}, {'index': 1, 'label': 'extra_0', 'seed_start': None, 'seed_length': None, 'fixed_base': False}, {'index': 2, 'label': 'extra_1', 'seed_start': None, 'seed_length': None, 'fixed_base': False}]
    m = 4
    q = 1
    solver_options = {'mip_rel_gap': 0.0}
    tolerance = 1e-09
    translated_missing_point = False
  solver details:
    mip_dual_bound = 0.166667
    mip_gap = 0
    mip_node_count = 0

base density: 0.166666666667
MILP density: 0.166666666667
gain:         0
improved:     False (tolerance=1e-09)

Intervals:
  0: base_0   (0.666666666667, 0.833333333333) length=0.166666666667
  1: extra_0  (0.666666666667, 0.666666666667) length=0
  2: extra_1  (0.833333333333, 0.833333333333) length=0

Saved problem JSON: json_results/verification_20260716/tiny_intervals_two_extra/variable_extra_milp_m4_q1_anchor0_freebase0_extra2_problem.json
Saved solution JSON: json_results/verification_20260716/tiny_intervals_two_extra/variable_extra_milp_m4_q1_anchor0_freebase0_extra2_solution.json
