direct MILP around optimized 24-sum-free equally spaced construction: 438 variables (420 integer), 863 constraints
base: m=24, q=7, delta=0.0192307692308, density=0.134615384615, anchor=0, extra_count=2, free_base_start=False

MILPSolution('direct MILP around optimized 24-sum-free equally spaced construction')
  status: optimal (Optimization terminated successfully. (HiGHS Status 7: Optimal))
  objective: maximize, optimum = 0.134882
  values:
    alpha_0 = 0.0192308
    alpha_1 = 0.0192308
    alpha_2 = 0.0192308
    alpha_3 = 0.0192308
    alpha_4 = 0.0192308
    alpha_5 = 0.0192308
    alpha_6 = 0.0192308
    alpha_7 = 0.000133547
    alpha_8 = 0.000133547
    before_0-7 = 1
    before_0-8 = 1
    before_1-7 = 1
    before_1-8 = 1
    before_2-7 = 1
    before_2-8 = 0
    before_3-7 = 0
    before_3-8 = 0
    before_4-7 = 0
    before_4-8 = 0
    before_5-7 = 0
    before_5-8 = 0
    before_6-7 = 0
    before_6-8 = 0
    before_7-8 = 0
    n_0-0-0 = -1
    n_0-0-1 = -2
    n_0-0-2 = -3
    n_0-0-3 = -4
    n_0-0-4 = -5
    n_0-0-5 = -6
    n_0-0-6 = -24
    n_0-0-7 = -4
    n_0-0-8 = -2
    n_0-1-0 = -1
    n_0-1-1 = -2
    n_0-1-2 = -3
    n_0-1-3 = -4
    n_0-1-4 = -5
    n_0-1-5 = -6
    n_0-1-6 = -24
    n_0-1-7 = -4
    n_0-1-8 = -2
    n_0-2-0 = -1
    n_0-2-1 = -2
    n_0-2-2 = -3
    n_0-2-3 = -4
    n_0-2-4 = -5
    n_0-2-5 = -6
    n_0-2-6 = -24
    n_0-2-7 = -4
    n_0-2-8 = -2
    n_0-3-0 = -1
    n_0-3-1 = -2
    n_0-3-2 = -3
    n_0-3-3 = -4
    n_0-3-4 = -5
    n_0-3-5 = -6
    n_0-3-6 = -24
    n_0-3-7 = -4
    n_0-3-8 = -2
    n_0-4-0 = -1
    n_0-4-1 = -2
    n_0-4-2 = -3
    n_0-4-3 = -4
    n_0-4-4 = -5
    n_0-4-5 = -6
    n_0-4-6 = -24
    n_0-4-7 = -4
    n_0-4-8 = -2
    n_0-5-0 = -1
    n_0-5-1 = -2
    n_0-5-2 = -3
    n_0-5-3 = -4
    n_0-5-4 = -5
    n_0-5-5 = -6
    n_0-5-6 = -24
    n_0-5-7 = -4
    n_0-5-8 = -2
    n_0-6-0 = 0
    n_0-6-1 = -1
    n_0-6-2 = -2
    n_0-6-3 = -3
    n_0-6-4 = -4
    n_0-6-5 = -5
    n_0-6-6 = -23
    n_0-6-7 = -3
    n_0-6-8 = -1
    n_0-7-0 = -1
    n_0-7-1 = -2
    n_0-7-2 = -3
    n_0-7-3 = -4
    n_0-7-4 = -5
    n_0-7-5 = -6
    n_0-7-6 = -24
    n_0-7-7 = -4
    n_0-7-8 = -2
    n_0-8-0 = -1
    n_0-8-1 = -2
    n_0-8-2 = -3
    n_0-8-3 = -4
    n_0-8-4 = -5
    n_0-8-5 = -6
    n_0-8-6 = -24
    n_0-8-7 = -4
    n_0-8-8 = -2
    n_1-1-0 = -1
    n_1-1-1 = -2
    n_1-1-2 = -3
    n_1-1-3 = -4
    n_1-1-4 = -5
    n_1-1-5 = -6
    n_1-1-6 = -24
    n_1-1-7 = -4
    n_1-1-8 = -2
    n_1-2-0 = -1
    n_1-2-1 = -2
    n_1-2-2 = -3
    n_1-2-3 = -4
    n_1-2-4 = -5
    n_1-2-5 = -6
    n_1-2-6 = -24
    n_1-2-7 = -4
    n_1-2-8 = -2
    n_1-3-0 = -1
    n_1-3-1 = -2
    n_1-3-2 = -3
    n_1-3-3 = -4
    n_1-3-4 = -5
    n_1-3-5 = -6
    n_1-3-6 = -24
    n_1-3-7 = -4
    n_1-3-8 = -2
    n_1-4-0 = -1
    n_1-4-1 = -2
    n_1-4-2 = -3
    n_1-4-3 = -4
    n_1-4-4 = -5
    n_1-4-5 = -6
    n_1-4-6 = -24
    n_1-4-7 = -4
    n_1-4-8 = -2
    n_1-5-0 = -1
    n_1-5-1 = -2
    n_1-5-2 = -3
    n_1-5-3 = -4
    n_1-5-4 = -5
    n_1-5-5 = -6
    n_1-5-6 = -24
    n_1-5-7 = -4
    n_1-5-8 = -2
    n_1-6-0 = 0
    n_1-6-1 = -1
    n_1-6-2 = -2
    n_1-6-3 = -3
    n_1-6-4 = -4
    n_1-6-5 = -5
    n_1-6-6 = -23
    n_1-6-7 = -3
    n_1-6-8 = -1
    n_1-7-0 = -1
    n_1-7-1 = -2
    n_1-7-2 = -3
    n_1-7-3 = -4
    n_1-7-4 = -5
    n_1-7-5 = -6
    n_1-7-6 = -24
    n_1-7-7 = -4
    n_1-7-8 = -2
    n_1-8-0 = -1
    n_1-8-1 = -2
    n_1-8-2 = -3
    n_1-8-3 = -4
    n_1-8-4 = -5
    n_1-8-5 = -6
    n_1-8-6 = -24
    n_1-8-7 = -4
    n_1-8-8 = -2
    n_2-2-0 = -1
    n_2-2-1 = -2
    n_2-2-2 = -3
    n_2-2-3 = -4
    n_2-2-4 = -5
    n_2-2-5 = -6
    n_2-2-6 = -24
    n_2-2-7 = -4
    n_2-2-8 = -2
    n_2-3-0 = -1
    n_2-3-1 = -2
    n_2-3-2 = -3
    n_2-3-3 = -4
    n_2-3-4 = -5
    n_2-3-5 = -6
    n_2-3-6 = -24
    n_2-3-7 = -4
    n_2-3-8 = -2
    n_2-4-0 = -1
    n_2-4-1 = -2
    n_2-4-2 = -3
    n_2-4-3 = -4
    n_2-4-4 = -5
    n_2-4-5 = -6
    n_2-4-6 = -24
    n_2-4-7 = -4
    n_2-4-8 = -2
    n_2-5-0 = -1
    n_2-5-1 = -2
    n_2-5-2 = -3
    n_2-5-3 = -4
    n_2-5-4 = -5
    n_2-5-5 = -6
    n_2-5-6 = -24
    n_2-5-7 = -4
    n_2-5-8 = -2
    n_2-6-0 = 0
    n_2-6-1 = -1
    n_2-6-2 = -2
    n_2-6-3 = -3
    n_2-6-4 = -4
    n_2-6-5 = -5
    n_2-6-6 = -23
    n_2-6-7 = -3
    n_2-6-8 = -1
    n_2-7-0 = -1
    n_2-7-1 = -2
    n_2-7-2 = -3
    n_2-7-3 = -4
    n_2-7-4 = -5
    n_2-7-5 = -6
    n_2-7-6 = -24
    n_2-7-7 = -4
    n_2-7-8 = -2
    n_2-8-0 = -1
    n_2-8-1 = -2
    n_2-8-2 = -3
    n_2-8-3 = -4
    n_2-8-4 = -5
    n_2-8-5 = -6
    n_2-8-6 = -24
    n_2-8-7 = -4
    n_2-8-8 = -2
    n_3-3-0 = -1
    n_3-3-1 = -2
    n_3-3-2 = -3
    n_3-3-3 = -4
    n_3-3-4 = -5
    n_3-3-5 = -6
    n_3-3-6 = -24
    n_3-3-7 = -4
    n_3-3-8 = -2
    n_3-4-0 = -1
    n_3-4-1 = -2
    n_3-4-2 = -3
    n_3-4-3 = -4
    n_3-4-4 = -5
    n_3-4-5 = -6
    n_3-4-6 = -24
    n_3-4-7 = -4
    n_3-4-8 = -2
    n_3-5-0 = -1
    n_3-5-1 = -2
    n_3-5-2 = -3
    n_3-5-3 = -4
    n_3-5-4 = -5
    n_3-5-5 = -6
    n_3-5-6 = -24
    n_3-5-7 = -4
    n_3-5-8 = -2
    n_3-6-0 = 0
    n_3-6-1 = -1
    n_3-6-2 = -2
    n_3-6-3 = -3
    n_3-6-4 = -4
    n_3-6-5 = -5
    n_3-6-6 = -23
    n_3-6-7 = -3
    n_3-6-8 = -1
    n_3-7-0 = -1
    n_3-7-1 = -2
    n_3-7-2 = -3
    n_3-7-3 = -4
    n_3-7-4 = -5
    n_3-7-5 = -6
    n_3-7-6 = -24
    n_3-7-7 = -4
    n_3-7-8 = -2
    n_3-8-0 = -1
    n_3-8-1 = -2
    n_3-8-2 = -3
    n_3-8-3 = -4
    n_3-8-4 = -5
    n_3-8-5 = -6
    n_3-8-6 = -24
    n_3-8-7 = -4
    n_3-8-8 = -2
    n_4-4-0 = -1
    n_4-4-1 = -2
    n_4-4-2 = -3
    n_4-4-3 = -4
    n_4-4-4 = -5
    n_4-4-5 = -6
    n_4-4-6 = -24
    n_4-4-7 = -4
    n_4-4-8 = -2
    n_4-5-0 = -1
    n_4-5-1 = -2
    n_4-5-2 = -3
    n_4-5-3 = -4
    n_4-5-4 = -5
    n_4-5-5 = -6
    n_4-5-6 = -24
    n_4-5-7 = -3
    n_4-5-8 = -2
    n_4-6-0 = 0
    n_4-6-1 = -1
    n_4-6-2 = -2
    n_4-6-3 = -3
    n_4-6-4 = -4
    n_4-6-5 = -5
    n_4-6-6 = -23
    n_4-6-7 = -3
    n_4-6-8 = -1
    n_4-7-0 = -1
    n_4-7-1 = -2
    n_4-7-2 = -3
    n_4-7-3 = -4
    n_4-7-4 = -5
    n_4-7-5 = -6
    n_4-7-6 = -24
    n_4-7-7 = -4
    n_4-7-8 = -2
    n_4-8-0 = -1
    n_4-8-1 = -2
    n_4-8-2 = -3
    n_4-8-3 = -4
    n_4-8-4 = -5
    n_4-8-5 = -6
    n_4-8-6 = -24
    n_4-8-7 = -4
    n_4-8-8 = -2
    n_5-5-0 = -1
    n_5-5-1 = -2
    n_5-5-2 = -3
    n_5-5-3 = -4
    n_5-5-4 = -5
    n_5-5-5 = -6
    n_5-5-6 = -24
    n_5-5-7 = -3
    n_5-5-8 = -2
    n_5-6-0 = 0
    n_5-6-1 = -1
    n_5-6-2 = -2
    n_5-6-3 = -3
    n_5-6-4 = -4
    n_5-6-5 = -5
    n_5-6-6 = -23
    n_5-6-7 = -3
    n_5-6-8 = -1
    n_5-7-0 = -1
    n_5-7-1 = -2
    n_5-7-2 = -3
    n_5-7-3 = -4
    n_5-7-4 = -5
    n_5-7-5 = -6
    n_5-7-6 = -24
    n_5-7-7 = -4
    n_5-7-8 = -2
    n_5-8-0 = -1
    n_5-8-1 = -2
    n_5-8-2 = -3
    n_5-8-3 = -4
    n_5-8-4 = -5
    n_5-8-5 = -6
    n_5-8-6 = -24
    n_5-8-7 = -4
    n_5-8-8 = -2
    n_6-6-0 = 1
    n_6-6-1 = 0
    n_6-6-2 = -1
    n_6-6-3 = -2
    n_6-6-4 = -3
    n_6-6-5 = -4
    n_6-6-6 = -22
    n_6-6-7 = -2
    n_6-6-8 = -1
    n_6-7-0 = 0
    n_6-7-1 = -1
    n_6-7-2 = -2
    n_6-7-3 = -3
    n_6-7-4 = -4
    n_6-7-5 = -5
    n_6-7-6 = -23
    n_6-7-7 = -3
    n_6-7-8 = -1
    n_6-8-0 = 0
    n_6-8-1 = -1
    n_6-8-2 = -2
    n_6-8-3 = -3
    n_6-8-4 = -4
    n_6-8-5 = -5
    n_6-8-6 = -23
    n_6-8-7 = -3
    n_6-8-8 = -1
    n_7-7-0 = -1
    n_7-7-1 = -2
    n_7-7-2 = -3
    n_7-7-3 = -4
    n_7-7-4 = -5
    n_7-7-5 = -6
    n_7-7-6 = -24
    n_7-7-7 = -4
    n_7-7-8 = -2
    n_7-8-0 = -1
    n_7-8-1 = -2
    n_7-8-2 = -3
    n_7-8-3 = -4
    n_7-8-4 = -5
    n_7-8-5 = -6
    n_7-8-6 = -24
    n_7-8-7 = -4
    n_7-8-8 = -2
    n_8-8-0 = -1
    n_8-8-1 = -2
    n_8-8-2 = -3
    n_8-8-3 = -4
    n_8-8-4 = -5
    n_8-8-5 = -6
    n_8-8-6 = -24
    n_8-8-7 = -4
    n_8-8-8 = -2
    x_0 = 0.0206876
    x_1 = 0.0623543
    x_2 = 0.104021
    x_3 = 0.145688
    x_4 = 0.187354
    x_5 = 0.229021
    x_6 = 0.979021
    x_7 = 0.142215
    x_8 = 0.0831876
  parameters:
    anchor = 0
    base_density = 0.13461538461538464
    delta = 0.019230769230769232
    epsilon = 0.0
    extra_alpha_upper_bound = 0.038461538461538464
    extra_count = 2
    extra_length_bound = None
    formulation = standard_variable_extra_milp
    free_base_start = False
    integer_lift_lower_bound = -25
    integer_lift_upper_bound = 2
    intervals = [{'index': 0, 'label': 'base_1', 'seed_start': 0.020687645687645695, 'seed_length': 0.019230769230769232, 'fixed_base': True}, {'index': 1, 'label': 'base_2', 'seed_start': 0.062354312354312436, 'seed_length': 0.019230769230769232, 'fixed_base': True}, {'index': 2, 'label': 'base_3', 'seed_start': 0.10402097902097918, 'seed_length': 0.019230769230769232, 'fixed_base': True}, {'index': 3, 'label': 'base_4', 'seed_start': 0.1456876456876457, 'seed_length': 0.019230769230769232, 'fixed_base': True}, {'index': 4, 'label': 'base_5', 'seed_start': 0.18735431235431244, 'seed_length': 0.019230769230769232, 'fixed_base': True}, {'index': 5, 'label': 'base_6', 'seed_start': 0.22902097902097918, 'seed_length': 0.019230769230769232, 'fixed_base': True}, {'index': 6, 'label': 'base_0', 'seed_start': 0.9790209790209791, 'seed_length': 0.019230769230769232, 'fixed_base': True}, {'index': 7, 'label': 'extra_0', 'seed_start': None, 'seed_length': None, 'fixed_base': False}, {'index': 8, 'label': 'extra_1', 'seed_start': None, 'seed_length': None, 'fixed_base': False}]
    m = 24
    q = 7
    solver_options = {'mip_rel_gap': 0.0}
    tolerance = 1e-09
    translated_missing_point = False
  solver details:
    mip_dual_bound = 0.134882
    mip_gap = 0
    mip_node_count = 4190

base density: 0.134615384615
MILP density: 0.134882478633
gain:         0.000267094017889
improved:     True (tolerance=1e-09)

Intervals:
  0: base_1   (0.0206876456876, 0.0399184149184) length=0.0192307692308
  1: base_2   (0.0623543123543, 0.0815850815851) length=0.0192307692308
  2: base_3   (0.104020979021, 0.123251748252) length=0.0192307692308
  3: base_4   (0.145687645688, 0.164918414918) length=0.0192307692308
  4: base_5   (0.187354312354, 0.206585081585) length=0.0192307692308
  5: base_6   (0.229020979021, 0.248251748252) length=0.0192307692308
  6: base_0   (0.979020979021, 0.998251748252) length=0.0192307692308
  7: extra_0  (0.142215423465, 0.142348970475) length=0.000133547009342
  8: extra_1  (0.0831876456876, 0.0833211926962) length=0.000133547008547

Saved problem JSON: /home/ferran/interval_proofs/json_results/verification_20260716/tiny_intervals_two_extra/variable_extra_milp_m24_q7_anchor0_freebase0_extra2_problem.json
Saved solution JSON: /home/ferran/interval_proofs/json_results/verification_20260716/tiny_intervals_two_extra/variable_extra_milp_m24_q7_anchor0_freebase0_extra2_solution.json
	Command being timed: ".venv/bin/python equally_spaced_tiny_interval_lp.py --m 24 --tie-choice larger --anchor 0 --extra-count 2 --mip-rel-gap 0 --require-success --output-dir /home/ferran/interval_proofs/json_results/verification_20260716/tiny_intervals_two_extra"
	User time (seconds): 9.01
	System time (seconds): 0.29
	Percent of CPU this job got: 124%
	Elapsed (wall clock) time (h:mm:ss or m:ss): 0:07.47
	Average shared text size (kbytes): 0
	Average unshared data size (kbytes): 0
	Average stack size (kbytes): 0
	Average total size (kbytes): 0
	Maximum resident set size (kbytes): 88560
	Average resident set size (kbytes): 0
	Major (requiring I/O) page faults: 0
	Minor (reclaiming a frame) page faults: 15769
	Voluntary context switches: 115
	Involuntary context switches: 3017
	Swaps: 0
	File system inputs: 0
	File system outputs: 520
	Socket messages sent: 0
	Socket messages received: 0
	Signals delivered: 0
	Page size (bytes): 4096
	Exit status: 0
