direct MILP around optimized 14-sum-free equally spaced construction: 147 variables (135 integer), 284 constraints
base: m=14, q=4, delta=0.0357142857143, density=0.142857142857, anchor=0, extra_count=2, free_base_start=False

MILPSolution('direct MILP around optimized 14-sum-free equally spaced construction')
  status: optimal (Optimization terminated successfully. (HiGHS Status 7: Optimal))
  objective: maximize, optimum = 0.142857
  values:
    alpha_0 = 0.0357143
    alpha_1 = 0.0357143
    alpha_2 = 0.0357143
    alpha_3 = 0.0357143
    alpha_4 = 0
    alpha_5 = 0
    before_0-4 = 0
    before_0-5 = 0
    before_1-4 = 0
    before_1-5 = 0
    before_2-4 = 0
    before_2-5 = 0
    before_3-4 = 0
    before_3-5 = 0
    before_4-5 = 0
    n_0-0-0 = -1
    n_0-0-1 = -2
    n_0-0-2 = -3
    n_0-0-3 = -14
    n_0-0-4 = -1
    n_0-0-5 = -1
    n_0-1-0 = -1
    n_0-1-1 = -2
    n_0-1-2 = -3
    n_0-1-3 = -14
    n_0-1-4 = -1
    n_0-1-5 = -1
    n_0-2-0 = -1
    n_0-2-1 = -2
    n_0-2-2 = -3
    n_0-2-3 = -14
    n_0-2-4 = -1
    n_0-2-5 = -1
    n_0-3-0 = 0
    n_0-3-1 = -1
    n_0-3-2 = -2
    n_0-3-3 = -13
    n_0-3-4 = 0
    n_0-3-5 = 0
    n_0-4-0 = -1
    n_0-4-1 = -2
    n_0-4-2 = -3
    n_0-4-3 = -14
    n_0-4-4 = -1
    n_0-4-5 = -1
    n_0-5-0 = -1
    n_0-5-1 = -2
    n_0-5-2 = -3
    n_0-5-3 = -14
    n_0-5-4 = -1
    n_0-5-5 = -1
    n_1-1-0 = -1
    n_1-1-1 = -2
    n_1-1-2 = -3
    n_1-1-3 = -14
    n_1-1-4 = -1
    n_1-1-5 = -1
    n_1-2-0 = -1
    n_1-2-1 = -2
    n_1-2-2 = -3
    n_1-2-3 = -14
    n_1-2-4 = -1
    n_1-2-5 = -1
    n_1-3-0 = 0
    n_1-3-1 = -1
    n_1-3-2 = -2
    n_1-3-3 = -13
    n_1-3-4 = 0
    n_1-3-5 = 0
    n_1-4-0 = -1
    n_1-4-1 = -2
    n_1-4-2 = -3
    n_1-4-3 = -14
    n_1-4-4 = -1
    n_1-4-5 = -1
    n_1-5-0 = -1
    n_1-5-1 = -2
    n_1-5-2 = -3
    n_1-5-3 = -14
    n_1-5-4 = -1
    n_1-5-5 = -1
    n_2-2-0 = -1
    n_2-2-1 = -2
    n_2-2-2 = -3
    n_2-2-3 = -14
    n_2-2-4 = -1
    n_2-2-5 = 0
    n_2-3-0 = 0
    n_2-3-1 = -1
    n_2-3-2 = -2
    n_2-3-3 = -13
    n_2-3-4 = 0
    n_2-3-5 = 0
    n_2-4-0 = -1
    n_2-4-1 = -2
    n_2-4-2 = -3
    n_2-4-3 = -14
    n_2-4-4 = -1
    n_2-4-5 = -1
    n_2-5-0 = -1
    n_2-5-1 = -2
    n_2-5-2 = -3
    n_2-5-3 = -14
    n_2-5-4 = -1
    n_2-5-5 = -1
    n_3-3-0 = 1
    n_3-3-1 = 0
    n_3-3-2 = -1
    n_3-3-3 = -12
    n_3-3-4 = 1
    n_3-3-5 = 1
    n_3-4-0 = 0
    n_3-4-1 = -1
    n_3-4-2 = -2
    n_3-4-3 = -13
    n_3-4-4 = 0
    n_3-4-5 = 0
    n_3-5-0 = 0
    n_3-5-1 = -1
    n_3-5-2 = -2
    n_3-5-3 = -13
    n_3-5-4 = 0
    n_3-5-5 = 0
    n_4-4-0 = -1
    n_4-4-1 = -2
    n_4-4-2 = -3
    n_4-4-3 = -14
    n_4-4-4 = -1
    n_4-4-5 = -1
    n_4-5-0 = -1
    n_4-5-1 = -2
    n_4-5-2 = -3
    n_4-5-3 = -14
    n_4-5-4 = -1
    n_4-5-5 = -1
    n_5-5-0 = -1
    n_5-5-1 = -2
    n_5-5-2 = -3
    n_5-5-3 = -14
    n_5-5-4 = -1
    n_5-5-5 = -1
    x_0 = 0.0297619
    x_1 = 0.10119
    x_2 = 0.172619
    x_3 = 0.958333
    x_4 = 0.0297619
    x_5 = 0.0246599
  parameters:
    anchor = 0
    base_density = 0.14285714285714285
    delta = 0.03571428571428571
    epsilon = 0.0
    extra_alpha_upper_bound = 0.0625
    extra_count = 2
    extra_length_bound = None
    formulation = standard_variable_extra_milp
    free_base_start = False
    integer_lift_lower_bound = -15
    integer_lift_upper_bound = 2
    intervals = [{'index': 0, 'label': 'base_1', 'seed_start': 0.029761904761904878, 'seed_length': 0.03571428571428571, 'fixed_base': True}, {'index': 1, 'label': 'base_2', 'seed_start': 0.10119047619047628, 'seed_length': 0.03571428571428571, 'fixed_base': True}, {'index': 2, 'label': 'base_3', 'seed_start': 0.17261904761904767, 'seed_length': 0.03571428571428571, 'fixed_base': True}, {'index': 3, 'label': 'base_0', 'seed_start': 0.9583333333333334, 'seed_length': 0.03571428571428571, 'fixed_base': True}, {'index': 4, 'label': 'extra_0', 'seed_start': None, 'seed_length': None, 'fixed_base': False}, {'index': 5, 'label': 'extra_1', 'seed_start': None, 'seed_length': None, 'fixed_base': False}]
    m = 14
    q = 4
    solver_options = {'mip_rel_gap': 0.0}
    tolerance = 1e-09
    translated_missing_point = False
  solver details:
    mip_dual_bound = 0.142857
    mip_gap = 0
    mip_node_count = 206

base density: 0.142857142857
MILP density: 0.142857142857
gain:         0
improved:     False (tolerance=1e-09)

Intervals:
  0: base_1   (0.0297619047619, 0.0654761904762) length=0.0357142857143
  1: base_2   (0.10119047619, 0.136904761905) length=0.0357142857143
  2: base_3   (0.172619047619, 0.208333333333) length=0.0357142857143
  3: base_0   (0.958333333333, 0.994047619048) length=0.0357142857143
  4: extra_0  (0.0297619047619, 0.0297619047619) length=0
  5: extra_1  (0.0246598639456, 0.0246598639456) length=0

Saved problem JSON: /home/ferran/interval_proofs/json_results/verification_20260716/tiny_intervals_two_extra/variable_extra_milp_m14_q4_anchor0_freebase0_extra2_problem.json
Saved solution JSON: /home/ferran/interval_proofs/json_results/verification_20260716/tiny_intervals_two_extra/variable_extra_milp_m14_q4_anchor0_freebase0_extra2_solution.json
	Command being timed: ".venv/bin/python equally_spaced_tiny_interval_lp.py --m 14 --tie-choice larger --anchor 0 --extra-count 2 --mip-rel-gap 0 --require-success --output-dir /home/ferran/interval_proofs/json_results/verification_20260716/tiny_intervals_two_extra"
	User time (seconds): 2.91
	System time (seconds): 0.10
	Percent of CPU this job got: 195%
	Elapsed (wall clock) time (h:mm:ss or m:ss): 0:01.54
	Average shared text size (kbytes): 0
	Average unshared data size (kbytes): 0
	Average stack size (kbytes): 0
	Average total size (kbytes): 0
	Maximum resident set size (kbytes): 81956
	Average resident set size (kbytes): 0
	Major (requiring I/O) page faults: 0
	Minor (reclaiming a frame) page faults: 13515
	Voluntary context switches: 98
	Involuntary context switches: 542
	Swaps: 0
	File system inputs: 0
	File system outputs: 184
	Socket messages sent: 0
	Socket messages received: 0
	Signals delivered: 0
	Page size (bytes): 4096
	Exit status: 0
