direct MILP around optimized 21-sum-free equally spaced construction: 317 variables (301 integer), 622 constraints
base: m=21, q=6, delta=0.0227743271222, density=0.136645962733, anchor=0, extra_count=2, free_base_start=False

MILPSolution('direct MILP around optimized 21-sum-free equally spaced construction')
  status: optimal (Optimization terminated successfully. (HiGHS Status 7: Optimal))
  objective: maximize, optimum = 0.136843
  values:
    alpha_0 = 0.0227743
    alpha_1 = 0.0227743
    alpha_2 = 0.0227743
    alpha_3 = 0.0227743
    alpha_4 = 0.0227743
    alpha_5 = 0.0227743
    alpha_6 = 9.85902e-05
    alpha_7 = 9.85902e-05
    before_0-6 = 0
    before_0-7 = 0
    before_1-6 = 0
    before_1-7 = 0
    before_2-6 = 0
    before_2-7 = 0
    before_3-6 = 0
    before_3-7 = 0
    before_4-6 = 0
    before_4-7 = 0
    before_5-6 = 0
    before_5-7 = 0
    before_6-7 = 1
    n_0-0-0 = -1
    n_0-0-1 = -2
    n_0-0-2 = -3
    n_0-0-3 = -4
    n_0-0-4 = -5
    n_0-0-5 = -21
    n_0-0-6 = -1
    n_0-0-7 = -1
    n_0-1-0 = -1
    n_0-1-1 = -2
    n_0-1-2 = -3
    n_0-1-3 = -4
    n_0-1-4 = -5
    n_0-1-5 = -21
    n_0-1-6 = -1
    n_0-1-7 = -1
    n_0-2-0 = -1
    n_0-2-1 = -2
    n_0-2-2 = -3
    n_0-2-3 = -4
    n_0-2-4 = -5
    n_0-2-5 = -21
    n_0-2-6 = -1
    n_0-2-7 = -1
    n_0-3-0 = -1
    n_0-3-1 = -2
    n_0-3-2 = -3
    n_0-3-3 = -4
    n_0-3-4 = -5
    n_0-3-5 = -21
    n_0-3-6 = -1
    n_0-3-7 = -1
    n_0-4-0 = -1
    n_0-4-1 = -2
    n_0-4-2 = -3
    n_0-4-3 = -4
    n_0-4-4 = -5
    n_0-4-5 = -21
    n_0-4-6 = -1
    n_0-4-7 = -1
    n_0-5-0 = 0
    n_0-5-1 = -1
    n_0-5-2 = -2
    n_0-5-3 = -3
    n_0-5-4 = -4
    n_0-5-5 = -20
    n_0-5-6 = 0
    n_0-5-7 = 0
    n_0-6-0 = -1
    n_0-6-1 = -2
    n_0-6-2 = -3
    n_0-6-3 = -4
    n_0-6-4 = -5
    n_0-6-5 = -21
    n_0-6-6 = -1
    n_0-6-7 = -1
    n_0-7-0 = -1
    n_0-7-1 = -2
    n_0-7-2 = -3
    n_0-7-3 = -4
    n_0-7-4 = -5
    n_0-7-5 = -21
    n_0-7-6 = -1
    n_0-7-7 = -1
    n_1-1-0 = -1
    n_1-1-1 = -2
    n_1-1-2 = -3
    n_1-1-3 = -4
    n_1-1-4 = -5
    n_1-1-5 = -21
    n_1-1-6 = -1
    n_1-1-7 = -1
    n_1-2-0 = -1
    n_1-2-1 = -2
    n_1-2-2 = -3
    n_1-2-3 = -4
    n_1-2-4 = -5
    n_1-2-5 = -21
    n_1-2-6 = -1
    n_1-2-7 = -1
    n_1-3-0 = -1
    n_1-3-1 = -2
    n_1-3-2 = -3
    n_1-3-3 = -4
    n_1-3-4 = -5
    n_1-3-5 = -21
    n_1-3-6 = -1
    n_1-3-7 = -1
    n_1-4-0 = -1
    n_1-4-1 = -2
    n_1-4-2 = -3
    n_1-4-3 = -4
    n_1-4-4 = -5
    n_1-4-5 = -21
    n_1-4-6 = 0
    n_1-4-7 = -1
    n_1-5-0 = 0
    n_1-5-1 = -1
    n_1-5-2 = -2
    n_1-5-3 = -3
    n_1-5-4 = -4
    n_1-5-5 = -20
    n_1-5-6 = 0
    n_1-5-7 = 0
    n_1-6-0 = -1
    n_1-6-1 = -2
    n_1-6-2 = -3
    n_1-6-3 = -4
    n_1-6-4 = -5
    n_1-6-5 = -21
    n_1-6-6 = -1
    n_1-6-7 = -1
    n_1-7-0 = -1
    n_1-7-1 = -2
    n_1-7-2 = -3
    n_1-7-3 = -4
    n_1-7-4 = -5
    n_1-7-5 = -21
    n_1-7-6 = -1
    n_1-7-7 = -1
    n_2-2-0 = -1
    n_2-2-1 = -2
    n_2-2-2 = -3
    n_2-2-3 = -4
    n_2-2-4 = -5
    n_2-2-5 = -21
    n_2-2-6 = -1
    n_2-2-7 = -1
    n_2-3-0 = -1
    n_2-3-1 = -2
    n_2-3-2 = -3
    n_2-3-3 = -4
    n_2-3-4 = -5
    n_2-3-5 = -21
    n_2-3-6 = 0
    n_2-3-7 = -1
    n_2-4-0 = -1
    n_2-4-1 = -2
    n_2-4-2 = -3
    n_2-4-3 = -4
    n_2-4-4 = -5
    n_2-4-5 = -21
    n_2-4-6 = 0
    n_2-4-7 = 0
    n_2-5-0 = 0
    n_2-5-1 = -1
    n_2-5-2 = -2
    n_2-5-3 = -3
    n_2-5-4 = -4
    n_2-5-5 = -20
    n_2-5-6 = 0
    n_2-5-7 = 0
    n_2-6-0 = -1
    n_2-6-1 = -2
    n_2-6-2 = -3
    n_2-6-3 = -4
    n_2-6-4 = -5
    n_2-6-5 = -21
    n_2-6-6 = -1
    n_2-6-7 = -1
    n_2-7-0 = -1
    n_2-7-1 = -2
    n_2-7-2 = -3
    n_2-7-3 = -4
    n_2-7-4 = -5
    n_2-7-5 = -21
    n_2-7-6 = -1
    n_2-7-7 = -1
    n_3-3-0 = -1
    n_3-3-1 = -2
    n_3-3-2 = -3
    n_3-3-3 = -4
    n_3-3-4 = -5
    n_3-3-5 = -21
    n_3-3-6 = 0
    n_3-3-7 = 0
    n_3-4-0 = -1
    n_3-4-1 = -2
    n_3-4-2 = -3
    n_3-4-3 = -4
    n_3-4-4 = -5
    n_3-4-5 = -21
    n_3-4-6 = 0
    n_3-4-7 = 0
    n_3-5-0 = 0
    n_3-5-1 = -1
    n_3-5-2 = -2
    n_3-5-3 = -3
    n_3-5-4 = -4
    n_3-5-5 = -20
    n_3-5-6 = 0
    n_3-5-7 = 0
    n_3-6-0 = -1
    n_3-6-1 = -2
    n_3-6-2 = -3
    n_3-6-3 = -4
    n_3-6-4 = -5
    n_3-6-5 = -21
    n_3-6-6 = -1
    n_3-6-7 = -1
    n_3-7-0 = -1
    n_3-7-1 = -2
    n_3-7-2 = -3
    n_3-7-3 = -4
    n_3-7-4 = -5
    n_3-7-5 = -21
    n_3-7-6 = -1
    n_3-7-7 = -1
    n_4-4-0 = -1
    n_4-4-1 = -2
    n_4-4-2 = -3
    n_4-4-3 = -4
    n_4-4-4 = -5
    n_4-4-5 = -21
    n_4-4-6 = 0
    n_4-4-7 = 0
    n_4-5-0 = 0
    n_4-5-1 = -1
    n_4-5-2 = -2
    n_4-5-3 = -3
    n_4-5-4 = -4
    n_4-5-5 = -20
    n_4-5-6 = 0
    n_4-5-7 = 0
    n_4-6-0 = -1
    n_4-6-1 = -2
    n_4-6-2 = -3
    n_4-6-3 = -4
    n_4-6-4 = -5
    n_4-6-5 = -21
    n_4-6-6 = -1
    n_4-6-7 = -1
    n_4-7-0 = -1
    n_4-7-1 = -2
    n_4-7-2 = -3
    n_4-7-3 = -4
    n_4-7-4 = -5
    n_4-7-5 = -21
    n_4-7-6 = -1
    n_4-7-7 = -1
    n_5-5-0 = 1
    n_5-5-1 = 0
    n_5-5-2 = -1
    n_5-5-3 = -2
    n_5-5-4 = -3
    n_5-5-5 = -19
    n_5-5-6 = 1
    n_5-5-7 = 1
    n_5-6-0 = 0
    n_5-6-1 = -1
    n_5-6-2 = -2
    n_5-6-3 = -3
    n_5-6-4 = -4
    n_5-6-5 = -20
    n_5-6-6 = 0
    n_5-6-7 = 0
    n_5-7-0 = 0
    n_5-7-1 = -1
    n_5-7-2 = -2
    n_5-7-3 = -3
    n_5-7-4 = -4
    n_5-7-5 = -20
    n_5-7-6 = 0
    n_5-7-7 = 0
    n_6-6-0 = -1
    n_6-6-1 = -2
    n_6-6-2 = -3
    n_6-6-3 = -4
    n_6-6-4 = -5
    n_6-6-5 = -21
    n_6-6-6 = -1
    n_6-6-7 = -1
    n_6-7-0 = -1
    n_6-7-1 = -2
    n_6-7-2 = -3
    n_6-7-3 = -4
    n_6-7-4 = -5
    n_6-7-5 = -21
    n_6-7-6 = -1
    n_6-7-7 = -1
    n_7-7-0 = -1
    n_7-7-1 = -2
    n_7-7-2 = -3
    n_7-7-3 = -4
    n_7-7-4 = -5
    n_7-7-5 = -21
    n_7-7-6 = -1
    n_7-7-7 = -1
    x_0 = 0.0224474
    x_1 = 0.0700665
    x_2 = 0.117686
    x_3 = 0.165305
    x_4 = 0.212924
    x_5 = 0.974828
    x_6 = 0.0133771
    x_7 = 0.0156447
  parameters:
    anchor = 0
    base_density = 0.13664596273291924
    delta = 0.022774327122153208
    epsilon = 0.0
    extra_alpha_upper_bound = 0.043478260869565216
    extra_count = 2
    extra_length_bound = None
    formulation = standard_variable_extra_milp
    free_base_start = False
    integer_lift_lower_bound = -22
    integer_lift_upper_bound = 2
    intervals = [{'index': 0, 'label': 'base_1', 'seed_start': 0.022447422905088832, 'seed_length': 0.022774327122153208, 'fixed_base': True}, {'index': 1, 'label': 'base_2', 'seed_start': 0.07006647052413628, 'seed_length': 0.022774327122153208, 'fixed_base': True}, {'index': 2, 'label': 'base_3', 'seed_start': 0.11768551814318395, 'seed_length': 0.022774327122153208, 'fixed_base': True}, {'index': 3, 'label': 'base_4', 'seed_start': 0.16530456576223163, 'seed_length': 0.022774327122153208, 'fixed_base': True}, {'index': 4, 'label': 'base_5', 'seed_start': 0.2129236133812793, 'seed_length': 0.022774327122153208, 'fixed_base': True}, {'index': 5, 'label': 'base_0', 'seed_start': 0.9748283752860412, 'seed_length': 0.022774327122153208, 'fixed_base': True}, {'index': 6, 'label': 'extra_0', 'seed_start': None, 'seed_length': None, 'fixed_base': False}, {'index': 7, 'label': 'extra_1', 'seed_start': None, 'seed_length': None, 'fixed_base': False}]
    m = 21
    q = 6
    solver_options = {'mip_rel_gap': 0.0}
    tolerance = 1e-09
    translated_missing_point = False
  solver details:
    mip_dual_bound = 0.136843
    mip_gap = 0
    mip_node_count = 1607

base density: 0.136645962733
MILP density: 0.136843143054
gain:         0.000197180321404
improved:     True (tolerance=1e-09)

Intervals:
  0: base_1   (0.0224474229051, 0.0452217500272) length=0.0227743271222
  1: base_2   (0.0700664705241, 0.0928407976463) length=0.0227743271222
  2: base_3   (0.117685518143, 0.140459845265) length=0.0227743271222
  3: base_4   (0.165304565762, 0.188078892884) length=0.0227743271222
  4: base_5   (0.212923613381, 0.235697940503) length=0.0227743271222
  5: base_0   (0.974828375286, 0.997602702408) length=0.0227743271222
  6: extra_0  (0.0133771281205, 0.0134757182812) length=9.8590160702e-05
  7: extra_1  (0.0156447018167, 0.0157432919774) length=9.8590160702e-05

Saved problem JSON: /home/ferran/interval_proofs/json_results/verification_20260716/tiny_intervals_two_extra/variable_extra_milp_m21_q6_anchor0_freebase0_extra2_problem.json
Saved solution JSON: /home/ferran/interval_proofs/json_results/verification_20260716/tiny_intervals_two_extra/variable_extra_milp_m21_q6_anchor0_freebase0_extra2_solution.json
	Command being timed: ".venv/bin/python equally_spaced_tiny_interval_lp.py --m 21 --tie-choice larger --anchor 0 --extra-count 2 --mip-rel-gap 0 --require-success --output-dir /home/ferran/interval_proofs/json_results/verification_20260716/tiny_intervals_two_extra"
	User time (seconds): 4.27
	System time (seconds): 0.10
	Percent of CPU this job got: 192%
	Elapsed (wall clock) time (h:mm:ss or m:ss): 0:02.27
	Average shared text size (kbytes): 0
	Average unshared data size (kbytes): 0
	Average stack size (kbytes): 0
	Average total size (kbytes): 0
	Maximum resident set size (kbytes): 84584
	Average resident set size (kbytes): 0
	Major (requiring I/O) page faults: 0
	Minor (reclaiming a frame) page faults: 14650
	Voluntary context switches: 123
	Involuntary context switches: 839
	Swaps: 0
	File system inputs: 0
	File system outputs: 384
	Socket messages sent: 0
	Socket messages received: 0
	Signals delivered: 0
	Page size (bytes): 4096
	Exit status: 0
