direct MILP around optimized 41-sum-free equally spaced construction: 1232 variables (1206 integer), 2447 constraints
base: m=41, q=11, delta=0.011911514464, density=0.131026659104, anchor=0, extra_count=2, free_base_start=False

MILPSolution('direct MILP around optimized 41-sum-free equally spaced construction')
  status: optimal (Optimization terminated successfully. (HiGHS Status 7: Optimal))
  objective: maximize, optimum = 0.131054
  values:
    alpha_0 = 0.0119115
    alpha_1 = 0.0119115
    alpha_10 = 0.0119115
    alpha_11 = 1.38345e-05
    alpha_12 = 1.38345e-05
    alpha_2 = 0.0119115
    alpha_3 = 0.0119115
    alpha_4 = 0.0119115
    alpha_5 = 0.0119115
    alpha_6 = 0.0119115
    alpha_7 = 0.0119115
    alpha_8 = 0.0119115
    alpha_9 = 0.0119115
    before_0-11 = 1
    before_0-12 = 1
    before_1-11 = 1
    before_1-12 = 1
    before_10-11 = 0
    before_10-12 = 0
    before_11-12 = 0
    before_2-11 = 1
    before_2-12 = 0
    before_3-11 = 0
    before_3-12 = 0
    before_4-11 = 0
    before_4-12 = 0
    before_5-11 = 0
    before_5-12 = 0
    before_6-11 = 0
    before_6-12 = 0
    before_7-11 = 0
    before_7-12 = 0
    before_8-11 = 0
    before_8-12 = 0
    before_9-11 = 0
    before_9-12 = 0
    n_0-0-0 = -1
    n_0-0-1 = -2
    n_0-0-10 = -41
    n_0-0-11 = -4
    n_0-0-12 = -2
    n_0-0-2 = -3
    n_0-0-3 = -4
    n_0-0-4 = -5
    n_0-0-5 = -6
    n_0-0-6 = -7
    n_0-0-7 = -8
    n_0-0-8 = -9
    n_0-0-9 = -10
    n_0-1-0 = -1
    n_0-1-1 = -2
    n_0-1-10 = -41
    n_0-1-11 = -4
    n_0-1-12 = -2
    n_0-1-2 = -3
    n_0-1-3 = -4
    n_0-1-4 = -5
    n_0-1-5 = -6
    n_0-1-6 = -7
    n_0-1-7 = -8
    n_0-1-8 = -9
    n_0-1-9 = -10
    n_0-10-0 = 0
    n_0-10-1 = -1
    n_0-10-10 = -40
    n_0-10-11 = -3
    n_0-10-12 = -2
    n_0-10-2 = -2
    n_0-10-3 = -3
    n_0-10-4 = -4
    n_0-10-5 = -5
    n_0-10-6 = -6
    n_0-10-7 = -7
    n_0-10-8 = -8
    n_0-10-9 = -9
    n_0-11-0 = -1
    n_0-11-1 = -2
    n_0-11-10 = -41
    n_0-11-11 = -4
    n_0-11-12 = -2
    n_0-11-2 = -3
    n_0-11-3 = -4
    n_0-11-4 = -5
    n_0-11-5 = -6
    n_0-11-6 = -7
    n_0-11-7 = -8
    n_0-11-8 = -9
    n_0-11-9 = -10
    n_0-12-0 = -1
    n_0-12-1 = -2
    n_0-12-10 = -41
    n_0-12-11 = -4
    n_0-12-12 = -2
    n_0-12-2 = -3
    n_0-12-3 = -4
    n_0-12-4 = -5
    n_0-12-5 = -6
    n_0-12-6 = -7
    n_0-12-7 = -8
    n_0-12-8 = -9
    n_0-12-9 = -10
    n_0-2-0 = -1
    n_0-2-1 = -2
    n_0-2-10 = -41
    n_0-2-11 = -4
    n_0-2-12 = -2
    n_0-2-2 = -3
    n_0-2-3 = -4
    n_0-2-4 = -5
    n_0-2-5 = -6
    n_0-2-6 = -7
    n_0-2-7 = -8
    n_0-2-8 = -9
    n_0-2-9 = -10
    n_0-3-0 = -1
    n_0-3-1 = -2
    n_0-3-10 = -41
    n_0-3-11 = -4
    n_0-3-12 = -2
    n_0-3-2 = -3
    n_0-3-3 = -4
    n_0-3-4 = -5
    n_0-3-5 = -6
    n_0-3-6 = -7
    n_0-3-7 = -8
    n_0-3-8 = -9
    n_0-3-9 = -10
    n_0-4-0 = -1
    n_0-4-1 = -2
    n_0-4-10 = -41
    n_0-4-11 = -4
    n_0-4-12 = -2
    n_0-4-2 = -3
    n_0-4-3 = -4
    n_0-4-4 = -5
    n_0-4-5 = -6
    n_0-4-6 = -7
    n_0-4-7 = -8
    n_0-4-8 = -9
    n_0-4-9 = -10
    n_0-5-0 = -1
    n_0-5-1 = -2
    n_0-5-10 = -41
    n_0-5-11 = -4
    n_0-5-12 = -2
    n_0-5-2 = -3
    n_0-5-3 = -4
    n_0-5-4 = -5
    n_0-5-5 = -6
    n_0-5-6 = -7
    n_0-5-7 = -8
    n_0-5-8 = -9
    n_0-5-9 = -10
    n_0-6-0 = -1
    n_0-6-1 = -2
    n_0-6-10 = -41
    n_0-6-11 = -4
    n_0-6-12 = -2
    n_0-6-2 = -3
    n_0-6-3 = -4
    n_0-6-4 = -5
    n_0-6-5 = -6
    n_0-6-6 = -7
    n_0-6-7 = -8
    n_0-6-8 = -9
    n_0-6-9 = -10
    n_0-7-0 = -1
    n_0-7-1 = -2
    n_0-7-10 = -41
    n_0-7-11 = -4
    n_0-7-12 = -2
    n_0-7-2 = -3
    n_0-7-3 = -4
    n_0-7-4 = -5
    n_0-7-5 = -6
    n_0-7-6 = -7
    n_0-7-7 = -8
    n_0-7-8 = -9
    n_0-7-9 = -10
    n_0-8-0 = -1
    n_0-8-1 = -2
    n_0-8-10 = -41
    n_0-8-11 = -4
    n_0-8-12 = -2
    n_0-8-2 = -3
    n_0-8-3 = -4
    n_0-8-4 = -5
    n_0-8-5 = -6
    n_0-8-6 = -7
    n_0-8-7 = -8
    n_0-8-8 = -9
    n_0-8-9 = -10
    n_0-9-0 = -1
    n_0-9-1 = -2
    n_0-9-10 = -41
    n_0-9-11 = -4
    n_0-9-12 = -2
    n_0-9-2 = -3
    n_0-9-3 = -4
    n_0-9-4 = -5
    n_0-9-5 = -6
    n_0-9-6 = -7
    n_0-9-7 = -8
    n_0-9-8 = -9
    n_0-9-9 = -10
    n_1-1-0 = -1
    n_1-1-1 = -2
    n_1-1-10 = -41
    n_1-1-11 = -4
    n_1-1-12 = -2
    n_1-1-2 = -3
    n_1-1-3 = -4
    n_1-1-4 = -5
    n_1-1-5 = -6
    n_1-1-6 = -7
    n_1-1-7 = -8
    n_1-1-8 = -9
    n_1-1-9 = -10
    n_1-10-0 = 0
    n_1-10-1 = -1
    n_1-10-10 = -40
    n_1-10-11 = -3
    n_1-10-12 = -1
    n_1-10-2 = -2
    n_1-10-3 = -3
    n_1-10-4 = -4
    n_1-10-5 = -5
    n_1-10-6 = -6
    n_1-10-7 = -7
    n_1-10-8 = -8
    n_1-10-9 = -9
    n_1-11-0 = -1
    n_1-11-1 = -2
    n_1-11-10 = -41
    n_1-11-11 = -4
    n_1-11-12 = -2
    n_1-11-2 = -3
    n_1-11-3 = -4
    n_1-11-4 = -5
    n_1-11-5 = -6
    n_1-11-6 = -7
    n_1-11-7 = -8
    n_1-11-8 = -9
    n_1-11-9 = -10
    n_1-12-0 = -1
    n_1-12-1 = -2
    n_1-12-10 = -41
    n_1-12-11 = -4
    n_1-12-12 = -2
    n_1-12-2 = -3
    n_1-12-3 = -4
    n_1-12-4 = -5
    n_1-12-5 = -6
    n_1-12-6 = -7
    n_1-12-7 = -8
    n_1-12-8 = -9
    n_1-12-9 = -10
    n_1-2-0 = -1
    n_1-2-1 = -2
    n_1-2-10 = -41
    n_1-2-11 = -4
    n_1-2-12 = -2
    n_1-2-2 = -3
    n_1-2-3 = -4
    n_1-2-4 = -5
    n_1-2-5 = -6
    n_1-2-6 = -7
    n_1-2-7 = -8
    n_1-2-8 = -9
    n_1-2-9 = -10
    n_1-3-0 = -1
    n_1-3-1 = -2
    n_1-3-10 = -41
    n_1-3-11 = -4
    n_1-3-12 = -2
    n_1-3-2 = -3
    n_1-3-3 = -4
    n_1-3-4 = -5
    n_1-3-5 = -6
    n_1-3-6 = -7
    n_1-3-7 = -8
    n_1-3-8 = -9
    n_1-3-9 = -10
    n_1-4-0 = -1
    n_1-4-1 = -2
    n_1-4-10 = -41
    n_1-4-11 = -4
    n_1-4-12 = -2
    n_1-4-2 = -3
    n_1-4-3 = -4
    n_1-4-4 = -5
    n_1-4-5 = -6
    n_1-4-6 = -7
    n_1-4-7 = -8
    n_1-4-8 = -9
    n_1-4-9 = -10
    n_1-5-0 = -1
    n_1-5-1 = -2
    n_1-5-10 = -41
    n_1-5-11 = -4
    n_1-5-12 = -2
    n_1-5-2 = -3
    n_1-5-3 = -4
    n_1-5-4 = -5
    n_1-5-5 = -6
    n_1-5-6 = -7
    n_1-5-7 = -8
    n_1-5-8 = -9
    n_1-5-9 = -10
    n_1-6-0 = -1
    n_1-6-1 = -2
    n_1-6-10 = -41
    n_1-6-11 = -4
    n_1-6-12 = -2
    n_1-6-2 = -3
    n_1-6-3 = -4
    n_1-6-4 = -5
    n_1-6-5 = -6
    n_1-6-6 = -7
    n_1-6-7 = -8
    n_1-6-8 = -9
    n_1-6-9 = -10
    n_1-7-0 = -1
    n_1-7-1 = -2
    n_1-7-10 = -41
    n_1-7-11 = -4
    n_1-7-12 = -2
    n_1-7-2 = -3
    n_1-7-3 = -4
    n_1-7-4 = -5
    n_1-7-5 = -6
    n_1-7-6 = -7
    n_1-7-7 = -8
    n_1-7-8 = -9
    n_1-7-9 = -10
    n_1-8-0 = -1
    n_1-8-1 = -2
    n_1-8-10 = -41
    n_1-8-11 = -4
    n_1-8-12 = -2
    n_1-8-2 = -3
    n_1-8-3 = -4
    n_1-8-4 = -5
    n_1-8-5 = -6
    n_1-8-6 = -7
    n_1-8-7 = -8
    n_1-8-8 = -9
    n_1-8-9 = -10
    n_1-9-0 = -1
    n_1-9-1 = -2
    n_1-9-10 = -41
    n_1-9-11 = -4
    n_1-9-12 = -2
    n_1-9-2 = -3
    n_1-9-3 = -4
    n_1-9-4 = -5
    n_1-9-5 = -6
    n_1-9-6 = -7
    n_1-9-7 = -8
    n_1-9-8 = -9
    n_1-9-9 = -10
    n_10-10-0 = 1
    n_10-10-1 = 0
    n_10-10-10 = -39
    n_10-10-11 = -2
    n_10-10-12 = -1
    n_10-10-2 = -1
    n_10-10-3 = -2
    n_10-10-4 = -3
    n_10-10-5 = -4
    n_10-10-6 = -5
    n_10-10-7 = -6
    n_10-10-8 = -7
    n_10-10-9 = -8
    n_10-11-0 = 0
    n_10-11-1 = -1
    n_10-11-10 = -40
    n_10-11-11 = -3
    n_10-11-12 = -1
    n_10-11-2 = -2
    n_10-11-3 = -3
    n_10-11-4 = -4
    n_10-11-5 = -5
    n_10-11-6 = -6
    n_10-11-7 = -7
    n_10-11-8 = -8
    n_10-11-9 = -9
    n_10-12-0 = 0
    n_10-12-1 = -1
    n_10-12-10 = -40
    n_10-12-11 = -3
    n_10-12-12 = -1
    n_10-12-2 = -2
    n_10-12-3 = -3
    n_10-12-4 = -4
    n_10-12-5 = -5
    n_10-12-6 = -6
    n_10-12-7 = -7
    n_10-12-8 = -8
    n_10-12-9 = -9
    n_11-11-0 = -1
    n_11-11-1 = -2
    n_11-11-10 = -41
    n_11-11-11 = -4
    n_11-11-12 = -2
    n_11-11-2 = -3
    n_11-11-3 = -4
    n_11-11-4 = -5
    n_11-11-5 = -6
    n_11-11-6 = -7
    n_11-11-7 = -8
    n_11-11-8 = -9
    n_11-11-9 = -10
    n_11-12-0 = -1
    n_11-12-1 = -2
    n_11-12-10 = -41
    n_11-12-11 = -4
    n_11-12-12 = -2
    n_11-12-2 = -3
    n_11-12-3 = -4
    n_11-12-4 = -5
    n_11-12-5 = -6
    n_11-12-6 = -7
    n_11-12-7 = -8
    n_11-12-8 = -9
    n_11-12-9 = -10
    n_12-12-0 = -1
    n_12-12-1 = -2
    n_12-12-10 = -41
    n_12-12-11 = -4
    n_12-12-12 = -2
    n_12-12-2 = -3
    n_12-12-3 = -4
    n_12-12-4 = -5
    n_12-12-5 = -6
    n_12-12-6 = -7
    n_12-12-7 = -8
    n_12-12-8 = -9
    n_12-12-9 = -10
    n_2-10-0 = 0
    n_2-10-1 = -1
    n_2-10-10 = -40
    n_2-10-11 = -3
    n_2-10-12 = -1
    n_2-10-2 = -2
    n_2-10-3 = -3
    n_2-10-4 = -4
    n_2-10-5 = -5
    n_2-10-6 = -6
    n_2-10-7 = -7
    n_2-10-8 = -8
    n_2-10-9 = -9
    n_2-11-0 = -1
    n_2-11-1 = -2
    n_2-11-10 = -41
    n_2-11-11 = -4
    n_2-11-12 = -2
    n_2-11-2 = -3
    n_2-11-3 = -4
    n_2-11-4 = -5
    n_2-11-5 = -6
    n_2-11-6 = -7
    n_2-11-7 = -8
    n_2-11-8 = -9
    n_2-11-9 = -10
    n_2-12-0 = -1
    n_2-12-1 = -2
    n_2-12-10 = -41
    n_2-12-11 = -4
    n_2-12-12 = -2
    n_2-12-2 = -3
    n_2-12-3 = -4
    n_2-12-4 = -5
    n_2-12-5 = -6
    n_2-12-6 = -7
    n_2-12-7 = -8
    n_2-12-8 = -9
    n_2-12-9 = -10
    n_2-2-0 = -1
    n_2-2-1 = -2
    n_2-2-10 = -41
    n_2-2-11 = -4
    n_2-2-12 = -2
    n_2-2-2 = -3
    n_2-2-3 = -4
    n_2-2-4 = -5
    n_2-2-5 = -6
    n_2-2-6 = -7
    n_2-2-7 = -8
    n_2-2-8 = -9
    n_2-2-9 = -10
    n_2-3-0 = -1
    n_2-3-1 = -2
    n_2-3-10 = -41
    n_2-3-11 = -4
    n_2-3-12 = -2
    n_2-3-2 = -3
    n_2-3-3 = -4
    n_2-3-4 = -5
    n_2-3-5 = -6
    n_2-3-6 = -7
    n_2-3-7 = -8
    n_2-3-8 = -9
    n_2-3-9 = -10
    n_2-4-0 = -1
    n_2-4-1 = -2
    n_2-4-10 = -41
    n_2-4-11 = -4
    n_2-4-12 = -2
    n_2-4-2 = -3
    n_2-4-3 = -4
    n_2-4-4 = -5
    n_2-4-5 = -6
    n_2-4-6 = -7
    n_2-4-7 = -8
    n_2-4-8 = -9
    n_2-4-9 = -10
    n_2-5-0 = -1
    n_2-5-1 = -2
    n_2-5-10 = -41
    n_2-5-11 = -4
    n_2-5-12 = -2
    n_2-5-2 = -3
    n_2-5-3 = -4
    n_2-5-4 = -5
    n_2-5-5 = -6
    n_2-5-6 = -7
    n_2-5-7 = -8
    n_2-5-8 = -9
    n_2-5-9 = -10
    n_2-6-0 = -1
    n_2-6-1 = -2
    n_2-6-10 = -41
    n_2-6-11 = -4
    n_2-6-12 = -2
    n_2-6-2 = -3
    n_2-6-3 = -4
    n_2-6-4 = -5
    n_2-6-5 = -6
    n_2-6-6 = -7
    n_2-6-7 = -8
    n_2-6-8 = -9
    n_2-6-9 = -10
    n_2-7-0 = -1
    n_2-7-1 = -2
    n_2-7-10 = -41
    n_2-7-11 = -4
    n_2-7-12 = -2
    n_2-7-2 = -3
    n_2-7-3 = -4
    n_2-7-4 = -5
    n_2-7-5 = -6
    n_2-7-6 = -7
    n_2-7-7 = -8
    n_2-7-8 = -9
    n_2-7-9 = -10
    n_2-8-0 = -1
    n_2-8-1 = -2
    n_2-8-10 = -41
    n_2-8-11 = -4
    n_2-8-12 = -2
    n_2-8-2 = -3
    n_2-8-3 = -4
    n_2-8-4 = -5
    n_2-8-5 = -6
    n_2-8-6 = -7
    n_2-8-7 = -8
    n_2-8-8 = -9
    n_2-8-9 = -10
    n_2-9-0 = -1
    n_2-9-1 = -2
    n_2-9-10 = -41
    n_2-9-11 = -4
    n_2-9-12 = -2
    n_2-9-2 = -3
    n_2-9-3 = -4
    n_2-9-4 = -5
    n_2-9-5 = -6
    n_2-9-6 = -7
    n_2-9-7 = -8
    n_2-9-8 = -9
    n_2-9-9 = -10
    n_3-10-0 = 0
    n_3-10-1 = -1
    n_3-10-10 = -40
    n_3-10-11 = -3
    n_3-10-12 = -1
    n_3-10-2 = -2
    n_3-10-3 = -3
    n_3-10-4 = -4
    n_3-10-5 = -5
    n_3-10-6 = -6
    n_3-10-7 = -7
    n_3-10-8 = -8
    n_3-10-9 = -9
    n_3-11-0 = -1
    n_3-11-1 = -2
    n_3-11-10 = -41
    n_3-11-11 = -4
    n_3-11-12 = -2
    n_3-11-2 = -3
    n_3-11-3 = -4
    n_3-11-4 = -5
    n_3-11-5 = -6
    n_3-11-6 = -7
    n_3-11-7 = -8
    n_3-11-8 = -9
    n_3-11-9 = -10
    n_3-12-0 = -1
    n_3-12-1 = -2
    n_3-12-10 = -41
    n_3-12-11 = -4
    n_3-12-12 = -2
    n_3-12-2 = -3
    n_3-12-3 = -4
    n_3-12-4 = -5
    n_3-12-5 = -6
    n_3-12-6 = -7
    n_3-12-7 = -8
    n_3-12-8 = -9
    n_3-12-9 = -10
    n_3-3-0 = -1
    n_3-3-1 = -2
    n_3-3-10 = -41
    n_3-3-11 = -4
    n_3-3-12 = -2
    n_3-3-2 = -3
    n_3-3-3 = -4
    n_3-3-4 = -5
    n_3-3-5 = -6
    n_3-3-6 = -7
    n_3-3-7 = -8
    n_3-3-8 = -9
    n_3-3-9 = -10
    n_3-4-0 = -1
    n_3-4-1 = -2
    n_3-4-10 = -41
    n_3-4-11 = -4
    n_3-4-12 = -2
    n_3-4-2 = -3
    n_3-4-3 = -4
    n_3-4-4 = -5
    n_3-4-5 = -6
    n_3-4-6 = -7
    n_3-4-7 = -8
    n_3-4-8 = -9
    n_3-4-9 = -10
    n_3-5-0 = -1
    n_3-5-1 = -2
    n_3-5-10 = -41
    n_3-5-11 = -4
    n_3-5-12 = -2
    n_3-5-2 = -3
    n_3-5-3 = -4
    n_3-5-4 = -5
    n_3-5-5 = -6
    n_3-5-6 = -7
    n_3-5-7 = -8
    n_3-5-8 = -9
    n_3-5-9 = -10
    n_3-6-0 = -1
    n_3-6-1 = -2
    n_3-6-10 = -41
    n_3-6-11 = -4
    n_3-6-12 = -2
    n_3-6-2 = -3
    n_3-6-3 = -4
    n_3-6-4 = -5
    n_3-6-5 = -6
    n_3-6-6 = -7
    n_3-6-7 = -8
    n_3-6-8 = -9
    n_3-6-9 = -10
    n_3-7-0 = -1
    n_3-7-1 = -2
    n_3-7-10 = -41
    n_3-7-11 = -4
    n_3-7-12 = -2
    n_3-7-2 = -3
    n_3-7-3 = -4
    n_3-7-4 = -5
    n_3-7-5 = -6
    n_3-7-6 = -7
    n_3-7-7 = -8
    n_3-7-8 = -9
    n_3-7-9 = -10
    n_3-8-0 = -1
    n_3-8-1 = -2
    n_3-8-10 = -41
    n_3-8-11 = -4
    n_3-8-12 = -2
    n_3-8-2 = -3
    n_3-8-3 = -4
    n_3-8-4 = -5
    n_3-8-5 = -6
    n_3-8-6 = -7
    n_3-8-7 = -8
    n_3-8-8 = -9
    n_3-8-9 = -10
    n_3-9-0 = -1
    n_3-9-1 = -2
    n_3-9-10 = -41
    n_3-9-11 = -4
    n_3-9-12 = -2
    n_3-9-2 = -3
    n_3-9-3 = -4
    n_3-9-4 = -5
    n_3-9-5 = -6
    n_3-9-6 = -7
    n_3-9-7 = -8
    n_3-9-8 = -9
    n_3-9-9 = -10
    n_4-10-0 = 0
    n_4-10-1 = -1
    n_4-10-10 = -40
    n_4-10-11 = -3
    n_4-10-12 = -1
    n_4-10-2 = -2
    n_4-10-3 = -3
    n_4-10-4 = -4
    n_4-10-5 = -5
    n_4-10-6 = -6
    n_4-10-7 = -7
    n_4-10-8 = -8
    n_4-10-9 = -9
    n_4-11-0 = -1
    n_4-11-1 = -2
    n_4-11-10 = -41
    n_4-11-11 = -4
    n_4-11-12 = -2
    n_4-11-2 = -3
    n_4-11-3 = -4
    n_4-11-4 = -5
    n_4-11-5 = -6
    n_4-11-6 = -7
    n_4-11-7 = -8
    n_4-11-8 = -9
    n_4-11-9 = -10
    n_4-12-0 = -1
    n_4-12-1 = -2
    n_4-12-10 = -41
    n_4-12-11 = -4
    n_4-12-12 = -2
    n_4-12-2 = -3
    n_4-12-3 = -4
    n_4-12-4 = -5
    n_4-12-5 = -6
    n_4-12-6 = -7
    n_4-12-7 = -8
    n_4-12-8 = -9
    n_4-12-9 = -10
    n_4-4-0 = -1
    n_4-4-1 = -2
    n_4-4-10 = -41
    n_4-4-11 = -4
    n_4-4-12 = -2
    n_4-4-2 = -3
    n_4-4-3 = -4
    n_4-4-4 = -5
    n_4-4-5 = -6
    n_4-4-6 = -7
    n_4-4-7 = -8
    n_4-4-8 = -9
    n_4-4-9 = -10
    n_4-5-0 = -1
    n_4-5-1 = -2
    n_4-5-10 = -41
    n_4-5-11 = -4
    n_4-5-12 = -2
    n_4-5-2 = -3
    n_4-5-3 = -4
    n_4-5-4 = -5
    n_4-5-5 = -6
    n_4-5-6 = -7
    n_4-5-7 = -8
    n_4-5-8 = -9
    n_4-5-9 = -10
    n_4-6-0 = -1
    n_4-6-1 = -2
    n_4-6-10 = -41
    n_4-6-11 = -4
    n_4-6-12 = -2
    n_4-6-2 = -3
    n_4-6-3 = -4
    n_4-6-4 = -5
    n_4-6-5 = -6
    n_4-6-6 = -7
    n_4-6-7 = -8
    n_4-6-8 = -9
    n_4-6-9 = -10
    n_4-7-0 = -1
    n_4-7-1 = -2
    n_4-7-10 = -41
    n_4-7-11 = -4
    n_4-7-12 = -2
    n_4-7-2 = -3
    n_4-7-3 = -4
    n_4-7-4 = -5
    n_4-7-5 = -6
    n_4-7-6 = -7
    n_4-7-7 = -8
    n_4-7-8 = -9
    n_4-7-9 = -10
    n_4-8-0 = -1
    n_4-8-1 = -2
    n_4-8-10 = -41
    n_4-8-11 = -4
    n_4-8-12 = -2
    n_4-8-2 = -3
    n_4-8-3 = -4
    n_4-8-4 = -5
    n_4-8-5 = -6
    n_4-8-6 = -7
    n_4-8-7 = -8
    n_4-8-8 = -9
    n_4-8-9 = -10
    n_4-9-0 = -1
    n_4-9-1 = -2
    n_4-9-10 = -41
    n_4-9-11 = -4
    n_4-9-12 = -2
    n_4-9-2 = -3
    n_4-9-3 = -4
    n_4-9-4 = -5
    n_4-9-5 = -6
    n_4-9-6 = -7
    n_4-9-7 = -8
    n_4-9-8 = -9
    n_4-9-9 = -10
    n_5-10-0 = 0
    n_5-10-1 = -1
    n_5-10-10 = -40
    n_5-10-11 = -3
    n_5-10-12 = -1
    n_5-10-2 = -2
    n_5-10-3 = -3
    n_5-10-4 = -4
    n_5-10-5 = -5
    n_5-10-6 = -6
    n_5-10-7 = -7
    n_5-10-8 = -8
    n_5-10-9 = -9
    n_5-11-0 = -1
    n_5-11-1 = -2
    n_5-11-10 = -41
    n_5-11-11 = -4
    n_5-11-12 = -2
    n_5-11-2 = -3
    n_5-11-3 = -4
    n_5-11-4 = -5
    n_5-11-5 = -6
    n_5-11-6 = -7
    n_5-11-7 = -8
    n_5-11-8 = -9
    n_5-11-9 = -10
    n_5-12-0 = -1
    n_5-12-1 = -2
    n_5-12-10 = -41
    n_5-12-11 = -4
    n_5-12-12 = -2
    n_5-12-2 = -3
    n_5-12-3 = -4
    n_5-12-4 = -5
    n_5-12-5 = -6
    n_5-12-6 = -7
    n_5-12-7 = -8
    n_5-12-8 = -9
    n_5-12-9 = -10
    n_5-5-0 = -1
    n_5-5-1 = -2
    n_5-5-10 = -41
    n_5-5-11 = -4
    n_5-5-12 = -2
    n_5-5-2 = -3
    n_5-5-3 = -4
    n_5-5-4 = -5
    n_5-5-5 = -6
    n_5-5-6 = -7
    n_5-5-7 = -8
    n_5-5-8 = -9
    n_5-5-9 = -10
    n_5-6-0 = -1
    n_5-6-1 = -2
    n_5-6-10 = -41
    n_5-6-11 = -4
    n_5-6-12 = -2
    n_5-6-2 = -3
    n_5-6-3 = -4
    n_5-6-4 = -5
    n_5-6-5 = -6
    n_5-6-6 = -7
    n_5-6-7 = -8
    n_5-6-8 = -9
    n_5-6-9 = -10
    n_5-7-0 = -1
    n_5-7-1 = -2
    n_5-7-10 = -41
    n_5-7-11 = -4
    n_5-7-12 = -2
    n_5-7-2 = -3
    n_5-7-3 = -4
    n_5-7-4 = -5
    n_5-7-5 = -6
    n_5-7-6 = -7
    n_5-7-7 = -8
    n_5-7-8 = -9
    n_5-7-9 = -10
    n_5-8-0 = -1
    n_5-8-1 = -2
    n_5-8-10 = -41
    n_5-8-11 = -4
    n_5-8-12 = -2
    n_5-8-2 = -3
    n_5-8-3 = -4
    n_5-8-4 = -5
    n_5-8-5 = -6
    n_5-8-6 = -7
    n_5-8-7 = -8
    n_5-8-8 = -9
    n_5-8-9 = -10
    n_5-9-0 = -1
    n_5-9-1 = -2
    n_5-9-10 = -41
    n_5-9-11 = -3
    n_5-9-12 = -2
    n_5-9-2 = -3
    n_5-9-3 = -4
    n_5-9-4 = -5
    n_5-9-5 = -6
    n_5-9-6 = -7
    n_5-9-7 = -8
    n_5-9-8 = -9
    n_5-9-9 = -10
    n_6-10-0 = 0
    n_6-10-1 = -1
    n_6-10-10 = -40
    n_6-10-11 = -3
    n_6-10-12 = -1
    n_6-10-2 = -2
    n_6-10-3 = -3
    n_6-10-4 = -4
    n_6-10-5 = -5
    n_6-10-6 = -6
    n_6-10-7 = -7
    n_6-10-8 = -8
    n_6-10-9 = -9
    n_6-11-0 = -1
    n_6-11-1 = -2
    n_6-11-10 = -41
    n_6-11-11 = -4
    n_6-11-12 = -2
    n_6-11-2 = -3
    n_6-11-3 = -4
    n_6-11-4 = -5
    n_6-11-5 = -6
    n_6-11-6 = -7
    n_6-11-7 = -8
    n_6-11-8 = -9
    n_6-11-9 = -10
    n_6-12-0 = -1
    n_6-12-1 = -2
    n_6-12-10 = -41
    n_6-12-11 = -4
    n_6-12-12 = -2
    n_6-12-2 = -3
    n_6-12-3 = -4
    n_6-12-4 = -5
    n_6-12-5 = -6
    n_6-12-6 = -7
    n_6-12-7 = -8
    n_6-12-8 = -9
    n_6-12-9 = -10
    n_6-6-0 = -1
    n_6-6-1 = -2
    n_6-6-10 = -41
    n_6-6-11 = -4
    n_6-6-12 = -2
    n_6-6-2 = -3
    n_6-6-3 = -4
    n_6-6-4 = -5
    n_6-6-5 = -6
    n_6-6-6 = -7
    n_6-6-7 = -8
    n_6-6-8 = -9
    n_6-6-9 = -10
    n_6-7-0 = -1
    n_6-7-1 = -2
    n_6-7-10 = -41
    n_6-7-11 = -4
    n_6-7-12 = -2
    n_6-7-2 = -3
    n_6-7-3 = -4
    n_6-7-4 = -5
    n_6-7-5 = -6
    n_6-7-6 = -7
    n_6-7-7 = -8
    n_6-7-8 = -9
    n_6-7-9 = -10
    n_6-8-0 = -1
    n_6-8-1 = -2
    n_6-8-10 = -41
    n_6-8-11 = -3
    n_6-8-12 = -2
    n_6-8-2 = -3
    n_6-8-3 = -4
    n_6-8-4 = -5
    n_6-8-5 = -6
    n_6-8-6 = -7
    n_6-8-7 = -8
    n_6-8-8 = -9
    n_6-8-9 = -10
    n_6-9-0 = -1
    n_6-9-1 = -2
    n_6-9-10 = -41
    n_6-9-11 = -3
    n_6-9-12 = -2
    n_6-9-2 = -3
    n_6-9-3 = -4
    n_6-9-4 = -5
    n_6-9-5 = -6
    n_6-9-6 = -7
    n_6-9-7 = -8
    n_6-9-8 = -9
    n_6-9-9 = -10
    n_7-10-0 = 0
    n_7-10-1 = -1
    n_7-10-10 = -40
    n_7-10-11 = -3
    n_7-10-12 = -1
    n_7-10-2 = -2
    n_7-10-3 = -3
    n_7-10-4 = -4
    n_7-10-5 = -5
    n_7-10-6 = -6
    n_7-10-7 = -7
    n_7-10-8 = -8
    n_7-10-9 = -9
    n_7-11-0 = -1
    n_7-11-1 = -2
    n_7-11-10 = -41
    n_7-11-11 = -4
    n_7-11-12 = -2
    n_7-11-2 = -3
    n_7-11-3 = -4
    n_7-11-4 = -5
    n_7-11-5 = -6
    n_7-11-6 = -7
    n_7-11-7 = -8
    n_7-11-8 = -9
    n_7-11-9 = -10
    n_7-12-0 = -1
    n_7-12-1 = -2
    n_7-12-10 = -41
    n_7-12-11 = -4
    n_7-12-12 = -2
    n_7-12-2 = -3
    n_7-12-3 = -4
    n_7-12-4 = -5
    n_7-12-5 = -6
    n_7-12-6 = -7
    n_7-12-7 = -8
    n_7-12-8 = -9
    n_7-12-9 = -10
    n_7-7-0 = -1
    n_7-7-1 = -2
    n_7-7-10 = -41
    n_7-7-11 = -3
    n_7-7-12 = -2
    n_7-7-2 = -3
    n_7-7-3 = -4
    n_7-7-4 = -5
    n_7-7-5 = -6
    n_7-7-6 = -7
    n_7-7-7 = -8
    n_7-7-8 = -9
    n_7-7-9 = -10
    n_7-8-0 = -1
    n_7-8-1 = -2
    n_7-8-10 = -41
    n_7-8-11 = -3
    n_7-8-12 = -2
    n_7-8-2 = -3
    n_7-8-3 = -4
    n_7-8-4 = -5
    n_7-8-5 = -6
    n_7-8-6 = -7
    n_7-8-7 = -8
    n_7-8-8 = -9
    n_7-8-9 = -10
    n_7-9-0 = -1
    n_7-9-1 = -2
    n_7-9-10 = -41
    n_7-9-11 = -3
    n_7-9-12 = -2
    n_7-9-2 = -3
    n_7-9-3 = -4
    n_7-9-4 = -5
    n_7-9-5 = -6
    n_7-9-6 = -7
    n_7-9-7 = -8
    n_7-9-8 = -9
    n_7-9-9 = -10
    n_8-10-0 = 0
    n_8-10-1 = -1
    n_8-10-10 = -40
    n_8-10-11 = -3
    n_8-10-12 = -1
    n_8-10-2 = -2
    n_8-10-3 = -3
    n_8-10-4 = -4
    n_8-10-5 = -5
    n_8-10-6 = -6
    n_8-10-7 = -7
    n_8-10-8 = -8
    n_8-10-9 = -9
    n_8-11-0 = -1
    n_8-11-1 = -2
    n_8-11-10 = -41
    n_8-11-11 = -4
    n_8-11-12 = -2
    n_8-11-2 = -3
    n_8-11-3 = -4
    n_8-11-4 = -5
    n_8-11-5 = -6
    n_8-11-6 = -7
    n_8-11-7 = -8
    n_8-11-8 = -9
    n_8-11-9 = -10
    n_8-12-0 = -1
    n_8-12-1 = -2
    n_8-12-10 = -41
    n_8-12-11 = -4
    n_8-12-12 = -2
    n_8-12-2 = -3
    n_8-12-3 = -4
    n_8-12-4 = -5
    n_8-12-5 = -6
    n_8-12-6 = -7
    n_8-12-7 = -8
    n_8-12-8 = -9
    n_8-12-9 = -10
    n_8-8-0 = -1
    n_8-8-1 = -2
    n_8-8-10 = -41
    n_8-8-11 = -3
    n_8-8-12 = -2
    n_8-8-2 = -3
    n_8-8-3 = -4
    n_8-8-4 = -5
    n_8-8-5 = -6
    n_8-8-6 = -7
    n_8-8-7 = -8
    n_8-8-8 = -9
    n_8-8-9 = -10
    n_8-9-0 = -1
    n_8-9-1 = -2
    n_8-9-10 = -41
    n_8-9-11 = -3
    n_8-9-12 = -2
    n_8-9-2 = -3
    n_8-9-3 = -4
    n_8-9-4 = -5
    n_8-9-5 = -6
    n_8-9-6 = -7
    n_8-9-7 = -8
    n_8-9-8 = -9
    n_8-9-9 = -10
    n_9-10-0 = 0
    n_9-10-1 = -1
    n_9-10-10 = -40
    n_9-10-11 = -3
    n_9-10-12 = -1
    n_9-10-2 = -2
    n_9-10-3 = -3
    n_9-10-4 = -4
    n_9-10-5 = -5
    n_9-10-6 = -6
    n_9-10-7 = -7
    n_9-10-8 = -8
    n_9-10-9 = -9
    n_9-11-0 = -1
    n_9-11-1 = -2
    n_9-11-10 = -41
    n_9-11-11 = -4
    n_9-11-12 = -2
    n_9-11-2 = -3
    n_9-11-3 = -4
    n_9-11-4 = -5
    n_9-11-5 = -6
    n_9-11-6 = -7
    n_9-11-7 = -8
    n_9-11-8 = -9
    n_9-11-9 = -10
    n_9-12-0 = -1
    n_9-12-1 = -2
    n_9-12-10 = -41
    n_9-12-11 = -4
    n_9-12-12 = -2
    n_9-12-2 = -3
    n_9-12-3 = -4
    n_9-12-4 = -5
    n_9-12-5 = -6
    n_9-12-6 = -7
    n_9-12-7 = -8
    n_9-12-8 = -9
    n_9-12-9 = -10
    n_9-9-0 = -1
    n_9-9-1 = -2
    n_9-9-10 = -41
    n_9-9-11 = -3
    n_9-9-12 = -2
    n_9-9-2 = -3
    n_9-9-3 = -4
    n_9-9-4 = -5
    n_9-9-5 = -6
    n_9-9-6 = -7
    n_9-9-7 = -8
    n_9-9-8 = -9
    n_9-9-9 = -10
    x_0 = 0.0118679
    x_1 = 0.0362581
    x_10 = 0.987478
    x_11 = 0.0820642
    x_12 = 0.0493456
    x_2 = 0.0606484
    x_3 = 0.0850386
    x_4 = 0.109429
    x_5 = 0.133819
    x_6 = 0.158209
    x_7 = 0.1826
    x_8 = 0.20699
    x_9 = 0.23138
  parameters:
    anchor = 0
    base_density = 0.13102665910380035
    delta = 0.01191151446398185
    epsilon = 0.0
    extra_alpha_upper_bound = 0.023255813953488372
    extra_count = 2
    extra_length_bound = None
    formulation = standard_variable_extra_milp
    free_base_start = False
    integer_lift_lower_bound = -42
    integer_lift_upper_bound = 2
    intervals = [{'index': 0, 'label': 'base_1', 'seed_start': 0.011867882542868413, 'seed_length': 0.01191151446398185, 'fixed_base': True}, {'index': 1, 'label': 'base_2', 'seed_start': 0.03625812644530746, 'seed_length': 0.01191151446398185, 'fixed_base': True}, {'index': 2, 'label': 'base_3', 'seed_start': 0.060648370347746505, 'seed_length': 0.01191151446398185, 'fixed_base': True}, {'index': 3, 'label': 'base_4', 'seed_start': 0.08503861425018555, 'seed_length': 0.01191151446398185, 'fixed_base': True}, {'index': 4, 'label': 'base_5', 'seed_start': 0.10942885815262438, 'seed_length': 0.01191151446398185, 'fixed_base': True}, {'index': 5, 'label': 'base_6', 'seed_start': 0.13381910205506342, 'seed_length': 0.01191151446398185, 'fixed_base': True}, {'index': 6, 'label': 'base_7', 'seed_start': 0.15820934595750247, 'seed_length': 0.01191151446398185, 'fixed_base': True}, {'index': 7, 'label': 'base_8', 'seed_start': 0.1825995898599415, 'seed_length': 0.01191151446398185, 'fixed_base': True}, {'index': 8, 'label': 'base_9', 'seed_start': 0.20698983376238056, 'seed_length': 0.01191151446398185, 'fixed_base': True}, {'index': 9, 'label': 'base_10', 'seed_start': 0.2313800776648196, 'seed_length': 0.01191151446398185, 'fixed_base': True}, {'index': 10, 'label': 'base_0', 'seed_start': 0.9874776386404294, 'seed_length': 0.01191151446398185, 'fixed_base': True}, {'index': 11, 'label': 'extra_0', 'seed_start': None, 'seed_length': None, 'fixed_base': False}, {'index': 12, 'label': 'extra_1', 'seed_start': None, 'seed_length': None, 'fixed_base': False}]
    m = 41
    q = 11
    solver_options = {'mip_rel_gap': 0.0}
    tolerance = 1e-09
    translated_missing_point = False
  solver details:
    mip_dual_bound = 0.131054
    mip_gap = 0
    mip_node_count = 46337

base density: 0.131026659104
MILP density: 0.131054328134
gain:         2.76690297458e-05
improved:     True (tolerance=1e-09)

Intervals:
  0: base_1   (0.0118678825429, 0.0237793970069) length=0.011911514464
  1: base_2   (0.0362581264453, 0.0481696409093) length=0.011911514464
  2: base_3   (0.0606483703477, 0.0725598848117) length=0.011911514464
  3: base_4   (0.0850386142502, 0.0969501287142) length=0.011911514464
  4: base_5   (0.109428858153, 0.121340372617) length=0.011911514464
  5: base_6   (0.133819102055, 0.145730616519) length=0.011911514464
  6: base_7   (0.158209345958, 0.170120860421) length=0.011911514464
  7: base_8   (0.18259958986, 0.194511104324) length=0.011911514464
  8: base_9   (0.206989833762, 0.218901348226) length=0.011911514464
  9: base_10  (0.231380077665, 0.243291592129) length=0.011911514464
  10: base_0   (0.98747763864, 0.999389153104) length=0.011911514464
  11: extra_0  (0.0820641942621, 0.0820780287803) length=1.38345181733e-05
  12: extra_1  (0.049345574393, 0.0493594089045) length=1.38345115726e-05

Saved problem JSON: /home/ferran/interval_proofs/json_results/verification_20260716/tiny_intervals_two_extra/variable_extra_milp_m41_q11_anchor0_freebase0_extra2_problem.json
Saved solution JSON: /home/ferran/interval_proofs/json_results/verification_20260716/tiny_intervals_two_extra/variable_extra_milp_m41_q11_anchor0_freebase0_extra2_solution.json
HighsMipSolverData::transformNewIntegerFeasibleSolution tmpSolver.run();
HighsMipSolverData::transformNewIntegerFeasibleSolution tmpSolver.run();
HighsMipSolverData::transformNewIntegerFeasibleSolution tmpSolver.run();
HighsMipSolverData::transformNewIntegerFeasibleSolution tmpSolver.run();
	Command being timed: ".venv/bin/python equally_spaced_tiny_interval_lp.py --m 41 --tie-choice larger --anchor 0 --extra-count 2 --mip-rel-gap 0 --require-success --output-dir /home/ferran/interval_proofs/json_results/verification_20260716/tiny_intervals_two_extra"
	User time (seconds): 92.07
	System time (seconds): 1.40
	Percent of CPU this job got: 108%
	Elapsed (wall clock) time (h:mm:ss or m:ss): 1:26.15
	Average shared text size (kbytes): 0
	Average unshared data size (kbytes): 0
	Average stack size (kbytes): 0
	Average total size (kbytes): 0
	Maximum resident set size (kbytes): 112080
	Average resident set size (kbytes): 0
	Major (requiring I/O) page faults: 0
	Minor (reclaiming a frame) page faults: 21729
	Voluntary context switches: 913
	Involuntary context switches: 1657
	Swaps: 0
	File system inputs: 0
	File system outputs: 1480
	Socket messages sent: 0
	Socket messages received: 0
	Signals delivered: 0
	Page size (bytes): 4096
	Exit status: 0
