N=4: computing full-model bound
N=4: testing 40 singleton exclusions
N=4: 16 singleton-removable triples; searching maximal families
N=4: wrote 5 families to json_results/verification_20260716/removable_interactions/maximal_excludable_triples_m3_N4-5_partial.txt after 125.8s
N=5: computing full-model bound
N=5: testing 75 singleton exclusions
N=5: 32 singleton-removable triples; searching maximal families
N=5: wrote 0 families to json_results/verification_20260716/removable_interactions/maximal_excludable_triples_m3_N4-5_partial.txt after 852.2s
Final report written to json_results/verification_20260716/removable_interactions/maximal_excludable_triples_m3_N4-5_partial.txt
	Command being timed: ".venv/bin/python find_excludable_sum_free_triples.py --n-values 4,5 --m 3 --target-bound 0.2 --width-cuts --mip-rel-gap 0 --max-families 5 --search-time-limit 120 --output-txt json_results/verification_20260716/removable_interactions/maximal_excludable_triples_m3_N4-5_partial.txt"
	User time (seconds): 1033.61
	System time (seconds): 9.58
	Percent of CPU this job got: 106%
	Elapsed (wall clock) time (h:mm:ss or m:ss): 16:18.47
	Average shared text size (kbytes): 0
	Average unshared data size (kbytes): 0
	Average stack size (kbytes): 0
	Average total size (kbytes): 0
	Maximum resident set size (kbytes): 98792
	Average resident set size (kbytes): 0
	Major (requiring I/O) page faults: 0
	Minor (reclaiming a frame) page faults: 31598
	Voluntary context switches: 6934
	Involuntary context switches: 21005
	Swaps: 0
	File system inputs: 0
	File system outputs: 24
	Socket messages sent: 0
	Socket messages received: 0
	Signals delivered: 0
	Page size (bytes): 4096
	Exit status: 0
