13.0-sum-free set problem for 6 intervals: 138 variables (126 integer), 556 constraints
MILPSolution('13.0-sum-free set problem for 6 intervals')
  status: optimal (Optimization terminated successfully. (HiGHS Status 7: Optimal))
  objective: maximize, optimum = 0.144379
  values:
    alpha_0 = 0.0358974
    alpha_1 = 0.000394564
    alpha_2 = 0.0358974
    alpha_3 = 0.000394491
    alpha_4 = 0.0358974
    alpha_5 = 0.0358973
    n_0-0-0 = -2
    n_0-0-1 = -3
    n_0-0-2 = -3
    n_0-0-3 = -4
    n_0-0-4 = -4
    n_0-0-5 = -5
    n_0-1-0 = -2
    n_0-1-1 = -3
    n_0-1-2 = -3
    n_0-1-3 = -4
    n_0-1-4 = -4
    n_0-1-5 = -5
    n_0-2-0 = -2
    n_0-2-1 = -3
    n_0-2-2 = -3
    n_0-2-3 = -4
    n_0-2-4 = -4
    n_0-2-5 = -5
    n_0-3-0 = -2
    n_0-3-1 = -3
    n_0-3-2 = -3
    n_0-3-3 = -4
    n_0-3-4 = -4
    n_0-3-5 = -5
    n_0-4-0 = -2
    n_0-4-1 = -3
    n_0-4-2 = -3
    n_0-4-3 = -4
    n_0-4-4 = -4
    n_0-4-5 = -5
    n_0-5-0 = -2
    n_0-5-1 = -3
    n_0-5-2 = -3
    n_0-5-3 = -4
    n_0-5-4 = -4
    n_0-5-5 = -5
    n_1-1-0 = -2
    n_1-1-1 = -3
    n_1-1-2 = -3
    n_1-1-3 = -4
    n_1-1-4 = -4
    n_1-1-5 = -5
    n_1-2-0 = -2
    n_1-2-1 = -3
    n_1-2-2 = -3
    n_1-2-3 = -4
    n_1-2-4 = -4
    n_1-2-5 = -5
    n_1-3-0 = -2
    n_1-3-1 = -3
    n_1-3-2 = -3
    n_1-3-3 = -4
    n_1-3-4 = -4
    n_1-3-5 = -5
    n_1-4-0 = -2
    n_1-4-1 = -3
    n_1-4-2 = -3
    n_1-4-3 = -4
    n_1-4-4 = -4
    n_1-4-5 = -5
    n_1-5-0 = -2
    n_1-5-1 = -3
    n_1-5-2 = -3
    n_1-5-3 = -4
    n_1-5-4 = -4
    n_1-5-5 = -5
    n_2-2-0 = -2
    n_2-2-1 = -3
    n_2-2-2 = -3
    n_2-2-3 = -4
    n_2-2-4 = -4
    n_2-2-5 = -5
    n_2-3-0 = -2
    n_2-3-1 = -3
    n_2-3-2 = -3
    n_2-3-3 = -4
    n_2-3-4 = -4
    n_2-3-5 = -5
    n_2-4-0 = -2
    n_2-4-1 = -3
    n_2-4-2 = -3
    n_2-4-3 = -4
    n_2-4-4 = -4
    n_2-4-5 = -5
    n_2-5-0 = -2
    n_2-5-1 = -3
    n_2-5-2 = -3
    n_2-5-3 = -4
    n_2-5-4 = -4
    n_2-5-5 = -5
    n_3-3-0 = -2
    n_3-3-1 = -3
    n_3-3-2 = -3
    n_3-3-3 = -4
    n_3-3-4 = -4
    n_3-3-5 = -5
    n_3-4-0 = -2
    n_3-4-1 = -3
    n_3-4-2 = -3
    n_3-4-3 = -4
    n_3-4-4 = -4
    n_3-4-5 = -5
    n_3-5-0 = -2
    n_3-5-1 = -3
    n_3-5-2 = -3
    n_3-5-3 = -4
    n_3-5-4 = -4
    n_3-5-5 = -5
    n_4-4-0 = -2
    n_4-4-1 = -3
    n_4-4-2 = -3
    n_4-4-3 = -4
    n_4-4-4 = -4
    n_4-4-5 = -5
    n_4-5-0 = -2
    n_4-5-1 = -3
    n_4-5-2 = -3
    n_4-5-3 = -4
    n_4-5-4 = -4
    n_4-5-5 = -5
    n_5-5-0 = -2
    n_5-5-1 = -2
    n_5-5-2 = -3
    n_5-5-3 = -3
    n_5-5-4 = -4
    n_5-5-5 = -5
    x_0 = 0.139394
    x_1 = 0.2104
    x_2 = 0.216317
    x_3 = 0.287323
    x_4 = 0.29324
    x_5 = 0.370163
  parameters:
    N = 6
    add_endpoint_length_cut = True
    add_first_interval_shortest_cut = False
    add_monotonicity_cuts = True
    add_second_interval_at_most_last_cut = False
    add_width_cuts = False
    alpha_upper_bound = 0.06666666666666667
    alpha_upper_bounds = {'alpha_0': 0.06666666666666667, 'alpha_1': 0.06666666666666667, 'alpha_2': 0.06666666666666667, 'alpha_3': 0.06666666666666667, 'alpha_4': 0.06666666666666667, 'alpha_5': 0.06666666666666667}
    epsilon = 0.0
    exclude_sum_free_exact_triples = []
    exclude_sum_free_head_size = 0
    exclude_sum_free_interval_sets = []
    exclude_sum_free_tail_size = 0
    excluded_sum_free_head_indices = []
    excluded_sum_free_tail_indices = []
    excluded_sum_free_triple_count = 0
    integer_lift_lower_bound = -14
    integer_lift_upper_bound = 2
    m = 13.0
    output_dir = json_results/verification_20260716/higher_m_general_m11-13_subset_bound
    solver_options = {'mip_rel_gap': 0.0}
    subset_alpha_bounds = [{'subset_size': 5, 'bound': 0.14398422090729784}]
    total_length_lower_bound = 0.14437869822485208
    use_translated_missing_point = False
  solver details:
    mip_dual_bound = 0.144379
    mip_gap = 0
    mip_node_count = 3090399

Saved problem JSON: json_results/verification_20260716/higher_m_general_m11-13_subset_bound/m13_N6_subsetN5le73over507_totallen122over845_gap0_problem.json
Saved solution JSON: json_results/verification_20260716/higher_m_general_m11-13_subset_bound/m13_N6_subsetN5le73over507_totallen122over845_gap0_solution.json

Visualizer state JSON:
{
  "v": 1,
  "mode": "interval",
  "intervals": [
    {
      "id": 1,
      "start": 0.139394,
      "width": 0.035897,
      "color": "#ef4444"
    },
    {
      "id": 2,
      "start": 0.2104,
      "width": 0.000395,
      "color": "#3b82f6"
    },
    {
      "id": 3,
      "start": 0.216317,
      "width": 0.035897,
      "color": "#f59e0b"
    },
    {
      "id": 4,
      "start": 0.287323,
      "width": 0.000394,
      "color": "#10b981"
    },
    {
      "id": 5,
      "start": 0.29324,
      "width": 0.035897,
      "color": "#8b5cf6"
    },
    {
      "id": 6,
      "start": 0.370163,
      "width": 0.035897,
      "color": "#ec4899"
    }
  ],
  "m": 13,
  "fixTotalLength": false,
  "targetTotalLength": 0.144377,
  "hiddenMixedComboKeys": []
}

Visualizer state URL:
https://ferranespuna.github.io/interval_proofs/?state=eyJ2IjoxLCJtb2RlIjoiaW50ZXJ2YWwiLCJpbnRlcnZhbHMiOlt7ImlkIjoxLCJzdGFydCI6MC4xMzkzOTQsIndpZHRoIjowLjAzNTg5NywiY29sb3IiOiIjZWY0NDQ0In0seyJpZCI6Miwic3RhcnQiOjAuMjEwNCwid2lkdGgiOjAuMDAwMzk1LCJjb2xvciI6IiMzYjgyZjYifSx7ImlkIjozLCJzdGFydCI6MC4yMTYzMTcsIndpZHRoIjowLjAzNTg5NywiY29sb3IiOiIjZjU5ZTBiIn0seyJpZCI6NCwic3RhcnQiOjAuMjg3MzIzLCJ3aWR0aCI6MC4wMDAzOTQsImNvbG9yIjoiIzEwYjk4MSJ9LHsiaWQiOjUsInN0YXJ0IjowLjI5MzI0LCJ3aWR0aCI6MC4wMzU4OTcsImNvbG9yIjoiIzhiNWNmNiJ9LHsiaWQiOjYsInN0YXJ0IjowLjM3MDE2Mywid2lkdGgiOjAuMDM1ODk3LCJjb2xvciI6IiNlYzQ4OTkifV0sIm0iOjEzLCJmaXhUb3RhbExlbmd0aCI6ZmFsc2UsInRhcmdldFRvdGFsTGVuZ3RoIjowLjE0NDM3NywiaGlkZGVuTWl4ZWRDb21ib0tleXMiOltdfQ

HighsMipSolverData::transformNewIntegerFeasibleSolution tmpSolver.run();
HighsMipSolverData::transformNewIntegerFeasibleSolution tmpSolver.run();
HighsMipSolverData::transformNewIntegerFeasibleSolution tmpSolver.run();
HighsMipSolverData::transformNewIntegerFeasibleSolution tmpSolver.run();
HighsMipSolverData::transformNewIntegerFeasibleSolution tmpSolver.run();
HighsMipSolverData::transformNewIntegerFeasibleSolution tmpSolver.run();
HighsMipSolverData::transformNewIntegerFeasibleSolution tmpSolver.run();
HighsMipSolverData::transformNewIntegerFeasibleSolution tmpSolver.run();
