11.0-sum-free set problem for 3 intervals: 24 variables (18 integer), 72 constraints
MILPSolution('11.0-sum-free set problem for 3 intervals')
  status: optimal (Optimization terminated successfully. (HiGHS Status 7: Optimal))
  objective: maximize, optimum = 0.146853
  values:
    alpha_0 = 0.048951
    alpha_1 = 0.048951
    alpha_2 = 0.048951
    n_0-0-0 = -6
    n_0-0-1 = -7
    n_0-0-2 = -8
    n_0-1-0 = -6
    n_0-1-1 = -7
    n_0-1-2 = -8
    n_0-2-0 = -6
    n_0-2-1 = -7
    n_0-2-2 = -8
    n_1-1-0 = -6
    n_1-1-1 = -7
    n_1-1-2 = -8
    n_1-2-0 = -6
    n_1-2-1 = -7
    n_1-2-2 = -8
    n_2-2-0 = -6
    n_2-2-1 = -7
    n_2-2-2 = -8
    x_0 = 0.606838
    x_1 = 0.697747
    x_2 = 0.788656
  parameters:
    N = 3
    add_endpoint_length_cut = True
    add_first_interval_shortest_cut = False
    add_monotonicity_cuts = True
    add_second_interval_at_most_last_cut = False
    add_width_cuts = False
    alpha_upper_bound = 0.07692307692307693
    alpha_upper_bounds = {'alpha_0': 0.07692307692307693, 'alpha_1': 0.07692307692307693, 'alpha_2': 0.07692307692307693}
    epsilon = 0.0
    exclude_sum_free_exact_triples = []
    exclude_sum_free_head_size = 0
    exclude_sum_free_interval_sets = []
    exclude_sum_free_tail_size = 0
    excluded_sum_free_head_indices = []
    excluded_sum_free_tail_indices = []
    excluded_sum_free_triple_count = 0
    integer_lift_lower_bound = -12
    integer_lift_upper_bound = 2
    m = 11.0
    output_dir = /home/ferran/interval_proofs/json_results/verification_20260716/higher_m_general_m11-13
    solver_options = {'mip_rel_gap': 0.0}
    subset_alpha_bounds = []
    total_length_lower_bound = None
    use_translated_missing_point = False
  solver details:
    mip_dual_bound = 0.146853
    mip_gap = 0
    mip_node_count = 274

Saved problem JSON: /home/ferran/interval_proofs/json_results/verification_20260716/higher_m_general_m11-13/m11_N3_standard_gap0_problem.json
Saved solution JSON: /home/ferran/interval_proofs/json_results/verification_20260716/higher_m_general_m11-13/m11_N3_standard_gap0_solution.json

Visualizer state JSON:
{
  "v": 1,
  "mode": "interval",
  "intervals": [
    {
      "id": 1,
      "start": 0.606838,
      "width": 0.048951,
      "color": "#ef4444"
    },
    {
      "id": 2,
      "start": 0.697747,
      "width": 0.048951,
      "color": "#3b82f6"
    },
    {
      "id": 3,
      "start": 0.788656,
      "width": 0.048951,
      "color": "#f59e0b"
    }
  ],
  "m": 11,
  "fixTotalLength": false,
  "targetTotalLength": 0.146853,
  "hiddenMixedComboKeys": []
}

Visualizer state URL:
https://ferranespuna.github.io/interval_proofs/?state=eyJ2IjoxLCJtb2RlIjoiaW50ZXJ2YWwiLCJpbnRlcnZhbHMiOlt7ImlkIjoxLCJzdGFydCI6MC42MDY4MzgsIndpZHRoIjowLjA0ODk1MSwiY29sb3IiOiIjZWY0NDQ0In0seyJpZCI6Miwic3RhcnQiOjAuNjk3NzQ3LCJ3aWR0aCI6MC4wNDg5NTEsImNvbG9yIjoiIzNiODJmNiJ9LHsiaWQiOjMsInN0YXJ0IjowLjc4ODY1Niwid2lkdGgiOjAuMDQ4OTUxLCJjb2xvciI6IiNmNTllMGIifV0sIm0iOjExLCJmaXhUb3RhbExlbmd0aCI6ZmFsc2UsInRhcmdldFRvdGFsTGVuZ3RoIjowLjE0Njg1MywiaGlkZGVuTWl4ZWRDb21ib0tleXMiOltdfQ

	Command being timed: ".venv/bin/python circle_intervals.py -N 3 --m 11 --mip-rel-gap 0 --require-success --output-dir /home/ferran/interval_proofs/json_results/verification_20260716/higher_m_general_m11-13 --run-name m11_N3_standard_gap0"
	User time (seconds): 3.26
	System time (seconds): 0.07
	Percent of CPU this job got: 335%
	Elapsed (wall clock) time (h:mm:ss or m:ss): 0:00.99
	Average shared text size (kbytes): 0
	Average unshared data size (kbytes): 0
	Average stack size (kbytes): 0
	Average total size (kbytes): 0
	Maximum resident set size (kbytes): 79564
	Average resident set size (kbytes): 0
	Major (requiring I/O) page faults: 0
	Minor (reclaiming a frame) page faults: 15673
	Voluntary context switches: 86
	Involuntary context switches: 869
	Swaps: 0
	File system inputs: 0
	File system outputs: 48
	Socket messages sent: 0
	Socket messages received: 0
	Signals delivered: 0
	Page size (bytes): 4096
	Exit status: 0
