12.0-sum-free set problem for 4 intervals: 48 variables (40 integer), 166 constraints
MILPSolution('12.0-sum-free set problem for 4 intervals')
  status: optimal (Optimization terminated successfully. (HiGHS Status 7: Optimal))
  objective: maximize, optimum = 0.142857
  values:
    alpha_0 = 0.047619
    alpha_1 = 0
    alpha_2 = 0.047619
    alpha_3 = 0.047619
    n_0-0-0 = -3
    n_0-0-1 = -3
    n_0-0-2 = -4
    n_0-0-3 = -5
    n_0-1-0 = -3
    n_0-1-1 = -3
    n_0-1-2 = -4
    n_0-1-3 = -5
    n_0-2-0 = -3
    n_0-2-1 = -3
    n_0-2-2 = -4
    n_0-2-3 = -5
    n_0-3-0 = -3
    n_0-3-1 = -3
    n_0-3-2 = -4
    n_0-3-3 = -5
    n_1-1-0 = -3
    n_1-1-1 = -3
    n_1-1-2 = -4
    n_1-1-3 = -5
    n_1-2-0 = -3
    n_1-2-1 = -3
    n_1-2-2 = -4
    n_1-2-3 = -5
    n_1-3-0 = -3
    n_1-3-1 = -3
    n_1-3-2 = -4
    n_1-3-3 = -5
    n_2-2-0 = -3
    n_2-2-1 = -3
    n_2-2-2 = -4
    n_2-2-3 = -5
    n_2-3-0 = -3
    n_2-3-1 = -3
    n_2-3-2 = -4
    n_2-3-3 = -5
    n_3-3-0 = -3
    n_3-3-1 = -3
    n_3-3-2 = -4
    n_3-3-3 = -5
    x_0 = 0.242857
    x_1 = 0.290476
    x_2 = 0.32619
    x_3 = 0.409524
  parameters:
    N = 4
    add_endpoint_length_cut = True
    add_first_interval_shortest_cut = False
    add_monotonicity_cuts = True
    add_second_interval_at_most_last_cut = False
    add_width_cuts = False
    alpha_upper_bound = 0.07142857142857142
    alpha_upper_bounds = {'alpha_0': 0.07142857142857142, 'alpha_1': 0.07142857142857142, 'alpha_2': 0.07142857142857142, 'alpha_3': 0.07142857142857142}
    epsilon = 0.0
    exclude_sum_free_exact_triples = []
    exclude_sum_free_head_size = 0
    exclude_sum_free_interval_sets = []
    exclude_sum_free_tail_size = 0
    excluded_sum_free_head_indices = []
    excluded_sum_free_tail_indices = []
    excluded_sum_free_triple_count = 0
    integer_lift_lower_bound = -13
    integer_lift_upper_bound = 2
    m = 12.0
    output_dir = /home/ferran/interval_proofs/json_results/verification_20260716/higher_m_general_m11-13
    solver_options = {'mip_rel_gap': 0.0}
    subset_alpha_bounds = []
    total_length_lower_bound = None
    use_translated_missing_point = False
  solver details:
    mip_dual_bound = 0.142857
    mip_gap = 0
    mip_node_count = 15031

Saved problem JSON: /home/ferran/interval_proofs/json_results/verification_20260716/higher_m_general_m11-13/m12_N4_standard_gap0_problem.json
Saved solution JSON: /home/ferran/interval_proofs/json_results/verification_20260716/higher_m_general_m11-13/m12_N4_standard_gap0_solution.json

Visualizer state JSON:
{
  "v": 1,
  "mode": "interval",
  "intervals": [
    {
      "id": 1,
      "start": 0.242857,
      "width": 0.047619,
      "color": "#ef4444"
    },
    {
      "id": 2,
      "start": 0.290476,
      "width": 0.0,
      "color": "#3b82f6"
    },
    {
      "id": 3,
      "start": 0.32619,
      "width": 0.047619,
      "color": "#f59e0b"
    },
    {
      "id": 4,
      "start": 0.409524,
      "width": 0.047619,
      "color": "#10b981"
    }
  ],
  "m": 12,
  "fixTotalLength": false,
  "targetTotalLength": 0.142857,
  "hiddenMixedComboKeys": []
}

Visualizer state URL:
https://ferranespuna.github.io/interval_proofs/?state=eyJ2IjoxLCJtb2RlIjoiaW50ZXJ2YWwiLCJpbnRlcnZhbHMiOlt7ImlkIjoxLCJzdGFydCI6MC4yNDI4NTcsIndpZHRoIjowLjA0NzYxOSwiY29sb3IiOiIjZWY0NDQ0In0seyJpZCI6Miwic3RhcnQiOjAuMjkwNDc2LCJ3aWR0aCI6MC4wLCJjb2xvciI6IiMzYjgyZjYifSx7ImlkIjozLCJzdGFydCI6MC4zMjYxOSwid2lkdGgiOjAuMDQ3NjE5LCJjb2xvciI6IiNmNTllMGIifSx7ImlkIjo0LCJzdGFydCI6MC40MDk1MjQsIndpZHRoIjowLjA0NzYxOSwiY29sb3IiOiIjMTBiOTgxIn1dLCJtIjoxMiwiZml4VG90YWxMZW5ndGgiOmZhbHNlLCJ0YXJnZXRUb3RhbExlbmd0aCI6MC4xNDI4NTcsImhpZGRlbk1peGVkQ29tYm9LZXlzIjpbXX0

HighsMipSolverData::transformNewIntegerFeasibleSolution tmpSolver.run();
	Command being timed: ".venv/bin/python circle_intervals.py -N 4 --m 12 --mip-rel-gap 0 --require-success --output-dir /home/ferran/interval_proofs/json_results/verification_20260716/higher_m_general_m11-13 --run-name m12_N4_standard_gap0"
	User time (seconds): 18.17
	System time (seconds): 0.25
	Percent of CPU this job got: 116%
	Elapsed (wall clock) time (h:mm:ss or m:ss): 0:15.82
	Average shared text size (kbytes): 0
	Average unshared data size (kbytes): 0
	Average stack size (kbytes): 0
	Average total size (kbytes): 0
	Maximum resident set size (kbytes): 89060
	Average resident set size (kbytes): 0
	Major (requiring I/O) page faults: 0
	Minor (reclaiming a frame) page faults: 18541
	Voluntary context switches: 175
	Involuntary context switches: 901
	Swaps: 0
	File system inputs: 0
	File system outputs: 96
	Socket messages sent: 0
	Socket messages received: 0
	Signals delivered: 0
	Page size (bytes): 4096
	Exit status: 0
