12.0-sum-free set problem for 6 intervals: 138 variables (126 integer), 549 constraints
MILPSolution('12.0-sum-free set problem for 6 intervals')
  status: optimal (Optimization terminated successfully. (HiGHS Status 7: Optimal))
  objective: maximize, optimum = 0.144841
  values:
    alpha_0 = 0.0357143
    alpha_1 = 0.0357143
    alpha_2 = 0.0357143
    alpha_3 = 0.000992056
    alpha_4 = 0.0357143
    alpha_5 = 0.000992056
    n_0-0-0 = -1
    n_0-0-1 = -10
    n_0-0-2 = -11
    n_0-0-3 = -11
    n_0-0-4 = -12
    n_0-0-5 = -12
    n_0-1-0 = 0
    n_0-1-1 = -9
    n_0-1-2 = -10
    n_0-1-3 = -10
    n_0-1-4 = -11
    n_0-1-5 = -11
    n_0-2-0 = 0
    n_0-2-1 = -9
    n_0-2-2 = -10
    n_0-2-3 = -10
    n_0-2-4 = -11
    n_0-2-5 = -11
    n_0-3-0 = 0
    n_0-3-1 = -9
    n_0-3-2 = -10
    n_0-3-3 = -10
    n_0-3-4 = -11
    n_0-3-5 = -11
    n_0-4-0 = 0
    n_0-4-1 = -9
    n_0-4-2 = -10
    n_0-4-3 = -10
    n_0-4-4 = -11
    n_0-4-5 = -11
    n_0-5-0 = 0
    n_0-5-1 = -9
    n_0-5-2 = -10
    n_0-5-3 = -10
    n_0-5-4 = -11
    n_0-5-5 = -11
    n_1-1-0 = 1
    n_1-1-1 = -8
    n_1-1-2 = -9
    n_1-1-3 = -10
    n_1-1-4 = -10
    n_1-1-5 = -11
    n_1-2-0 = 1
    n_1-2-1 = -8
    n_1-2-2 = -9
    n_1-2-3 = -9
    n_1-2-4 = -10
    n_1-2-5 = -10
    n_1-3-0 = 1
    n_1-3-1 = -8
    n_1-3-2 = -9
    n_1-3-3 = -9
    n_1-3-4 = -10
    n_1-3-5 = -10
    n_1-4-0 = 1
    n_1-4-1 = -8
    n_1-4-2 = -9
    n_1-4-3 = -9
    n_1-4-4 = -10
    n_1-4-5 = -10
    n_1-5-0 = 1
    n_1-5-1 = -8
    n_1-5-2 = -9
    n_1-5-3 = -9
    n_1-5-4 = -10
    n_1-5-5 = -10
    n_2-2-0 = 1
    n_2-2-1 = -8
    n_2-2-2 = -9
    n_2-2-3 = -9
    n_2-2-4 = -10
    n_2-2-5 = -10
    n_2-3-0 = 1
    n_2-3-1 = -8
    n_2-3-2 = -9
    n_2-3-3 = -9
    n_2-3-4 = -10
    n_2-3-5 = -10
    n_2-4-0 = 1
    n_2-4-1 = -8
    n_2-4-2 = -9
    n_2-4-3 = -9
    n_2-4-4 = -10
    n_2-4-5 = -10
    n_2-5-0 = 1
    n_2-5-1 = -8
    n_2-5-2 = -9
    n_2-5-3 = -9
    n_2-5-4 = -10
    n_2-5-5 = -10
    n_3-3-0 = 1
    n_3-3-1 = -8
    n_3-3-2 = -9
    n_3-3-3 = -9
    n_3-3-4 = -10
    n_3-3-5 = -10
    n_3-4-0 = 1
    n_3-4-1 = -8
    n_3-4-2 = -9
    n_3-4-3 = -9
    n_3-4-4 = -10
    n_3-4-5 = -10
    n_3-5-0 = 1
    n_3-5-1 = -8
    n_3-5-2 = -9
    n_3-5-3 = -9
    n_3-5-4 = -10
    n_3-5-5 = -10
    n_4-4-0 = 1
    n_4-4-1 = -8
    n_4-4-2 = -9
    n_4-4-3 = -9
    n_4-4-4 = -10
    n_4-4-5 = -10
    n_4-5-0 = 1
    n_4-5-1 = -8
    n_4-5-2 = -9
    n_4-5-3 = -9
    n_4-5-4 = -10
    n_4-5-5 = -10
    n_5-5-0 = 1
    n_5-5-1 = -8
    n_5-5-2 = -9
    n_5-5-3 = -9
    n_5-5-4 = -10
    n_5-5-5 = -10
    x_0 = 0.00714286
    x_1 = 0.757143
    x_2 = 0.840476
    x_3 = 0.882143
    x_4 = 0.92381
    x_5 = 0.965476
  parameters:
    N = 6
    add_endpoint_length_cut = True
    add_first_interval_shortest_cut = False
    add_monotonicity_cuts = True
    add_second_interval_at_most_last_cut = False
    add_width_cuts = False
    alpha_upper_bound = 0.07142857142857142
    alpha_upper_bounds = {'alpha_0': 0.07142857142857142, 'alpha_1': 0.07142857142857142, 'alpha_2': 0.07142857142857142, 'alpha_3': 0.07142857142857142, 'alpha_4': 0.07142857142857142, 'alpha_5': 0.07142857142857142}
    epsilon = 0.0
    exclude_sum_free_exact_triples = []
    exclude_sum_free_head_size = 0
    exclude_sum_free_interval_sets = []
    exclude_sum_free_tail_size = 0
    excluded_sum_free_head_indices = []
    excluded_sum_free_tail_indices = []
    excluded_sum_free_triple_count = 0
    integer_lift_lower_bound = -13
    integer_lift_upper_bound = 2
    m = 12.0
    output_dir = /home/ferran/interval_proofs/json_results/verification_20260716/higher_m_general_m11-13
    solver_options = {'mip_rel_gap': 0.0}
    subset_alpha_bounds = []
    total_length_lower_bound = None
    use_translated_missing_point = False
  solver details:
    mip_dual_bound = 0.144841
    mip_gap = 0
    mip_node_count = 1892013

Saved problem JSON: /home/ferran/interval_proofs/json_results/verification_20260716/higher_m_general_m11-13/m12_N6_standard_gap0_problem.json
Saved solution JSON: /home/ferran/interval_proofs/json_results/verification_20260716/higher_m_general_m11-13/m12_N6_standard_gap0_solution.json

Visualizer state JSON:
{
  "v": 1,
  "mode": "interval",
  "intervals": [
    {
      "id": 1,
      "start": 0.007143,
      "width": 0.035714,
      "color": "#ef4444"
    },
    {
      "id": 2,
      "start": 0.757143,
      "width": 0.035714,
      "color": "#3b82f6"
    },
    {
      "id": 3,
      "start": 0.840476,
      "width": 0.035714,
      "color": "#f59e0b"
    },
    {
      "id": 4,
      "start": 0.882143,
      "width": 0.000992,
      "color": "#10b981"
    },
    {
      "id": 5,
      "start": 0.92381,
      "width": 0.035714,
      "color": "#8b5cf6"
    },
    {
      "id": 6,
      "start": 0.965476,
      "width": 0.000992,
      "color": "#ec4899"
    }
  ],
  "m": 12,
  "fixTotalLength": false,
  "targetTotalLength": 0.14484,
  "hiddenMixedComboKeys": []
}

Visualizer state URL:
https://ferranespuna.github.io/interval_proofs/?state=eyJ2IjoxLCJtb2RlIjoiaW50ZXJ2YWwiLCJpbnRlcnZhbHMiOlt7ImlkIjoxLCJzdGFydCI6MC4wMDcxNDMsIndpZHRoIjowLjAzNTcxNCwiY29sb3IiOiIjZWY0NDQ0In0seyJpZCI6Miwic3RhcnQiOjAuNzU3MTQzLCJ3aWR0aCI6MC4wMzU3MTQsImNvbG9yIjoiIzNiODJmNiJ9LHsiaWQiOjMsInN0YXJ0IjowLjg0MDQ3Niwid2lkdGgiOjAuMDM1NzE0LCJjb2xvciI6IiNmNTllMGIifSx7ImlkIjo0LCJzdGFydCI6MC44ODIxNDMsIndpZHRoIjowLjAwMDk5MiwiY29sb3IiOiIjMTBiOTgxIn0seyJpZCI6NSwic3RhcnQiOjAuOTIzODEsIndpZHRoIjowLjAzNTcxNCwiY29sb3IiOiIjOGI1Y2Y2In0seyJpZCI6Niwic3RhcnQiOjAuOTY1NDc2LCJ3aWR0aCI6MC4wMDA5OTIsImNvbG9yIjoiI2VjNDg5OSJ9XSwibSI6MTIsImZpeFRvdGFsTGVuZ3RoIjpmYWxzZSwidGFyZ2V0VG90YWxMZW5ndGgiOjAuMTQ0ODQsImhpZGRlbk1peGVkQ29tYm9LZXlzIjpbXX0

HighsMipSolverData::transformNewIntegerFeasibleSolution tmpSolver.run();
	Command being timed: ".venv/bin/python circle_intervals.py -N 6 --m 12 --mip-rel-gap 0 --require-success --output-dir /home/ferran/interval_proofs/json_results/verification_20260716/higher_m_general_m11-13 --run-name m12_N6_standard_gap0"
	User time (seconds): 4899.25
	System time (seconds): 41.46
	Percent of CPU this job got: 102%
	Elapsed (wall clock) time (h:mm:ss or m:ss): 1:20:00
	Average shared text size (kbytes): 0
	Average unshared data size (kbytes): 0
	Average stack size (kbytes): 0
	Average total size (kbytes): 0
	Maximum resident set size (kbytes): 761372
	Average resident set size (kbytes): 0
	Major (requiring I/O) page faults: 0
	Minor (reclaiming a frame) page faults: 231266
	Voluntary context switches: 19526
	Involuntary context switches: 106622
	Swaps: 0
	File system inputs: 0
	File system outputs: 264
	Socket messages sent: 0
	Socket messages received: 0
	Signals delivered: 0
	Page size (bytes): 4096
	Exit status: 0
