13.0-sum-free set problem for 5 intervals: 85 variables (75 integer), 320 constraints
MILPSolution('13.0-sum-free set problem for 5 intervals')
  status: optimal (Optimization terminated successfully. (HiGHS Status 7: Optimal))
  objective: maximize, optimum = 0.143984
  values:
    alpha_0 = 0.0358974
    alpha_1 = 0.0358974
    alpha_2 = 0.000394477
    alpha_3 = 0.0358974
    alpha_4 = 0.0358974
    n_0-0-0 = -1
    n_0-0-1 = -2
    n_0-0-2 = -3
    n_0-0-3 = -3
    n_0-0-4 = -4
    n_0-1-0 = -1
    n_0-1-1 = -2
    n_0-1-2 = -3
    n_0-1-3 = -3
    n_0-1-4 = -4
    n_0-2-0 = -1
    n_0-2-1 = -2
    n_0-2-2 = -3
    n_0-2-3 = -3
    n_0-2-4 = -4
    n_0-3-0 = -1
    n_0-3-1 = -2
    n_0-3-2 = -3
    n_0-3-3 = -3
    n_0-3-4 = -4
    n_0-4-0 = -1
    n_0-4-1 = -2
    n_0-4-2 = -3
    n_0-4-3 = -3
    n_0-4-4 = -4
    n_1-1-0 = -1
    n_1-1-1 = -2
    n_1-1-2 = -3
    n_1-1-3 = -3
    n_1-1-4 = -4
    n_1-2-0 = -1
    n_1-2-1 = -2
    n_1-2-2 = -3
    n_1-2-3 = -3
    n_1-2-4 = -4
    n_1-3-0 = -1
    n_1-3-1 = -2
    n_1-3-2 = -3
    n_1-3-3 = -3
    n_1-3-4 = -4
    n_1-4-0 = -1
    n_1-4-1 = -2
    n_1-4-2 = -3
    n_1-4-3 = -3
    n_1-4-4 = -4
    n_2-2-0 = -1
    n_2-2-1 = -2
    n_2-2-2 = -3
    n_2-2-3 = -3
    n_2-2-4 = -4
    n_2-3-0 = -1
    n_2-3-1 = -2
    n_2-3-2 = -3
    n_2-3-3 = -3
    n_2-3-4 = -4
    n_2-4-0 = -1
    n_2-4-1 = -2
    n_2-4-2 = -3
    n_2-4-3 = -3
    n_2-4-4 = -4
    n_3-3-0 = -1
    n_3-3-1 = -2
    n_3-3-2 = -3
    n_3-3-3 = -3
    n_3-3-4 = -4
    n_3-4-0 = -1
    n_3-4-1 = -2
    n_3-4-2 = -3
    n_3-4-3 = -3
    n_3-4-4 = -4
    n_4-4-0 = -1
    n_4-4-1 = -2
    n_4-4-2 = -2
    n_4-4-3 = -3
    n_4-4-4 = -4
    x_0 = 0.0484848
    x_1 = 0.125408
    x_2 = 0.196414
    x_3 = 0.202331
    x_4 = 0.279254
  parameters:
    N = 5
    add_endpoint_length_cut = True
    add_first_interval_shortest_cut = False
    add_monotonicity_cuts = True
    add_second_interval_at_most_last_cut = False
    add_width_cuts = False
    alpha_upper_bound = 0.06666666666666667
    alpha_upper_bounds = {'alpha_0': 0.06666666666666667, 'alpha_1': 0.06666666666666667, 'alpha_2': 0.06666666666666667, 'alpha_3': 0.06666666666666667, 'alpha_4': 0.06666666666666667}
    epsilon = 0.0
    exclude_sum_free_exact_triples = []
    exclude_sum_free_head_size = 0
    exclude_sum_free_interval_sets = []
    exclude_sum_free_tail_size = 0
    excluded_sum_free_head_indices = []
    excluded_sum_free_tail_indices = []
    excluded_sum_free_triple_count = 0
    integer_lift_lower_bound = -14
    integer_lift_upper_bound = 2
    m = 13.0
    output_dir = /home/ferran/interval_proofs/json_results/verification_20260716/higher_m_general_m11-13
    solver_options = {'mip_rel_gap': 0.0}
    subset_alpha_bounds = []
    total_length_lower_bound = None
    use_translated_missing_point = False
  solver details:
    mip_dual_bound = 0.143984
    mip_gap = 0
    mip_node_count = 78142

Saved problem JSON: /home/ferran/interval_proofs/json_results/verification_20260716/higher_m_general_m11-13/m13_N5_standard_gap0_problem.json
Saved solution JSON: /home/ferran/interval_proofs/json_results/verification_20260716/higher_m_general_m11-13/m13_N5_standard_gap0_solution.json

Visualizer state JSON:
{
  "v": 1,
  "mode": "interval",
  "intervals": [
    {
      "id": 1,
      "start": 0.048485,
      "width": 0.035897,
      "color": "#ef4444"
    },
    {
      "id": 2,
      "start": 0.125408,
      "width": 0.035897,
      "color": "#3b82f6"
    },
    {
      "id": 3,
      "start": 0.196414,
      "width": 0.000394,
      "color": "#f59e0b"
    },
    {
      "id": 4,
      "start": 0.202331,
      "width": 0.035897,
      "color": "#10b981"
    },
    {
      "id": 5,
      "start": 0.279254,
      "width": 0.035897,
      "color": "#8b5cf6"
    }
  ],
  "m": 13,
  "fixTotalLength": false,
  "targetTotalLength": 0.143982,
  "hiddenMixedComboKeys": []
}

Visualizer state URL:
https://ferranespuna.github.io/interval_proofs/?state=eyJ2IjoxLCJtb2RlIjoiaW50ZXJ2YWwiLCJpbnRlcnZhbHMiOlt7ImlkIjoxLCJzdGFydCI6MC4wNDg0ODUsIndpZHRoIjowLjAzNTg5NywiY29sb3IiOiIjZWY0NDQ0In0seyJpZCI6Miwic3RhcnQiOjAuMTI1NDA4LCJ3aWR0aCI6MC4wMzU4OTcsImNvbG9yIjoiIzNiODJmNiJ9LHsiaWQiOjMsInN0YXJ0IjowLjE5NjQxNCwid2lkdGgiOjAuMDAwMzk0LCJjb2xvciI6IiNmNTllMGIifSx7ImlkIjo0LCJzdGFydCI6MC4yMDIzMzEsIndpZHRoIjowLjAzNTg5NywiY29sb3IiOiIjMTBiOTgxIn0seyJpZCI6NSwic3RhcnQiOjAuMjc5MjU0LCJ3aWR0aCI6MC4wMzU4OTcsImNvbG9yIjoiIzhiNWNmNiJ9XSwibSI6MTMsImZpeFRvdGFsTGVuZ3RoIjpmYWxzZSwidGFyZ2V0VG90YWxMZW5ndGgiOjAuMTQzOTgyLCJoaWRkZW5NaXhlZENvbWJvS2V5cyI6W119

HighsMipSolverData::transformNewIntegerFeasibleSolution tmpSolver.run();
	Command being timed: ".venv/bin/python circle_intervals.py -N 5 --m 13 --mip-rel-gap 0 --require-success --output-dir /home/ferran/interval_proofs/json_results/verification_20260716/higher_m_general_m11-13 --run-name m13_N5_standard_gap0"
	User time (seconds): 122.18
	System time (seconds): 1.25
	Percent of CPU this job got: 104%
	Elapsed (wall clock) time (h:mm:ss or m:ss): 1:57.70
	Average shared text size (kbytes): 0
	Average unshared data size (kbytes): 0
	Average stack size (kbytes): 0
	Average total size (kbytes): 0
	Maximum resident set size (kbytes): 106132
	Average resident set size (kbytes): 0
	Major (requiring I/O) page faults: 0
	Minor (reclaiming a frame) page faults: 22872
	Voluntary context switches: 690
	Involuntary context switches: 1777
	Swaps: 0
	File system inputs: 0
	File system outputs: 168
	Socket messages sent: 0
	Socket messages received: 0
	Signals delivered: 0
	Page size (bytes): 4096
	Exit status: 0
