direct MILP around optimized 12-sum-free equally spaced construction: 225 variables (211 integer), 437 constraints
base: m=12, q=4, delta=0.0357142857143, density=0.142857142857, anchor=0, extra_count=3, free_base_start=False

MILPSolution('direct MILP around optimized 12-sum-free equally spaced construction')
  status: optimal (Optimization terminated successfully. (HiGHS Status 7: Optimal))
  objective: maximize, optimum = 0.145255
  values:
    alpha_0 = 0.0357143
    alpha_1 = 0.0357143
    alpha_2 = 0.0357143
    alpha_3 = 0.0357143
    alpha_4 = 0.000992063
    alpha_5 = 0.00041336
    alpha_6 = 0.000992063
    before_0-4 = 1
    before_0-5 = 1
    before_0-6 = 1
    before_1-4 = 1
    before_1-5 = 0
    before_1-6 = 0
    before_2-4 = 0
    before_2-5 = 0
    before_2-6 = 0
    before_3-4 = 0
    before_3-5 = 0
    before_3-6 = 0
    before_4-5 = 0
    before_4-6 = 0
    before_5-6 = 0
    n_0-0-0 = -1
    n_0-0-1 = -2
    n_0-0-2 = -3
    n_0-0-3 = -12
    n_0-0-4 = -2
    n_0-0-5 = -2
    n_0-0-6 = -1
    n_0-1-0 = -1
    n_0-1-1 = -2
    n_0-1-2 = -3
    n_0-1-3 = -12
    n_0-1-4 = -2
    n_0-1-5 = -2
    n_0-1-6 = -1
    n_0-2-0 = -1
    n_0-2-1 = -2
    n_0-2-2 = -3
    n_0-2-3 = -12
    n_0-2-4 = -2
    n_0-2-5 = -2
    n_0-2-6 = -1
    n_0-3-0 = 0
    n_0-3-1 = -1
    n_0-3-2 = -2
    n_0-3-3 = -11
    n_0-3-4 = -1
    n_0-3-5 = -1
    n_0-3-6 = 0
    n_0-4-0 = -1
    n_0-4-1 = -2
    n_0-4-2 = -3
    n_0-4-3 = -12
    n_0-4-4 = -2
    n_0-4-5 = -2
    n_0-4-6 = -1
    n_0-5-0 = -1
    n_0-5-1 = -2
    n_0-5-2 = -3
    n_0-5-3 = -12
    n_0-5-4 = -2
    n_0-5-5 = -2
    n_0-5-6 = -1
    n_0-6-0 = -1
    n_0-6-1 = -2
    n_0-6-2 = -3
    n_0-6-3 = -12
    n_0-6-4 = -2
    n_0-6-5 = -2
    n_0-6-6 = -1
    n_1-1-0 = -1
    n_1-1-1 = -2
    n_1-1-2 = -3
    n_1-1-3 = -12
    n_1-1-4 = -2
    n_1-1-5 = -2
    n_1-1-6 = -1
    n_1-2-0 = -1
    n_1-2-1 = -2
    n_1-2-2 = -3
    n_1-2-3 = -12
    n_1-2-4 = -2
    n_1-2-5 = -2
    n_1-2-6 = -1
    n_1-3-0 = 0
    n_1-3-1 = -1
    n_1-3-2 = -2
    n_1-3-3 = -11
    n_1-3-4 = -1
    n_1-3-5 = -1
    n_1-3-6 = 0
    n_1-4-0 = -1
    n_1-4-1 = -2
    n_1-4-2 = -3
    n_1-4-3 = -12
    n_1-4-4 = -2
    n_1-4-5 = -2
    n_1-4-6 = -1
    n_1-5-0 = -1
    n_1-5-1 = -2
    n_1-5-2 = -3
    n_1-5-3 = -12
    n_1-5-4 = -2
    n_1-5-5 = -2
    n_1-5-6 = -1
    n_1-6-0 = -1
    n_1-6-1 = -2
    n_1-6-2 = -3
    n_1-6-3 = -12
    n_1-6-4 = -2
    n_1-6-5 = -2
    n_1-6-6 = -1
    n_2-2-0 = -1
    n_2-2-1 = -2
    n_2-2-2 = -3
    n_2-2-3 = -12
    n_2-2-4 = -2
    n_2-2-5 = -1
    n_2-2-6 = -1
    n_2-3-0 = 0
    n_2-3-1 = -1
    n_2-3-2 = -2
    n_2-3-3 = -11
    n_2-3-4 = -1
    n_2-3-5 = -1
    n_2-3-6 = 0
    n_2-4-0 = -1
    n_2-4-1 = -2
    n_2-4-2 = -3
    n_2-4-3 = -12
    n_2-4-4 = -2
    n_2-4-5 = -2
    n_2-4-6 = -1
    n_2-5-0 = -1
    n_2-5-1 = -2
    n_2-5-2 = -3
    n_2-5-3 = -12
    n_2-5-4 = -2
    n_2-5-5 = -2
    n_2-5-6 = -1
    n_2-6-0 = -1
    n_2-6-1 = -2
    n_2-6-2 = -3
    n_2-6-3 = -12
    n_2-6-4 = -2
    n_2-6-5 = -2
    n_2-6-6 = -1
    n_3-3-0 = 1
    n_3-3-1 = 0
    n_3-3-2 = -1
    n_3-3-3 = -10
    n_3-3-4 = -1
    n_3-3-5 = 0
    n_3-3-6 = 0
    n_3-4-0 = 0
    n_3-4-1 = -1
    n_3-4-2 = -2
    n_3-4-3 = -11
    n_3-4-4 = -1
    n_3-4-5 = -1
    n_3-4-6 = 0
    n_3-5-0 = 0
    n_3-5-1 = -1
    n_3-5-2 = -2
    n_3-5-3 = -11
    n_3-5-4 = -1
    n_3-5-5 = -1
    n_3-5-6 = 0
    n_3-6-0 = 0
    n_3-6-1 = -1
    n_3-6-2 = -2
    n_3-6-3 = -11
    n_3-6-4 = -1
    n_3-6-5 = -1
    n_3-6-6 = 0
    n_4-4-0 = -1
    n_4-4-1 = -2
    n_4-4-2 = -3
    n_4-4-3 = -12
    n_4-4-4 = -2
    n_4-4-5 = -2
    n_4-4-6 = -1
    n_4-5-0 = -1
    n_4-5-1 = -2
    n_4-5-2 = -3
    n_4-5-3 = -12
    n_4-5-4 = -2
    n_4-5-5 = -2
    n_4-5-6 = -1
    n_4-6-0 = -1
    n_4-6-1 = -2
    n_4-6-2 = -3
    n_4-6-3 = -12
    n_4-6-4 = -2
    n_4-6-5 = -2
    n_4-6-6 = -1
    n_5-5-0 = -1
    n_5-5-1 = -2
    n_5-5-2 = -3
    n_5-5-3 = -12
    n_5-5-4 = -2
    n_5-5-5 = -2
    n_5-5-6 = -1
    n_5-6-0 = -1
    n_5-6-1 = -2
    n_5-6-2 = -3
    n_5-6-3 = -12
    n_5-6-4 = -2
    n_5-6-5 = -2
    n_5-6-6 = -1
    n_6-6-0 = -1
    n_6-6-1 = -2
    n_6-6-2 = -3
    n_6-6-3 = -12
    n_6-6-4 = -2
    n_6-6-5 = -2
    n_6-6-6 = -1
    x_0 = 0.0404762
    x_1 = 0.12381
    x_2 = 0.207143
    x_3 = 0.957143
    x_4 = 0.165476
    x_5 = 0.117444
    x_6 = 0.0821429
  parameters:
    anchor = 0
    base_density = 0.14285714285714285
    delta = 0.03571428571428571
    epsilon = 0.0
    extra_alpha_upper_bound = 0.000992063492063492
    extra_count = 3
    extra_length_bound = 0.000992063492063492
    formulation = standard_variable_extra_milp
    free_base_start = False
    integer_lift_lower_bound = -13
    integer_lift_upper_bound = 2
    intervals = [{'index': 0, 'label': 'base_1', 'seed_start': 0.040476190476190554, 'seed_length': 0.03571428571428571, 'fixed_base': True}, {'index': 1, 'label': 'base_2', 'seed_start': 0.12380952380952381, 'seed_length': 0.03571428571428571, 'fixed_base': True}, {'index': 2, 'label': 'base_3', 'seed_start': 0.2071428571428573, 'seed_length': 0.03571428571428571, 'fixed_base': True}, {'index': 3, 'label': 'base_0', 'seed_start': 0.9571428571428572, 'seed_length': 0.03571428571428571, 'fixed_base': True}, {'index': 4, 'label': 'extra_0', 'seed_start': None, 'seed_length': None, 'fixed_base': False}, {'index': 5, 'label': 'extra_1', 'seed_start': None, 'seed_length': None, 'fixed_base': False}, {'index': 6, 'label': 'extra_2', 'seed_start': None, 'seed_length': None, 'fixed_base': False}]
    m = 12
    q = 4
    solver_options = {'mip_rel_gap': 0.0}
    tolerance = 1e-09
    translated_missing_point = False
  solver details:
    mip_dual_bound = 0.145255
    mip_gap = 0
    mip_node_count = 782

base density: 0.142857142857
MILP density: 0.14525462963
gain:         0.00239748677249
improved:     True (tolerance=1e-09)

Intervals:
  0: base_1   (0.0404761904762, 0.0761904761905) length=0.0357142857143
  1: base_2   (0.12380952381, 0.159523809524) length=0.0357142857143
  2: base_3   (0.207142857143, 0.242857142857) length=0.0357142857143
  3: base_0   (0.957142857143, 0.992857142857) length=0.0357142857143
  4: extra_0  (0.165476190476, 0.166468253968) length=0.000992063492063
  5: extra_1  (0.117443783069, 0.117857142857) length=0.00041335978836
  6: extra_2  (0.0821428571429, 0.0831349206349) length=0.000992063492063

Saved problem JSON: /home/ferran/interval_proofs/json_results/verification_20260716/tiny_intervals_three_extra/m12_q4_extra3_per_extra_bound_1over1008_gap0_problem.json
Saved solution JSON: /home/ferran/interval_proofs/json_results/verification_20260716/tiny_intervals_three_extra/m12_q4_extra3_per_extra_bound_1over1008_gap0_solution.json
	Command being timed: ".venv/bin/python equally_spaced_tiny_interval_lp.py --m 12 --tie-choice larger --anchor 0 --extra-count 3 --extra-length-bound 0.000992063492063492 --mip-rel-gap 0 --require-success --output-dir /home/ferran/interval_proofs/json_results/verification_20260716/tiny_intervals_three_extra --run-name m12_q4_extra3_per_extra_bound_1over1008_gap0"
	User time (seconds): 3.81
	System time (seconds): 0.07
	Percent of CPU this job got: 236%
	Elapsed (wall clock) time (h:mm:ss or m:ss): 0:01.64
	Average shared text size (kbytes): 0
	Average unshared data size (kbytes): 0
	Average stack size (kbytes): 0
	Average total size (kbytes): 0
	Maximum resident set size (kbytes): 85148
	Average resident set size (kbytes): 0
	Major (requiring I/O) page faults: 0
	Minor (reclaiming a frame) page faults: 14362
	Voluntary context switches: 99
	Involuntary context switches: 782
	Swaps: 0
	File system inputs: 0
	File system outputs: 272
	Socket messages sent: 0
	Socket messages received: 0
	Signals delivered: 0
	Page size (bytes): 4096
	Exit status: 0
