direct MILP around optimized 16-sum-free equally spaced construction: 322 variables (306 integer), 630 constraints
base: m=16, q=5, delta=0.0277777777778, density=0.138888888889, anchor=0, extra_count=3, free_base_start=False

MILPSolution('direct MILP around optimized 16-sum-free equally spaced construction')
  status: optimal (Optimization terminated successfully. (HiGHS Status 7: Optimal))
  objective: maximize, optimum = 0.140191
  values:
    alpha_0 = 0.0277778
    alpha_1 = 0.0277778
    alpha_2 = 0.0277778
    alpha_3 = 0.0277778
    alpha_4 = 0.0277778
    alpha_5 = 0.000434028
    alpha_6 = 0.000434028
    alpha_7 = 0.000434028
    before_0-5 = 0
    before_0-6 = 0
    before_0-7 = 0
    before_1-5 = 0
    before_1-6 = 0
    before_1-7 = 0
    before_2-5 = 0
    before_2-6 = 0
    before_2-7 = 0
    before_3-5 = 0
    before_3-6 = 0
    before_3-7 = 0
    before_4-5 = 0
    before_4-6 = 0
    before_4-7 = 0
    before_5-6 = 0
    before_5-7 = 0
    before_6-7 = 1
    n_0-0-0 = -1
    n_0-0-1 = -2
    n_0-0-2 = -3
    n_0-0-3 = -4
    n_0-0-4 = -16
    n_0-0-5 = -1
    n_0-0-6 = -1
    n_0-0-7 = -1
    n_0-1-0 = -1
    n_0-1-1 = -2
    n_0-1-2 = -3
    n_0-1-3 = -4
    n_0-1-4 = -16
    n_0-1-5 = -1
    n_0-1-6 = -1
    n_0-1-7 = -1
    n_0-2-0 = -1
    n_0-2-1 = -2
    n_0-2-2 = -3
    n_0-2-3 = -4
    n_0-2-4 = -16
    n_0-2-5 = -1
    n_0-2-6 = -1
    n_0-2-7 = -1
    n_0-3-0 = -1
    n_0-3-1 = -2
    n_0-3-2 = -3
    n_0-3-3 = -4
    n_0-3-4 = -16
    n_0-3-5 = -1
    n_0-3-6 = -1
    n_0-3-7 = -1
    n_0-4-0 = 0
    n_0-4-1 = -1
    n_0-4-2 = -2
    n_0-4-3 = -3
    n_0-4-4 = -15
    n_0-4-5 = 0
    n_0-4-6 = 0
    n_0-4-7 = 0
    n_0-5-0 = -1
    n_0-5-1 = -2
    n_0-5-2 = -3
    n_0-5-3 = -4
    n_0-5-4 = -16
    n_0-5-5 = -1
    n_0-5-6 = -1
    n_0-5-7 = -1
    n_0-6-0 = -1
    n_0-6-1 = -2
    n_0-6-2 = -3
    n_0-6-3 = -4
    n_0-6-4 = -16
    n_0-6-5 = -1
    n_0-6-6 = -1
    n_0-6-7 = -1
    n_0-7-0 = -1
    n_0-7-1 = -2
    n_0-7-2 = -3
    n_0-7-3 = -4
    n_0-7-4 = -16
    n_0-7-5 = -1
    n_0-7-6 = -1
    n_0-7-7 = -1
    n_1-1-0 = -1
    n_1-1-1 = -2
    n_1-1-2 = -3
    n_1-1-3 = -4
    n_1-1-4 = -16
    n_1-1-5 = -1
    n_1-1-6 = -1
    n_1-1-7 = -1
    n_1-2-0 = -1
    n_1-2-1 = -2
    n_1-2-2 = -3
    n_1-2-3 = -4
    n_1-2-4 = -16
    n_1-2-5 = -1
    n_1-2-6 = -1
    n_1-2-7 = -1
    n_1-3-0 = -1
    n_1-3-1 = -2
    n_1-3-2 = -3
    n_1-3-3 = -4
    n_1-3-4 = -16
    n_1-3-5 = -1
    n_1-3-6 = 0
    n_1-3-7 = -1
    n_1-4-0 = 0
    n_1-4-1 = -1
    n_1-4-2 = -2
    n_1-4-3 = -3
    n_1-4-4 = -15
    n_1-4-5 = 0
    n_1-4-6 = 0
    n_1-4-7 = 0
    n_1-5-0 = -1
    n_1-5-1 = -2
    n_1-5-2 = -3
    n_1-5-3 = -4
    n_1-5-4 = -16
    n_1-5-5 = -1
    n_1-5-6 = -1
    n_1-5-7 = -1
    n_1-6-0 = -1
    n_1-6-1 = -2
    n_1-6-2 = -3
    n_1-6-3 = -4
    n_1-6-4 = -16
    n_1-6-5 = -1
    n_1-6-6 = -1
    n_1-6-7 = -1
    n_1-7-0 = -1
    n_1-7-1 = -2
    n_1-7-2 = -3
    n_1-7-3 = -4
    n_1-7-4 = -16
    n_1-7-5 = -1
    n_1-7-6 = -1
    n_1-7-7 = -1
    n_2-2-0 = -1
    n_2-2-1 = -2
    n_2-2-2 = -3
    n_2-2-3 = -4
    n_2-2-4 = -16
    n_2-2-5 = -1
    n_2-2-6 = 0
    n_2-2-7 = -1
    n_2-3-0 = -1
    n_2-3-1 = -2
    n_2-3-2 = -3
    n_2-3-3 = -4
    n_2-3-4 = -16
    n_2-3-5 = -1
    n_2-3-6 = 0
    n_2-3-7 = 0
    n_2-4-0 = 0
    n_2-4-1 = -1
    n_2-4-2 = -2
    n_2-4-3 = -3
    n_2-4-4 = -15
    n_2-4-5 = 0
    n_2-4-6 = 0
    n_2-4-7 = 0
    n_2-5-0 = -1
    n_2-5-1 = -2
    n_2-5-2 = -3
    n_2-5-3 = -4
    n_2-5-4 = -16
    n_2-5-5 = -1
    n_2-5-6 = -1
    n_2-5-7 = -1
    n_2-6-0 = -1
    n_2-6-1 = -2
    n_2-6-2 = -3
    n_2-6-3 = -4
    n_2-6-4 = -16
    n_2-6-5 = -1
    n_2-6-6 = -1
    n_2-6-7 = -1
    n_2-7-0 = -1
    n_2-7-1 = -2
    n_2-7-2 = -3
    n_2-7-3 = -4
    n_2-7-4 = -16
    n_2-7-5 = -1
    n_2-7-6 = -1
    n_2-7-7 = -1
    n_3-3-0 = -1
    n_3-3-1 = -2
    n_3-3-2 = -3
    n_3-3-3 = -4
    n_3-3-4 = -16
    n_3-3-5 = 0
    n_3-3-6 = 0
    n_3-3-7 = 0
    n_3-4-0 = 0
    n_3-4-1 = -1
    n_3-4-2 = -2
    n_3-4-3 = -3
    n_3-4-4 = -15
    n_3-4-5 = 0
    n_3-4-6 = 0
    n_3-4-7 = 0
    n_3-5-0 = -1
    n_3-5-1 = -2
    n_3-5-2 = -3
    n_3-5-3 = -4
    n_3-5-4 = -16
    n_3-5-5 = -1
    n_3-5-6 = -1
    n_3-5-7 = -1
    n_3-6-0 = -1
    n_3-6-1 = -2
    n_3-6-2 = -3
    n_3-6-3 = -4
    n_3-6-4 = -16
    n_3-6-5 = -1
    n_3-6-6 = -1
    n_3-6-7 = -1
    n_3-7-0 = -1
    n_3-7-1 = -2
    n_3-7-2 = -3
    n_3-7-3 = -4
    n_3-7-4 = -16
    n_3-7-5 = -1
    n_3-7-6 = -1
    n_3-7-7 = -1
    n_4-4-0 = 1
    n_4-4-1 = 0
    n_4-4-2 = -1
    n_4-4-3 = -2
    n_4-4-4 = -14
    n_4-4-5 = 1
    n_4-4-6 = 1
    n_4-4-7 = 1
    n_4-5-0 = 0
    n_4-5-1 = -1
    n_4-5-2 = -2
    n_4-5-3 = -3
    n_4-5-4 = -15
    n_4-5-5 = 0
    n_4-5-6 = 0
    n_4-5-7 = 0
    n_4-6-0 = 0
    n_4-6-1 = -1
    n_4-6-2 = -2
    n_4-6-3 = -3
    n_4-6-4 = -15
    n_4-6-5 = 0
    n_4-6-6 = 0
    n_4-6-7 = 0
    n_4-7-0 = 0
    n_4-7-1 = -1
    n_4-7-2 = -2
    n_4-7-3 = -3
    n_4-7-4 = -15
    n_4-7-5 = 0
    n_4-7-6 = 0
    n_4-7-7 = 0
    n_5-5-0 = -1
    n_5-5-1 = -2
    n_5-5-2 = -3
    n_5-5-3 = -4
    n_5-5-4 = -16
    n_5-5-5 = -1
    n_5-5-6 = -1
    n_5-5-7 = -1
    n_5-6-0 = -1
    n_5-6-1 = -2
    n_5-6-2 = -3
    n_5-6-3 = -4
    n_5-6-4 = -16
    n_5-6-5 = -1
    n_5-6-6 = -1
    n_5-6-7 = -1
    n_5-7-0 = -1
    n_5-7-1 = -2
    n_5-7-2 = -3
    n_5-7-3 = -4
    n_5-7-4 = -16
    n_5-7-5 = -1
    n_5-7-6 = -1
    n_5-7-7 = -1
    n_6-6-0 = -1
    n_6-6-1 = -2
    n_6-6-2 = -3
    n_6-6-3 = -4
    n_6-6-4 = -16
    n_6-6-5 = -1
    n_6-6-6 = -1
    n_6-6-7 = -1
    n_6-7-0 = -1
    n_6-7-1 = -2
    n_6-7-2 = -3
    n_6-7-3 = -4
    n_6-7-4 = -16
    n_6-7-5 = -1
    n_6-7-6 = -1
    n_6-7-7 = -1
    n_7-7-0 = -1
    n_7-7-1 = -2
    n_7-7-2 = -3
    n_7-7-3 = -4
    n_7-7-4 = -16
    n_7-7-5 = -1
    n_7-7-6 = -1
    n_7-7-7 = -1
    x_0 = 0.030754
    x_1 = 0.093254
    x_2 = 0.155754
    x_3 = 0.218254
    x_4 = 0.968254
    x_5 = 0.0268477
    x_6 = 0.0190352
    x_7 = 0.0229415
  parameters:
    anchor = 0
    base_density = 0.1388888888888889
    delta = 0.027777777777777776
    epsilon = 0.0
    extra_alpha_upper_bound = 0.0004340277777777778
    extra_count = 3
    extra_length_bound = 0.0004340277777777778
    formulation = standard_variable_extra_milp
    free_base_start = False
    integer_lift_lower_bound = -17
    integer_lift_upper_bound = 2
    intervals = [{'index': 0, 'label': 'base_1', 'seed_start': 0.030753968253968367, 'seed_length': 0.027777777777777776, 'fixed_base': True}, {'index': 1, 'label': 'base_2', 'seed_start': 0.09325396825396837, 'seed_length': 0.027777777777777776, 'fixed_base': True}, {'index': 2, 'label': 'base_3', 'seed_start': 0.15575396825396837, 'seed_length': 0.027777777777777776, 'fixed_base': True}, {'index': 3, 'label': 'base_4', 'seed_start': 0.21825396825396837, 'seed_length': 0.027777777777777776, 'fixed_base': True}, {'index': 4, 'label': 'base_0', 'seed_start': 0.9682539682539683, 'seed_length': 0.027777777777777776, 'fixed_base': True}, {'index': 5, 'label': 'extra_0', 'seed_start': None, 'seed_length': None, 'fixed_base': False}, {'index': 6, 'label': 'extra_1', 'seed_start': None, 'seed_length': None, 'fixed_base': False}, {'index': 7, 'label': 'extra_2', 'seed_start': None, 'seed_length': None, 'fixed_base': False}]
    m = 16
    q = 5
    solver_options = {'mip_rel_gap': 0.0}
    tolerance = 1e-09
    translated_missing_point = False
  solver details:
    mip_dual_bound = 0.140191
    mip_gap = 0
    mip_node_count = 12

base density: 0.138888888889
MILP density: 0.140190972222
gain:         0.00130208333333
improved:     True (tolerance=1e-09)

Intervals:
  0: base_1   (0.030753968254, 0.0585317460317) length=0.0277777777778
  1: base_2   (0.093253968254, 0.121031746032) length=0.0277777777778
  2: base_3   (0.155753968254, 0.183531746032) length=0.0277777777778
  3: base_4   (0.218253968254, 0.246031746032) length=0.0277777777778
  4: base_0   (0.968253968254, 0.996031746032) length=0.0277777777778
  5: extra_0  (0.026847718254, 0.0272817460317) length=0.000434027777778
  6: extra_1  (0.019035218254, 0.0194692460317) length=0.000434027777778
  7: extra_2  (0.022941468254, 0.0233754960317) length=0.000434027777778

Saved problem JSON: /home/ferran/interval_proofs/json_results/verification_20260716/tiny_intervals_three_extra/m16_q5_extra3_per_extra_bound_1over2304_gap0_problem.json
Saved solution JSON: /home/ferran/interval_proofs/json_results/verification_20260716/tiny_intervals_three_extra/m16_q5_extra3_per_extra_bound_1over2304_gap0_solution.json
	Command being timed: ".venv/bin/python equally_spaced_tiny_interval_lp.py --m 16 --tie-choice larger --anchor 0 --extra-count 3 --extra-length-bound 0.0004340277777777778 --mip-rel-gap 0 --require-success --output-dir /home/ferran/interval_proofs/json_results/verification_20260716/tiny_intervals_three_extra --run-name m16_q5_extra3_per_extra_bound_1over2304_gap0"
	User time (seconds): 3.06
	System time (seconds): 0.06
	Percent of CPU this job got: 365%
	Elapsed (wall clock) time (h:mm:ss or m:ss): 0:00.85
	Average shared text size (kbytes): 0
	Average unshared data size (kbytes): 0
	Average stack size (kbytes): 0
	Average total size (kbytes): 0
	Maximum resident set size (kbytes): 83628
	Average resident set size (kbytes): 0
	Major (requiring I/O) page faults: 0
	Minor (reclaiming a frame) page faults: 14097
	Voluntary context switches: 82
	Involuntary context switches: 906
	Swaps: 0
	File system inputs: 0
	File system outputs: 392
	Socket messages sent: 0
	Socket messages received: 0
	Signals delivered: 0
	Page size (bytes): 4096
	Exit status: 0
